[0.271s] Invoking command in '/home/kaeboon/KBoon/ee4308_proj2/build/ee4308_drone': CMAKE_PREFIX_PATH=/home/kaeboon/KBoon/ee4308_proj2/install/ee4308_lib:/home/kaeboon/KBoon/ee4308_proj2/install/ee4308_interfaces:/home/kaeboon/sjtu_drone/install/sjtu_drone_description:/home/kaeboon/KBoon/ee4308_proj2/install/ee4308_turtle:/home/kaeboon/KBoon/ee4308_proj2/install/ee4308_drone:/home/kaeboon/KBoon/ee4308_proj2/install/ee4308_gazebo_plugins:/home/kaeboon/KBoon/ee4308_proj2/install/ee4308_bringup:/home/kaeboon/sjtu_drone/install/sjtu_drone_control:/home/kaeboon/sjtu_drone/install/sjtu_drone_bringup:/opt/ros/humble LD_LIBRARY_PATH=/home/kaeboon/KBoon/ee4308_proj2/install/ee4308_interfaces/lib:/home/kaeboon/sjtu_drone/install/sjtu_drone_description/lib:/home/kaeboon/KBoon/ee4308_proj2/install/ee4308_gazebo_plugins/lib:/usr/lib/x86_64-linux-gnu/gazebo-11/plugins:/opt/ros/humble/opt/rviz_ogre_vendor/lib:/opt/ros/humble/lib/x86_64-linux-gnu:/opt/ros/humble/lib:/usr/lib/x86_64-linux-gnu/gazebo-11/plugins:/usr/lib/x86_64-linux-gnu/gazebo-11/plugins:/usr/lib/x86_64-linux-gnu/gazebo-11/plugins:/usr/lib/x86_64-linux-gnu/gazebo-11/plugins:/usr/lib/x86_64-linux-gnu/gazebo-11/plugins:/usr/lib/x86_64-linux-gnu/gazebo-11/plugins /usr/bin/cmake --build /home/kaeboon/KBoon/ee4308_proj2/build/ee4308_drone -- -j4 -l4
[0.358s] [ 20%] Built target teleop
[0.381s] [35m[1mConsolidate compiler generated dependencies of target estimator[0m
[0.416s] [ 30%] [32mBuilding CXX object CMakeFiles/estimator.dir/src/estimator.cpp.o[0m
[7.866s] In file included from [01m[K/home/kaeboon/KBoon/ee4308_proj2/src/ee4308_drone/src/estimator.cpp:4[m[K:
[7.866s] [01m[K/home/kaeboon/KBoon/ee4308_proj2/src/ee4308_drone/include/ee4308_drone/estimator.hpp:[m[K In member function ‘[01m[Kvoid ee4308::drone::ROSNodeEstimator::correctFromMagnetic(geometry_msgs::msg::Vector3Stamped)[m[K’:
[7.867s] [01m[K/home/kaeboon/KBoon/ee4308_proj2/src/ee4308_drone/include/ee4308_drone/estimator.hpp:431:75:[m[K [01;35m[Kwarning: [m[Kunused parameter ‘[01m[Kmsg[m[K’ [[01;35m[K]8;;https://gcc.gnu.org/onlinedocs/gcc/Warning-Options.html#index-Wunused-parameter-Wunused-parameter]8;;[m[K]
[7.867s]   431 |  void correctFromMagnetic([01;35m[Kconst geometry_msgs::msg::Vector3Stamped msg[m[K)
[7.867s]       |                           [01;35m[K~~~~~~~~~~~~~~~~~~~~~~~~~~~~~~~~~~~~~~~~~^~~[m[K
[7.867s] 
[51.889s] [ 40%] [32m[1mLinking CXX executable estimator[0m
[55.832s] [ 40%] Built target estimator
[55.875s] [ 60%] Built target smoother
[55.908s] [ 80%] Built target controller
[55.959s] [100%] Built target behavior
[55.970s] Invoked command in '/home/kaeboon/KBoon/ee4308_proj2/build/ee4308_drone' returned '0': CMAKE_PREFIX_PATH=/home/kaeboon/KBoon/ee4308_proj2/install/ee4308_lib:/home/kaeboon/KBoon/ee4308_proj2/install/ee4308_interfaces:/home/kaeboon/sjtu_drone/install/sjtu_drone_description:/home/kaeboon/KBoon/ee4308_proj2/install/ee4308_turtle:/home/kaeboon/KBoon/ee4308_proj2/install/ee4308_drone:/home/kaeboon/KBoon/ee4308_proj2/install/ee4308_gazebo_plugins:/home/kaeboon/KBoon/ee4308_proj2/install/ee4308_bringup:/home/kaeboon/sjtu_drone/install/sjtu_drone_control:/home/kaeboon/sjtu_drone/install/sjtu_drone_bringup:/opt/ros/humble LD_LIBRARY_PATH=/home/kaeboon/KBoon/ee4308_proj2/install/ee4308_interfaces/lib:/home/kaeboon/sjtu_drone/install/sjtu_drone_description/lib:/home/kaeboon/KBoon/ee4308_proj2/install/ee4308_gazebo_plugins/lib:/usr/lib/x86_64-linux-gnu/gazebo-11/plugins:/opt/ros/humble/opt/rviz_ogre_vendor/lib:/opt/ros/humble/lib/x86_64-linux-gnu:/opt/ros/humble/lib:/usr/lib/x86_64-linux-gnu/gazebo-11/plugins:/usr/lib/x86_64-linux-gnu/gazebo-11/plugins:/usr/lib/x86_64-linux-gnu/gazebo-11/plugins:/usr/lib/x86_64-linux-gnu/gazebo-11/plugins:/usr/lib/x86_64-linux-gnu/gazebo-11/plugins:/usr/lib/x86_64-linux-gnu/gazebo-11/plugins /usr/bin/cmake --build /home/kaeboon/KBoon/ee4308_proj2/build/ee4308_drone -- -j4 -l4
[56.014s] Invoking command in '/home/kaeboon/KBoon/ee4308_proj2/build/ee4308_drone': CMAKE_PREFIX_PATH=/home/kaeboon/KBoon/ee4308_proj2/install/ee4308_lib:/home/kaeboon/KBoon/ee4308_proj2/install/ee4308_interfaces:/home/kaeboon/sjtu_drone/install/sjtu_drone_description:/home/kaeboon/KBoon/ee4308_proj2/install/ee4308_turtle:/home/kaeboon/KBoon/ee4308_proj2/install/ee4308_drone:/home/kaeboon/KBoon/ee4308_proj2/install/ee4308_gazebo_plugins:/home/kaeboon/KBoon/ee4308_proj2/install/ee4308_bringup:/home/kaeboon/sjtu_drone/install/sjtu_drone_control:/home/kaeboon/sjtu_drone/install/sjtu_drone_bringup:/opt/ros/humble LD_LIBRARY_PATH=/home/kaeboon/KBoon/ee4308_proj2/install/ee4308_interfaces/lib:/home/kaeboon/sjtu_drone/install/sjtu_drone_description/lib:/home/kaeboon/KBoon/ee4308_proj2/install/ee4308_gazebo_plugins/lib:/usr/lib/x86_64-linux-gnu/gazebo-11/plugins:/opt/ros/humble/opt/rviz_ogre_vendor/lib:/opt/ros/humble/lib/x86_64-linux-gnu:/opt/ros/humble/lib:/usr/lib/x86_64-linux-gnu/gazebo-11/plugins:/usr/lib/x86_64-linux-gnu/gazebo-11/plugins:/usr/lib/x86_64-linux-gnu/gazebo-11/plugins:/usr/lib/x86_64-linux-gnu/gazebo-11/plugins:/usr/lib/x86_64-linux-gnu/gazebo-11/plugins:/usr/lib/x86_64-linux-gnu/gazebo-11/plugins /usr/bin/cmake --install /home/kaeboon/KBoon/ee4308_proj2/build/ee4308_drone
[56.022s] -- Install configuration: ""
[56.024s] -- Execute custom install script
[56.025s] -- Up-to-date symlink: /home/kaeboon/KBoon/ee4308_proj2/install/ee4308_drone/lib/ee4308_drone/teleop
[56.025s] -- Up-to-date symlink: /home/kaeboon/KBoon/ee4308_proj2/install/ee4308_drone/lib/ee4308_drone/behavior
[56.026s] -- Up-to-date symlink: /home/kaeboon/KBoon/ee4308_proj2/install/ee4308_drone/lib/ee4308_drone/controller
[56.027s] -- Up-to-date symlink: /home/kaeboon/KBoon/ee4308_proj2/install/ee4308_drone/lib/ee4308_drone/estimator
[56.028s] -- Up-to-date symlink: /home/kaeboon/KBoon/ee4308_proj2/install/ee4308_drone/lib/ee4308_drone/smoother
[56.028s] -- Up-to-date symlink: /home/kaeboon/KBoon/ee4308_proj2/install/ee4308_drone/share/ament_index/resource_index/package_run_dependencies/ee4308_drone
[56.029s] -- Up-to-date symlink: /home/kaeboon/KBoon/ee4308_proj2/install/ee4308_drone/share/ament_index/resource_index/parent_prefix_path/ee4308_drone
[56.029s] -- Up-to-date symlink: /home/kaeboon/KBoon/ee4308_proj2/install/ee4308_drone/share/ee4308_drone/environment/ament_prefix_path.sh
[56.030s] -- Up-to-date symlink: /home/kaeboon/KBoon/ee4308_proj2/install/ee4308_drone/share/ee4308_drone/environment/ament_prefix_path.dsv
[56.030s] -- Up-to-date symlink: /home/kaeboon/KBoon/ee4308_proj2/install/ee4308_drone/share/ee4308_drone/environment/path.sh
[56.031s] -- Up-to-date symlink: /home/kaeboon/KBoon/ee4308_proj2/install/ee4308_drone/share/ee4308_drone/environment/path.dsv
[56.031s] -- Up-to-date symlink: /home/kaeboon/KBoon/ee4308_proj2/install/ee4308_drone/share/ee4308_drone/local_setup.bash
[56.032s] -- Up-to-date symlink: /home/kaeboon/KBoon/ee4308_proj2/install/ee4308_drone/share/ee4308_drone/local_setup.sh
[56.032s] -- Up-to-date symlink: /home/kaeboon/KBoon/ee4308_proj2/install/ee4308_drone/share/ee4308_drone/local_setup.zsh
[56.033s] -- Up-to-date symlink: /home/kaeboon/KBoon/ee4308_proj2/install/ee4308_drone/share/ee4308_drone/local_setup.dsv
[56.033s] -- Symlinking: /home/kaeboon/KBoon/ee4308_proj2/install/ee4308_drone/share/ee4308_drone/package.dsv
[56.041s] -- Up-to-date symlink: /home/kaeboon/KBoon/ee4308_proj2/install/ee4308_drone/share/ament_index/resource_index/packages/ee4308_drone
[56.042s] -- Up-to-date symlink: /home/kaeboon/KBoon/ee4308_proj2/install/ee4308_drone/share/ee4308_drone/cmake/ament_cmake_export_include_directories-extras.cmake
[56.042s] -- Up-to-date symlink: /home/kaeboon/KBoon/ee4308_proj2/install/ee4308_drone/share/ee4308_drone/cmake/ament_cmake_export_dependencies-extras.cmake
[56.043s] -- Up-to-date symlink: /home/kaeboon/KBoon/ee4308_proj2/install/ee4308_drone/share/ee4308_drone/cmake/ee4308_droneConfig.cmake
[56.043s] -- Up-to-date symlink: /home/kaeboon/KBoon/ee4308_proj2/install/ee4308_drone/share/ee4308_drone/cmake/ee4308_droneConfig-version.cmake
[56.044s] -- Up-to-date symlink: /home/kaeboon/KBoon/ee4308_proj2/install/ee4308_drone/share/ee4308_drone/package.xml
[56.046s] Invoked command in '/home/kaeboon/KBoon/ee4308_proj2/build/ee4308_drone' returned '0': CMAKE_PREFIX_PATH=/home/kaeboon/KBoon/ee4308_proj2/install/ee4308_lib:/home/kaeboon/KBoon/ee4308_proj2/install/ee4308_interfaces:/home/kaeboon/sjtu_drone/install/sjtu_drone_description:/home/kaeboon/KBoon/ee4308_proj2/install/ee4308_turtle:/home/kaeboon/KBoon/ee4308_proj2/install/ee4308_drone:/home/kaeboon/KBoon/ee4308_proj2/install/ee4308_gazebo_plugins:/home/kaeboon/KBoon/ee4308_proj2/install/ee4308_bringup:/home/kaeboon/sjtu_drone/install/sjtu_drone_control:/home/kaeboon/sjtu_drone/install/sjtu_drone_bringup:/opt/ros/humble LD_LIBRARY_PATH=/home/kaeboon/KBoon/ee4308_proj2/install/ee4308_interfaces/lib:/home/kaeboon/sjtu_drone/install/sjtu_drone_description/lib:/home/kaeboon/KBoon/ee4308_proj2/install/ee4308_gazebo_plugins/lib:/usr/lib/x86_64-linux-gnu/gazebo-11/plugins:/opt/ros/humble/opt/rviz_ogre_vendor/lib:/opt/ros/humble/lib/x86_64-linux-gnu:/opt/ros/humble/lib:/usr/lib/x86_64-linux-gnu/gazebo-11/plugins:/usr/lib/x86_64-linux-gnu/gazebo-11/plugins:/usr/lib/x86_64-linux-gnu/gazebo-11/plugins:/usr/lib/x86_64-linux-gnu/gazebo-11/plugins:/usr/lib/x86_64-linux-gnu/gazebo-11/plugins:/usr/lib/x86_64-linux-gnu/gazebo-11/plugins /usr/bin/cmake --install /home/kaeboon/KBoon/ee4308_proj2/build/ee4308_drone
