[ 10%] Built target ee4308_interfaces__rosidl_generator_c
[ 12%] Built target ee4308_interfaces__cpp
[ 23%] Built target ee4308_interfaces__rosidl_typesupport_introspection_c
[ 23%] Built target ament_cmake_python_symlink_ee4308_interfaces
[ 34%] Built target ee4308_interfaces__rosidl_typesupport_c
[ 44%] Built target ee4308_interfaces__rosidl_typesupport_fastrtps_c
[ 55%] Built target ee4308_interfaces__rosidl_typesupport_cpp
[ 65%] Built target ee4308_interfaces__rosidl_typesupport_introspection_cpp
[ 76%] Built target ee4308_interfaces__rosidl_typesupport_fastrtps_cpp
[ 76%] Built target ee4308_interfaces
[ 78%] Built target ee4308_interfaces__py
[ 87%] Built target ee4308_interfaces__rosidl_generator_py
[ 91%] Built target ee4308_interfaces__rosidl_typesupport_introspection_c__pyext
[ 95%] Built target ee4308_interfaces__rosidl_typesupport_fastrtps_c__pyext
[100%] Built target ee4308_interfaces__rosidl_typesupport_c__pyext
running egg_info
writing ee4308_interfaces.egg-info/PKG-INFO
writing dependency_links to ee4308_interfaces.egg-info/dependency_links.txt
writing top-level names to ee4308_interfaces.egg-info/top_level.txt
reading manifest file 'ee4308_interfaces.egg-info/SOURCES.txt'
writing manifest file 'ee4308_interfaces.egg-info/SOURCES.txt'
[100%] Built target ament_cmake_python_build_ee4308_interfaces_egg
-- Install configuration: ""
-- Execute custom install script
-- Up-to-date symlink: /home/kaeboon/KBoon/ee4308_proj2/install/ee4308_interfaces/share/ament_index/resource_index/rosidl_interfaces/ee4308_interfaces
-- Up-to-date symlink: /home/kaeboon/KBoon/ee4308_proj2/install/ee4308_interfaces/include/ee4308_interfaces/ee4308_interfaces/action/detail/process_drone_state__functions.h
-- Up-to-date symlink: /home/kaeboon/KBoon/ee4308_proj2/install/ee4308_interfaces/include/ee4308_interfaces/ee4308_interfaces/action/detail/process_drone_state__struct.h
-- Up-to-date symlink: /home/kaeboon/KBoon/ee4308_proj2/install/ee4308_interfaces/include/ee4308_interfaces/ee4308_interfaces/action/detail/process_drone_state__type_support.h
-- Up-to-date symlink: /home/kaeboon/KBoon/ee4308_proj2/install/ee4308_interfaces/include/ee4308_interfaces/ee4308_interfaces/action/process_drone_state.h
-- Up-to-date symlink: /home/kaeboon/KBoon/ee4308_proj2/install/ee4308_interfaces/include/ee4308_interfaces/ee4308_interfaces/msg/rosidl_generator_c__visibility_control.h
-- Up-to-date symlink: /home/kaeboon/KBoon/ee4308_proj2/install/ee4308_interfaces/include/ee4308_interfaces/ee4308_interfaces/srv/detail/get_waypoint__functions.h
-- Up-to-date symlink: /home/kaeboon/KBoon/ee4308_proj2/install/ee4308_interfaces/include/ee4308_interfaces/ee4308_interfaces/srv/detail/get_waypoint__struct.h
-- Up-to-date symlink: /home/kaeboon/KBoon/ee4308_proj2/install/ee4308_interfaces/include/ee4308_interfaces/ee4308_interfaces/srv/detail/get_waypoint__type_support.h
-- Up-to-date symlink: /home/kaeboon/KBoon/ee4308_proj2/install/ee4308_interfaces/include/ee4308_interfaces/ee4308_interfaces/srv/detail/waypoint__functions.h
-- Up-to-date symlink: /home/kaeboon/KBoon/ee4308_proj2/install/ee4308_interfaces/include/ee4308_interfaces/ee4308_interfaces/srv/detail/waypoint__struct.h
-- Up-to-date symlink: /home/kaeboon/KBoon/ee4308_proj2/install/ee4308_interfaces/include/ee4308_interfaces/ee4308_interfaces/srv/detail/waypoint__type_support.h
-- Up-to-date symlink: /home/kaeboon/KBoon/ee4308_proj2/install/ee4308_interfaces/include/ee4308_interfaces/ee4308_interfaces/srv/get_waypoint.h
-- Up-to-date symlink: /home/kaeboon/KBoon/ee4308_proj2/install/ee4308_interfaces/include/ee4308_interfaces/ee4308_interfaces/srv/waypoint.h
-- Up-to-date symlink: /home/kaeboon/KBoon/ee4308_proj2/install/ee4308_interfaces/share/ee4308_interfaces/environment/library_path.sh
-- Up-to-date symlink: /home/kaeboon/KBoon/ee4308_proj2/install/ee4308_interfaces/share/ee4308_interfaces/environment/library_path.dsv
-- Up-to-date symlink: /home/kaeboon/KBoon/ee4308_proj2/install/ee4308_interfaces/include/ee4308_interfaces/ee4308_interfaces/action/detail/process_drone_state__rosidl_typesupport_fastrtps_c.h
-- Up-to-date symlink: /home/kaeboon/KBoon/ee4308_proj2/install/ee4308_interfaces/include/ee4308_interfaces/ee4308_interfaces/msg/rosidl_typesupport_fastrtps_c__visibility_control.h
-- Up-to-date symlink: /home/kaeboon/KBoon/ee4308_proj2/install/ee4308_interfaces/include/ee4308_interfaces/ee4308_interfaces/srv/detail/get_waypoint__rosidl_typesupport_fastrtps_c.h
-- Up-to-date symlink: /home/kaeboon/KBoon/ee4308_proj2/install/ee4308_interfaces/include/ee4308_interfaces/ee4308_interfaces/srv/detail/waypoint__rosidl_typesupport_fastrtps_c.h
-- Up-to-date symlink: /home/kaeboon/KBoon/ee4308_proj2/install/ee4308_interfaces/include/ee4308_interfaces/ee4308_interfaces/action/detail/process_drone_state__builder.hpp
-- Up-to-date symlink: /home/kaeboon/KBoon/ee4308_proj2/install/ee4308_interfaces/include/ee4308_interfaces/ee4308_interfaces/action/detail/process_drone_state__struct.hpp
-- Up-to-date symlink: /home/kaeboon/KBoon/ee4308_proj2/install/ee4308_interfaces/include/ee4308_interfaces/ee4308_interfaces/action/detail/process_drone_state__traits.hpp
-- Up-to-date symlink: /home/kaeboon/KBoon/ee4308_proj2/install/ee4308_interfaces/include/ee4308_interfaces/ee4308_interfaces/action/process_drone_state.hpp
-- Up-to-date symlink: /home/kaeboon/KBoon/ee4308_proj2/install/ee4308_interfaces/include/ee4308_interfaces/ee4308_interfaces/srv/detail/get_waypoint__builder.hpp
-- Up-to-date symlink: /home/kaeboon/KBoon/ee4308_proj2/install/ee4308_interfaces/include/ee4308_interfaces/ee4308_interfaces/srv/detail/get_waypoint__struct.hpp
-- Up-to-date symlink: /home/kaeboon/KBoon/ee4308_proj2/install/ee4308_interfaces/include/ee4308_interfaces/ee4308_interfaces/srv/detail/get_waypoint__traits.hpp
-- Up-to-date symlink: /home/kaeboon/KBoon/ee4308_proj2/install/ee4308_interfaces/include/ee4308_interfaces/ee4308_interfaces/srv/detail/waypoint__builder.hpp
-- Up-to-date symlink: /home/kaeboon/KBoon/ee4308_proj2/install/ee4308_interfaces/include/ee4308_interfaces/ee4308_interfaces/srv/detail/waypoint__struct.hpp
-- Up-to-date symlink: /home/kaeboon/KBoon/ee4308_proj2/install/ee4308_interfaces/include/ee4308_interfaces/ee4308_interfaces/srv/detail/waypoint__traits.hpp
-- Up-to-date symlink: /home/kaeboon/KBoon/ee4308_proj2/install/ee4308_interfaces/include/ee4308_interfaces/ee4308_interfaces/srv/get_waypoint.hpp
-- Up-to-date symlink: /home/kaeboon/KBoon/ee4308_proj2/install/ee4308_interfaces/include/ee4308_interfaces/ee4308_interfaces/srv/waypoint.hpp
-- Up-to-date symlink: /home/kaeboon/KBoon/ee4308_proj2/install/ee4308_interfaces/include/ee4308_interfaces/ee4308_interfaces/action/detail/process_drone_state__rosidl_typesupport_fastrtps_cpp.hpp
-- Up-to-date symlink: /home/kaeboon/KBoon/ee4308_proj2/install/ee4308_interfaces/include/ee4308_interfaces/ee4308_interfaces/msg/rosidl_typesupport_fastrtps_cpp__visibility_control.h
-- Up-to-date symlink: /home/kaeboon/KBoon/ee4308_proj2/install/ee4308_interfaces/include/ee4308_interfaces/ee4308_interfaces/srv/detail/get_waypoint__rosidl_typesupport_fastrtps_cpp.hpp
-- Up-to-date symlink: /home/kaeboon/KBoon/ee4308_proj2/install/ee4308_interfaces/include/ee4308_interfaces/ee4308_interfaces/srv/detail/waypoint__rosidl_typesupport_fastrtps_cpp.hpp
-- Up-to-date symlink: /home/kaeboon/KBoon/ee4308_proj2/install/ee4308_interfaces/include/ee4308_interfaces/ee4308_interfaces/action/detail/process_drone_state__rosidl_typesupport_introspection_c.h
-- Up-to-date symlink: /home/kaeboon/KBoon/ee4308_proj2/install/ee4308_interfaces/include/ee4308_interfaces/ee4308_interfaces/msg/rosidl_typesupport_introspection_c__visibility_control.h
-- Up-to-date symlink: /home/kaeboon/KBoon/ee4308_proj2/install/ee4308_interfaces/include/ee4308_interfaces/ee4308_interfaces/srv/detail/get_waypoint__rosidl_typesupport_introspection_c.h
-- Up-to-date symlink: /home/kaeboon/KBoon/ee4308_proj2/install/ee4308_interfaces/include/ee4308_interfaces/ee4308_interfaces/srv/detail/waypoint__rosidl_typesupport_introspection_c.h
-- Up-to-date symlink: /home/kaeboon/KBoon/ee4308_proj2/install/ee4308_interfaces/include/ee4308_interfaces/ee4308_interfaces/action/detail/process_drone_state__rosidl_typesupport_introspection_cpp.hpp
-- Up-to-date symlink: /home/kaeboon/KBoon/ee4308_proj2/install/ee4308_interfaces/include/ee4308_interfaces/ee4308_interfaces/srv/detail/get_waypoint__rosidl_typesupport_introspection_cpp.hpp
-- Up-to-date symlink: /home/kaeboon/KBoon/ee4308_proj2/install/ee4308_interfaces/include/ee4308_interfaces/ee4308_interfaces/srv/detail/waypoint__rosidl_typesupport_introspection_cpp.hpp
-- Up-to-date symlink: /home/kaeboon/KBoon/ee4308_proj2/install/ee4308_interfaces/share/ee4308_interfaces/environment/pythonpath.sh
-- Up-to-date symlink: /home/kaeboon/KBoon/ee4308_proj2/install/ee4308_interfaces/share/ee4308_interfaces/environment/pythonpath.dsv
-- Up-to-date symlink: /home/kaeboon/KBoon/ee4308_proj2/install/ee4308_interfaces/local/lib/python3.10/dist-packages/ee4308_interfaces-0.0.0-py3.10.egg-info/PKG-INFO
-- Up-to-date symlink: /home/kaeboon/KBoon/ee4308_proj2/install/ee4308_interfaces/local/lib/python3.10/dist-packages/ee4308_interfaces-0.0.0-py3.10.egg-info/SOURCES.txt
-- Up-to-date symlink: /home/kaeboon/KBoon/ee4308_proj2/install/ee4308_interfaces/local/lib/python3.10/dist-packages/ee4308_interfaces-0.0.0-py3.10.egg-info/dependency_links.txt
-- Up-to-date symlink: /home/kaeboon/KBoon/ee4308_proj2/install/ee4308_interfaces/local/lib/python3.10/dist-packages/ee4308_interfaces-0.0.0-py3.10.egg-info/top_level.txt
-- Up-to-date symlink: /home/kaeboon/KBoon/ee4308_proj2/install/ee4308_interfaces/local/lib/python3.10/dist-packages/ee4308_interfaces/__init__.py
-- Up-to-date symlink: /home/kaeboon/KBoon/ee4308_proj2/install/ee4308_interfaces/local/lib/python3.10/dist-packages/ee4308_interfaces/_ee4308_interfaces_s.ep.rosidl_typesupport_c.c
-- Up-to-date symlink: /home/kaeboon/KBoon/ee4308_proj2/install/ee4308_interfaces/local/lib/python3.10/dist-packages/ee4308_interfaces/_ee4308_interfaces_s.ep.rosidl_typesupport_fastrtps_c.c
-- Up-to-date symlink: /home/kaeboon/KBoon/ee4308_proj2/install/ee4308_interfaces/local/lib/python3.10/dist-packages/ee4308_interfaces/_ee4308_interfaces_s.ep.rosidl_typesupport_introspection_c.c
-- Up-to-date symlink: /home/kaeboon/KBoon/ee4308_proj2/install/ee4308_interfaces/local/lib/python3.10/dist-packages/ee4308_interfaces/action/__init__.py
-- Up-to-date symlink: /home/kaeboon/KBoon/ee4308_proj2/install/ee4308_interfaces/local/lib/python3.10/dist-packages/ee4308_interfaces/action/_process_drone_state.py
-- Up-to-date symlink: /home/kaeboon/KBoon/ee4308_proj2/install/ee4308_interfaces/local/lib/python3.10/dist-packages/ee4308_interfaces/action/_process_drone_state_s.c
-- Up-to-date symlink: /home/kaeboon/KBoon/ee4308_proj2/install/ee4308_interfaces/local/lib/python3.10/dist-packages/ee4308_interfaces/ee4308_interfaces_s__rosidl_typesupport_c.cpython-310-x86_64-linux-gnu.so
-- Up-to-date symlink: /home/kaeboon/KBoon/ee4308_proj2/install/ee4308_interfaces/local/lib/python3.10/dist-packages/ee4308_interfaces/ee4308_interfaces_s__rosidl_typesupport_fastrtps_c.cpython-310-x86_64-linux-gnu.so
-- Up-to-date symlink: /home/kaeboon/KBoon/ee4308_proj2/install/ee4308_interfaces/local/lib/python3.10/dist-packages/ee4308_interfaces/ee4308_interfaces_s__rosidl_typesupport_introspection_c.cpython-310-x86_64-linux-gnu.so
-- Up-to-date symlink: /home/kaeboon/KBoon/ee4308_proj2/install/ee4308_interfaces/local/lib/python3.10/dist-packages/ee4308_interfaces/libee4308_interfaces__rosidl_generator_py.so
-- Up-to-date symlink: /home/kaeboon/KBoon/ee4308_proj2/install/ee4308_interfaces/local/lib/python3.10/dist-packages/ee4308_interfaces/srv/__init__.py
-- Up-to-date symlink: /home/kaeboon/KBoon/ee4308_proj2/install/ee4308_interfaces/local/lib/python3.10/dist-packages/ee4308_interfaces/srv/_get_waypoint.py
-- Up-to-date symlink: /home/kaeboon/KBoon/ee4308_proj2/install/ee4308_interfaces/local/lib/python3.10/dist-packages/ee4308_interfaces/srv/_get_waypoint_s.c
-- Up-to-date symlink: /home/kaeboon/KBoon/ee4308_proj2/install/ee4308_interfaces/local/lib/python3.10/dist-packages/ee4308_interfaces/srv/_waypoint.py
-- Up-to-date symlink: /home/kaeboon/KBoon/ee4308_proj2/install/ee4308_interfaces/local/lib/python3.10/dist-packages/ee4308_interfaces/srv/_waypoint_s.c
-- Up-to-date symlink: /home/kaeboon/KBoon/ee4308_proj2/install/ee4308_interfaces/local/lib/python3.10/dist-packages/ee4308_interfaces/ee4308_interfaces_s__rosidl_typesupport_fastrtps_c.cpython-310-x86_64-linux-gnu.so
-- Up-to-date symlink: /home/kaeboon/KBoon/ee4308_proj2/install/ee4308_interfaces/local/lib/python3.10/dist-packages/ee4308_interfaces/ee4308_interfaces_s__rosidl_typesupport_introspection_c.cpython-310-x86_64-linux-gnu.so
-- Up-to-date symlink: /home/kaeboon/KBoon/ee4308_proj2/install/ee4308_interfaces/local/lib/python3.10/dist-packages/ee4308_interfaces/ee4308_interfaces_s__rosidl_typesupport_c.cpython-310-x86_64-linux-gnu.so
-- Up-to-date symlink: /home/kaeboon/KBoon/ee4308_proj2/install/ee4308_interfaces/share/ee4308_interfaces/action/ProcessDroneState.idl
-- Up-to-date symlink: /home/kaeboon/KBoon/ee4308_proj2/install/ee4308_interfaces/share/ee4308_interfaces/srv/Waypoint.idl
-- Up-to-date symlink: /home/kaeboon/KBoon/ee4308_proj2/install/ee4308_interfaces/share/ee4308_interfaces/srv/GetWaypoint.idl
-- Up-to-date symlink: /home/kaeboon/KBoon/ee4308_proj2/install/ee4308_interfaces/share/ee4308_interfaces/action/ProcessDroneState.action
-- Up-to-date symlink: /home/kaeboon/KBoon/ee4308_proj2/install/ee4308_interfaces/share/ee4308_interfaces/srv/Waypoint.srv
-- Up-to-date symlink: /home/kaeboon/KBoon/ee4308_proj2/install/ee4308_interfaces/share/ee4308_interfaces/srv/Waypoint_Request.msg
-- Up-to-date symlink: /home/kaeboon/KBoon/ee4308_proj2/install/ee4308_interfaces/share/ee4308_interfaces/srv/Waypoint_Response.msg
-- Up-to-date symlink: /home/kaeboon/KBoon/ee4308_proj2/install/ee4308_interfaces/share/ee4308_interfaces/srv/GetWaypoint.srv
-- Up-to-date symlink: /home/kaeboon/KBoon/ee4308_proj2/install/ee4308_interfaces/share/ee4308_interfaces/srv/GetWaypoint_Request.msg
-- Up-to-date symlink: /home/kaeboon/KBoon/ee4308_proj2/install/ee4308_interfaces/share/ee4308_interfaces/srv/GetWaypoint_Response.msg
-- Up-to-date symlink: /home/kaeboon/KBoon/ee4308_proj2/install/ee4308_interfaces/share/ee4308_interfaces//srv/GetWaypoint.srv
-- Up-to-date symlink: /home/kaeboon/KBoon/ee4308_proj2/install/ee4308_interfaces/share/ee4308_interfaces//srv/Waypoint.srv
-- Up-to-date symlink: /home/kaeboon/KBoon/ee4308_proj2/install/ee4308_interfaces/share/ament_index/resource_index/package_run_dependencies/ee4308_interfaces
-- Up-to-date symlink: /home/kaeboon/KBoon/ee4308_proj2/install/ee4308_interfaces/share/ament_index/resource_index/parent_prefix_path/ee4308_interfaces
-- Up-to-date symlink: /home/kaeboon/KBoon/ee4308_proj2/install/ee4308_interfaces/share/ee4308_interfaces/environment/ament_prefix_path.sh
-- Up-to-date symlink: /home/kaeboon/KBoon/ee4308_proj2/install/ee4308_interfaces/share/ee4308_interfaces/environment/ament_prefix_path.dsv
-- Up-to-date symlink: /home/kaeboon/KBoon/ee4308_proj2/install/ee4308_interfaces/share/ee4308_interfaces/environment/path.sh
-- Up-to-date symlink: /home/kaeboon/KBoon/ee4308_proj2/install/ee4308_interfaces/share/ee4308_interfaces/environment/path.dsv
-- Up-to-date symlink: /home/kaeboon/KBoon/ee4308_proj2/install/ee4308_interfaces/share/ee4308_interfaces/local_setup.bash
-- Up-to-date symlink: /home/kaeboon/KBoon/ee4308_proj2/install/ee4308_interfaces/share/ee4308_interfaces/local_setup.sh
-- Up-to-date symlink: /home/kaeboon/KBoon/ee4308_proj2/install/ee4308_interfaces/share/ee4308_interfaces/local_setup.zsh
-- Up-to-date symlink: /home/kaeboon/KBoon/ee4308_proj2/install/ee4308_interfaces/share/ee4308_interfaces/local_setup.dsv
-- Symlinking: /home/kaeboon/KBoon/ee4308_proj2/install/ee4308_interfaces/share/ee4308_interfaces/package.dsv
-- Up-to-date symlink: /home/kaeboon/KBoon/ee4308_proj2/install/ee4308_interfaces/share/ament_index/resource_index/packages/ee4308_interfaces
-- Up-to-date symlink: /home/kaeboon/KBoon/ee4308_proj2/install/ee4308_interfaces/share/ee4308_interfaces/cmake/rosidl_cmake-extras.cmake
-- Up-to-date symlink: /home/kaeboon/KBoon/ee4308_proj2/install/ee4308_interfaces/share/ee4308_interfaces/cmake/ament_cmake_export_dependencies-extras.cmake
-- Up-to-date symlink: /home/kaeboon/KBoon/ee4308_proj2/install/ee4308_interfaces/share/ee4308_interfaces/cmake/ament_cmake_export_include_directories-extras.cmake
-- Up-to-date symlink: /home/kaeboon/KBoon/ee4308_proj2/install/ee4308_interfaces/share/ee4308_interfaces/cmake/ament_cmake_export_libraries-extras.cmake
-- Up-to-date symlink: /home/kaeboon/KBoon/ee4308_proj2/install/ee4308_interfaces/share/ee4308_interfaces/cmake/ament_cmake_export_targets-extras.cmake
-- Up-to-date symlink: /home/kaeboon/KBoon/ee4308_proj2/install/ee4308_interfaces/share/ee4308_interfaces/cmake/rosidl_cmake_export_typesupport_targets-extras.cmake
-- Up-to-date symlink: /home/kaeboon/KBoon/ee4308_proj2/install/ee4308_interfaces/share/ee4308_interfaces/cmake/rosidl_cmake_export_typesupport_libraries-extras.cmake
-- Up-to-date symlink: /home/kaeboon/KBoon/ee4308_proj2/install/ee4308_interfaces/share/ee4308_interfaces/cmake/ee4308_interfacesConfig.cmake
-- Up-to-date symlink: /home/kaeboon/KBoon/ee4308_proj2/install/ee4308_interfaces/share/ee4308_interfaces/cmake/ee4308_interfacesConfig-version.cmake
-- Up-to-date symlink: /home/kaeboon/KBoon/ee4308_proj2/install/ee4308_interfaces/share/ee4308_interfaces/package.xml
-- Up-to-date: /home/kaeboon/KBoon/ee4308_proj2/install/ee4308_interfaces/lib/libee4308_interfaces__rosidl_generator_c.so
-- Up-to-date: /home/kaeboon/KBoon/ee4308_proj2/install/ee4308_interfaces/lib/libee4308_interfaces__rosidl_typesupport_fastrtps_c.so
-- Up-to-date: /home/kaeboon/KBoon/ee4308_proj2/install/ee4308_interfaces/lib/libee4308_interfaces__rosidl_typesupport_fastrtps_cpp.so
-- Up-to-date: /home/kaeboon/KBoon/ee4308_proj2/install/ee4308_interfaces/lib/libee4308_interfaces__rosidl_typesupport_introspection_c.so
-- Up-to-date: /home/kaeboon/KBoon/ee4308_proj2/install/ee4308_interfaces/lib/libee4308_interfaces__rosidl_typesupport_c.so
-- Up-to-date: /home/kaeboon/KBoon/ee4308_proj2/install/ee4308_interfaces/lib/libee4308_interfaces__rosidl_typesupport_introspection_cpp.so
-- Up-to-date: /home/kaeboon/KBoon/ee4308_proj2/install/ee4308_interfaces/lib/libee4308_interfaces__rosidl_typesupport_cpp.so
Listing '/home/kaeboon/KBoon/ee4308_proj2/install/ee4308_interfaces/local/lib/python3.10/dist-packages/ee4308_interfaces'...
Listing '/home/kaeboon/KBoon/ee4308_proj2/install/ee4308_interfaces/local/lib/python3.10/dist-packages/ee4308_interfaces/action'...
Listing '/home/kaeboon/KBoon/ee4308_proj2/install/ee4308_interfaces/local/lib/python3.10/dist-packages/ee4308_interfaces/srv'...
-- Up-to-date: /home/kaeboon/KBoon/ee4308_proj2/install/ee4308_interfaces/lib/libee4308_interfaces__rosidl_generator_py.so
-- Up-to-date: /home/kaeboon/KBoon/ee4308_proj2/install/ee4308_interfaces/share/ee4308_interfaces/cmake/export_ee4308_interfaces__rosidl_generator_cExport.cmake
-- Up-to-date: /home/kaeboon/KBoon/ee4308_proj2/install/ee4308_interfaces/share/ee4308_interfaces/cmake/export_ee4308_interfaces__rosidl_generator_cExport-noconfig.cmake
-- Up-to-date: /home/kaeboon/KBoon/ee4308_proj2/install/ee4308_interfaces/share/ee4308_interfaces/cmake/export_ee4308_interfaces__rosidl_typesupport_fastrtps_cExport.cmake
-- Up-to-date: /home/kaeboon/KBoon/ee4308_proj2/install/ee4308_interfaces/share/ee4308_interfaces/cmake/export_ee4308_interfaces__rosidl_typesupport_fastrtps_cExport-noconfig.cmake
-- Up-to-date: /home/kaeboon/KBoon/ee4308_proj2/install/ee4308_interfaces/share/ee4308_interfaces/cmake/export_ee4308_interfaces__rosidl_generator_cppExport.cmake
-- Up-to-date: /home/kaeboon/KBoon/ee4308_proj2/install/ee4308_interfaces/share/ee4308_interfaces/cmake/export_ee4308_interfaces__rosidl_typesupport_fastrtps_cppExport.cmake
-- Up-to-date: /home/kaeboon/KBoon/ee4308_proj2/install/ee4308_interfaces/share/ee4308_interfaces/cmake/export_ee4308_interfaces__rosidl_typesupport_fastrtps_cppExport-noconfig.cmake
-- Up-to-date: /home/kaeboon/KBoon/ee4308_proj2/install/ee4308_interfaces/share/ee4308_interfaces/cmake/ee4308_interfaces__rosidl_typesupport_introspection_cExport.cmake
-- Up-to-date: /home/kaeboon/KBoon/ee4308_proj2/install/ee4308_interfaces/share/ee4308_interfaces/cmake/ee4308_interfaces__rosidl_typesupport_introspection_cExport-noconfig.cmake
-- Up-to-date: /home/kaeboon/KBoon/ee4308_proj2/install/ee4308_interfaces/share/ee4308_interfaces/cmake/ee4308_interfaces__rosidl_typesupport_cExport.cmake
-- Up-to-date: /home/kaeboon/KBoon/ee4308_proj2/install/ee4308_interfaces/share/ee4308_interfaces/cmake/ee4308_interfaces__rosidl_typesupport_cExport-noconfig.cmake
-- Up-to-date: /home/kaeboon/KBoon/ee4308_proj2/install/ee4308_interfaces/share/ee4308_interfaces/cmake/ee4308_interfaces__rosidl_typesupport_introspection_cppExport.cmake
-- Up-to-date: /home/kaeboon/KBoon/ee4308_proj2/install/ee4308_interfaces/share/ee4308_interfaces/cmake/ee4308_interfaces__rosidl_typesupport_introspection_cppExport-noconfig.cmake
-- Up-to-date: /home/kaeboon/KBoon/ee4308_proj2/install/ee4308_interfaces/share/ee4308_interfaces/cmake/ee4308_interfaces__rosidl_typesupport_cppExport.cmake
-- Up-to-date: /home/kaeboon/KBoon/ee4308_proj2/install/ee4308_interfaces/share/ee4308_interfaces/cmake/ee4308_interfaces__rosidl_typesupport_cppExport-noconfig.cmake
-- Up-to-date: /home/kaeboon/KBoon/ee4308_proj2/install/ee4308_interfaces/share/ee4308_interfaces/cmake/export_ee4308_interfaces__rosidl_generator_pyExport.cmake
-- Up-to-date: /home/kaeboon/KBoon/ee4308_proj2/install/ee4308_interfaces/share/ee4308_interfaces/cmake/export_ee4308_interfaces__rosidl_generator_pyExport-noconfig.cmake
