[0.440s] Invoking command in '/home/kaeboon/KBoon/ee4308_proj2/build/ee4308_interfaces': CMAKE_PREFIX_PATH=${CMAKE_PREFIX_PATH}:/home/kaeboon/sjtu_drone/install/sjtu_drone_control:/home/kaeboon/sjtu_drone/install/sjtu_drone_bringup:/opt/ros/humble /usr/bin/cmake --build /home/kaeboon/KBoon/ee4308_proj2/build/ee4308_interfaces -- -j4 -l4
[0.613s] [ 10%] Built target ee4308_interfaces__rosidl_generator_c
[0.666s] [ 12%] Built target ee4308_interfaces__cpp
[0.740s] [ 23%] Built target ee4308_interfaces__rosidl_typesupport_introspection_c
[0.778s] [ 23%] Built target ament_cmake_python_symlink_ee4308_interfaces
[0.778s] [ 34%] Built target ee4308_interfaces__rosidl_typesupport_c
[0.778s] [ 44%] Built target ee4308_interfaces__rosidl_typesupport_fastrtps_c
[0.901s] [ 55%] Built target ee4308_interfaces__rosidl_typesupport_cpp
[0.949s] [ 65%] Built target ee4308_interfaces__rosidl_typesupport_introspection_cpp
[0.976s] [ 76%] Built target ee4308_interfaces__rosidl_typesupport_fastrtps_cpp
[1.058s] [ 76%] Built target ee4308_interfaces
[1.179s] [ 78%] Built target ee4308_interfaces__py
[1.292s] [ 87%] Built target ee4308_interfaces__rosidl_generator_py
[1.393s] [ 91%] Built target ee4308_interfaces__rosidl_typesupport_introspection_c__pyext
[1.417s] [ 95%] Built target ee4308_interfaces__rosidl_typesupport_fastrtps_c__pyext
[1.420s] [100%] Built target ee4308_interfaces__rosidl_typesupport_c__pyext
[1.543s] running egg_info
[1.549s] writing ee4308_interfaces.egg-info/PKG-INFO
[1.550s] writing dependency_links to ee4308_interfaces.egg-info/dependency_links.txt
[1.550s] writing top-level names to ee4308_interfaces.egg-info/top_level.txt
[1.550s] reading manifest file 'ee4308_interfaces.egg-info/SOURCES.txt'
[1.550s] writing manifest file 'ee4308_interfaces.egg-info/SOURCES.txt'
[1.617s] [100%] Built target ament_cmake_python_build_ee4308_interfaces_egg
[1.720s] Invoked command in '/home/kaeboon/KBoon/ee4308_proj2/build/ee4308_interfaces' returned '0': CMAKE_PREFIX_PATH=${CMAKE_PREFIX_PATH}:/home/kaeboon/sjtu_drone/install/sjtu_drone_control:/home/kaeboon/sjtu_drone/install/sjtu_drone_bringup:/opt/ros/humble /usr/bin/cmake --build /home/kaeboon/KBoon/ee4308_proj2/build/ee4308_interfaces -- -j4 -l4
[1.939s] Invoking command in '/home/kaeboon/KBoon/ee4308_proj2/build/ee4308_interfaces': CMAKE_PREFIX_PATH=${CMAKE_PREFIX_PATH}:/home/kaeboon/sjtu_drone/install/sjtu_drone_control:/home/kaeboon/sjtu_drone/install/sjtu_drone_bringup:/opt/ros/humble /usr/bin/cmake --install /home/kaeboon/KBoon/ee4308_proj2/build/ee4308_interfaces
[1.951s] -- Install configuration: ""
[1.965s] -- Execute custom install script
[1.965s] -- Up-to-date symlink: /home/kaeboon/KBoon/ee4308_proj2/install/ee4308_interfaces/share/ament_index/resource_index/rosidl_interfaces/ee4308_interfaces
[1.965s] -- Up-to-date symlink: /home/kaeboon/KBoon/ee4308_proj2/install/ee4308_interfaces/include/ee4308_interfaces/ee4308_interfaces/action/detail/process_drone_state__functions.h
[1.965s] -- Up-to-date symlink: /home/kaeboon/KBoon/ee4308_proj2/install/ee4308_interfaces/include/ee4308_interfaces/ee4308_interfaces/action/detail/process_drone_state__struct.h
[1.965s] -- Up-to-date symlink: /home/kaeboon/KBoon/ee4308_proj2/install/ee4308_interfaces/include/ee4308_interfaces/ee4308_interfaces/action/detail/process_drone_state__type_support.h
[1.965s] -- Up-to-date symlink: /home/kaeboon/KBoon/ee4308_proj2/install/ee4308_interfaces/include/ee4308_interfaces/ee4308_interfaces/action/process_drone_state.h
[1.966s] -- Up-to-date symlink: /home/kaeboon/KBoon/ee4308_proj2/install/ee4308_interfaces/include/ee4308_interfaces/ee4308_interfaces/msg/rosidl_generator_c__visibility_control.h
[1.966s] -- Up-to-date symlink: /home/kaeboon/KBoon/ee4308_proj2/install/ee4308_interfaces/include/ee4308_interfaces/ee4308_interfaces/srv/detail/get_waypoint__functions.h
[1.966s] -- Up-to-date symlink: /home/kaeboon/KBoon/ee4308_proj2/install/ee4308_interfaces/include/ee4308_interfaces/ee4308_interfaces/srv/detail/get_waypoint__struct.h
[1.966s] -- Up-to-date symlink: /home/kaeboon/KBoon/ee4308_proj2/install/ee4308_interfaces/include/ee4308_interfaces/ee4308_interfaces/srv/detail/get_waypoint__type_support.h
[1.966s] -- Up-to-date symlink: /home/kaeboon/KBoon/ee4308_proj2/install/ee4308_interfaces/include/ee4308_interfaces/ee4308_interfaces/srv/detail/waypoint__functions.h
[1.966s] -- Up-to-date symlink: /home/kaeboon/KBoon/ee4308_proj2/install/ee4308_interfaces/include/ee4308_interfaces/ee4308_interfaces/srv/detail/waypoint__struct.h
[1.966s] -- Up-to-date symlink: /home/kaeboon/KBoon/ee4308_proj2/install/ee4308_interfaces/include/ee4308_interfaces/ee4308_interfaces/srv/detail/waypoint__type_support.h
[1.966s] -- Up-to-date symlink: /home/kaeboon/KBoon/ee4308_proj2/install/ee4308_interfaces/include/ee4308_interfaces/ee4308_interfaces/srv/get_waypoint.h
[1.966s] -- Up-to-date symlink: /home/kaeboon/KBoon/ee4308_proj2/install/ee4308_interfaces/include/ee4308_interfaces/ee4308_interfaces/srv/waypoint.h
[1.966s] -- Up-to-date symlink: /home/kaeboon/KBoon/ee4308_proj2/install/ee4308_interfaces/share/ee4308_interfaces/environment/library_path.sh
[1.966s] -- Up-to-date symlink: /home/kaeboon/KBoon/ee4308_proj2/install/ee4308_interfaces/share/ee4308_interfaces/environment/library_path.dsv
[1.966s] -- Up-to-date symlink: /home/kaeboon/KBoon/ee4308_proj2/install/ee4308_interfaces/include/ee4308_interfaces/ee4308_interfaces/action/detail/process_drone_state__rosidl_typesupport_fastrtps_c.h
[1.966s] -- Up-to-date symlink: /home/kaeboon/KBoon/ee4308_proj2/install/ee4308_interfaces/include/ee4308_interfaces/ee4308_interfaces/msg/rosidl_typesupport_fastrtps_c__visibility_control.h
[1.966s] -- Up-to-date symlink: /home/kaeboon/KBoon/ee4308_proj2/install/ee4308_interfaces/include/ee4308_interfaces/ee4308_interfaces/srv/detail/get_waypoint__rosidl_typesupport_fastrtps_c.h
[1.966s] -- Up-to-date symlink: /home/kaeboon/KBoon/ee4308_proj2/install/ee4308_interfaces/include/ee4308_interfaces/ee4308_interfaces/srv/detail/waypoint__rosidl_typesupport_fastrtps_c.h
[2.027s] -- Up-to-date symlink: /home/kaeboon/KBoon/ee4308_proj2/install/ee4308_interfaces/include/ee4308_interfaces/ee4308_interfaces/action/detail/process_drone_state__builder.hpp
[2.027s] -- Up-to-date symlink: /home/kaeboon/KBoon/ee4308_proj2/install/ee4308_interfaces/include/ee4308_interfaces/ee4308_interfaces/action/detail/process_drone_state__struct.hpp
[2.027s] -- Up-to-date symlink: /home/kaeboon/KBoon/ee4308_proj2/install/ee4308_interfaces/include/ee4308_interfaces/ee4308_interfaces/action/detail/process_drone_state__traits.hpp
[2.027s] -- Up-to-date symlink: /home/kaeboon/KBoon/ee4308_proj2/install/ee4308_interfaces/include/ee4308_interfaces/ee4308_interfaces/action/process_drone_state.hpp
[2.027s] -- Up-to-date symlink: /home/kaeboon/KBoon/ee4308_proj2/install/ee4308_interfaces/include/ee4308_interfaces/ee4308_interfaces/srv/detail/get_waypoint__builder.hpp
[2.027s] -- Up-to-date symlink: /home/kaeboon/KBoon/ee4308_proj2/install/ee4308_interfaces/include/ee4308_interfaces/ee4308_interfaces/srv/detail/get_waypoint__struct.hpp
[2.027s] -- Up-to-date symlink: /home/kaeboon/KBoon/ee4308_proj2/install/ee4308_interfaces/include/ee4308_interfaces/ee4308_interfaces/srv/detail/get_waypoint__traits.hpp
[2.028s] -- Up-to-date symlink: /home/kaeboon/KBoon/ee4308_proj2/install/ee4308_interfaces/include/ee4308_interfaces/ee4308_interfaces/srv/detail/waypoint__builder.hpp
[2.028s] -- Up-to-date symlink: /home/kaeboon/KBoon/ee4308_proj2/install/ee4308_interfaces/include/ee4308_interfaces/ee4308_interfaces/srv/detail/waypoint__struct.hpp
[2.028s] -- Up-to-date symlink: /home/kaeboon/KBoon/ee4308_proj2/install/ee4308_interfaces/include/ee4308_interfaces/ee4308_interfaces/srv/detail/waypoint__traits.hpp
[2.028s] -- Up-to-date symlink: /home/kaeboon/KBoon/ee4308_proj2/install/ee4308_interfaces/include/ee4308_interfaces/ee4308_interfaces/srv/get_waypoint.hpp
[2.028s] -- Up-to-date symlink: /home/kaeboon/KBoon/ee4308_proj2/install/ee4308_interfaces/include/ee4308_interfaces/ee4308_interfaces/srv/waypoint.hpp
[2.028s] -- Up-to-date symlink: /home/kaeboon/KBoon/ee4308_proj2/install/ee4308_interfaces/include/ee4308_interfaces/ee4308_interfaces/action/detail/process_drone_state__rosidl_typesupport_fastrtps_cpp.hpp
[2.028s] -- Up-to-date symlink: /home/kaeboon/KBoon/ee4308_proj2/install/ee4308_interfaces/include/ee4308_interfaces/ee4308_interfaces/msg/rosidl_typesupport_fastrtps_cpp__visibility_control.h
[2.028s] -- Up-to-date symlink: /home/kaeboon/KBoon/ee4308_proj2/install/ee4308_interfaces/include/ee4308_interfaces/ee4308_interfaces/srv/detail/get_waypoint__rosidl_typesupport_fastrtps_cpp.hpp
[2.028s] -- Up-to-date symlink: /home/kaeboon/KBoon/ee4308_proj2/install/ee4308_interfaces/include/ee4308_interfaces/ee4308_interfaces/srv/detail/waypoint__rosidl_typesupport_fastrtps_cpp.hpp
[2.028s] -- Up-to-date symlink: /home/kaeboon/KBoon/ee4308_proj2/install/ee4308_interfaces/include/ee4308_interfaces/ee4308_interfaces/action/detail/process_drone_state__rosidl_typesupport_introspection_c.h
[2.028s] -- Up-to-date symlink: /home/kaeboon/KBoon/ee4308_proj2/install/ee4308_interfaces/include/ee4308_interfaces/ee4308_interfaces/msg/rosidl_typesupport_introspection_c__visibility_control.h
[2.028s] -- Up-to-date symlink: /home/kaeboon/KBoon/ee4308_proj2/install/ee4308_interfaces/include/ee4308_interfaces/ee4308_interfaces/srv/detail/get_waypoint__rosidl_typesupport_introspection_c.h
[2.028s] -- Up-to-date symlink: /home/kaeboon/KBoon/ee4308_proj2/install/ee4308_interfaces/include/ee4308_interfaces/ee4308_interfaces/srv/detail/waypoint__rosidl_typesupport_introspection_c.h
[2.028s] -- Up-to-date symlink: /home/kaeboon/KBoon/ee4308_proj2/install/ee4308_interfaces/include/ee4308_interfaces/ee4308_interfaces/action/detail/process_drone_state__rosidl_typesupport_introspection_cpp.hpp
[2.028s] -- Up-to-date symlink: /home/kaeboon/KBoon/ee4308_proj2/install/ee4308_interfaces/include/ee4308_interfaces/ee4308_interfaces/srv/detail/get_waypoint__rosidl_typesupport_introspection_cpp.hpp
[2.028s] -- Up-to-date symlink: /home/kaeboon/KBoon/ee4308_proj2/install/ee4308_interfaces/include/ee4308_interfaces/ee4308_interfaces/srv/detail/waypoint__rosidl_typesupport_introspection_cpp.hpp
[2.029s] -- Up-to-date symlink: /home/kaeboon/KBoon/ee4308_proj2/install/ee4308_interfaces/share/ee4308_interfaces/environment/pythonpath.sh
[2.029s] -- Up-to-date symlink: /home/kaeboon/KBoon/ee4308_proj2/install/ee4308_interfaces/share/ee4308_interfaces/environment/pythonpath.dsv
[2.029s] -- Up-to-date symlink: /home/kaeboon/KBoon/ee4308_proj2/install/ee4308_interfaces/local/lib/python3.10/dist-packages/ee4308_interfaces-0.0.0-py3.10.egg-info/PKG-INFO
[2.029s] -- Up-to-date symlink: /home/kaeboon/KBoon/ee4308_proj2/install/ee4308_interfaces/local/lib/python3.10/dist-packages/ee4308_interfaces-0.0.0-py3.10.egg-info/SOURCES.txt
[2.029s] -- Up-to-date symlink: /home/kaeboon/KBoon/ee4308_proj2/install/ee4308_interfaces/local/lib/python3.10/dist-packages/ee4308_interfaces-0.0.0-py3.10.egg-info/dependency_links.txt
[2.029s] -- Up-to-date symlink: /home/kaeboon/KBoon/ee4308_proj2/install/ee4308_interfaces/local/lib/python3.10/dist-packages/ee4308_interfaces-0.0.0-py3.10.egg-info/top_level.txt
[2.029s] -- Up-to-date symlink: /home/kaeboon/KBoon/ee4308_proj2/install/ee4308_interfaces/local/lib/python3.10/dist-packages/ee4308_interfaces/__init__.py
[2.029s] -- Up-to-date symlink: /home/kaeboon/KBoon/ee4308_proj2/install/ee4308_interfaces/local/lib/python3.10/dist-packages/ee4308_interfaces/_ee4308_interfaces_s.ep.rosidl_typesupport_c.c
[2.029s] -- Up-to-date symlink: /home/kaeboon/KBoon/ee4308_proj2/install/ee4308_interfaces/local/lib/python3.10/dist-packages/ee4308_interfaces/_ee4308_interfaces_s.ep.rosidl_typesupport_fastrtps_c.c
[2.029s] -- Up-to-date symlink: /home/kaeboon/KBoon/ee4308_proj2/install/ee4308_interfaces/local/lib/python3.10/dist-packages/ee4308_interfaces/_ee4308_interfaces_s.ep.rosidl_typesupport_introspection_c.c
[2.029s] -- Up-to-date symlink: /home/kaeboon/KBoon/ee4308_proj2/install/ee4308_interfaces/local/lib/python3.10/dist-packages/ee4308_interfaces/action/__init__.py
[2.029s] -- Up-to-date symlink: /home/kaeboon/KBoon/ee4308_proj2/install/ee4308_interfaces/local/lib/python3.10/dist-packages/ee4308_interfaces/action/_process_drone_state.py
[2.029s] -- Up-to-date symlink: /home/kaeboon/KBoon/ee4308_proj2/install/ee4308_interfaces/local/lib/python3.10/dist-packages/ee4308_interfaces/action/_process_drone_state_s.c
[2.029s] -- Up-to-date symlink: /home/kaeboon/KBoon/ee4308_proj2/install/ee4308_interfaces/local/lib/python3.10/dist-packages/ee4308_interfaces/ee4308_interfaces_s__rosidl_typesupport_c.cpython-310-x86_64-linux-gnu.so
[2.029s] -- Up-to-date symlink: /home/kaeboon/KBoon/ee4308_proj2/install/ee4308_interfaces/local/lib/python3.10/dist-packages/ee4308_interfaces/ee4308_interfaces_s__rosidl_typesupport_fastrtps_c.cpython-310-x86_64-linux-gnu.so
[2.029s] -- Up-to-date symlink: /home/kaeboon/KBoon/ee4308_proj2/install/ee4308_interfaces/local/lib/python3.10/dist-packages/ee4308_interfaces/ee4308_interfaces_s__rosidl_typesupport_introspection_c.cpython-310-x86_64-linux-gnu.so
[2.029s] -- Up-to-date symlink: /home/kaeboon/KBoon/ee4308_proj2/install/ee4308_interfaces/local/lib/python3.10/dist-packages/ee4308_interfaces/libee4308_interfaces__rosidl_generator_py.so
[2.029s] -- Up-to-date symlink: /home/kaeboon/KBoon/ee4308_proj2/install/ee4308_interfaces/local/lib/python3.10/dist-packages/ee4308_interfaces/srv/__init__.py
[2.030s] -- Up-to-date symlink: /home/kaeboon/KBoon/ee4308_proj2/install/ee4308_interfaces/local/lib/python3.10/dist-packages/ee4308_interfaces/srv/_get_waypoint.py
[2.030s] -- Up-to-date symlink: /home/kaeboon/KBoon/ee4308_proj2/install/ee4308_interfaces/local/lib/python3.10/dist-packages/ee4308_interfaces/srv/_get_waypoint_s.c
[2.030s] -- Up-to-date symlink: /home/kaeboon/KBoon/ee4308_proj2/install/ee4308_interfaces/local/lib/python3.10/dist-packages/ee4308_interfaces/srv/_waypoint.py
[2.030s] -- Up-to-date symlink: /home/kaeboon/KBoon/ee4308_proj2/install/ee4308_interfaces/local/lib/python3.10/dist-packages/ee4308_interfaces/srv/_waypoint_s.c
[2.030s] -- Up-to-date symlink: /home/kaeboon/KBoon/ee4308_proj2/install/ee4308_interfaces/local/lib/python3.10/dist-packages/ee4308_interfaces/ee4308_interfaces_s__rosidl_typesupport_fastrtps_c.cpython-310-x86_64-linux-gnu.so
[2.030s] -- Up-to-date symlink: /home/kaeboon/KBoon/ee4308_proj2/install/ee4308_interfaces/local/lib/python3.10/dist-packages/ee4308_interfaces/ee4308_interfaces_s__rosidl_typesupport_introspection_c.cpython-310-x86_64-linux-gnu.so
[2.030s] -- Up-to-date symlink: /home/kaeboon/KBoon/ee4308_proj2/install/ee4308_interfaces/local/lib/python3.10/dist-packages/ee4308_interfaces/ee4308_interfaces_s__rosidl_typesupport_c.cpython-310-x86_64-linux-gnu.so
[2.030s] -- Up-to-date symlink: /home/kaeboon/KBoon/ee4308_proj2/install/ee4308_interfaces/share/ee4308_interfaces/action/ProcessDroneState.idl
[2.030s] -- Up-to-date symlink: /home/kaeboon/KBoon/ee4308_proj2/install/ee4308_interfaces/share/ee4308_interfaces/srv/Waypoint.idl
[2.030s] -- Up-to-date symlink: /home/kaeboon/KBoon/ee4308_proj2/install/ee4308_interfaces/share/ee4308_interfaces/srv/GetWaypoint.idl
[2.030s] -- Up-to-date symlink: /home/kaeboon/KBoon/ee4308_proj2/install/ee4308_interfaces/share/ee4308_interfaces/action/ProcessDroneState.action
[2.030s] -- Up-to-date symlink: /home/kaeboon/KBoon/ee4308_proj2/install/ee4308_interfaces/share/ee4308_interfaces/srv/Waypoint.srv
[2.030s] -- Up-to-date symlink: /home/kaeboon/KBoon/ee4308_proj2/install/ee4308_interfaces/share/ee4308_interfaces/srv/Waypoint_Request.msg
[2.030s] -- Up-to-date symlink: /home/kaeboon/KBoon/ee4308_proj2/install/ee4308_interfaces/share/ee4308_interfaces/srv/Waypoint_Response.msg
[2.030s] -- Up-to-date symlink: /home/kaeboon/KBoon/ee4308_proj2/install/ee4308_interfaces/share/ee4308_interfaces/srv/GetWaypoint.srv
[2.030s] -- Up-to-date symlink: /home/kaeboon/KBoon/ee4308_proj2/install/ee4308_interfaces/share/ee4308_interfaces/srv/GetWaypoint_Request.msg
[2.031s] -- Up-to-date symlink: /home/kaeboon/KBoon/ee4308_proj2/install/ee4308_interfaces/share/ee4308_interfaces/srv/GetWaypoint_Response.msg
[2.031s] -- Up-to-date symlink: /home/kaeboon/KBoon/ee4308_proj2/install/ee4308_interfaces/share/ee4308_interfaces//srv/GetWaypoint.srv
[2.031s] -- Up-to-date symlink: /home/kaeboon/KBoon/ee4308_proj2/install/ee4308_interfaces/share/ee4308_interfaces//srv/Waypoint.srv
[2.031s] -- Up-to-date symlink: /home/kaeboon/KBoon/ee4308_proj2/install/ee4308_interfaces/share/ament_index/resource_index/package_run_dependencies/ee4308_interfaces
[2.031s] -- Up-to-date symlink: /home/kaeboon/KBoon/ee4308_proj2/install/ee4308_interfaces/share/ament_index/resource_index/parent_prefix_path/ee4308_interfaces
[2.031s] -- Up-to-date symlink: /home/kaeboon/KBoon/ee4308_proj2/install/ee4308_interfaces/share/ee4308_interfaces/environment/ament_prefix_path.sh
[2.031s] -- Up-to-date symlink: /home/kaeboon/KBoon/ee4308_proj2/install/ee4308_interfaces/share/ee4308_interfaces/environment/ament_prefix_path.dsv
[2.031s] -- Up-to-date symlink: /home/kaeboon/KBoon/ee4308_proj2/install/ee4308_interfaces/share/ee4308_interfaces/environment/path.sh
[2.031s] -- Up-to-date symlink: /home/kaeboon/KBoon/ee4308_proj2/install/ee4308_interfaces/share/ee4308_interfaces/environment/path.dsv
[2.035s] -- Up-to-date symlink: /home/kaeboon/KBoon/ee4308_proj2/install/ee4308_interfaces/share/ee4308_interfaces/local_setup.bash
[2.035s] -- Up-to-date symlink: /home/kaeboon/KBoon/ee4308_proj2/install/ee4308_interfaces/share/ee4308_interfaces/local_setup.sh
[2.035s] -- Up-to-date symlink: /home/kaeboon/KBoon/ee4308_proj2/install/ee4308_interfaces/share/ee4308_interfaces/local_setup.zsh
[2.036s] -- Up-to-date symlink: /home/kaeboon/KBoon/ee4308_proj2/install/ee4308_interfaces/share/ee4308_interfaces/local_setup.dsv
[2.036s] -- Symlinking: /home/kaeboon/KBoon/ee4308_proj2/install/ee4308_interfaces/share/ee4308_interfaces/package.dsv
[2.054s] -- Up-to-date symlink: /home/kaeboon/KBoon/ee4308_proj2/install/ee4308_interfaces/share/ament_index/resource_index/packages/ee4308_interfaces
[2.054s] -- Up-to-date symlink: /home/kaeboon/KBoon/ee4308_proj2/install/ee4308_interfaces/share/ee4308_interfaces/cmake/rosidl_cmake-extras.cmake
[2.054s] -- Up-to-date symlink: /home/kaeboon/KBoon/ee4308_proj2/install/ee4308_interfaces/share/ee4308_interfaces/cmake/ament_cmake_export_dependencies-extras.cmake
[2.054s] -- Up-to-date symlink: /home/kaeboon/KBoon/ee4308_proj2/install/ee4308_interfaces/share/ee4308_interfaces/cmake/ament_cmake_export_include_directories-extras.cmake
[2.054s] -- Up-to-date symlink: /home/kaeboon/KBoon/ee4308_proj2/install/ee4308_interfaces/share/ee4308_interfaces/cmake/ament_cmake_export_libraries-extras.cmake
[2.054s] -- Up-to-date symlink: /home/kaeboon/KBoon/ee4308_proj2/install/ee4308_interfaces/share/ee4308_interfaces/cmake/ament_cmake_export_targets-extras.cmake
[2.054s] -- Up-to-date symlink: /home/kaeboon/KBoon/ee4308_proj2/install/ee4308_interfaces/share/ee4308_interfaces/cmake/rosidl_cmake_export_typesupport_targets-extras.cmake
[2.055s] -- Up-to-date symlink: /home/kaeboon/KBoon/ee4308_proj2/install/ee4308_interfaces/share/ee4308_interfaces/cmake/rosidl_cmake_export_typesupport_libraries-extras.cmake
[2.055s] -- Up-to-date symlink: /home/kaeboon/KBoon/ee4308_proj2/install/ee4308_interfaces/share/ee4308_interfaces/cmake/ee4308_interfacesConfig.cmake
[2.055s] -- Up-to-date symlink: /home/kaeboon/KBoon/ee4308_proj2/install/ee4308_interfaces/share/ee4308_interfaces/cmake/ee4308_interfacesConfig-version.cmake
[2.055s] -- Up-to-date symlink: /home/kaeboon/KBoon/ee4308_proj2/install/ee4308_interfaces/share/ee4308_interfaces/package.xml
[2.055s] -- Up-to-date: /home/kaeboon/KBoon/ee4308_proj2/install/ee4308_interfaces/lib/libee4308_interfaces__rosidl_generator_c.so
[2.055s] -- Up-to-date: /home/kaeboon/KBoon/ee4308_proj2/install/ee4308_interfaces/lib/libee4308_interfaces__rosidl_typesupport_fastrtps_c.so
[2.055s] -- Up-to-date: /home/kaeboon/KBoon/ee4308_proj2/install/ee4308_interfaces/lib/libee4308_interfaces__rosidl_typesupport_fastrtps_cpp.so
[2.055s] -- Up-to-date: /home/kaeboon/KBoon/ee4308_proj2/install/ee4308_interfaces/lib/libee4308_interfaces__rosidl_typesupport_introspection_c.so
[2.055s] -- Up-to-date: /home/kaeboon/KBoon/ee4308_proj2/install/ee4308_interfaces/lib/libee4308_interfaces__rosidl_typesupport_c.so
[2.055s] -- Up-to-date: /home/kaeboon/KBoon/ee4308_proj2/install/ee4308_interfaces/lib/libee4308_interfaces__rosidl_typesupport_introspection_cpp.so
[2.056s] -- Up-to-date: /home/kaeboon/KBoon/ee4308_proj2/install/ee4308_interfaces/lib/libee4308_interfaces__rosidl_typesupport_cpp.so
[2.143s] Listing '/home/kaeboon/KBoon/ee4308_proj2/install/ee4308_interfaces/local/lib/python3.10/dist-packages/ee4308_interfaces'...
[2.143s] Listing '/home/kaeboon/KBoon/ee4308_proj2/install/ee4308_interfaces/local/lib/python3.10/dist-packages/ee4308_interfaces/action'...
[2.143s] Listing '/home/kaeboon/KBoon/ee4308_proj2/install/ee4308_interfaces/local/lib/python3.10/dist-packages/ee4308_interfaces/srv'...
[2.163s] -- Up-to-date: /home/kaeboon/KBoon/ee4308_proj2/install/ee4308_interfaces/lib/libee4308_interfaces__rosidl_generator_py.so
[2.164s] -- Up-to-date: /home/kaeboon/KBoon/ee4308_proj2/install/ee4308_interfaces/share/ee4308_interfaces/cmake/export_ee4308_interfaces__rosidl_generator_cExport.cmake
[2.164s] -- Up-to-date: /home/kaeboon/KBoon/ee4308_proj2/install/ee4308_interfaces/share/ee4308_interfaces/cmake/export_ee4308_interfaces__rosidl_generator_cExport-noconfig.cmake
[2.164s] -- Up-to-date: /home/kaeboon/KBoon/ee4308_proj2/install/ee4308_interfaces/share/ee4308_interfaces/cmake/export_ee4308_interfaces__rosidl_typesupport_fastrtps_cExport.cmake
[2.164s] -- Up-to-date: /home/kaeboon/KBoon/ee4308_proj2/install/ee4308_interfaces/share/ee4308_interfaces/cmake/export_ee4308_interfaces__rosidl_typesupport_fastrtps_cExport-noconfig.cmake
[2.164s] -- Up-to-date: /home/kaeboon/KBoon/ee4308_proj2/install/ee4308_interfaces/share/ee4308_interfaces/cmake/export_ee4308_interfaces__rosidl_generator_cppExport.cmake
[2.164s] -- Up-to-date: /home/kaeboon/KBoon/ee4308_proj2/install/ee4308_interfaces/share/ee4308_interfaces/cmake/export_ee4308_interfaces__rosidl_typesupport_fastrtps_cppExport.cmake
[2.164s] -- Up-to-date: /home/kaeboon/KBoon/ee4308_proj2/install/ee4308_interfaces/share/ee4308_interfaces/cmake/export_ee4308_interfaces__rosidl_typesupport_fastrtps_cppExport-noconfig.cmake
[2.164s] -- Up-to-date: /home/kaeboon/KBoon/ee4308_proj2/install/ee4308_interfaces/share/ee4308_interfaces/cmake/ee4308_interfaces__rosidl_typesupport_introspection_cExport.cmake
[2.164s] -- Up-to-date: /home/kaeboon/KBoon/ee4308_proj2/install/ee4308_interfaces/share/ee4308_interfaces/cmake/ee4308_interfaces__rosidl_typesupport_introspection_cExport-noconfig.cmake
[2.164s] -- Up-to-date: /home/kaeboon/KBoon/ee4308_proj2/install/ee4308_interfaces/share/ee4308_interfaces/cmake/ee4308_interfaces__rosidl_typesupport_cExport.cmake
[2.164s] -- Up-to-date: /home/kaeboon/KBoon/ee4308_proj2/install/ee4308_interfaces/share/ee4308_interfaces/cmake/ee4308_interfaces__rosidl_typesupport_cExport-noconfig.cmake
[2.164s] -- Up-to-date: /home/kaeboon/KBoon/ee4308_proj2/install/ee4308_interfaces/share/ee4308_interfaces/cmake/ee4308_interfaces__rosidl_typesupport_introspection_cppExport.cmake
[2.164s] -- Up-to-date: /home/kaeboon/KBoon/ee4308_proj2/install/ee4308_interfaces/share/ee4308_interfaces/cmake/ee4308_interfaces__rosidl_typesupport_introspection_cppExport-noconfig.cmake
[2.164s] -- Up-to-date: /home/kaeboon/KBoon/ee4308_proj2/install/ee4308_interfaces/share/ee4308_interfaces/cmake/ee4308_interfaces__rosidl_typesupport_cppExport.cmake
[2.164s] -- Up-to-date: /home/kaeboon/KBoon/ee4308_proj2/install/ee4308_interfaces/share/ee4308_interfaces/cmake/ee4308_interfaces__rosidl_typesupport_cppExport-noconfig.cmake
[2.164s] -- Up-to-date: /home/kaeboon/KBoon/ee4308_proj2/install/ee4308_interfaces/share/ee4308_interfaces/cmake/export_ee4308_interfaces__rosidl_generator_pyExport.cmake
[2.165s] -- Up-to-date: /home/kaeboon/KBoon/ee4308_proj2/install/ee4308_interfaces/share/ee4308_interfaces/cmake/export_ee4308_interfaces__rosidl_generator_pyExport-noconfig.cmake
[2.210s] Invoked command in '/home/kaeboon/KBoon/ee4308_proj2/build/ee4308_interfaces' returned '0': CMAKE_PREFIX_PATH=${CMAKE_PREFIX_PATH}:/home/kaeboon/sjtu_drone/install/sjtu_drone_control:/home/kaeboon/sjtu_drone/install/sjtu_drone_bringup:/opt/ros/humble /usr/bin/cmake --install /home/kaeboon/KBoon/ee4308_proj2/build/ee4308_interfaces
