[0.114s] Invoking command in '/home/kaeboon/KBoon/ee4308_proj2/build/ee4308_gazebo_plugins': CMAKE_PREFIX_PATH=${CMAKE_PREFIX_PATH}:/home/kaeboon/sjtu_drone/install/sjtu_drone_control:/home/kaeboon/sjtu_drone/install/sjtu_drone_bringup:/opt/ros/humble /usr/bin/cmake /home/kaeboon/KBoon/ee4308_proj2/src/ee4308_gazebo_plugins -DAMENT_CMAKE_SYMLINK_INSTALL=1 -DCMAKE_INSTALL_PREFIX=/home/kaeboon/KBoon/ee4308_proj2/install/ee4308_gazebo_plugins
[0.186s] -- The C compiler identification is GNU 11.4.0
[0.250s] -- The CXX compiler identification is GNU 11.4.0
[0.261s] -- Detecting C compiler ABI info
[0.351s] -- Detecting C compiler ABI info - done
[0.357s] -- Check for working C compiler: /usr/bin/cc - skipped
[0.357s] -- Detecting C compile features
[0.358s] -- Detecting C compile features - done
[0.361s] -- Detecting CXX compiler ABI info
[0.511s] -- Detecting CXX compiler ABI info - done
[0.511s] -- Check for working CXX compiler: /usr/bin/c++ - skipped
[0.512s] -- Detecting CXX compile features
[0.512s] -- Detecting CXX compile features - done
[0.515s] -- Found ament_cmake: 1.3.6 (/opt/ros/humble/share/ament_cmake/cmake)
[0.757s] -- Found Python3: /usr/bin/python3.10 (found version "3.10.12") found components: Interpreter 
[0.834s] -- Override CMake install command with custom implementation using symlinks instead of copying resources
[0.884s] -- Found rclcpp: 16.0.7 (/opt/ros/humble/share/rclcpp/cmake)
[0.941s] -- Found rosidl_generator_c: 3.1.5 (/opt/ros/humble/share/rosidl_generator_c/cmake)
[0.949s] -- Found rosidl_adapter: 3.1.5 (/opt/ros/humble/share/rosidl_adapter/cmake)
[0.960s] -- Found rosidl_generator_cpp: 3.1.5 (/opt/ros/humble/share/rosidl_generator_cpp/cmake)
[0.975s] -- Using all available rosidl_typesupport_c: rosidl_typesupport_fastrtps_c;rosidl_typesupport_introspection_c
[1.003s] -- Using all available rosidl_typesupport_cpp: rosidl_typesupport_fastrtps_cpp;rosidl_typesupport_introspection_cpp
[1.089s] -- Found rmw_implementation_cmake: 6.1.1 (/opt/ros/humble/share/rmw_implementation_cmake/cmake)
[1.092s] -- Found rmw_fastrtps_cpp: 6.2.5 (/opt/ros/humble/share/rmw_fastrtps_cpp/cmake)
[1.249s] -- Found OpenSSL: /usr/lib/x86_64-linux-gnu/libcrypto.so (found version "3.0.2")  
[1.269s] -- Found FastRTPS: /opt/ros/humble/include  
[1.332s] -- Using RMW implementation 'rmw_fastrtps_cpp' as default
[1.343s] -- Looking for pthread.h
[1.432s] -- Looking for pthread.h - found
[1.433s] -- Performing Test CMAKE_HAVE_LIBC_PTHREAD
[1.513s] -- Performing Test CMAKE_HAVE_LIBC_PTHREAD - Success
[1.514s] -- Found Threads: TRUE  
[1.700s] -- Found gazebo_ros: 3.7.0 (/opt/ros/humble/share/gazebo_ros/cmake)
[1.713s] -- Found PkgConfig: /usr/bin/pkg-config (found version "0.29.2") 
[1.717s] -- Checking for module 'bullet>=2.82'
[1.726s] --   Found bullet, version 3.05
[1.844s] -- Found fcl: /usr/include (found suitable version "0.7.0", minimum required is "0.5.0") 
[1.900s] -- Found assimp: /usr/include (found version "5.2.0") 
[1.929s] -- Found DART: /usr/include (Required is at least version "6.6") found components: dart 
[1.964s] -- Found Boost: /usr/lib/x86_64-linux-gnu/cmake/Boost-1.74.0/BoostConfig.cmake (found suitable version "1.74.0", minimum required is "1.40.0") found components: thread system filesystem program_options regex iostreams date_time 
[1.978s] -- Found Protobuf: /usr/lib/x86_64-linux-gnu/libprotobuf.so (found version "3.12.4") 
[1.989s] -- Looking for ignition-math6 -- found version 6.15.0
[1.995s] -- Searching for dependencies of ignition-math6
[1.996s] -- Looking for OGRE...
[1.996s] -- OGRE_PREFIX_WATCH changed.
[2.001s] -- Checking for module 'OGRE'
[2.014s] --   Found OGRE, version 1.9.0
[2.047s] -- Found Ogre Ghadamon (1.9.0)
[2.054s] -- Found OGRE: optimized;/usr/lib/x86_64-linux-gnu/libOgreMain.so;debug;/usr/lib/x86_64-linux-gnu/libOgreMain.so
[2.063s] -- Looking for OGRE_Paging...
[2.070s] -- Found OGRE_Paging: optimized;/usr/lib/x86_64-linux-gnu/libOgrePaging.so;debug;/usr/lib/x86_64-linux-gnu/libOgrePaging.so
[2.070s] -- Looking for OGRE_Terrain...
[2.075s] -- Found OGRE_Terrain: optimized;/usr/lib/x86_64-linux-gnu/libOgreTerrain.so;debug;/usr/lib/x86_64-linux-gnu/libOgreTerrain.so
[2.076s] -- Looking for OGRE_Property...
[2.082s] -- Found OGRE_Property: optimized;/usr/lib/x86_64-linux-gnu/libOgreProperty.so;debug;/usr/lib/x86_64-linux-gnu/libOgreProperty.so
[2.082s] -- Looking for OGRE_RTShaderSystem...
[2.097s] -- Found OGRE_RTShaderSystem: optimized;/usr/lib/x86_64-linux-gnu/libOgreRTShaderSystem.so;debug;/usr/lib/x86_64-linux-gnu/libOgreRTShaderSystem.so
[2.097s] -- Looking for OGRE_Volume...
[2.103s] -- Found OGRE_Volume: optimized;/usr/lib/x86_64-linux-gnu/libOgreVolume.so;debug;/usr/lib/x86_64-linux-gnu/libOgreVolume.so
[2.103s] -- Looking for OGRE_Overlay...
[2.109s] -- Found OGRE_Overlay: optimized;/usr/lib/x86_64-linux-gnu/libOgreOverlay.so;debug;/usr/lib/x86_64-linux-gnu/libOgreOverlay.so
[2.240s] -- Looking for ignition-math6 -- found version 6.15.0
[2.243s] -- Looking for ignition-transport8 -- found version 8.2.1
[2.243s] -- Searching for dependencies of ignition-transport8
[2.264s] -- Found Protobuf: /usr/lib/x86_64-linux-gnu/libprotobuf.so (found suitable version "3.12.4", minimum required is "3") 
[2.275s] -- Config-file not installed for ZeroMQ -- checking for pkg-config
[2.295s] -- Checking for module 'libzmq >= 4'
[2.311s] --   Found libzmq , version 4.3.4
[2.349s] -- Found ZeroMQ: TRUE (Required is at least version "4") 
[2.354s] -- Checking for module 'uuid'
[2.369s] --   Found uuid, version 2.37.2
[2.426s] -- Found UUID: TRUE  
[2.429s] -- Looking for ignition-msgs5 -- found version 5.8.1
[2.429s] -- Searching for dependencies of ignition-msgs5
[2.449s] -- Looking for ignition-math6 -- found version 6.15.0
[2.456s] -- Checking for module 'tinyxml2'
[2.472s] --   Found tinyxml2, version 9.0.0
[2.544s] -- Looking for ignition-msgs5 -- found version 5.8.1
[2.548s] -- Looking for ignition-common3 -- found version 3.14.0
[2.549s] -- Searching for dependencies of ignition-common3
[2.549s] -- Looking for dlfcn.h - found
[2.550s] -- Looking for libdl - found
[2.552s] -- Found DL: TRUE  
[2.564s] -- Found tinyobjloader: /usr/lib/x86_64-linux-gnu/cmake/tinyobjloader/tinyobjloader-config.cmake (found version "2.0.0") 
[2.564s] -- Searching for <ignition-common3> component [graphics]
[2.567s] -- Looking for ignition-common3-graphics -- found version 3.14.0
[2.568s] -- Searching for dependencies of ignition-common3-graphics
[2.568s] -- Looking for ignition-math6 -- found version 6.15.0
[2.571s] -- Looking for ignition-fuel_tools4 -- found version 4.4.0
[2.572s] -- Searching for dependencies of ignition-fuel_tools4
[2.680s] -- Found CURL: /usr/lib/x86_64-linux-gnu/libcurl.so (found version "7.81.0")  
[2.695s] -- Checking for module 'jsoncpp'
[2.713s] --   Found jsoncpp, version 1.9.5
[2.749s] -- Found JSONCPP: TRUE  
[2.754s] -- Checking for module 'libzip'
[2.775s] --   Found libzip, version 1.7.3
[2.822s] -- Found ZIP: TRUE  
[2.822s] -- Looking for ignition-common3 -- found version 3.14.0
[2.823s] -- Looking for ignition-math6 -- found version 6.15.0
[2.824s] -- Looking for ignition-msgs5 -- found version 5.8.1
[2.825s] -- Gazebo version: 11.10
[2.825s] -- Checking for module 'tbb'
[2.843s] --   Found tbb, version 2021.5.0
[2.914s] -- Found geometry_msgs: 4.2.3 (/opt/ros/humble/share/geometry_msgs/cmake)
[2.962s] -- Found sensor_msgs: 4.2.3 (/opt/ros/humble/share/sensor_msgs/cmake)
[3.099s] -- Found tf2: 0.25.5 (/opt/ros/humble/share/tf2/cmake)
[3.237s] -- Configuring done
[3.281s] -- Generating done
[3.281s] -- Build files have been written to: /home/kaeboon/KBoon/ee4308_proj2/build/ee4308_gazebo_plugins
[3.285s] Invoked command in '/home/kaeboon/KBoon/ee4308_proj2/build/ee4308_gazebo_plugins' returned '0': CMAKE_PREFIX_PATH=${CMAKE_PREFIX_PATH}:/home/kaeboon/sjtu_drone/install/sjtu_drone_control:/home/kaeboon/sjtu_drone/install/sjtu_drone_bringup:/opt/ros/humble /usr/bin/cmake /home/kaeboon/KBoon/ee4308_proj2/src/ee4308_gazebo_plugins -DAMENT_CMAKE_SYMLINK_INSTALL=1 -DCMAKE_INSTALL_PREFIX=/home/kaeboon/KBoon/ee4308_proj2/install/ee4308_gazebo_plugins
[3.287s] Invoking command in '/home/kaeboon/KBoon/ee4308_proj2/build/ee4308_gazebo_plugins': CMAKE_PREFIX_PATH=${CMAKE_PREFIX_PATH}:/home/kaeboon/sjtu_drone/install/sjtu_drone_control:/home/kaeboon/sjtu_drone/install/sjtu_drone_bringup:/opt/ros/humble /usr/bin/cmake --build /home/kaeboon/KBoon/ee4308_proj2/build/ee4308_gazebo_plugins -- -j4 -l4
[3.381s] [ 25%] [32mBuilding CXX object CMakeFiles/gazebo_ros_baro.dir/src/gazebo_ros_baro.cpp.o[0m
[3.390s] [ 50%] [32mBuilding CXX object CMakeFiles/gazebo_ros_magnetic.dir/src/gazebo_ros_magnetic.cpp.o[0m
[44.561s] [ 75%] [32m[1mLinking CXX shared library libgazebo_ros_baro.so[0m
[46.710s] [100%] [32m[1mLinking CXX shared library libgazebo_ros_magnetic.so[0m
[47.080s] [100%] Built target gazebo_ros_baro
[49.069s] [100%] Built target gazebo_ros_magnetic
[49.104s] Invoked command in '/home/kaeboon/KBoon/ee4308_proj2/build/ee4308_gazebo_plugins' returned '0': CMAKE_PREFIX_PATH=${CMAKE_PREFIX_PATH}:/home/kaeboon/sjtu_drone/install/sjtu_drone_control:/home/kaeboon/sjtu_drone/install/sjtu_drone_bringup:/opt/ros/humble /usr/bin/cmake --build /home/kaeboon/KBoon/ee4308_proj2/build/ee4308_gazebo_plugins -- -j4 -l4
[49.534s] Invoking command in '/home/kaeboon/KBoon/ee4308_proj2/build/ee4308_gazebo_plugins': CMAKE_PREFIX_PATH=${CMAKE_PREFIX_PATH}:/home/kaeboon/sjtu_drone/install/sjtu_drone_control:/home/kaeboon/sjtu_drone/install/sjtu_drone_bringup:/opt/ros/humble /usr/bin/cmake --install /home/kaeboon/KBoon/ee4308_proj2/build/ee4308_gazebo_plugins
[49.578s] -- Install configuration: ""
[49.579s] -- Execute custom install script
[49.579s] -- Symlinking: /home/kaeboon/KBoon/ee4308_proj2/install/ee4308_gazebo_plugins/share/ee4308_gazebo_plugins//gazebo_ros_baro.hpp
[49.648s] -- Symlinking: /home/kaeboon/KBoon/ee4308_proj2/install/ee4308_gazebo_plugins/share/ee4308_gazebo_plugins//gazebo_ros_magnetic.hpp
[49.742s] -- Symlinking: /home/kaeboon/KBoon/ee4308_proj2/install/ee4308_gazebo_plugins/share/ee4308_gazebo_plugins//sensor_model.h
[49.809s] -- Symlinking: /home/kaeboon/KBoon/ee4308_proj2/install/ee4308_gazebo_plugins/share/ee4308_gazebo_plugins//update_timer.h
[49.885s] -- Symlinking: /home/kaeboon/KBoon/ee4308_proj2/install/ee4308_gazebo_plugins/lib/libgazebo_ros_baro.so
[49.967s] -- Symlinking: /home/kaeboon/KBoon/ee4308_proj2/install/ee4308_gazebo_plugins/lib/libgazebo_ros_magnetic.so
[50.030s] -- Symlinking: /home/kaeboon/KBoon/ee4308_proj2/install/ee4308_gazebo_plugins/share/ament_index/resource_index/package_run_dependencies/ee4308_gazebo_plugins
[50.104s] -- Symlinking: /home/kaeboon/KBoon/ee4308_proj2/install/ee4308_gazebo_plugins/share/ament_index/resource_index/parent_prefix_path/ee4308_gazebo_plugins
[50.155s] -- Symlinking: /home/kaeboon/KBoon/ee4308_proj2/install/ee4308_gazebo_plugins/share/ee4308_gazebo_plugins/environment/ament_prefix_path.sh
[50.198s] -- Symlinking: /home/kaeboon/KBoon/ee4308_proj2/install/ee4308_gazebo_plugins/share/ee4308_gazebo_plugins/environment/ament_prefix_path.dsv
[50.224s] -- Symlinking: /home/kaeboon/KBoon/ee4308_proj2/install/ee4308_gazebo_plugins/share/ee4308_gazebo_plugins/environment/path.sh
[50.252s] -- Symlinking: /home/kaeboon/KBoon/ee4308_proj2/install/ee4308_gazebo_plugins/share/ee4308_gazebo_plugins/environment/path.dsv
[50.293s] -- Symlinking: /home/kaeboon/KBoon/ee4308_proj2/install/ee4308_gazebo_plugins/share/ee4308_gazebo_plugins/local_setup.bash
[50.315s] -- Symlinking: /home/kaeboon/KBoon/ee4308_proj2/install/ee4308_gazebo_plugins/share/ee4308_gazebo_plugins/local_setup.sh
[50.357s] -- Symlinking: /home/kaeboon/KBoon/ee4308_proj2/install/ee4308_gazebo_plugins/share/ee4308_gazebo_plugins/local_setup.zsh
[50.408s] -- Symlinking: /home/kaeboon/KBoon/ee4308_proj2/install/ee4308_gazebo_plugins/share/ee4308_gazebo_plugins/local_setup.dsv
[50.443s] -- Symlinking: /home/kaeboon/KBoon/ee4308_proj2/install/ee4308_gazebo_plugins/share/ee4308_gazebo_plugins/package.dsv
[50.481s] -- Symlinking: /home/kaeboon/KBoon/ee4308_proj2/install/ee4308_gazebo_plugins/share/ament_index/resource_index/packages/ee4308_gazebo_plugins
[50.509s] -- Symlinking: /home/kaeboon/KBoon/ee4308_proj2/install/ee4308_gazebo_plugins/share/ee4308_gazebo_plugins/cmake/ament_cmake_export_dependencies-extras.cmake
[50.537s] -- Symlinking: /home/kaeboon/KBoon/ee4308_proj2/install/ee4308_gazebo_plugins/share/ee4308_gazebo_plugins/cmake/ee4308_gazebo_pluginsConfig.cmake
[50.572s] -- Symlinking: /home/kaeboon/KBoon/ee4308_proj2/install/ee4308_gazebo_plugins/share/ee4308_gazebo_plugins/cmake/ee4308_gazebo_pluginsConfig-version.cmake
[50.600s] -- Symlinking: /home/kaeboon/KBoon/ee4308_proj2/install/ee4308_gazebo_plugins/share/ee4308_gazebo_plugins/package.xml
[50.629s] Invoked command in '/home/kaeboon/KBoon/ee4308_proj2/build/ee4308_gazebo_plugins' returned '0': CMAKE_PREFIX_PATH=${CMAKE_PREFIX_PATH}:/home/kaeboon/sjtu_drone/install/sjtu_drone_control:/home/kaeboon/sjtu_drone/install/sjtu_drone_bringup:/opt/ros/humble /usr/bin/cmake --install /home/kaeboon/KBoon/ee4308_proj2/build/ee4308_gazebo_plugins
