[0.193s] Invoking command in '/home/kaeboon/KBoon/ee4308_proj2/build/ee4308_drone': CMAKE_PREFIX_PATH=/home/kaeboon/KBoon/ee4308_proj2/install/ee4308_lib:/home/kaeboon/KBoon/ee4308_proj2/install/ee4308_interfaces:/home/kaeboon/sjtu_drone/install/sjtu_drone_description:/home/kaeboon/KBoon/ee4308_proj2/install/ee4308_turtle:/home/kaeboon/KBoon/ee4308_proj2/install/ee4308_drone:/home/kaeboon/KBoon/ee4308_proj2/install/ee4308_gazebo_plugins:/home/kaeboon/KBoon/ee4308_proj2/install/ee4308_bringup:/home/kaeboon/sjtu_drone/install/sjtu_drone_control:/home/kaeboon/sjtu_drone/install/sjtu_drone_bringup:/opt/ros/humble LD_LIBRARY_PATH=/home/kaeboon/KBoon/ee4308_proj2/install/ee4308_interfaces/lib:/home/kaeboon/sjtu_drone/install/sjtu_drone_description/lib:/home/kaeboon/KBoon/ee4308_proj2/install/ee4308_gazebo_plugins/lib:/usr/lib/x86_64-linux-gnu/gazebo-11/plugins:/opt/ros/humble/opt/rviz_ogre_vendor/lib:/opt/ros/humble/lib/x86_64-linux-gnu:/opt/ros/humble/lib:/usr/lib/x86_64-linux-gnu/gazebo-11/plugins:/usr/lib/x86_64-linux-gnu/gazebo-11/plugins:/usr/lib/x86_64-linux-gnu/gazebo-11/plugins:/usr/lib/x86_64-linux-gnu/gazebo-11/plugins:/usr/lib/x86_64-linux-gnu/gazebo-11/plugins:/usr/lib/x86_64-linux-gnu/gazebo-11/plugins /usr/bin/cmake --build /home/kaeboon/KBoon/ee4308_proj2/build/ee4308_drone -- -j4 -l4
[0.287s] [35m[1mConsolidate compiler generated dependencies of target controller[0m
[0.338s] [ 20%] Built target estimator
[0.341s] [ 30%] [32mBuilding CXX object CMakeFiles/controller.dir/src/controller.cpp.o[0m
[0.351s] [ 50%] Built target teleop
[0.359s] [ 70%] Built target behavior
[0.384s] [ 90%] Built target smoother
[4.010s] In file included from [01m[K/home/kaeboon/KBoon/ee4308_proj2/src/ee4308_drone/src/controller.cpp:4[m[K:
[4.010s] [01m[K/home/kaeboon/KBoon/ee4308_proj2/src/ee4308_drone/include/ee4308_drone/controller.hpp:[m[K In member function ‘[01m[Kvoid ee4308::drone::ROSNodeController::getLookahead(const Pose&)[m[K’:
[4.010s] [01m[K/home/kaeboon/KBoon/ee4308_proj2/src/ee4308_drone/include/ee4308_drone/controller.hpp:342:28:[m[K [01;35m[Kwarning: [m[Kcomparison of integer expressions of different signedness: ‘[01m[Kint[m[K’ and ‘[01m[Klong unsigned int[m[K’ [[01;35m[K]8;;https://gcc.gnu.org/onlinedocs/gcc/Warning-Options.html#index-Wsign-compare-Wsign-compare]8;;[m[K]
[4.010s]   342 |             for (int i=1; [01;35m[Ki< sizeof(plan)[m[K; i++){
[4.010s]       |                           [01;35m[K~^~~~~~~~~~~~~~[m[K
[4.010s] [01m[K/home/kaeboon/KBoon/ee4308_proj2/src/ee4308_drone/include/ee4308_drone/controller.hpp:353:32:[m[K [01;35m[Kwarning: [m[Kcomparison of integer expressions of different signedness: ‘[01m[Kint[m[K’ and ‘[01m[Klong unsigned int[m[K’ [[01;35m[K]8;;https://gcc.gnu.org/onlinedocs/gcc/Warning-Options.html#index-Wsign-compare-Wsign-compare]8;;[m[K]
[4.010s]   353 |             for (int j=index; [01;35m[Kj<sizeof(plan)[m[K; j++){
[4.010s]       |                               [01;35m[K~^~~~~~~~~~~~~[m[K
[13.809s] [100%] [32m[1mLinking CXX executable controller[0m
[14.902s] [100%] Built target controller
[14.916s] Invoked command in '/home/kaeboon/KBoon/ee4308_proj2/build/ee4308_drone' returned '0': CMAKE_PREFIX_PATH=/home/kaeboon/KBoon/ee4308_proj2/install/ee4308_lib:/home/kaeboon/KBoon/ee4308_proj2/install/ee4308_interfaces:/home/kaeboon/sjtu_drone/install/sjtu_drone_description:/home/kaeboon/KBoon/ee4308_proj2/install/ee4308_turtle:/home/kaeboon/KBoon/ee4308_proj2/install/ee4308_drone:/home/kaeboon/KBoon/ee4308_proj2/install/ee4308_gazebo_plugins:/home/kaeboon/KBoon/ee4308_proj2/install/ee4308_bringup:/home/kaeboon/sjtu_drone/install/sjtu_drone_control:/home/kaeboon/sjtu_drone/install/sjtu_drone_bringup:/opt/ros/humble LD_LIBRARY_PATH=/home/kaeboon/KBoon/ee4308_proj2/install/ee4308_interfaces/lib:/home/kaeboon/sjtu_drone/install/sjtu_drone_description/lib:/home/kaeboon/KBoon/ee4308_proj2/install/ee4308_gazebo_plugins/lib:/usr/lib/x86_64-linux-gnu/gazebo-11/plugins:/opt/ros/humble/opt/rviz_ogre_vendor/lib:/opt/ros/humble/lib/x86_64-linux-gnu:/opt/ros/humble/lib:/usr/lib/x86_64-linux-gnu/gazebo-11/plugins:/usr/lib/x86_64-linux-gnu/gazebo-11/plugins:/usr/lib/x86_64-linux-gnu/gazebo-11/plugins:/usr/lib/x86_64-linux-gnu/gazebo-11/plugins:/usr/lib/x86_64-linux-gnu/gazebo-11/plugins:/usr/lib/x86_64-linux-gnu/gazebo-11/plugins /usr/bin/cmake --build /home/kaeboon/KBoon/ee4308_proj2/build/ee4308_drone -- -j4 -l4
[14.970s] Invoking command in '/home/kaeboon/KBoon/ee4308_proj2/build/ee4308_drone': CMAKE_PREFIX_PATH=/home/kaeboon/KBoon/ee4308_proj2/install/ee4308_lib:/home/kaeboon/KBoon/ee4308_proj2/install/ee4308_interfaces:/home/kaeboon/sjtu_drone/install/sjtu_drone_description:/home/kaeboon/KBoon/ee4308_proj2/install/ee4308_turtle:/home/kaeboon/KBoon/ee4308_proj2/install/ee4308_drone:/home/kaeboon/KBoon/ee4308_proj2/install/ee4308_gazebo_plugins:/home/kaeboon/KBoon/ee4308_proj2/install/ee4308_bringup:/home/kaeboon/sjtu_drone/install/sjtu_drone_control:/home/kaeboon/sjtu_drone/install/sjtu_drone_bringup:/opt/ros/humble LD_LIBRARY_PATH=/home/kaeboon/KBoon/ee4308_proj2/install/ee4308_interfaces/lib:/home/kaeboon/sjtu_drone/install/sjtu_drone_description/lib:/home/kaeboon/KBoon/ee4308_proj2/install/ee4308_gazebo_plugins/lib:/usr/lib/x86_64-linux-gnu/gazebo-11/plugins:/opt/ros/humble/opt/rviz_ogre_vendor/lib:/opt/ros/humble/lib/x86_64-linux-gnu:/opt/ros/humble/lib:/usr/lib/x86_64-linux-gnu/gazebo-11/plugins:/usr/lib/x86_64-linux-gnu/gazebo-11/plugins:/usr/lib/x86_64-linux-gnu/gazebo-11/plugins:/usr/lib/x86_64-linux-gnu/gazebo-11/plugins:/usr/lib/x86_64-linux-gnu/gazebo-11/plugins:/usr/lib/x86_64-linux-gnu/gazebo-11/plugins /usr/bin/cmake --install /home/kaeboon/KBoon/ee4308_proj2/build/ee4308_drone
[14.978s] -- Install configuration: ""
[14.979s] -- Execute custom install script
[14.980s] -- Up-to-date symlink: /home/kaeboon/KBoon/ee4308_proj2/install/ee4308_drone/lib/ee4308_drone/teleop
[14.981s] -- Up-to-date symlink: /home/kaeboon/KBoon/ee4308_proj2/install/ee4308_drone/lib/ee4308_drone/behavior
[14.981s] -- Up-to-date symlink: /home/kaeboon/KBoon/ee4308_proj2/install/ee4308_drone/lib/ee4308_drone/controller
[14.981s] -- Up-to-date symlink: /home/kaeboon/KBoon/ee4308_proj2/install/ee4308_drone/lib/ee4308_drone/estimator
[14.982s] -- Up-to-date symlink: /home/kaeboon/KBoon/ee4308_proj2/install/ee4308_drone/lib/ee4308_drone/smoother
[14.982s] -- Up-to-date symlink: /home/kaeboon/KBoon/ee4308_proj2/install/ee4308_drone/share/ament_index/resource_index/package_run_dependencies/ee4308_drone
[14.982s] -- Up-to-date symlink: /home/kaeboon/KBoon/ee4308_proj2/install/ee4308_drone/share/ament_index/resource_index/parent_prefix_path/ee4308_drone
[14.982s] -- Up-to-date symlink: /home/kaeboon/KBoon/ee4308_proj2/install/ee4308_drone/share/ee4308_drone/environment/ament_prefix_path.sh
[14.983s] -- Up-to-date symlink: /home/kaeboon/KBoon/ee4308_proj2/install/ee4308_drone/share/ee4308_drone/environment/ament_prefix_path.dsv
[14.983s] -- Up-to-date symlink: /home/kaeboon/KBoon/ee4308_proj2/install/ee4308_drone/share/ee4308_drone/environment/path.sh
[14.983s] -- Up-to-date symlink: /home/kaeboon/KBoon/ee4308_proj2/install/ee4308_drone/share/ee4308_drone/environment/path.dsv
[14.983s] -- Up-to-date symlink: /home/kaeboon/KBoon/ee4308_proj2/install/ee4308_drone/share/ee4308_drone/local_setup.bash
[14.984s] -- Up-to-date symlink: /home/kaeboon/KBoon/ee4308_proj2/install/ee4308_drone/share/ee4308_drone/local_setup.sh
[14.984s] -- Up-to-date symlink: /home/kaeboon/KBoon/ee4308_proj2/install/ee4308_drone/share/ee4308_drone/local_setup.zsh
[14.984s] -- Up-to-date symlink: /home/kaeboon/KBoon/ee4308_proj2/install/ee4308_drone/share/ee4308_drone/local_setup.dsv
[14.985s] -- Symlinking: /home/kaeboon/KBoon/ee4308_proj2/install/ee4308_drone/share/ee4308_drone/package.dsv
[14.997s] -- Up-to-date symlink: /home/kaeboon/KBoon/ee4308_proj2/install/ee4308_drone/share/ament_index/resource_index/packages/ee4308_drone
[14.997s] -- Up-to-date symlink: /home/kaeboon/KBoon/ee4308_proj2/install/ee4308_drone/share/ee4308_drone/cmake/ament_cmake_export_include_directories-extras.cmake
[14.998s] -- Up-to-date symlink: /home/kaeboon/KBoon/ee4308_proj2/install/ee4308_drone/share/ee4308_drone/cmake/ament_cmake_export_dependencies-extras.cmake
[14.998s] -- Up-to-date symlink: /home/kaeboon/KBoon/ee4308_proj2/install/ee4308_drone/share/ee4308_drone/cmake/ee4308_droneConfig.cmake
[14.998s] -- Up-to-date symlink: /home/kaeboon/KBoon/ee4308_proj2/install/ee4308_drone/share/ee4308_drone/cmake/ee4308_droneConfig-version.cmake
[14.998s] -- Up-to-date symlink: /home/kaeboon/KBoon/ee4308_proj2/install/ee4308_drone/share/ee4308_drone/package.xml
[14.999s] Invoked command in '/home/kaeboon/KBoon/ee4308_proj2/build/ee4308_drone' returned '0': CMAKE_PREFIX_PATH=/home/kaeboon/KBoon/ee4308_proj2/install/ee4308_lib:/home/kaeboon/KBoon/ee4308_proj2/install/ee4308_interfaces:/home/kaeboon/sjtu_drone/install/sjtu_drone_description:/home/kaeboon/KBoon/ee4308_proj2/install/ee4308_turtle:/home/kaeboon/KBoon/ee4308_proj2/install/ee4308_drone:/home/kaeboon/KBoon/ee4308_proj2/install/ee4308_gazebo_plugins:/home/kaeboon/KBoon/ee4308_proj2/install/ee4308_bringup:/home/kaeboon/sjtu_drone/install/sjtu_drone_control:/home/kaeboon/sjtu_drone/install/sjtu_drone_bringup:/opt/ros/humble LD_LIBRARY_PATH=/home/kaeboon/KBoon/ee4308_proj2/install/ee4308_interfaces/lib:/home/kaeboon/sjtu_drone/install/sjtu_drone_description/lib:/home/kaeboon/KBoon/ee4308_proj2/install/ee4308_gazebo_plugins/lib:/usr/lib/x86_64-linux-gnu/gazebo-11/plugins:/opt/ros/humble/opt/rviz_ogre_vendor/lib:/opt/ros/humble/lib/x86_64-linux-gnu:/opt/ros/humble/lib:/usr/lib/x86_64-linux-gnu/gazebo-11/plugins:/usr/lib/x86_64-linux-gnu/gazebo-11/plugins:/usr/lib/x86_64-linux-gnu/gazebo-11/plugins:/usr/lib/x86_64-linux-gnu/gazebo-11/plugins:/usr/lib/x86_64-linux-gnu/gazebo-11/plugins:/usr/lib/x86_64-linux-gnu/gazebo-11/plugins /usr/bin/cmake --install /home/kaeboon/KBoon/ee4308_proj2/build/ee4308_drone
