[1.185s] DEBUG:colcon:Command line arguments: ['/usr/bin/colcon', 'build', '--symlink-install']
[1.185s] DEBUG:colcon:Parsed command line arguments: Namespace(log_base=None, log_level=None, verb_name='build', build_base='build', install_base='install', merge_install=False, symlink_install=True, test_result_base=None, continue_on_error=False, executor='parallel', parallel_workers=4, event_handlers=None, ignore_user_meta=False, metas=['./colcon.meta'], base_paths=['.'], packages_ignore=None, packages_ignore_regex=None, paths=None, packages_up_to=None, packages_up_to_regex=None, packages_above=None, packages_above_and_dependencies=None, packages_above_depth=None, packages_select_by_dep=None, packages_skip_by_dep=None, packages_skip_up_to=None, packages_select_build_failed=False, packages_skip_build_finished=False, packages_select_test_failures=False, packages_skip_test_passed=False, packages_select=None, packages_skip=None, packages_select_regex=None, packages_skip_regex=None, packages_start=None, packages_end=None, allow_overriding=[], cmake_args=None, cmake_target=None, cmake_target_skip_unavailable=False, cmake_clean_cache=False, cmake_clean_first=False, cmake_force_configure=False, ament_cmake_args=None, catkin_cmake_args=None, catkin_skip_building_tests=False, verb_parser=<colcon_defaults.argument_parser.defaults.DefaultArgumentsDecorator object at 0x7479a46ba020>, verb_extension=<colcon_core.verb.build.BuildVerb object at 0x7479a46b9510>, main=<bound method BuildVerb.main of <colcon_core.verb.build.BuildVerb object at 0x7479a46b9510>>)
[1.238s] Level 1:colcon.colcon_core.package_discovery:discover_packages(colcon_meta) check parameters
[1.239s] Level 1:colcon.colcon_core.package_discovery:discover_packages(recursive) check parameters
[1.239s] Level 1:colcon.colcon_core.package_discovery:discover_packages(ignore) check parameters
[1.239s] Level 1:colcon.colcon_core.package_discovery:discover_packages(path) check parameters
[1.239s] Level 1:colcon.colcon_core.package_discovery:discover_packages(colcon_meta) discover
[1.239s] Level 1:colcon.colcon_core.package_discovery:discover_packages(recursive) discover
[1.239s] INFO:colcon.colcon_core.package_discovery:Crawling recursively for packages in '/home/kaeboon/KBoon/ee4308_proj2'
[1.239s] Level 1:colcon.colcon_core.package_identification:_identify(.) by extensions ['ignore', 'ignore_ament_install']
[1.239s] Level 1:colcon.colcon_core.package_identification:_identify(.) by extension 'ignore'
[1.240s] Level 1:colcon.colcon_core.package_identification:_identify(.) by extension 'ignore_ament_install'
[1.240s] Level 1:colcon.colcon_core.package_identification:_identify(.) by extensions ['colcon_pkg']
[1.240s] Level 1:colcon.colcon_core.package_identification:_identify(.) by extension 'colcon_pkg'
[1.240s] Level 1:colcon.colcon_core.package_identification:_identify(.) by extensions ['colcon_meta']
[1.240s] Level 1:colcon.colcon_core.package_identification:_identify(.) by extension 'colcon_meta'
[1.240s] Level 1:colcon.colcon_core.package_identification:_identify(.) by extensions ['ros']
[1.240s] Level 1:colcon.colcon_core.package_identification:_identify(.) by extension 'ros'
[1.251s] Level 1:colcon.colcon_core.package_identification:_identify(.) by extensions ['cmake', 'python']
[1.251s] Level 1:colcon.colcon_core.package_identification:_identify(.) by extension 'cmake'
[1.251s] Level 1:colcon.colcon_core.package_identification:_identify(.) by extension 'python'
[1.251s] Level 1:colcon.colcon_core.package_identification:_identify(.) by extensions ['python_setup_py']
[1.252s] Level 1:colcon.colcon_core.package_identification:_identify(.) by extension 'python_setup_py'
[1.252s] Level 1:colcon.colcon_core.package_identification:_identify(build) by extensions ['ignore', 'ignore_ament_install']
[1.252s] Level 1:colcon.colcon_core.package_identification:_identify(build) by extension 'ignore'
[1.252s] Level 1:colcon.colcon_core.package_identification:_identify(build) ignored
[1.252s] Level 1:colcon.colcon_core.package_identification:_identify(install) by extensions ['ignore', 'ignore_ament_install']
[1.253s] Level 1:colcon.colcon_core.package_identification:_identify(install) by extension 'ignore'
[1.253s] Level 1:colcon.colcon_core.package_identification:_identify(install) ignored
[1.253s] Level 1:colcon.colcon_core.package_identification:_identify(log) by extensions ['ignore', 'ignore_ament_install']
[1.253s] Level 1:colcon.colcon_core.package_identification:_identify(log) by extension 'ignore'
[1.253s] Level 1:colcon.colcon_core.package_identification:_identify(log) ignored
[1.253s] Level 1:colcon.colcon_core.package_identification:_identify(src) by extensions ['ignore', 'ignore_ament_install']
[1.253s] Level 1:colcon.colcon_core.package_identification:_identify(src) by extension 'ignore'
[1.254s] Level 1:colcon.colcon_core.package_identification:_identify(src) by extension 'ignore_ament_install'
[1.254s] Level 1:colcon.colcon_core.package_identification:_identify(src) by extensions ['colcon_pkg']
[1.254s] Level 1:colcon.colcon_core.package_identification:_identify(src) by extension 'colcon_pkg'
[1.254s] Level 1:colcon.colcon_core.package_identification:_identify(src) by extensions ['colcon_meta']
[1.254s] Level 1:colcon.colcon_core.package_identification:_identify(src) by extension 'colcon_meta'
[1.254s] Level 1:colcon.colcon_core.package_identification:_identify(src) by extensions ['ros']
[1.254s] Level 1:colcon.colcon_core.package_identification:_identify(src) by extension 'ros'
[1.255s] Level 1:colcon.colcon_core.package_identification:_identify(src) by extensions ['cmake', 'python']
[1.255s] Level 1:colcon.colcon_core.package_identification:_identify(src) by extension 'cmake'
[1.255s] Level 1:colcon.colcon_core.package_identification:_identify(src) by extension 'python'
[1.255s] Level 1:colcon.colcon_core.package_identification:_identify(src) by extensions ['python_setup_py']
[1.255s] Level 1:colcon.colcon_core.package_identification:_identify(src) by extension 'python_setup_py'
[1.255s] Level 1:colcon.colcon_core.package_identification:_identify(src/ee4308_bringup) by extensions ['ignore', 'ignore_ament_install']
[1.255s] Level 1:colcon.colcon_core.package_identification:_identify(src/ee4308_bringup) by extension 'ignore'
[1.256s] Level 1:colcon.colcon_core.package_identification:_identify(src/ee4308_bringup) by extension 'ignore_ament_install'
[1.256s] Level 1:colcon.colcon_core.package_identification:_identify(src/ee4308_bringup) by extensions ['colcon_pkg']
[1.256s] Level 1:colcon.colcon_core.package_identification:_identify(src/ee4308_bringup) by extension 'colcon_pkg'
[1.256s] Level 1:colcon.colcon_core.package_identification:_identify(src/ee4308_bringup) by extensions ['colcon_meta']
[1.256s] Level 1:colcon.colcon_core.package_identification:_identify(src/ee4308_bringup) by extension 'colcon_meta'
[1.256s] Level 1:colcon.colcon_core.package_identification:_identify(src/ee4308_bringup) by extensions ['ros']
[1.256s] Level 1:colcon.colcon_core.package_identification:_identify(src/ee4308_bringup) by extension 'ros'
[1.259s] DEBUG:colcon.colcon_core.package_identification:Package 'src/ee4308_bringup' with type 'ros.ament_cmake' and name 'ee4308_bringup'
[1.260s] Level 1:colcon.colcon_core.package_identification:_identify(src/ee4308_drone) by extensions ['ignore', 'ignore_ament_install']
[1.260s] Level 1:colcon.colcon_core.package_identification:_identify(src/ee4308_drone) by extension 'ignore'
[1.260s] Level 1:colcon.colcon_core.package_identification:_identify(src/ee4308_drone) by extension 'ignore_ament_install'
[1.260s] Level 1:colcon.colcon_core.package_identification:_identify(src/ee4308_drone) by extensions ['colcon_pkg']
[1.261s] Level 1:colcon.colcon_core.package_identification:_identify(src/ee4308_drone) by extension 'colcon_pkg'
[1.261s] Level 1:colcon.colcon_core.package_identification:_identify(src/ee4308_drone) by extensions ['colcon_meta']
[1.261s] Level 1:colcon.colcon_core.package_identification:_identify(src/ee4308_drone) by extension 'colcon_meta'
[1.261s] Level 1:colcon.colcon_core.package_identification:_identify(src/ee4308_drone) by extensions ['ros']
[1.261s] Level 1:colcon.colcon_core.package_identification:_identify(src/ee4308_drone) by extension 'ros'
[1.263s] DEBUG:colcon.colcon_core.package_identification:Package 'src/ee4308_drone' with type 'ros.ament_cmake' and name 'ee4308_drone'
[1.263s] Level 1:colcon.colcon_core.package_identification:_identify(src/ee4308_gazebo_plugins) by extensions ['ignore', 'ignore_ament_install']
[1.264s] Level 1:colcon.colcon_core.package_identification:_identify(src/ee4308_gazebo_plugins) by extension 'ignore'
[1.264s] Level 1:colcon.colcon_core.package_identification:_identify(src/ee4308_gazebo_plugins) by extension 'ignore_ament_install'
[1.264s] Level 1:colcon.colcon_core.package_identification:_identify(src/ee4308_gazebo_plugins) by extensions ['colcon_pkg']
[1.264s] Level 1:colcon.colcon_core.package_identification:_identify(src/ee4308_gazebo_plugins) by extension 'colcon_pkg'
[1.264s] Level 1:colcon.colcon_core.package_identification:_identify(src/ee4308_gazebo_plugins) by extensions ['colcon_meta']
[1.264s] Level 1:colcon.colcon_core.package_identification:_identify(src/ee4308_gazebo_plugins) by extension 'colcon_meta'
[1.264s] Level 1:colcon.colcon_core.package_identification:_identify(src/ee4308_gazebo_plugins) by extensions ['ros']
[1.264s] Level 1:colcon.colcon_core.package_identification:_identify(src/ee4308_gazebo_plugins) by extension 'ros'
[1.265s] DEBUG:colcon.colcon_core.package_identification:Package 'src/ee4308_gazebo_plugins' with type 'ros.ament_cmake' and name 'ee4308_gazebo_plugins'
[1.266s] Level 1:colcon.colcon_core.package_identification:_identify(src/ee4308_interfaces) by extensions ['ignore', 'ignore_ament_install']
[1.266s] Level 1:colcon.colcon_core.package_identification:_identify(src/ee4308_interfaces) by extension 'ignore'
[1.266s] Level 1:colcon.colcon_core.package_identification:_identify(src/ee4308_interfaces) by extension 'ignore_ament_install'
[1.266s] Level 1:colcon.colcon_core.package_identification:_identify(src/ee4308_interfaces) by extensions ['colcon_pkg']
[1.266s] Level 1:colcon.colcon_core.package_identification:_identify(src/ee4308_interfaces) by extension 'colcon_pkg'
[1.266s] Level 1:colcon.colcon_core.package_identification:_identify(src/ee4308_interfaces) by extensions ['colcon_meta']
[1.266s] Level 1:colcon.colcon_core.package_identification:_identify(src/ee4308_interfaces) by extension 'colcon_meta'
[1.267s] Level 1:colcon.colcon_core.package_identification:_identify(src/ee4308_interfaces) by extensions ['ros']
[1.267s] Level 1:colcon.colcon_core.package_identification:_identify(src/ee4308_interfaces) by extension 'ros'
[1.268s] DEBUG:colcon.colcon_core.package_identification:Package 'src/ee4308_interfaces' with type 'ros.ament_cmake' and name 'ee4308_interfaces'
[1.268s] Level 1:colcon.colcon_core.package_identification:_identify(src/ee4308_lib) by extensions ['ignore', 'ignore_ament_install']
[1.268s] Level 1:colcon.colcon_core.package_identification:_identify(src/ee4308_lib) by extension 'ignore'
[1.268s] Level 1:colcon.colcon_core.package_identification:_identify(src/ee4308_lib) by extension 'ignore_ament_install'
[1.268s] Level 1:colcon.colcon_core.package_identification:_identify(src/ee4308_lib) by extensions ['colcon_pkg']
[1.268s] Level 1:colcon.colcon_core.package_identification:_identify(src/ee4308_lib) by extension 'colcon_pkg'
[1.268s] Level 1:colcon.colcon_core.package_identification:_identify(src/ee4308_lib) by extensions ['colcon_meta']
[1.269s] Level 1:colcon.colcon_core.package_identification:_identify(src/ee4308_lib) by extension 'colcon_meta'
[1.269s] Level 1:colcon.colcon_core.package_identification:_identify(src/ee4308_lib) by extensions ['ros']
[1.269s] Level 1:colcon.colcon_core.package_identification:_identify(src/ee4308_lib) by extension 'ros'
[1.270s] DEBUG:colcon.colcon_core.package_identification:Package 'src/ee4308_lib' with type 'ros.ament_cmake' and name 'ee4308_lib'
[1.271s] Level 1:colcon.colcon_core.package_identification:_identify(src/ee4308_turtle) by extensions ['ignore', 'ignore_ament_install']
[1.271s] Level 1:colcon.colcon_core.package_identification:_identify(src/ee4308_turtle) by extension 'ignore'
[1.271s] Level 1:colcon.colcon_core.package_identification:_identify(src/ee4308_turtle) by extension 'ignore_ament_install'
[1.271s] Level 1:colcon.colcon_core.package_identification:_identify(src/ee4308_turtle) by extensions ['colcon_pkg']
[1.271s] Level 1:colcon.colcon_core.package_identification:_identify(src/ee4308_turtle) by extension 'colcon_pkg'
[1.271s] Level 1:colcon.colcon_core.package_identification:_identify(src/ee4308_turtle) by extensions ['colcon_meta']
[1.272s] Level 1:colcon.colcon_core.package_identification:_identify(src/ee4308_turtle) by extension 'colcon_meta'
[1.272s] Level 1:colcon.colcon_core.package_identification:_identify(src/ee4308_turtle) by extensions ['ros']
[1.272s] Level 1:colcon.colcon_core.package_identification:_identify(src/ee4308_turtle) by extension 'ros'
[1.273s] DEBUG:colcon.colcon_core.package_identification:Package 'src/ee4308_turtle' with type 'ros.ament_cmake' and name 'ee4308_turtle'
[1.274s] Level 1:colcon.colcon_core.package_discovery:discover_packages(recursive) using defaults
[1.274s] Level 1:colcon.colcon_core.package_discovery:discover_packages(ignore) discover
[1.274s] Level 1:colcon.colcon_core.package_discovery:discover_packages(ignore) using defaults
[1.274s] Level 1:colcon.colcon_core.package_discovery:discover_packages(path) discover
[1.274s] Level 1:colcon.colcon_core.package_discovery:discover_packages(path) using defaults
[1.381s] Level 1:colcon.colcon_core.package_discovery:discover_packages(prefix_path) check parameters
[1.381s] Level 1:colcon.colcon_core.package_discovery:discover_packages(prefix_path) discover
[1.412s] DEBUG:colcon.colcon_installed_package_information.package_discovery:Found 3 installed packages in /home/kaeboon/sjtu_drone/install
[1.428s] DEBUG:colcon.colcon_installed_package_information.package_discovery:Found 6 installed packages in /home/kaeboon/KBoon/ee4308_proj2/install
[1.446s] DEBUG:colcon.colcon_installed_package_information.package_discovery:Found 425 installed packages in /opt/ros/humble
[1.468s] Level 1:colcon.colcon_core.package_discovery:discover_packages(prefix_path) using defaults
[1.607s] Level 5:colcon.colcon_core.verb:set package 'ee4308_bringup' build argument 'cmake_args' from command line to 'None'
[1.607s] Level 5:colcon.colcon_core.verb:set package 'ee4308_bringup' build argument 'cmake_target' from command line to 'None'
[1.607s] Level 5:colcon.colcon_core.verb:set package 'ee4308_bringup' build argument 'cmake_target_skip_unavailable' from command line to 'False'
[1.607s] Level 5:colcon.colcon_core.verb:set package 'ee4308_bringup' build argument 'cmake_clean_cache' from command line to 'False'
[1.607s] Level 5:colcon.colcon_core.verb:set package 'ee4308_bringup' build argument 'cmake_clean_first' from command line to 'False'
[1.607s] Level 5:colcon.colcon_core.verb:set package 'ee4308_bringup' build argument 'cmake_force_configure' from command line to 'False'
[1.607s] Level 5:colcon.colcon_core.verb:set package 'ee4308_bringup' build argument 'ament_cmake_args' from command line to 'None'
[1.607s] Level 5:colcon.colcon_core.verb:set package 'ee4308_bringup' build argument 'catkin_cmake_args' from command line to 'None'
[1.607s] Level 5:colcon.colcon_core.verb:set package 'ee4308_bringup' build argument 'catkin_skip_building_tests' from command line to 'False'
[1.607s] DEBUG:colcon.colcon_core.verb:Building package 'ee4308_bringup' with the following arguments: {'ament_cmake_args': None, 'build_base': '/home/kaeboon/KBoon/ee4308_proj2/build/ee4308_bringup', 'catkin_cmake_args': None, 'catkin_skip_building_tests': False, 'cmake_args': None, 'cmake_clean_cache': False, 'cmake_clean_first': False, 'cmake_force_configure': False, 'cmake_target': None, 'cmake_target_skip_unavailable': False, 'install_base': '/home/kaeboon/KBoon/ee4308_proj2/install/ee4308_bringup', 'merge_install': False, 'path': '/home/kaeboon/KBoon/ee4308_proj2/src/ee4308_bringup', 'symlink_install': True, 'test_result_base': None}
[1.624s] Level 5:colcon.colcon_core.verb:set package 'ee4308_gazebo_plugins' build argument 'cmake_args' from command line to 'None'
[1.624s] Level 5:colcon.colcon_core.verb:set package 'ee4308_gazebo_plugins' build argument 'cmake_target' from command line to 'None'
[1.624s] Level 5:colcon.colcon_core.verb:set package 'ee4308_gazebo_plugins' build argument 'cmake_target_skip_unavailable' from command line to 'False'
[1.624s] Level 5:colcon.colcon_core.verb:set package 'ee4308_gazebo_plugins' build argument 'cmake_clean_cache' from command line to 'False'
[1.624s] Level 5:colcon.colcon_core.verb:set package 'ee4308_gazebo_plugins' build argument 'cmake_clean_first' from command line to 'False'
[1.625s] Level 5:colcon.colcon_core.verb:set package 'ee4308_gazebo_plugins' build argument 'cmake_force_configure' from command line to 'False'
[1.625s] Level 5:colcon.colcon_core.verb:set package 'ee4308_gazebo_plugins' build argument 'ament_cmake_args' from command line to 'None'
[1.625s] Level 5:colcon.colcon_core.verb:set package 'ee4308_gazebo_plugins' build argument 'catkin_cmake_args' from command line to 'None'
[1.625s] Level 5:colcon.colcon_core.verb:set package 'ee4308_gazebo_plugins' build argument 'catkin_skip_building_tests' from command line to 'False'
[1.625s] DEBUG:colcon.colcon_core.verb:Building package 'ee4308_gazebo_plugins' with the following arguments: {'ament_cmake_args': None, 'build_base': '/home/kaeboon/KBoon/ee4308_proj2/build/ee4308_gazebo_plugins', 'catkin_cmake_args': None, 'catkin_skip_building_tests': False, 'cmake_args': None, 'cmake_clean_cache': False, 'cmake_clean_first': False, 'cmake_force_configure': False, 'cmake_target': None, 'cmake_target_skip_unavailable': False, 'install_base': '/home/kaeboon/KBoon/ee4308_proj2/install/ee4308_gazebo_plugins', 'merge_install': False, 'path': '/home/kaeboon/KBoon/ee4308_proj2/src/ee4308_gazebo_plugins', 'symlink_install': True, 'test_result_base': None}
[1.641s] Level 5:colcon.colcon_core.verb:set package 'ee4308_interfaces' build argument 'cmake_args' from command line to 'None'
[1.641s] Level 5:colcon.colcon_core.verb:set package 'ee4308_interfaces' build argument 'cmake_target' from command line to 'None'
[1.641s] Level 5:colcon.colcon_core.verb:set package 'ee4308_interfaces' build argument 'cmake_target_skip_unavailable' from command line to 'False'
[1.641s] Level 5:colcon.colcon_core.verb:set package 'ee4308_interfaces' build argument 'cmake_clean_cache' from command line to 'False'
[1.642s] Level 5:colcon.colcon_core.verb:set package 'ee4308_interfaces' build argument 'cmake_clean_first' from command line to 'False'
[1.642s] Level 5:colcon.colcon_core.verb:set package 'ee4308_interfaces' build argument 'cmake_force_configure' from command line to 'False'
[1.642s] Level 5:colcon.colcon_core.verb:set package 'ee4308_interfaces' build argument 'ament_cmake_args' from command line to 'None'
[1.642s] Level 5:colcon.colcon_core.verb:set package 'ee4308_interfaces' build argument 'catkin_cmake_args' from command line to 'None'
[1.642s] Level 5:colcon.colcon_core.verb:set package 'ee4308_interfaces' build argument 'catkin_skip_building_tests' from command line to 'False'
[1.642s] DEBUG:colcon.colcon_core.verb:Building package 'ee4308_interfaces' with the following arguments: {'ament_cmake_args': None, 'build_base': '/home/kaeboon/KBoon/ee4308_proj2/build/ee4308_interfaces', 'catkin_cmake_args': None, 'catkin_skip_building_tests': False, 'cmake_args': None, 'cmake_clean_cache': False, 'cmake_clean_first': False, 'cmake_force_configure': False, 'cmake_target': None, 'cmake_target_skip_unavailable': False, 'install_base': '/home/kaeboon/KBoon/ee4308_proj2/install/ee4308_interfaces', 'merge_install': False, 'path': '/home/kaeboon/KBoon/ee4308_proj2/src/ee4308_interfaces', 'symlink_install': True, 'test_result_base': None}
[1.658s] Level 5:colcon.colcon_core.verb:set package 'ee4308_lib' build argument 'cmake_args' from command line to 'None'
[1.658s] Level 5:colcon.colcon_core.verb:set package 'ee4308_lib' build argument 'cmake_target' from command line to 'None'
[1.658s] Level 5:colcon.colcon_core.verb:set package 'ee4308_lib' build argument 'cmake_target_skip_unavailable' from command line to 'False'
[1.658s] Level 5:colcon.colcon_core.verb:set package 'ee4308_lib' build argument 'cmake_clean_cache' from command line to 'False'
[1.658s] Level 5:colcon.colcon_core.verb:set package 'ee4308_lib' build argument 'cmake_clean_first' from command line to 'False'
[1.658s] Level 5:colcon.colcon_core.verb:set package 'ee4308_lib' build argument 'cmake_force_configure' from command line to 'False'
[1.658s] Level 5:colcon.colcon_core.verb:set package 'ee4308_lib' build argument 'ament_cmake_args' from command line to 'None'
[1.658s] Level 5:colcon.colcon_core.verb:set package 'ee4308_lib' build argument 'catkin_cmake_args' from command line to 'None'
[1.658s] Level 5:colcon.colcon_core.verb:set package 'ee4308_lib' build argument 'catkin_skip_building_tests' from command line to 'False'
[1.658s] DEBUG:colcon.colcon_core.verb:Building package 'ee4308_lib' with the following arguments: {'ament_cmake_args': None, 'build_base': '/home/kaeboon/KBoon/ee4308_proj2/build/ee4308_lib', 'catkin_cmake_args': None, 'catkin_skip_building_tests': False, 'cmake_args': None, 'cmake_clean_cache': False, 'cmake_clean_first': False, 'cmake_force_configure': False, 'cmake_target': None, 'cmake_target_skip_unavailable': False, 'install_base': '/home/kaeboon/KBoon/ee4308_proj2/install/ee4308_lib', 'merge_install': False, 'path': '/home/kaeboon/KBoon/ee4308_proj2/src/ee4308_lib', 'symlink_install': True, 'test_result_base': None}
[1.685s] Level 5:colcon.colcon_core.verb:set package 'ee4308_drone' build argument 'cmake_args' from command line to 'None'
[1.685s] Level 5:colcon.colcon_core.verb:set package 'ee4308_drone' build argument 'cmake_target' from command line to 'None'
[1.685s] Level 5:colcon.colcon_core.verb:set package 'ee4308_drone' build argument 'cmake_target_skip_unavailable' from command line to 'False'
[1.685s] Level 5:colcon.colcon_core.verb:set package 'ee4308_drone' build argument 'cmake_clean_cache' from command line to 'False'
[1.685s] Level 5:colcon.colcon_core.verb:set package 'ee4308_drone' build argument 'cmake_clean_first' from command line to 'False'
[1.685s] Level 5:colcon.colcon_core.verb:set package 'ee4308_drone' build argument 'cmake_force_configure' from command line to 'False'
[1.685s] Level 5:colcon.colcon_core.verb:set package 'ee4308_drone' build argument 'ament_cmake_args' from command line to 'None'
[1.685s] Level 5:colcon.colcon_core.verb:set package 'ee4308_drone' build argument 'catkin_cmake_args' from command line to 'None'
[1.685s] Level 5:colcon.colcon_core.verb:set package 'ee4308_drone' build argument 'catkin_skip_building_tests' from command line to 'False'
[1.685s] DEBUG:colcon.colcon_core.verb:Building package 'ee4308_drone' with the following arguments: {'ament_cmake_args': None, 'build_base': '/home/kaeboon/KBoon/ee4308_proj2/build/ee4308_drone', 'catkin_cmake_args': None, 'catkin_skip_building_tests': False, 'cmake_args': None, 'cmake_clean_cache': False, 'cmake_clean_first': False, 'cmake_force_configure': False, 'cmake_target': None, 'cmake_target_skip_unavailable': False, 'install_base': '/home/kaeboon/KBoon/ee4308_proj2/install/ee4308_drone', 'merge_install': False, 'path': '/home/kaeboon/KBoon/ee4308_proj2/src/ee4308_drone', 'symlink_install': True, 'test_result_base': None}
[1.702s] Level 5:colcon.colcon_core.verb:set package 'ee4308_turtle' build argument 'cmake_args' from command line to 'None'
[1.702s] Level 5:colcon.colcon_core.verb:set package 'ee4308_turtle' build argument 'cmake_target' from command line to 'None'
[1.702s] Level 5:colcon.colcon_core.verb:set package 'ee4308_turtle' build argument 'cmake_target_skip_unavailable' from command line to 'False'
[1.702s] Level 5:colcon.colcon_core.verb:set package 'ee4308_turtle' build argument 'cmake_clean_cache' from command line to 'False'
[1.702s] Level 5:colcon.colcon_core.verb:set package 'ee4308_turtle' build argument 'cmake_clean_first' from command line to 'False'
[1.702s] Level 5:colcon.colcon_core.verb:set package 'ee4308_turtle' build argument 'cmake_force_configure' from command line to 'False'
[1.702s] Level 5:colcon.colcon_core.verb:set package 'ee4308_turtle' build argument 'ament_cmake_args' from command line to 'None'
[1.702s] Level 5:colcon.colcon_core.verb:set package 'ee4308_turtle' build argument 'catkin_cmake_args' from command line to 'None'
[1.702s] Level 5:colcon.colcon_core.verb:set package 'ee4308_turtle' build argument 'catkin_skip_building_tests' from command line to 'False'
[1.702s] DEBUG:colcon.colcon_core.verb:Building package 'ee4308_turtle' with the following arguments: {'ament_cmake_args': None, 'build_base': '/home/kaeboon/KBoon/ee4308_proj2/build/ee4308_turtle', 'catkin_cmake_args': None, 'catkin_skip_building_tests': False, 'cmake_args': None, 'cmake_clean_cache': False, 'cmake_clean_first': False, 'cmake_force_configure': False, 'cmake_target': None, 'cmake_target_skip_unavailable': False, 'install_base': '/home/kaeboon/KBoon/ee4308_proj2/install/ee4308_turtle', 'merge_install': False, 'path': '/home/kaeboon/KBoon/ee4308_proj2/src/ee4308_turtle', 'symlink_install': True, 'test_result_base': None}
[1.721s] INFO:colcon.colcon_core.executor:Executing jobs using 'parallel' executor
[1.745s] DEBUG:colcon.colcon_parallel_executor.executor.parallel:run_until_complete
[1.745s] INFO:colcon.colcon_ros.task.ament_cmake.build:Building ROS package in '/home/kaeboon/KBoon/ee4308_proj2/src/ee4308_interfaces' with build type 'ament_cmake'
[1.745s] INFO:colcon.colcon_cmake.task.cmake.build:Building CMake package in '/home/kaeboon/KBoon/ee4308_proj2/src/ee4308_interfaces'
[1.766s] INFO:colcon.colcon_core.plugin_system:Skipping extension 'colcon_core.shell.bat': Not used on non-Windows systems
[1.766s] INFO:colcon.colcon_core.shell:Skip shell extension 'powershell' for command environment: Not usable outside of PowerShell
[1.766s] DEBUG:colcon.colcon_core.shell:Skip shell extension 'dsv' for command environment
[1.851s] INFO:colcon.colcon_ros.task.ament_cmake.build:Building ROS package in '/home/kaeboon/KBoon/ee4308_proj2/src/ee4308_lib' with build type 'ament_cmake'
[1.851s] INFO:colcon.colcon_cmake.task.cmake.build:Building CMake package in '/home/kaeboon/KBoon/ee4308_proj2/src/ee4308_lib'
[1.869s] INFO:colcon.colcon_core.shell:Skip shell extension 'powershell' for command environment: Not usable outside of PowerShell
[1.869s] DEBUG:colcon.colcon_core.shell:Skip shell extension 'dsv' for command environment
[1.948s] INFO:colcon.colcon_ros.task.ament_cmake.build:Building ROS package in '/home/kaeboon/KBoon/ee4308_proj2/src/ee4308_bringup' with build type 'ament_cmake'
[1.948s] INFO:colcon.colcon_cmake.task.cmake.build:Building CMake package in '/home/kaeboon/KBoon/ee4308_proj2/src/ee4308_bringup'
[1.966s] INFO:colcon.colcon_core.shell:Skip shell extension 'powershell' for command environment: Not usable outside of PowerShell
[1.966s] DEBUG:colcon.colcon_core.shell:Skip shell extension 'dsv' for command environment
[2.043s] INFO:colcon.colcon_ros.task.ament_cmake.build:Building ROS package in '/home/kaeboon/KBoon/ee4308_proj2/src/ee4308_gazebo_plugins' with build type 'ament_cmake'
[2.044s] INFO:colcon.colcon_cmake.task.cmake.build:Building CMake package in '/home/kaeboon/KBoon/ee4308_proj2/src/ee4308_gazebo_plugins'
[2.068s] INFO:colcon.colcon_core.shell:Skip shell extension 'powershell' for command environment: Not usable outside of PowerShell
[2.068s] DEBUG:colcon.colcon_core.shell:Skip shell extension 'dsv' for command environment
[2.172s] DEBUG:colcon.colcon_core.event_handler.log_command:Invoking command in '/home/kaeboon/KBoon/ee4308_proj2/build/ee4308_interfaces': CMAKE_PREFIX_PATH=${CMAKE_PREFIX_PATH}:/home/kaeboon/sjtu_drone/install/sjtu_drone_control:/home/kaeboon/sjtu_drone/install/sjtu_drone_bringup:/opt/ros/humble /usr/bin/cmake --build /home/kaeboon/KBoon/ee4308_proj2/build/ee4308_interfaces -- -j4 -l4
[2.204s] DEBUG:colcon.colcon_core.event_handler.log_command:Invoking command in '/home/kaeboon/KBoon/ee4308_proj2/build/ee4308_lib': CMAKE_PREFIX_PATH=${CMAKE_PREFIX_PATH}:/home/kaeboon/sjtu_drone/install/sjtu_drone_control:/home/kaeboon/sjtu_drone/install/sjtu_drone_bringup:/opt/ros/humble /usr/bin/cmake --build /home/kaeboon/KBoon/ee4308_proj2/build/ee4308_lib -- -j4 -l4
[2.221s] DEBUG:colcon.colcon_core.event_handler.log_command:Invoking command in '/home/kaeboon/KBoon/ee4308_proj2/build/ee4308_bringup': CMAKE_PREFIX_PATH=${CMAKE_PREFIX_PATH}:/home/kaeboon/sjtu_drone/install/sjtu_drone_control:/home/kaeboon/sjtu_drone/install/sjtu_drone_bringup:/opt/ros/humble /usr/bin/cmake --build /home/kaeboon/KBoon/ee4308_proj2/build/ee4308_bringup -- -j4 -l4
[2.290s] DEBUG:colcon.colcon_core.event_handler.log_command:Invoking command in '/home/kaeboon/KBoon/ee4308_proj2/build/ee4308_gazebo_plugins': CMAKE_PREFIX_PATH=${CMAKE_PREFIX_PATH}:/home/kaeboon/sjtu_drone/install/sjtu_drone_control:/home/kaeboon/sjtu_drone/install/sjtu_drone_bringup:/opt/ros/humble /usr/bin/cmake --build /home/kaeboon/KBoon/ee4308_proj2/build/ee4308_gazebo_plugins -- -j4 -l4
[2.385s] DEBUG:colcon.colcon_core.event_handler.log_command:Invoked command in '/home/kaeboon/KBoon/ee4308_proj2/build/ee4308_bringup' returned '0': CMAKE_PREFIX_PATH=${CMAKE_PREFIX_PATH}:/home/kaeboon/sjtu_drone/install/sjtu_drone_control:/home/kaeboon/sjtu_drone/install/sjtu_drone_bringup:/opt/ros/humble /usr/bin/cmake --build /home/kaeboon/KBoon/ee4308_proj2/build/ee4308_bringup -- -j4 -l4
[2.470s] DEBUG:colcon.colcon_core.event_handler.log_command:Invoked command in '/home/kaeboon/KBoon/ee4308_proj2/build/ee4308_lib' returned '0': CMAKE_PREFIX_PATH=${CMAKE_PREFIX_PATH}:/home/kaeboon/sjtu_drone/install/sjtu_drone_control:/home/kaeboon/sjtu_drone/install/sjtu_drone_bringup:/opt/ros/humble /usr/bin/cmake --build /home/kaeboon/KBoon/ee4308_proj2/build/ee4308_lib -- -j4 -l4
[2.566s] DEBUG:colcon.colcon_core.event_handler.log_command:Invoking command in '/home/kaeboon/KBoon/ee4308_proj2/build/ee4308_bringup': CMAKE_PREFIX_PATH=${CMAKE_PREFIX_PATH}:/home/kaeboon/sjtu_drone/install/sjtu_drone_control:/home/kaeboon/sjtu_drone/install/sjtu_drone_bringup:/opt/ros/humble /usr/bin/cmake --install /home/kaeboon/KBoon/ee4308_proj2/build/ee4308_bringup
[2.763s] Level 1:colcon.colcon_core.environment:create_environment_scripts_only(ee4308_bringup)
[2.764s] DEBUG:colcon.colcon_core.event_handler.log_command:Invoked command in '/home/kaeboon/KBoon/ee4308_proj2/build/ee4308_bringup' returned '0': CMAKE_PREFIX_PATH=${CMAKE_PREFIX_PATH}:/home/kaeboon/sjtu_drone/install/sjtu_drone_control:/home/kaeboon/sjtu_drone/install/sjtu_drone_bringup:/opt/ros/humble /usr/bin/cmake --install /home/kaeboon/KBoon/ee4308_proj2/build/ee4308_bringup
[2.839s] Level 1:colcon.colcon_core.environment:checking '/home/kaeboon/KBoon/ee4308_proj2/install/ee4308_bringup' for CMake module files
[2.840s] Level 1:colcon.colcon_core.environment:checking '/home/kaeboon/KBoon/ee4308_proj2/install/ee4308_bringup' for CMake config files
[2.840s] Level 1:colcon.colcon_core.shell:create_environment_hook('ee4308_bringup', 'cmake_prefix_path')
[2.877s] INFO:colcon.colcon_core.shell:Creating environment hook '/home/kaeboon/KBoon/ee4308_proj2/install/ee4308_bringup/share/ee4308_bringup/hook/cmake_prefix_path.ps1'
[2.879s] INFO:colcon.colcon_core.shell:Creating environment descriptor '/home/kaeboon/KBoon/ee4308_proj2/install/ee4308_bringup/share/ee4308_bringup/hook/cmake_prefix_path.dsv'
[2.880s] INFO:colcon.colcon_core.shell:Creating environment hook '/home/kaeboon/KBoon/ee4308_proj2/install/ee4308_bringup/share/ee4308_bringup/hook/cmake_prefix_path.sh'
[2.881s] Level 1:colcon.colcon_core.environment:checking '/home/kaeboon/KBoon/ee4308_proj2/install/ee4308_bringup/bin'
[2.882s] Level 1:colcon.colcon_core.environment:checking '/home/kaeboon/KBoon/ee4308_proj2/install/ee4308_bringup/lib/pkgconfig/ee4308_bringup.pc'
[2.882s] Level 1:colcon.colcon_core.environment:checking '/home/kaeboon/KBoon/ee4308_proj2/install/ee4308_bringup/lib/python3.10/site-packages'
[2.883s] Level 1:colcon.colcon_core.environment:checking '/home/kaeboon/KBoon/ee4308_proj2/install/ee4308_bringup/bin'
[2.929s] INFO:colcon.colcon_core.shell:Creating package script '/home/kaeboon/KBoon/ee4308_proj2/install/ee4308_bringup/share/ee4308_bringup/package.ps1'
[2.931s] INFO:colcon.colcon_core.shell:Creating package descriptor '/home/kaeboon/KBoon/ee4308_proj2/install/ee4308_bringup/share/ee4308_bringup/package.dsv'
[2.932s] INFO:colcon.colcon_core.shell:Creating package script '/home/kaeboon/KBoon/ee4308_proj2/install/ee4308_bringup/share/ee4308_bringup/package.sh'
[2.934s] INFO:colcon.colcon_core.shell:Creating package script '/home/kaeboon/KBoon/ee4308_proj2/install/ee4308_bringup/share/ee4308_bringup/package.bash'
[2.936s] INFO:colcon.colcon_core.shell:Creating package script '/home/kaeboon/KBoon/ee4308_proj2/install/ee4308_bringup/share/ee4308_bringup/package.zsh'
[2.937s] Level 1:colcon.colcon_core.environment:create_file_with_runtime_dependencies(/home/kaeboon/KBoon/ee4308_proj2/install/ee4308_bringup/share/colcon-core/packages/ee4308_bringup)
[2.961s] DEBUG:colcon.colcon_core.event_handler.log_command:Invoking command in '/home/kaeboon/KBoon/ee4308_proj2/build/ee4308_lib': CMAKE_PREFIX_PATH=${CMAKE_PREFIX_PATH}:/home/kaeboon/sjtu_drone/install/sjtu_drone_control:/home/kaeboon/sjtu_drone/install/sjtu_drone_bringup:/opt/ros/humble /usr/bin/cmake --install /home/kaeboon/KBoon/ee4308_proj2/build/ee4308_lib
[2.999s] DEBUG:colcon.colcon_core.event_handler.log_command:Invoked command in '/home/kaeboon/KBoon/ee4308_proj2/build/ee4308_gazebo_plugins' returned '0': CMAKE_PREFIX_PATH=${CMAKE_PREFIX_PATH}:/home/kaeboon/sjtu_drone/install/sjtu_drone_control:/home/kaeboon/sjtu_drone/install/sjtu_drone_bringup:/opt/ros/humble /usr/bin/cmake --build /home/kaeboon/KBoon/ee4308_proj2/build/ee4308_gazebo_plugins -- -j4 -l4
[3.055s] Level 1:colcon.colcon_core.environment:create_environment_scripts_only(ee4308_lib)
[3.066s] DEBUG:colcon.colcon_core.event_handler.log_command:Invoked command in '/home/kaeboon/KBoon/ee4308_proj2/build/ee4308_lib' returned '0': CMAKE_PREFIX_PATH=${CMAKE_PREFIX_PATH}:/home/kaeboon/sjtu_drone/install/sjtu_drone_control:/home/kaeboon/sjtu_drone/install/sjtu_drone_bringup:/opt/ros/humble /usr/bin/cmake --install /home/kaeboon/KBoon/ee4308_proj2/build/ee4308_lib
[3.139s] Level 1:colcon.colcon_core.environment:checking '/home/kaeboon/KBoon/ee4308_proj2/install/ee4308_lib' for CMake module files
[3.140s] Level 1:colcon.colcon_core.environment:checking '/home/kaeboon/KBoon/ee4308_proj2/install/ee4308_lib' for CMake config files
[3.141s] Level 1:colcon.colcon_core.shell:create_environment_hook('ee4308_lib', 'cmake_prefix_path')
[3.224s] INFO:colcon.colcon_core.shell:Creating environment hook '/home/kaeboon/KBoon/ee4308_proj2/install/ee4308_lib/share/ee4308_lib/hook/cmake_prefix_path.ps1'
[3.231s] INFO:colcon.colcon_core.shell:Creating environment descriptor '/home/kaeboon/KBoon/ee4308_proj2/install/ee4308_lib/share/ee4308_lib/hook/cmake_prefix_path.dsv'
[3.232s] INFO:colcon.colcon_core.shell:Creating environment hook '/home/kaeboon/KBoon/ee4308_proj2/install/ee4308_lib/share/ee4308_lib/hook/cmake_prefix_path.sh'
[3.234s] Level 1:colcon.colcon_core.environment:checking '/home/kaeboon/KBoon/ee4308_proj2/install/ee4308_lib/bin'
[3.235s] Level 1:colcon.colcon_core.environment:checking '/home/kaeboon/KBoon/ee4308_proj2/install/ee4308_lib/lib/pkgconfig/ee4308_lib.pc'
[3.235s] Level 1:colcon.colcon_core.environment:checking '/home/kaeboon/KBoon/ee4308_proj2/install/ee4308_lib/lib/python3.10/site-packages'
[3.236s] Level 1:colcon.colcon_core.environment:checking '/home/kaeboon/KBoon/ee4308_proj2/install/ee4308_lib/bin'
[3.313s] INFO:colcon.colcon_core.shell:Creating package script '/home/kaeboon/KBoon/ee4308_proj2/install/ee4308_lib/share/ee4308_lib/package.ps1'
[3.314s] INFO:colcon.colcon_core.shell:Creating package descriptor '/home/kaeboon/KBoon/ee4308_proj2/install/ee4308_lib/share/ee4308_lib/package.dsv'
[3.315s] INFO:colcon.colcon_core.shell:Creating package script '/home/kaeboon/KBoon/ee4308_proj2/install/ee4308_lib/share/ee4308_lib/package.sh'
[3.315s] INFO:colcon.colcon_core.shell:Creating package script '/home/kaeboon/KBoon/ee4308_proj2/install/ee4308_lib/share/ee4308_lib/package.bash'
[3.317s] INFO:colcon.colcon_core.shell:Creating package script '/home/kaeboon/KBoon/ee4308_proj2/install/ee4308_lib/share/ee4308_lib/package.zsh'
[3.317s] Level 1:colcon.colcon_core.environment:create_file_with_runtime_dependencies(/home/kaeboon/KBoon/ee4308_proj2/install/ee4308_lib/share/colcon-core/packages/ee4308_lib)
[3.338s] DEBUG:colcon.colcon_core.event_handler.log_command:Invoking command in '/home/kaeboon/KBoon/ee4308_proj2/build/ee4308_gazebo_plugins': CMAKE_PREFIX_PATH=${CMAKE_PREFIX_PATH}:/home/kaeboon/sjtu_drone/install/sjtu_drone_control:/home/kaeboon/sjtu_drone/install/sjtu_drone_bringup:/opt/ros/humble /usr/bin/cmake --install /home/kaeboon/KBoon/ee4308_proj2/build/ee4308_gazebo_plugins
[3.416s] Level 1:colcon.colcon_core.environment:create_environment_scripts_only(ee4308_bringup)
[3.473s] Level 1:colcon.colcon_core.environment:checking '/home/kaeboon/KBoon/ee4308_proj2/install/ee4308_bringup' for CMake module files
[3.473s] Level 1:colcon.colcon_core.environment:checking '/home/kaeboon/KBoon/ee4308_proj2/install/ee4308_bringup' for CMake config files
[3.474s] Level 1:colcon.colcon_core.shell:create_environment_hook('ee4308_bringup', 'cmake_prefix_path')
[3.525s] INFO:colcon.colcon_core.shell:Creating environment hook '/home/kaeboon/KBoon/ee4308_proj2/install/ee4308_bringup/share/ee4308_bringup/hook/cmake_prefix_path.ps1'
[3.526s] INFO:colcon.colcon_core.shell:Creating environment descriptor '/home/kaeboon/KBoon/ee4308_proj2/install/ee4308_bringup/share/ee4308_bringup/hook/cmake_prefix_path.dsv'
[3.526s] INFO:colcon.colcon_core.shell:Creating environment hook '/home/kaeboon/KBoon/ee4308_proj2/install/ee4308_bringup/share/ee4308_bringup/hook/cmake_prefix_path.sh'
[3.527s] Level 1:colcon.colcon_core.environment:checking '/home/kaeboon/KBoon/ee4308_proj2/install/ee4308_bringup/bin'
[3.527s] Level 1:colcon.colcon_core.environment:checking '/home/kaeboon/KBoon/ee4308_proj2/install/ee4308_bringup/lib/pkgconfig/ee4308_bringup.pc'
[3.528s] Level 1:colcon.colcon_core.environment:checking '/home/kaeboon/KBoon/ee4308_proj2/install/ee4308_bringup/lib/python3.10/site-packages'
[3.528s] Level 1:colcon.colcon_core.environment:checking '/home/kaeboon/KBoon/ee4308_proj2/install/ee4308_bringup/bin'
[3.568s] INFO:colcon.colcon_core.shell:Creating package script '/home/kaeboon/KBoon/ee4308_proj2/install/ee4308_bringup/share/ee4308_bringup/package.ps1'
[3.569s] INFO:colcon.colcon_core.shell:Creating package descriptor '/home/kaeboon/KBoon/ee4308_proj2/install/ee4308_bringup/share/ee4308_bringup/package.dsv'
[3.570s] INFO:colcon.colcon_core.shell:Creating package script '/home/kaeboon/KBoon/ee4308_proj2/install/ee4308_bringup/share/ee4308_bringup/package.sh'
[3.571s] INFO:colcon.colcon_core.shell:Creating package script '/home/kaeboon/KBoon/ee4308_proj2/install/ee4308_bringup/share/ee4308_bringup/package.bash'
[3.572s] INFO:colcon.colcon_core.shell:Creating package script '/home/kaeboon/KBoon/ee4308_proj2/install/ee4308_bringup/share/ee4308_bringup/package.zsh'
[3.572s] Level 1:colcon.colcon_core.environment:create_file_with_runtime_dependencies(/home/kaeboon/KBoon/ee4308_proj2/install/ee4308_bringup/share/colcon-core/packages/ee4308_bringup)
[3.652s] Level 1:colcon.colcon_core.environment:create_environment_scripts_only(ee4308_lib)
[3.705s] Level 1:colcon.colcon_core.environment:checking '/home/kaeboon/KBoon/ee4308_proj2/install/ee4308_lib' for CMake module files
[3.706s] Level 1:colcon.colcon_core.environment:checking '/home/kaeboon/KBoon/ee4308_proj2/install/ee4308_lib' for CMake config files
[3.706s] Level 1:colcon.colcon_core.shell:create_environment_hook('ee4308_lib', 'cmake_prefix_path')
[3.745s] INFO:colcon.colcon_core.shell:Creating environment hook '/home/kaeboon/KBoon/ee4308_proj2/install/ee4308_lib/share/ee4308_lib/hook/cmake_prefix_path.ps1'
[3.746s] INFO:colcon.colcon_core.shell:Creating environment descriptor '/home/kaeboon/KBoon/ee4308_proj2/install/ee4308_lib/share/ee4308_lib/hook/cmake_prefix_path.dsv'
[3.747s] INFO:colcon.colcon_core.shell:Creating environment hook '/home/kaeboon/KBoon/ee4308_proj2/install/ee4308_lib/share/ee4308_lib/hook/cmake_prefix_path.sh'
[3.748s] Level 1:colcon.colcon_core.environment:checking '/home/kaeboon/KBoon/ee4308_proj2/install/ee4308_lib/bin'
[3.748s] Level 1:colcon.colcon_core.environment:checking '/home/kaeboon/KBoon/ee4308_proj2/install/ee4308_lib/lib/pkgconfig/ee4308_lib.pc'
[3.749s] Level 1:colcon.colcon_core.environment:checking '/home/kaeboon/KBoon/ee4308_proj2/install/ee4308_lib/lib/python3.10/site-packages'
[3.749s] Level 1:colcon.colcon_core.environment:checking '/home/kaeboon/KBoon/ee4308_proj2/install/ee4308_lib/bin'
[3.782s] INFO:colcon.colcon_core.shell:Creating package script '/home/kaeboon/KBoon/ee4308_proj2/install/ee4308_lib/share/ee4308_lib/package.ps1'
[3.784s] INFO:colcon.colcon_core.shell:Creating package descriptor '/home/kaeboon/KBoon/ee4308_proj2/install/ee4308_lib/share/ee4308_lib/package.dsv'
[3.786s] INFO:colcon.colcon_core.shell:Creating package script '/home/kaeboon/KBoon/ee4308_proj2/install/ee4308_lib/share/ee4308_lib/package.sh'
[3.787s] INFO:colcon.colcon_core.shell:Creating package script '/home/kaeboon/KBoon/ee4308_proj2/install/ee4308_lib/share/ee4308_lib/package.bash'
[3.788s] INFO:colcon.colcon_core.shell:Creating package script '/home/kaeboon/KBoon/ee4308_proj2/install/ee4308_lib/share/ee4308_lib/package.zsh'
[3.789s] Level 1:colcon.colcon_core.environment:create_file_with_runtime_dependencies(/home/kaeboon/KBoon/ee4308_proj2/install/ee4308_lib/share/colcon-core/packages/ee4308_lib)
[3.789s] Level 1:colcon.colcon_core.environment:create_environment_scripts_only(ee4308_gazebo_plugins)
[3.791s] DEBUG:colcon.colcon_core.event_handler.log_command:Invoked command in '/home/kaeboon/KBoon/ee4308_proj2/build/ee4308_gazebo_plugins' returned '0': CMAKE_PREFIX_PATH=${CMAKE_PREFIX_PATH}:/home/kaeboon/sjtu_drone/install/sjtu_drone_control:/home/kaeboon/sjtu_drone/install/sjtu_drone_bringup:/opt/ros/humble /usr/bin/cmake --install /home/kaeboon/KBoon/ee4308_proj2/build/ee4308_gazebo_plugins
[3.820s] Level 1:colcon.colcon_core.environment:checking '/home/kaeboon/KBoon/ee4308_proj2/install/ee4308_gazebo_plugins' for CMake module files
[3.821s] Level 1:colcon.colcon_core.environment:checking '/home/kaeboon/KBoon/ee4308_proj2/install/ee4308_gazebo_plugins' for CMake config files
[3.821s] Level 1:colcon.colcon_core.shell:create_environment_hook('ee4308_gazebo_plugins', 'cmake_prefix_path')
[3.851s] INFO:colcon.colcon_core.shell:Creating environment hook '/home/kaeboon/KBoon/ee4308_proj2/install/ee4308_gazebo_plugins/share/ee4308_gazebo_plugins/hook/cmake_prefix_path.ps1'
[3.852s] INFO:colcon.colcon_core.shell:Creating environment descriptor '/home/kaeboon/KBoon/ee4308_proj2/install/ee4308_gazebo_plugins/share/ee4308_gazebo_plugins/hook/cmake_prefix_path.dsv'
[3.852s] INFO:colcon.colcon_core.shell:Creating environment hook '/home/kaeboon/KBoon/ee4308_proj2/install/ee4308_gazebo_plugins/share/ee4308_gazebo_plugins/hook/cmake_prefix_path.sh'
[3.853s] Level 1:colcon.colcon_core.environment:checking '/home/kaeboon/KBoon/ee4308_proj2/install/ee4308_gazebo_plugins/lib'
[3.854s] Level 1:colcon.colcon_core.shell:create_environment_hook('ee4308_gazebo_plugins', 'ld_library_path_lib')
[3.887s] INFO:colcon.colcon_core.shell:Creating environment hook '/home/kaeboon/KBoon/ee4308_proj2/install/ee4308_gazebo_plugins/share/ee4308_gazebo_plugins/hook/ld_library_path_lib.ps1'
[3.888s] INFO:colcon.colcon_core.shell:Creating environment descriptor '/home/kaeboon/KBoon/ee4308_proj2/install/ee4308_gazebo_plugins/share/ee4308_gazebo_plugins/hook/ld_library_path_lib.dsv'
[3.889s] INFO:colcon.colcon_core.shell:Creating environment hook '/home/kaeboon/KBoon/ee4308_proj2/install/ee4308_gazebo_plugins/share/ee4308_gazebo_plugins/hook/ld_library_path_lib.sh'
[3.889s] Level 1:colcon.colcon_core.environment:checking '/home/kaeboon/KBoon/ee4308_proj2/install/ee4308_gazebo_plugins/bin'
[3.889s] Level 1:colcon.colcon_core.environment:checking '/home/kaeboon/KBoon/ee4308_proj2/install/ee4308_gazebo_plugins/lib/pkgconfig/ee4308_gazebo_plugins.pc'
[3.890s] Level 1:colcon.colcon_core.environment:checking '/home/kaeboon/KBoon/ee4308_proj2/install/ee4308_gazebo_plugins/lib/python3.10/site-packages'
[3.890s] Level 1:colcon.colcon_core.environment:checking '/home/kaeboon/KBoon/ee4308_proj2/install/ee4308_gazebo_plugins/bin'
[3.918s] INFO:colcon.colcon_core.shell:Creating package script '/home/kaeboon/KBoon/ee4308_proj2/install/ee4308_gazebo_plugins/share/ee4308_gazebo_plugins/package.ps1'
[3.920s] INFO:colcon.colcon_core.shell:Creating package descriptor '/home/kaeboon/KBoon/ee4308_proj2/install/ee4308_gazebo_plugins/share/ee4308_gazebo_plugins/package.dsv'
[3.921s] INFO:colcon.colcon_core.shell:Creating package script '/home/kaeboon/KBoon/ee4308_proj2/install/ee4308_gazebo_plugins/share/ee4308_gazebo_plugins/package.sh'
[3.921s] INFO:colcon.colcon_core.shell:Creating package script '/home/kaeboon/KBoon/ee4308_proj2/install/ee4308_gazebo_plugins/share/ee4308_gazebo_plugins/package.bash'
[3.922s] INFO:colcon.colcon_core.shell:Creating package script '/home/kaeboon/KBoon/ee4308_proj2/install/ee4308_gazebo_plugins/share/ee4308_gazebo_plugins/package.zsh'
[3.923s] Level 1:colcon.colcon_core.environment:create_file_with_runtime_dependencies(/home/kaeboon/KBoon/ee4308_proj2/install/ee4308_gazebo_plugins/share/colcon-core/packages/ee4308_gazebo_plugins)
[3.942s] DEBUG:colcon.colcon_core.event_handler.log_command:Invoked command in '/home/kaeboon/KBoon/ee4308_proj2/build/ee4308_interfaces' returned '0': CMAKE_PREFIX_PATH=${CMAKE_PREFIX_PATH}:/home/kaeboon/sjtu_drone/install/sjtu_drone_control:/home/kaeboon/sjtu_drone/install/sjtu_drone_bringup:/opt/ros/humble /usr/bin/cmake --build /home/kaeboon/KBoon/ee4308_proj2/build/ee4308_interfaces -- -j4 -l4
[4.062s] Level 1:colcon.colcon_core.environment:create_environment_scripts_only(ee4308_gazebo_plugins)
[4.096s] Level 1:colcon.colcon_core.environment:checking '/home/kaeboon/KBoon/ee4308_proj2/install/ee4308_gazebo_plugins' for CMake module files
[4.097s] Level 1:colcon.colcon_core.environment:checking '/home/kaeboon/KBoon/ee4308_proj2/install/ee4308_gazebo_plugins' for CMake config files
[4.098s] Level 1:colcon.colcon_core.shell:create_environment_hook('ee4308_gazebo_plugins', 'cmake_prefix_path')
[4.131s] INFO:colcon.colcon_core.shell:Creating environment hook '/home/kaeboon/KBoon/ee4308_proj2/install/ee4308_gazebo_plugins/share/ee4308_gazebo_plugins/hook/cmake_prefix_path.ps1'
[4.132s] INFO:colcon.colcon_core.shell:Creating environment descriptor '/home/kaeboon/KBoon/ee4308_proj2/install/ee4308_gazebo_plugins/share/ee4308_gazebo_plugins/hook/cmake_prefix_path.dsv'
[4.133s] INFO:colcon.colcon_core.shell:Creating environment hook '/home/kaeboon/KBoon/ee4308_proj2/install/ee4308_gazebo_plugins/share/ee4308_gazebo_plugins/hook/cmake_prefix_path.sh'
[4.134s] Level 1:colcon.colcon_core.environment:checking '/home/kaeboon/KBoon/ee4308_proj2/install/ee4308_gazebo_plugins/lib'
[4.134s] Level 1:colcon.colcon_core.shell:create_environment_hook('ee4308_gazebo_plugins', 'ld_library_path_lib')
[4.170s] INFO:colcon.colcon_core.shell:Creating environment hook '/home/kaeboon/KBoon/ee4308_proj2/install/ee4308_gazebo_plugins/share/ee4308_gazebo_plugins/hook/ld_library_path_lib.ps1'
[4.171s] INFO:colcon.colcon_core.shell:Creating environment descriptor '/home/kaeboon/KBoon/ee4308_proj2/install/ee4308_gazebo_plugins/share/ee4308_gazebo_plugins/hook/ld_library_path_lib.dsv'
[4.173s] INFO:colcon.colcon_core.shell:Creating environment hook '/home/kaeboon/KBoon/ee4308_proj2/install/ee4308_gazebo_plugins/share/ee4308_gazebo_plugins/hook/ld_library_path_lib.sh'
[4.174s] Level 1:colcon.colcon_core.environment:checking '/home/kaeboon/KBoon/ee4308_proj2/install/ee4308_gazebo_plugins/bin'
[4.174s] Level 1:colcon.colcon_core.environment:checking '/home/kaeboon/KBoon/ee4308_proj2/install/ee4308_gazebo_plugins/lib/pkgconfig/ee4308_gazebo_plugins.pc'
[4.174s] Level 1:colcon.colcon_core.environment:checking '/home/kaeboon/KBoon/ee4308_proj2/install/ee4308_gazebo_plugins/lib/python3.10/site-packages'
[4.175s] Level 1:colcon.colcon_core.environment:checking '/home/kaeboon/KBoon/ee4308_proj2/install/ee4308_gazebo_plugins/bin'
[4.215s] INFO:colcon.colcon_core.shell:Creating package script '/home/kaeboon/KBoon/ee4308_proj2/install/ee4308_gazebo_plugins/share/ee4308_gazebo_plugins/package.ps1'
[4.216s] INFO:colcon.colcon_core.shell:Creating package descriptor '/home/kaeboon/KBoon/ee4308_proj2/install/ee4308_gazebo_plugins/share/ee4308_gazebo_plugins/package.dsv'
[4.216s] INFO:colcon.colcon_core.shell:Creating package script '/home/kaeboon/KBoon/ee4308_proj2/install/ee4308_gazebo_plugins/share/ee4308_gazebo_plugins/package.sh'
[4.218s] INFO:colcon.colcon_core.shell:Creating package script '/home/kaeboon/KBoon/ee4308_proj2/install/ee4308_gazebo_plugins/share/ee4308_gazebo_plugins/package.bash'
[4.219s] INFO:colcon.colcon_core.shell:Creating package script '/home/kaeboon/KBoon/ee4308_proj2/install/ee4308_gazebo_plugins/share/ee4308_gazebo_plugins/package.zsh'
[4.220s] Level 1:colcon.colcon_core.environment:create_file_with_runtime_dependencies(/home/kaeboon/KBoon/ee4308_proj2/install/ee4308_gazebo_plugins/share/colcon-core/packages/ee4308_gazebo_plugins)
[4.348s] DEBUG:colcon.colcon_core.event_handler.log_command:Invoking command in '/home/kaeboon/KBoon/ee4308_proj2/build/ee4308_interfaces': CMAKE_PREFIX_PATH=${CMAKE_PREFIX_PATH}:/home/kaeboon/sjtu_drone/install/sjtu_drone_control:/home/kaeboon/sjtu_drone/install/sjtu_drone_bringup:/opt/ros/humble /usr/bin/cmake --install /home/kaeboon/KBoon/ee4308_proj2/build/ee4308_interfaces
[4.493s] Level 1:colcon.colcon_core.environment:create_environment_scripts_only(ee4308_interfaces)
[4.496s] DEBUG:colcon.colcon_core.event_handler.log_command:Invoked command in '/home/kaeboon/KBoon/ee4308_proj2/build/ee4308_interfaces' returned '0': CMAKE_PREFIX_PATH=${CMAKE_PREFIX_PATH}:/home/kaeboon/sjtu_drone/install/sjtu_drone_control:/home/kaeboon/sjtu_drone/install/sjtu_drone_bringup:/opt/ros/humble /usr/bin/cmake --install /home/kaeboon/KBoon/ee4308_proj2/build/ee4308_interfaces
[4.543s] Level 1:colcon.colcon_core.environment:checking '/home/kaeboon/KBoon/ee4308_proj2/install/ee4308_interfaces' for CMake module files
[4.544s] Level 1:colcon.colcon_core.environment:checking '/home/kaeboon/KBoon/ee4308_proj2/install/ee4308_interfaces' for CMake config files
[4.545s] Level 1:colcon.colcon_core.shell:create_environment_hook('ee4308_interfaces', 'cmake_prefix_path')
[4.579s] INFO:colcon.colcon_core.shell:Creating environment hook '/home/kaeboon/KBoon/ee4308_proj2/install/ee4308_interfaces/share/ee4308_interfaces/hook/cmake_prefix_path.ps1'
[4.581s] INFO:colcon.colcon_core.shell:Creating environment descriptor '/home/kaeboon/KBoon/ee4308_proj2/install/ee4308_interfaces/share/ee4308_interfaces/hook/cmake_prefix_path.dsv'
[4.581s] INFO:colcon.colcon_core.shell:Creating environment hook '/home/kaeboon/KBoon/ee4308_proj2/install/ee4308_interfaces/share/ee4308_interfaces/hook/cmake_prefix_path.sh'
[4.583s] Level 1:colcon.colcon_core.environment:checking '/home/kaeboon/KBoon/ee4308_proj2/install/ee4308_interfaces/lib'
[4.583s] Level 1:colcon.colcon_core.shell:create_environment_hook('ee4308_interfaces', 'ld_library_path_lib')
[4.624s] INFO:colcon.colcon_core.shell:Creating environment hook '/home/kaeboon/KBoon/ee4308_proj2/install/ee4308_interfaces/share/ee4308_interfaces/hook/ld_library_path_lib.ps1'
[4.625s] INFO:colcon.colcon_core.shell:Creating environment descriptor '/home/kaeboon/KBoon/ee4308_proj2/install/ee4308_interfaces/share/ee4308_interfaces/hook/ld_library_path_lib.dsv'
[4.626s] INFO:colcon.colcon_core.shell:Creating environment hook '/home/kaeboon/KBoon/ee4308_proj2/install/ee4308_interfaces/share/ee4308_interfaces/hook/ld_library_path_lib.sh'
[4.626s] Level 1:colcon.colcon_core.environment:checking '/home/kaeboon/KBoon/ee4308_proj2/install/ee4308_interfaces/bin'
[4.627s] Level 1:colcon.colcon_core.environment:checking '/home/kaeboon/KBoon/ee4308_proj2/install/ee4308_interfaces/lib/pkgconfig/ee4308_interfaces.pc'
[4.627s] Level 1:colcon.colcon_core.environment:checking '/home/kaeboon/KBoon/ee4308_proj2/install/ee4308_interfaces/lib/python3.10/site-packages'
[4.627s] Level 1:colcon.colcon_core.environment:checking '/home/kaeboon/KBoon/ee4308_proj2/install/ee4308_interfaces/bin'
[4.669s] INFO:colcon.colcon_core.shell:Creating package script '/home/kaeboon/KBoon/ee4308_proj2/install/ee4308_interfaces/share/ee4308_interfaces/package.ps1'
[4.670s] INFO:colcon.colcon_core.shell:Creating package descriptor '/home/kaeboon/KBoon/ee4308_proj2/install/ee4308_interfaces/share/ee4308_interfaces/package.dsv'
[4.671s] INFO:colcon.colcon_core.shell:Creating package script '/home/kaeboon/KBoon/ee4308_proj2/install/ee4308_interfaces/share/ee4308_interfaces/package.sh'
[4.672s] INFO:colcon.colcon_core.shell:Creating package script '/home/kaeboon/KBoon/ee4308_proj2/install/ee4308_interfaces/share/ee4308_interfaces/package.bash'
[4.673s] INFO:colcon.colcon_core.shell:Creating package script '/home/kaeboon/KBoon/ee4308_proj2/install/ee4308_interfaces/share/ee4308_interfaces/package.zsh'
[4.673s] Level 1:colcon.colcon_core.environment:create_file_with_runtime_dependencies(/home/kaeboon/KBoon/ee4308_proj2/install/ee4308_interfaces/share/colcon-core/packages/ee4308_interfaces)
[4.962s] Level 1:colcon.colcon_core.environment:create_environment_scripts_only(ee4308_interfaces)
[5.003s] Level 1:colcon.colcon_core.environment:checking '/home/kaeboon/KBoon/ee4308_proj2/install/ee4308_interfaces' for CMake module files
[5.005s] Level 1:colcon.colcon_core.environment:checking '/home/kaeboon/KBoon/ee4308_proj2/install/ee4308_interfaces' for CMake config files
[5.006s] Level 1:colcon.colcon_core.shell:create_environment_hook('ee4308_interfaces', 'cmake_prefix_path')
[5.057s] INFO:colcon.colcon_core.shell:Creating environment hook '/home/kaeboon/KBoon/ee4308_proj2/install/ee4308_interfaces/share/ee4308_interfaces/hook/cmake_prefix_path.ps1'
[5.057s] INFO:colcon.colcon_core.shell:Creating environment descriptor '/home/kaeboon/KBoon/ee4308_proj2/install/ee4308_interfaces/share/ee4308_interfaces/hook/cmake_prefix_path.dsv'
[5.058s] INFO:colcon.colcon_core.shell:Creating environment hook '/home/kaeboon/KBoon/ee4308_proj2/install/ee4308_interfaces/share/ee4308_interfaces/hook/cmake_prefix_path.sh'
[5.059s] Level 1:colcon.colcon_core.environment:checking '/home/kaeboon/KBoon/ee4308_proj2/install/ee4308_interfaces/lib'
[5.059s] Level 1:colcon.colcon_core.shell:create_environment_hook('ee4308_interfaces', 'ld_library_path_lib')
[5.088s] INFO:colcon.colcon_core.shell:Creating environment hook '/home/kaeboon/KBoon/ee4308_proj2/install/ee4308_interfaces/share/ee4308_interfaces/hook/ld_library_path_lib.ps1'
[5.089s] INFO:colcon.colcon_core.shell:Creating environment descriptor '/home/kaeboon/KBoon/ee4308_proj2/install/ee4308_interfaces/share/ee4308_interfaces/hook/ld_library_path_lib.dsv'
[5.089s] INFO:colcon.colcon_core.shell:Creating environment hook '/home/kaeboon/KBoon/ee4308_proj2/install/ee4308_interfaces/share/ee4308_interfaces/hook/ld_library_path_lib.sh'
[5.090s] Level 1:colcon.colcon_core.environment:checking '/home/kaeboon/KBoon/ee4308_proj2/install/ee4308_interfaces/bin'
[5.090s] Level 1:colcon.colcon_core.environment:checking '/home/kaeboon/KBoon/ee4308_proj2/install/ee4308_interfaces/lib/pkgconfig/ee4308_interfaces.pc'
[5.091s] Level 1:colcon.colcon_core.environment:checking '/home/kaeboon/KBoon/ee4308_proj2/install/ee4308_interfaces/lib/python3.10/site-packages'
[5.091s] Level 1:colcon.colcon_core.environment:checking '/home/kaeboon/KBoon/ee4308_proj2/install/ee4308_interfaces/bin'
[5.119s] INFO:colcon.colcon_core.shell:Creating package script '/home/kaeboon/KBoon/ee4308_proj2/install/ee4308_interfaces/share/ee4308_interfaces/package.ps1'
[5.121s] INFO:colcon.colcon_core.shell:Creating package descriptor '/home/kaeboon/KBoon/ee4308_proj2/install/ee4308_interfaces/share/ee4308_interfaces/package.dsv'
[5.123s] INFO:colcon.colcon_core.shell:Creating package script '/home/kaeboon/KBoon/ee4308_proj2/install/ee4308_interfaces/share/ee4308_interfaces/package.sh'
[5.124s] INFO:colcon.colcon_core.shell:Creating package script '/home/kaeboon/KBoon/ee4308_proj2/install/ee4308_interfaces/share/ee4308_interfaces/package.bash'
[5.125s] INFO:colcon.colcon_core.shell:Creating package script '/home/kaeboon/KBoon/ee4308_proj2/install/ee4308_interfaces/share/ee4308_interfaces/package.zsh'
[5.126s] Level 1:colcon.colcon_core.environment:create_file_with_runtime_dependencies(/home/kaeboon/KBoon/ee4308_proj2/install/ee4308_interfaces/share/colcon-core/packages/ee4308_interfaces)
[5.128s] INFO:colcon.colcon_ros.task.ament_cmake.build:Building ROS package in '/home/kaeboon/KBoon/ee4308_proj2/src/ee4308_drone' with build type 'ament_cmake'
[5.128s] INFO:colcon.colcon_cmake.task.cmake.build:Building CMake package in '/home/kaeboon/KBoon/ee4308_proj2/src/ee4308_drone'
[5.159s] INFO:colcon.colcon_core.shell:Skip shell extension 'powershell' for command environment: Not usable outside of PowerShell
[5.159s] DEBUG:colcon.colcon_core.shell:Skip shell extension 'dsv' for command environment
[5.293s] INFO:colcon.colcon_ros.task.ament_cmake.build:Building ROS package in '/home/kaeboon/KBoon/ee4308_proj2/src/ee4308_turtle' with build type 'ament_cmake'
[5.293s] INFO:colcon.colcon_cmake.task.cmake.build:Building CMake package in '/home/kaeboon/KBoon/ee4308_proj2/src/ee4308_turtle'
[5.332s] INFO:colcon.colcon_core.shell:Skip shell extension 'powershell' for command environment: Not usable outside of PowerShell
[5.333s] DEBUG:colcon.colcon_core.shell:Skip shell extension 'dsv' for command environment
[5.469s] DEBUG:colcon.colcon_core.event_handler.log_command:Invoking command in '/home/kaeboon/KBoon/ee4308_proj2/build/ee4308_drone': CMAKE_PREFIX_PATH=/home/kaeboon/KBoon/ee4308_proj2/install/ee4308_lib:/home/kaeboon/KBoon/ee4308_proj2/install/ee4308_interfaces:/home/kaeboon/sjtu_drone/install/sjtu_drone_description:/home/kaeboon/KBoon/ee4308_proj2/install/ee4308_turtle:/home/kaeboon/KBoon/ee4308_proj2/install/ee4308_drone:/home/kaeboon/KBoon/ee4308_proj2/install/ee4308_gazebo_plugins:/home/kaeboon/KBoon/ee4308_proj2/install/ee4308_bringup:/home/kaeboon/sjtu_drone/install/sjtu_drone_control:/home/kaeboon/sjtu_drone/install/sjtu_drone_bringup:/opt/ros/humble LD_LIBRARY_PATH=/home/kaeboon/KBoon/ee4308_proj2/install/ee4308_interfaces/lib:/home/kaeboon/sjtu_drone/install/sjtu_drone_description/lib:/home/kaeboon/KBoon/ee4308_proj2/install/ee4308_gazebo_plugins/lib:/usr/lib/x86_64-linux-gnu/gazebo-11/plugins:/opt/ros/humble/opt/rviz_ogre_vendor/lib:/opt/ros/humble/lib/x86_64-linux-gnu:/opt/ros/humble/lib:/usr/lib/x86_64-linux-gnu/gazebo-11/plugins:/usr/lib/x86_64-linux-gnu/gazebo-11/plugins:/usr/lib/x86_64-linux-gnu/gazebo-11/plugins:/usr/lib/x86_64-linux-gnu/gazebo-11/plugins:/usr/lib/x86_64-linux-gnu/gazebo-11/plugins:/usr/lib/x86_64-linux-gnu/gazebo-11/plugins:/usr/lib/x86_64-linux-gnu/gazebo-11/plugins:/usr/lib/x86_64-linux-gnu/gazebo-11/plugins:/usr/lib/x86_64-linux-gnu/gazebo-11/plugins:/usr/lib/x86_64-linux-gnu/gazebo-11/plugins:/usr/lib/x86_64-linux-gnu/gazebo-11/plugins:/usr/lib/x86_64-linux-gnu/gazebo-11/plugins:/usr/lib/x86_64-linux-gnu/gazebo-11/plugins:/usr/lib/x86_64-linux-gnu/gazebo-11/plugins:/usr/lib/x86_64-linux-gnu/gazebo-11/plugins:/usr/lib/x86_64-linux-gnu/gazebo-11/plugins:/usr/lib/x86_64-linux-gnu/gazebo-11/plugins:/usr/lib/x86_64-linux-gnu/gazebo-11/plugins:/usr/lib/x86_64-linux-gnu/gazebo-11/plugins:/usr/lib/x86_64-linux-gnu/gazebo-11/plugins:/usr/lib/x86_64-linux-gnu/gazebo-11/plugins:/usr/lib/x86_64-linux-gnu/gazebo-11/plugins:/usr/lib/x86_64-linux-gnu/gazebo-11/plugins:/usr/lib/x86_64-linux-gnu/gazebo-11/plugins:/usr/lib/x86_64-linux-gnu/gazebo-11/plugins:/usr/lib/x86_64-linux-gnu/gazebo-11/plugins:/usr/lib/x86_64-linux-gnu/gazebo-11/plugins:/usr/lib/x86_64-linux-gnu/gazebo-11/plugins:/usr/lib/x86_64-linux-gnu/gazebo-11/plugins:/usr/lib/x86_64-linux-gnu/gazebo-11/plugins:/usr/lib/x86_64-linux-gnu/gazebo-11/plugins:/usr/lib/x86_64-linux-gnu/gazebo-11/plugins:/usr/lib/x86_64-linux-gnu/gazebo-11/plugins:/usr/lib/x86_64-linux-gnu/gazebo-11/plugins:/usr/lib/x86_64-linux-gnu/gazebo-11/plugins:/usr/lib/x86_64-linux-gnu/gazebo-11/plugins:/usr/lib/x86_64-linux-gnu/gazebo-11/plugins:/usr/lib/x86_64-linux-gnu/gazebo-11/plugins:/usr/lib/x86_64-linux-gnu/gazebo-11/plugins:/usr/lib/x86_64-linux-gnu/gazebo-11/plugins:/usr/lib/x86_64-linux-gnu/gazebo-11/plugins:/usr/lib/x86_64-linux-gnu/gazebo-11/plugins:/usr/lib/x86_64-linux-gnu/gazebo-11/plugins:/usr/lib/x86_64-linux-gnu/gazebo-11/plugins:/usr/lib/x86_64-linux-gnu/gazebo-11/plugins /usr/bin/cmake --build /home/kaeboon/KBoon/ee4308_proj2/build/ee4308_drone -- -j4 -l4
[5.488s] DEBUG:colcon.colcon_core.event_handler.log_command:Invoking command in '/home/kaeboon/KBoon/ee4308_proj2/build/ee4308_turtle': CMAKE_PREFIX_PATH=/home/kaeboon/KBoon/ee4308_proj2/install/ee4308_lib:/home/kaeboon/KBoon/ee4308_proj2/install/ee4308_interfaces:/home/kaeboon/sjtu_drone/install/sjtu_drone_description:/home/kaeboon/KBoon/ee4308_proj2/install/ee4308_turtle:/home/kaeboon/KBoon/ee4308_proj2/install/ee4308_drone:/home/kaeboon/KBoon/ee4308_proj2/install/ee4308_gazebo_plugins:/home/kaeboon/KBoon/ee4308_proj2/install/ee4308_bringup:/home/kaeboon/sjtu_drone/install/sjtu_drone_control:/home/kaeboon/sjtu_drone/install/sjtu_drone_bringup:/opt/ros/humble LD_LIBRARY_PATH=/home/kaeboon/KBoon/ee4308_proj2/install/ee4308_interfaces/lib:/home/kaeboon/sjtu_drone/install/sjtu_drone_description/lib:/home/kaeboon/KBoon/ee4308_proj2/install/ee4308_gazebo_plugins/lib:/usr/lib/x86_64-linux-gnu/gazebo-11/plugins:/opt/ros/humble/opt/rviz_ogre_vendor/lib:/opt/ros/humble/lib/x86_64-linux-gnu:/opt/ros/humble/lib:/usr/lib/x86_64-linux-gnu/gazebo-11/plugins:/usr/lib/x86_64-linux-gnu/gazebo-11/plugins:/usr/lib/x86_64-linux-gnu/gazebo-11/plugins:/usr/lib/x86_64-linux-gnu/gazebo-11/plugins:/usr/lib/x86_64-linux-gnu/gazebo-11/plugins:/usr/lib/x86_64-linux-gnu/gazebo-11/plugins:/usr/lib/x86_64-linux-gnu/gazebo-11/plugins:/usr/lib/x86_64-linux-gnu/gazebo-11/plugins:/usr/lib/x86_64-linux-gnu/gazebo-11/plugins:/usr/lib/x86_64-linux-gnu/gazebo-11/plugins:/usr/lib/x86_64-linux-gnu/gazebo-11/plugins:/usr/lib/x86_64-linux-gnu/gazebo-11/plugins:/usr/lib/x86_64-linux-gnu/gazebo-11/plugins:/usr/lib/x86_64-linux-gnu/gazebo-11/plugins:/usr/lib/x86_64-linux-gnu/gazebo-11/plugins:/usr/lib/x86_64-linux-gnu/gazebo-11/plugins:/usr/lib/x86_64-linux-gnu/gazebo-11/plugins:/usr/lib/x86_64-linux-gnu/gazebo-11/plugins:/usr/lib/x86_64-linux-gnu/gazebo-11/plugins:/usr/lib/x86_64-linux-gnu/gazebo-11/plugins:/usr/lib/x86_64-linux-gnu/gazebo-11/plugins:/usr/lib/x86_64-linux-gnu/gazebo-11/plugins:/usr/lib/x86_64-linux-gnu/gazebo-11/plugins:/usr/lib/x86_64-linux-gnu/gazebo-11/plugins:/usr/lib/x86_64-linux-gnu/gazebo-11/plugins:/usr/lib/x86_64-linux-gnu/gazebo-11/plugins:/usr/lib/x86_64-linux-gnu/gazebo-11/plugins:/usr/lib/x86_64-linux-gnu/gazebo-11/plugins:/usr/lib/x86_64-linux-gnu/gazebo-11/plugins:/usr/lib/x86_64-linux-gnu/gazebo-11/plugins:/usr/lib/x86_64-linux-gnu/gazebo-11/plugins:/usr/lib/x86_64-linux-gnu/gazebo-11/plugins:/usr/lib/x86_64-linux-gnu/gazebo-11/plugins:/usr/lib/x86_64-linux-gnu/gazebo-11/plugins:/usr/lib/x86_64-linux-gnu/gazebo-11/plugins:/usr/lib/x86_64-linux-gnu/gazebo-11/plugins:/usr/lib/x86_64-linux-gnu/gazebo-11/plugins:/usr/lib/x86_64-linux-gnu/gazebo-11/plugins:/usr/lib/x86_64-linux-gnu/gazebo-11/plugins:/usr/lib/x86_64-linux-gnu/gazebo-11/plugins:/usr/lib/x86_64-linux-gnu/gazebo-11/plugins:/usr/lib/x86_64-linux-gnu/gazebo-11/plugins:/usr/lib/x86_64-linux-gnu/gazebo-11/plugins:/usr/lib/x86_64-linux-gnu/gazebo-11/plugins:/usr/lib/x86_64-linux-gnu/gazebo-11/plugins /usr/bin/cmake --build /home/kaeboon/KBoon/ee4308_proj2/build/ee4308_turtle -- -j4 -l4
[6.063s] DEBUG:colcon.colcon_core.event_handler.log_command:Invoked command in '/home/kaeboon/KBoon/ee4308_proj2/build/ee4308_turtle' returned '0': CMAKE_PREFIX_PATH=/home/kaeboon/KBoon/ee4308_proj2/install/ee4308_lib:/home/kaeboon/KBoon/ee4308_proj2/install/ee4308_interfaces:/home/kaeboon/sjtu_drone/install/sjtu_drone_description:/home/kaeboon/KBoon/ee4308_proj2/install/ee4308_turtle:/home/kaeboon/KBoon/ee4308_proj2/install/ee4308_drone:/home/kaeboon/KBoon/ee4308_proj2/install/ee4308_gazebo_plugins:/home/kaeboon/KBoon/ee4308_proj2/install/ee4308_bringup:/home/kaeboon/sjtu_drone/install/sjtu_drone_control:/home/kaeboon/sjtu_drone/install/sjtu_drone_bringup:/opt/ros/humble LD_LIBRARY_PATH=/home/kaeboon/KBoon/ee4308_proj2/install/ee4308_interfaces/lib:/home/kaeboon/sjtu_drone/install/sjtu_drone_description/lib:/home/kaeboon/KBoon/ee4308_proj2/install/ee4308_gazebo_plugins/lib:/usr/lib/x86_64-linux-gnu/gazebo-11/plugins:/opt/ros/humble/opt/rviz_ogre_vendor/lib:/opt/ros/humble/lib/x86_64-linux-gnu:/opt/ros/humble/lib:/usr/lib/x86_64-linux-gnu/gazebo-11/plugins:/usr/lib/x86_64-linux-gnu/gazebo-11/plugins:/usr/lib/x86_64-linux-gnu/gazebo-11/plugins:/usr/lib/x86_64-linux-gnu/gazebo-11/plugins:/usr/lib/x86_64-linux-gnu/gazebo-11/plugins:/usr/lib/x86_64-linux-gnu/gazebo-11/plugins:/usr/lib/x86_64-linux-gnu/gazebo-11/plugins:/usr/lib/x86_64-linux-gnu/gazebo-11/plugins:/usr/lib/x86_64-linux-gnu/gazebo-11/plugins:/usr/lib/x86_64-linux-gnu/gazebo-11/plugins:/usr/lib/x86_64-linux-gnu/gazebo-11/plugins:/usr/lib/x86_64-linux-gnu/gazebo-11/plugins:/usr/lib/x86_64-linux-gnu/gazebo-11/plugins:/usr/lib/x86_64-linux-gnu/gazebo-11/plugins:/usr/lib/x86_64-linux-gnu/gazebo-11/plugins:/usr/lib/x86_64-linux-gnu/gazebo-11/plugins:/usr/lib/x86_64-linux-gnu/gazebo-11/plugins:/usr/lib/x86_64-linux-gnu/gazebo-11/plugins:/usr/lib/x86_64-linux-gnu/gazebo-11/plugins:/usr/lib/x86_64-linux-gnu/gazebo-11/plugins:/usr/lib/x86_64-linux-gnu/gazebo-11/plugins:/usr/lib/x86_64-linux-gnu/gazebo-11/plugins:/usr/lib/x86_64-linux-gnu/gazebo-11/plugins:/usr/lib/x86_64-linux-gnu/gazebo-11/plugins:/usr/lib/x86_64-linux-gnu/gazebo-11/plugins:/usr/lib/x86_64-linux-gnu/gazebo-11/plugins:/usr/lib/x86_64-linux-gnu/gazebo-11/plugins:/usr/lib/x86_64-linux-gnu/gazebo-11/plugins:/usr/lib/x86_64-linux-gnu/gazebo-11/plugins:/usr/lib/x86_64-linux-gnu/gazebo-11/plugins:/usr/lib/x86_64-linux-gnu/gazebo-11/plugins:/usr/lib/x86_64-linux-gnu/gazebo-11/plugins:/usr/lib/x86_64-linux-gnu/gazebo-11/plugins:/usr/lib/x86_64-linux-gnu/gazebo-11/plugins:/usr/lib/x86_64-linux-gnu/gazebo-11/plugins:/usr/lib/x86_64-linux-gnu/gazebo-11/plugins:/usr/lib/x86_64-linux-gnu/gazebo-11/plugins:/usr/lib/x86_64-linux-gnu/gazebo-11/plugins:/usr/lib/x86_64-linux-gnu/gazebo-11/plugins:/usr/lib/x86_64-linux-gnu/gazebo-11/plugins:/usr/lib/x86_64-linux-gnu/gazebo-11/plugins:/usr/lib/x86_64-linux-gnu/gazebo-11/plugins:/usr/lib/x86_64-linux-gnu/gazebo-11/plugins:/usr/lib/x86_64-linux-gnu/gazebo-11/plugins:/usr/lib/x86_64-linux-gnu/gazebo-11/plugins /usr/bin/cmake --build /home/kaeboon/KBoon/ee4308_proj2/build/ee4308_turtle -- -j4 -l4
[6.233s] DEBUG:colcon.colcon_core.event_handler.log_command:Invoking command in '/home/kaeboon/KBoon/ee4308_proj2/build/ee4308_turtle': CMAKE_PREFIX_PATH=/home/kaeboon/KBoon/ee4308_proj2/install/ee4308_lib:/home/kaeboon/KBoon/ee4308_proj2/install/ee4308_interfaces:/home/kaeboon/sjtu_drone/install/sjtu_drone_description:/home/kaeboon/KBoon/ee4308_proj2/install/ee4308_turtle:/home/kaeboon/KBoon/ee4308_proj2/install/ee4308_drone:/home/kaeboon/KBoon/ee4308_proj2/install/ee4308_gazebo_plugins:/home/kaeboon/KBoon/ee4308_proj2/install/ee4308_bringup:/home/kaeboon/sjtu_drone/install/sjtu_drone_control:/home/kaeboon/sjtu_drone/install/sjtu_drone_bringup:/opt/ros/humble LD_LIBRARY_PATH=/home/kaeboon/KBoon/ee4308_proj2/install/ee4308_interfaces/lib:/home/kaeboon/sjtu_drone/install/sjtu_drone_description/lib:/home/kaeboon/KBoon/ee4308_proj2/install/ee4308_gazebo_plugins/lib:/usr/lib/x86_64-linux-gnu/gazebo-11/plugins:/opt/ros/humble/opt/rviz_ogre_vendor/lib:/opt/ros/humble/lib/x86_64-linux-gnu:/opt/ros/humble/lib:/usr/lib/x86_64-linux-gnu/gazebo-11/plugins:/usr/lib/x86_64-linux-gnu/gazebo-11/plugins:/usr/lib/x86_64-linux-gnu/gazebo-11/plugins:/usr/lib/x86_64-linux-gnu/gazebo-11/plugins:/usr/lib/x86_64-linux-gnu/gazebo-11/plugins:/usr/lib/x86_64-linux-gnu/gazebo-11/plugins:/usr/lib/x86_64-linux-gnu/gazebo-11/plugins:/usr/lib/x86_64-linux-gnu/gazebo-11/plugins:/usr/lib/x86_64-linux-gnu/gazebo-11/plugins:/usr/lib/x86_64-linux-gnu/gazebo-11/plugins:/usr/lib/x86_64-linux-gnu/gazebo-11/plugins:/usr/lib/x86_64-linux-gnu/gazebo-11/plugins:/usr/lib/x86_64-linux-gnu/gazebo-11/plugins:/usr/lib/x86_64-linux-gnu/gazebo-11/plugins:/usr/lib/x86_64-linux-gnu/gazebo-11/plugins:/usr/lib/x86_64-linux-gnu/gazebo-11/plugins:/usr/lib/x86_64-linux-gnu/gazebo-11/plugins:/usr/lib/x86_64-linux-gnu/gazebo-11/plugins:/usr/lib/x86_64-linux-gnu/gazebo-11/plugins:/usr/lib/x86_64-linux-gnu/gazebo-11/plugins:/usr/lib/x86_64-linux-gnu/gazebo-11/plugins:/usr/lib/x86_64-linux-gnu/gazebo-11/plugins:/usr/lib/x86_64-linux-gnu/gazebo-11/plugins:/usr/lib/x86_64-linux-gnu/gazebo-11/plugins:/usr/lib/x86_64-linux-gnu/gazebo-11/plugins:/usr/lib/x86_64-linux-gnu/gazebo-11/plugins:/usr/lib/x86_64-linux-gnu/gazebo-11/plugins:/usr/lib/x86_64-linux-gnu/gazebo-11/plugins:/usr/lib/x86_64-linux-gnu/gazebo-11/plugins:/usr/lib/x86_64-linux-gnu/gazebo-11/plugins:/usr/lib/x86_64-linux-gnu/gazebo-11/plugins:/usr/lib/x86_64-linux-gnu/gazebo-11/plugins:/usr/lib/x86_64-linux-gnu/gazebo-11/plugins:/usr/lib/x86_64-linux-gnu/gazebo-11/plugins:/usr/lib/x86_64-linux-gnu/gazebo-11/plugins:/usr/lib/x86_64-linux-gnu/gazebo-11/plugins:/usr/lib/x86_64-linux-gnu/gazebo-11/plugins:/usr/lib/x86_64-linux-gnu/gazebo-11/plugins:/usr/lib/x86_64-linux-gnu/gazebo-11/plugins:/usr/lib/x86_64-linux-gnu/gazebo-11/plugins:/usr/lib/x86_64-linux-gnu/gazebo-11/plugins:/usr/lib/x86_64-linux-gnu/gazebo-11/plugins:/usr/lib/x86_64-linux-gnu/gazebo-11/plugins:/usr/lib/x86_64-linux-gnu/gazebo-11/plugins:/usr/lib/x86_64-linux-gnu/gazebo-11/plugins /usr/bin/cmake --install /home/kaeboon/KBoon/ee4308_proj2/build/ee4308_turtle
[6.297s] Level 1:colcon.colcon_core.environment:create_environment_scripts_only(ee4308_turtle)
[6.298s] DEBUG:colcon.colcon_core.event_handler.log_command:Invoked command in '/home/kaeboon/KBoon/ee4308_proj2/build/ee4308_turtle' returned '0': CMAKE_PREFIX_PATH=/home/kaeboon/KBoon/ee4308_proj2/install/ee4308_lib:/home/kaeboon/KBoon/ee4308_proj2/install/ee4308_interfaces:/home/kaeboon/sjtu_drone/install/sjtu_drone_description:/home/kaeboon/KBoon/ee4308_proj2/install/ee4308_turtle:/home/kaeboon/KBoon/ee4308_proj2/install/ee4308_drone:/home/kaeboon/KBoon/ee4308_proj2/install/ee4308_gazebo_plugins:/home/kaeboon/KBoon/ee4308_proj2/install/ee4308_bringup:/home/kaeboon/sjtu_drone/install/sjtu_drone_control:/home/kaeboon/sjtu_drone/install/sjtu_drone_bringup:/opt/ros/humble LD_LIBRARY_PATH=/home/kaeboon/KBoon/ee4308_proj2/install/ee4308_interfaces/lib:/home/kaeboon/sjtu_drone/install/sjtu_drone_description/lib:/home/kaeboon/KBoon/ee4308_proj2/install/ee4308_gazebo_plugins/lib:/usr/lib/x86_64-linux-gnu/gazebo-11/plugins:/opt/ros/humble/opt/rviz_ogre_vendor/lib:/opt/ros/humble/lib/x86_64-linux-gnu:/opt/ros/humble/lib:/usr/lib/x86_64-linux-gnu/gazebo-11/plugins:/usr/lib/x86_64-linux-gnu/gazebo-11/plugins:/usr/lib/x86_64-linux-gnu/gazebo-11/plugins:/usr/lib/x86_64-linux-gnu/gazebo-11/plugins:/usr/lib/x86_64-linux-gnu/gazebo-11/plugins:/usr/lib/x86_64-linux-gnu/gazebo-11/plugins:/usr/lib/x86_64-linux-gnu/gazebo-11/plugins:/usr/lib/x86_64-linux-gnu/gazebo-11/plugins:/usr/lib/x86_64-linux-gnu/gazebo-11/plugins:/usr/lib/x86_64-linux-gnu/gazebo-11/plugins:/usr/lib/x86_64-linux-gnu/gazebo-11/plugins:/usr/lib/x86_64-linux-gnu/gazebo-11/plugins:/usr/lib/x86_64-linux-gnu/gazebo-11/plugins:/usr/lib/x86_64-linux-gnu/gazebo-11/plugins:/usr/lib/x86_64-linux-gnu/gazebo-11/plugins:/usr/lib/x86_64-linux-gnu/gazebo-11/plugins:/usr/lib/x86_64-linux-gnu/gazebo-11/plugins:/usr/lib/x86_64-linux-gnu/gazebo-11/plugins:/usr/lib/x86_64-linux-gnu/gazebo-11/plugins:/usr/lib/x86_64-linux-gnu/gazebo-11/plugins:/usr/lib/x86_64-linux-gnu/gazebo-11/plugins:/usr/lib/x86_64-linux-gnu/gazebo-11/plugins:/usr/lib/x86_64-linux-gnu/gazebo-11/plugins:/usr/lib/x86_64-linux-gnu/gazebo-11/plugins:/usr/lib/x86_64-linux-gnu/gazebo-11/plugins:/usr/lib/x86_64-linux-gnu/gazebo-11/plugins:/usr/lib/x86_64-linux-gnu/gazebo-11/plugins:/usr/lib/x86_64-linux-gnu/gazebo-11/plugins:/usr/lib/x86_64-linux-gnu/gazebo-11/plugins:/usr/lib/x86_64-linux-gnu/gazebo-11/plugins:/usr/lib/x86_64-linux-gnu/gazebo-11/plugins:/usr/lib/x86_64-linux-gnu/gazebo-11/plugins:/usr/lib/x86_64-linux-gnu/gazebo-11/plugins:/usr/lib/x86_64-linux-gnu/gazebo-11/plugins:/usr/lib/x86_64-linux-gnu/gazebo-11/plugins:/usr/lib/x86_64-linux-gnu/gazebo-11/plugins:/usr/lib/x86_64-linux-gnu/gazebo-11/plugins:/usr/lib/x86_64-linux-gnu/gazebo-11/plugins:/usr/lib/x86_64-linux-gnu/gazebo-11/plugins:/usr/lib/x86_64-linux-gnu/gazebo-11/plugins:/usr/lib/x86_64-linux-gnu/gazebo-11/plugins:/usr/lib/x86_64-linux-gnu/gazebo-11/plugins:/usr/lib/x86_64-linux-gnu/gazebo-11/plugins:/usr/lib/x86_64-linux-gnu/gazebo-11/plugins:/usr/lib/x86_64-linux-gnu/gazebo-11/plugins /usr/bin/cmake --install /home/kaeboon/KBoon/ee4308_proj2/build/ee4308_turtle
[6.362s] Level 1:colcon.colcon_core.environment:checking '/home/kaeboon/KBoon/ee4308_proj2/install/ee4308_turtle' for CMake module files
[6.363s] Level 1:colcon.colcon_core.environment:checking '/home/kaeboon/KBoon/ee4308_proj2/install/ee4308_turtle' for CMake config files
[6.364s] Level 1:colcon.colcon_core.shell:create_environment_hook('ee4308_turtle', 'cmake_prefix_path')
[6.409s] INFO:colcon.colcon_core.shell:Creating environment hook '/home/kaeboon/KBoon/ee4308_proj2/install/ee4308_turtle/share/ee4308_turtle/hook/cmake_prefix_path.ps1'
[6.410s] INFO:colcon.colcon_core.shell:Creating environment descriptor '/home/kaeboon/KBoon/ee4308_proj2/install/ee4308_turtle/share/ee4308_turtle/hook/cmake_prefix_path.dsv'
[6.413s] INFO:colcon.colcon_core.shell:Creating environment hook '/home/kaeboon/KBoon/ee4308_proj2/install/ee4308_turtle/share/ee4308_turtle/hook/cmake_prefix_path.sh'
[6.427s] Level 1:colcon.colcon_core.environment:checking '/home/kaeboon/KBoon/ee4308_proj2/install/ee4308_turtle/lib'
[6.427s] Level 1:colcon.colcon_core.environment:checking '/home/kaeboon/KBoon/ee4308_proj2/install/ee4308_turtle/bin'
[6.427s] Level 1:colcon.colcon_core.environment:checking '/home/kaeboon/KBoon/ee4308_proj2/install/ee4308_turtle/lib/pkgconfig/ee4308_turtle.pc'
[6.428s] Level 1:colcon.colcon_core.environment:checking '/home/kaeboon/KBoon/ee4308_proj2/install/ee4308_turtle/lib/python3.10/site-packages'
[6.428s] Level 1:colcon.colcon_core.environment:checking '/home/kaeboon/KBoon/ee4308_proj2/install/ee4308_turtle/bin'
[6.478s] INFO:colcon.colcon_core.shell:Creating package script '/home/kaeboon/KBoon/ee4308_proj2/install/ee4308_turtle/share/ee4308_turtle/package.ps1'
[6.481s] INFO:colcon.colcon_core.shell:Creating package descriptor '/home/kaeboon/KBoon/ee4308_proj2/install/ee4308_turtle/share/ee4308_turtle/package.dsv'
[6.483s] INFO:colcon.colcon_core.shell:Creating package script '/home/kaeboon/KBoon/ee4308_proj2/install/ee4308_turtle/share/ee4308_turtle/package.sh'
[6.484s] INFO:colcon.colcon_core.shell:Creating package script '/home/kaeboon/KBoon/ee4308_proj2/install/ee4308_turtle/share/ee4308_turtle/package.bash'
[6.485s] INFO:colcon.colcon_core.shell:Creating package script '/home/kaeboon/KBoon/ee4308_proj2/install/ee4308_turtle/share/ee4308_turtle/package.zsh'
[6.485s] Level 1:colcon.colcon_core.environment:create_file_with_runtime_dependencies(/home/kaeboon/KBoon/ee4308_proj2/install/ee4308_turtle/share/colcon-core/packages/ee4308_turtle)
[6.803s] Level 1:colcon.colcon_core.environment:create_environment_scripts_only(ee4308_turtle)
[6.856s] Level 1:colcon.colcon_core.environment:checking '/home/kaeboon/KBoon/ee4308_proj2/install/ee4308_turtle' for CMake module files
[6.863s] Level 1:colcon.colcon_core.environment:checking '/home/kaeboon/KBoon/ee4308_proj2/install/ee4308_turtle' for CMake config files
[6.864s] Level 1:colcon.colcon_core.shell:create_environment_hook('ee4308_turtle', 'cmake_prefix_path')
[6.919s] INFO:colcon.colcon_core.shell:Creating environment hook '/home/kaeboon/KBoon/ee4308_proj2/install/ee4308_turtle/share/ee4308_turtle/hook/cmake_prefix_path.ps1'
[6.920s] INFO:colcon.colcon_core.shell:Creating environment descriptor '/home/kaeboon/KBoon/ee4308_proj2/install/ee4308_turtle/share/ee4308_turtle/hook/cmake_prefix_path.dsv'
[6.921s] INFO:colcon.colcon_core.shell:Creating environment hook '/home/kaeboon/KBoon/ee4308_proj2/install/ee4308_turtle/share/ee4308_turtle/hook/cmake_prefix_path.sh'
[6.921s] Level 1:colcon.colcon_core.environment:checking '/home/kaeboon/KBoon/ee4308_proj2/install/ee4308_turtle/lib'
[6.922s] Level 1:colcon.colcon_core.environment:checking '/home/kaeboon/KBoon/ee4308_proj2/install/ee4308_turtle/bin'
[6.922s] Level 1:colcon.colcon_core.environment:checking '/home/kaeboon/KBoon/ee4308_proj2/install/ee4308_turtle/lib/pkgconfig/ee4308_turtle.pc'
[6.922s] Level 1:colcon.colcon_core.environment:checking '/home/kaeboon/KBoon/ee4308_proj2/install/ee4308_turtle/lib/python3.10/site-packages'
[6.922s] Level 1:colcon.colcon_core.environment:checking '/home/kaeboon/KBoon/ee4308_proj2/install/ee4308_turtle/bin'
[6.962s] INFO:colcon.colcon_core.shell:Creating package script '/home/kaeboon/KBoon/ee4308_proj2/install/ee4308_turtle/share/ee4308_turtle/package.ps1'
[6.964s] INFO:colcon.colcon_core.shell:Creating package descriptor '/home/kaeboon/KBoon/ee4308_proj2/install/ee4308_turtle/share/ee4308_turtle/package.dsv'
[6.965s] INFO:colcon.colcon_core.shell:Creating package script '/home/kaeboon/KBoon/ee4308_proj2/install/ee4308_turtle/share/ee4308_turtle/package.sh'
[6.967s] INFO:colcon.colcon_core.shell:Creating package script '/home/kaeboon/KBoon/ee4308_proj2/install/ee4308_turtle/share/ee4308_turtle/package.bash'
[6.968s] INFO:colcon.colcon_core.shell:Creating package script '/home/kaeboon/KBoon/ee4308_proj2/install/ee4308_turtle/share/ee4308_turtle/package.zsh'
[6.970s] Level 1:colcon.colcon_core.environment:create_file_with_runtime_dependencies(/home/kaeboon/KBoon/ee4308_proj2/install/ee4308_turtle/share/colcon-core/packages/ee4308_turtle)
[24.463s] DEBUG:colcon.colcon_core.event_handler.log_command:Invoked command in '/home/kaeboon/KBoon/ee4308_proj2/build/ee4308_drone' returned '0': CMAKE_PREFIX_PATH=/home/kaeboon/KBoon/ee4308_proj2/install/ee4308_lib:/home/kaeboon/KBoon/ee4308_proj2/install/ee4308_interfaces:/home/kaeboon/sjtu_drone/install/sjtu_drone_description:/home/kaeboon/KBoon/ee4308_proj2/install/ee4308_turtle:/home/kaeboon/KBoon/ee4308_proj2/install/ee4308_drone:/home/kaeboon/KBoon/ee4308_proj2/install/ee4308_gazebo_plugins:/home/kaeboon/KBoon/ee4308_proj2/install/ee4308_bringup:/home/kaeboon/sjtu_drone/install/sjtu_drone_control:/home/kaeboon/sjtu_drone/install/sjtu_drone_bringup:/opt/ros/humble LD_LIBRARY_PATH=/home/kaeboon/KBoon/ee4308_proj2/install/ee4308_interfaces/lib:/home/kaeboon/sjtu_drone/install/sjtu_drone_description/lib:/home/kaeboon/KBoon/ee4308_proj2/install/ee4308_gazebo_plugins/lib:/usr/lib/x86_64-linux-gnu/gazebo-11/plugins:/opt/ros/humble/opt/rviz_ogre_vendor/lib:/opt/ros/humble/lib/x86_64-linux-gnu:/opt/ros/humble/lib:/usr/lib/x86_64-linux-gnu/gazebo-11/plugins:/usr/lib/x86_64-linux-gnu/gazebo-11/plugins:/usr/lib/x86_64-linux-gnu/gazebo-11/plugins:/usr/lib/x86_64-linux-gnu/gazebo-11/plugins:/usr/lib/x86_64-linux-gnu/gazebo-11/plugins:/usr/lib/x86_64-linux-gnu/gazebo-11/plugins:/usr/lib/x86_64-linux-gnu/gazebo-11/plugins:/usr/lib/x86_64-linux-gnu/gazebo-11/plugins:/usr/lib/x86_64-linux-gnu/gazebo-11/plugins:/usr/lib/x86_64-linux-gnu/gazebo-11/plugins:/usr/lib/x86_64-linux-gnu/gazebo-11/plugins:/usr/lib/x86_64-linux-gnu/gazebo-11/plugins:/usr/lib/x86_64-linux-gnu/gazebo-11/plugins:/usr/lib/x86_64-linux-gnu/gazebo-11/plugins:/usr/lib/x86_64-linux-gnu/gazebo-11/plugins:/usr/lib/x86_64-linux-gnu/gazebo-11/plugins:/usr/lib/x86_64-linux-gnu/gazebo-11/plugins:/usr/lib/x86_64-linux-gnu/gazebo-11/plugins:/usr/lib/x86_64-linux-gnu/gazebo-11/plugins:/usr/lib/x86_64-linux-gnu/gazebo-11/plugins:/usr/lib/x86_64-linux-gnu/gazebo-11/plugins:/usr/lib/x86_64-linux-gnu/gazebo-11/plugins:/usr/lib/x86_64-linux-gnu/gazebo-11/plugins:/usr/lib/x86_64-linux-gnu/gazebo-11/plugins:/usr/lib/x86_64-linux-gnu/gazebo-11/plugins:/usr/lib/x86_64-linux-gnu/gazebo-11/plugins:/usr/lib/x86_64-linux-gnu/gazebo-11/plugins:/usr/lib/x86_64-linux-gnu/gazebo-11/plugins:/usr/lib/x86_64-linux-gnu/gazebo-11/plugins:/usr/lib/x86_64-linux-gnu/gazebo-11/plugins:/usr/lib/x86_64-linux-gnu/gazebo-11/plugins:/usr/lib/x86_64-linux-gnu/gazebo-11/plugins:/usr/lib/x86_64-linux-gnu/gazebo-11/plugins:/usr/lib/x86_64-linux-gnu/gazebo-11/plugins:/usr/lib/x86_64-linux-gnu/gazebo-11/plugins:/usr/lib/x86_64-linux-gnu/gazebo-11/plugins:/usr/lib/x86_64-linux-gnu/gazebo-11/plugins:/usr/lib/x86_64-linux-gnu/gazebo-11/plugins:/usr/lib/x86_64-linux-gnu/gazebo-11/plugins:/usr/lib/x86_64-linux-gnu/gazebo-11/plugins:/usr/lib/x86_64-linux-gnu/gazebo-11/plugins:/usr/lib/x86_64-linux-gnu/gazebo-11/plugins:/usr/lib/x86_64-linux-gnu/gazebo-11/plugins:/usr/lib/x86_64-linux-gnu/gazebo-11/plugins:/usr/lib/x86_64-linux-gnu/gazebo-11/plugins /usr/bin/cmake --build /home/kaeboon/KBoon/ee4308_proj2/build/ee4308_drone -- -j4 -l4
[24.510s] DEBUG:colcon.colcon_core.event_handler.log_command:Invoking command in '/home/kaeboon/KBoon/ee4308_proj2/build/ee4308_drone': CMAKE_PREFIX_PATH=/home/kaeboon/KBoon/ee4308_proj2/install/ee4308_lib:/home/kaeboon/KBoon/ee4308_proj2/install/ee4308_interfaces:/home/kaeboon/sjtu_drone/install/sjtu_drone_description:/home/kaeboon/KBoon/ee4308_proj2/install/ee4308_turtle:/home/kaeboon/KBoon/ee4308_proj2/install/ee4308_drone:/home/kaeboon/KBoon/ee4308_proj2/install/ee4308_gazebo_plugins:/home/kaeboon/KBoon/ee4308_proj2/install/ee4308_bringup:/home/kaeboon/sjtu_drone/install/sjtu_drone_control:/home/kaeboon/sjtu_drone/install/sjtu_drone_bringup:/opt/ros/humble LD_LIBRARY_PATH=/home/kaeboon/KBoon/ee4308_proj2/install/ee4308_interfaces/lib:/home/kaeboon/sjtu_drone/install/sjtu_drone_description/lib:/home/kaeboon/KBoon/ee4308_proj2/install/ee4308_gazebo_plugins/lib:/usr/lib/x86_64-linux-gnu/gazebo-11/plugins:/opt/ros/humble/opt/rviz_ogre_vendor/lib:/opt/ros/humble/lib/x86_64-linux-gnu:/opt/ros/humble/lib:/usr/lib/x86_64-linux-gnu/gazebo-11/plugins:/usr/lib/x86_64-linux-gnu/gazebo-11/plugins:/usr/lib/x86_64-linux-gnu/gazebo-11/plugins:/usr/lib/x86_64-linux-gnu/gazebo-11/plugins:/usr/lib/x86_64-linux-gnu/gazebo-11/plugins:/usr/lib/x86_64-linux-gnu/gazebo-11/plugins:/usr/lib/x86_64-linux-gnu/gazebo-11/plugins:/usr/lib/x86_64-linux-gnu/gazebo-11/plugins:/usr/lib/x86_64-linux-gnu/gazebo-11/plugins:/usr/lib/x86_64-linux-gnu/gazebo-11/plugins:/usr/lib/x86_64-linux-gnu/gazebo-11/plugins:/usr/lib/x86_64-linux-gnu/gazebo-11/plugins:/usr/lib/x86_64-linux-gnu/gazebo-11/plugins:/usr/lib/x86_64-linux-gnu/gazebo-11/plugins:/usr/lib/x86_64-linux-gnu/gazebo-11/plugins:/usr/lib/x86_64-linux-gnu/gazebo-11/plugins:/usr/lib/x86_64-linux-gnu/gazebo-11/plugins:/usr/lib/x86_64-linux-gnu/gazebo-11/plugins:/usr/lib/x86_64-linux-gnu/gazebo-11/plugins:/usr/lib/x86_64-linux-gnu/gazebo-11/plugins:/usr/lib/x86_64-linux-gnu/gazebo-11/plugins:/usr/lib/x86_64-linux-gnu/gazebo-11/plugins:/usr/lib/x86_64-linux-gnu/gazebo-11/plugins:/usr/lib/x86_64-linux-gnu/gazebo-11/plugins:/usr/lib/x86_64-linux-gnu/gazebo-11/plugins:/usr/lib/x86_64-linux-gnu/gazebo-11/plugins:/usr/lib/x86_64-linux-gnu/gazebo-11/plugins:/usr/lib/x86_64-linux-gnu/gazebo-11/plugins:/usr/lib/x86_64-linux-gnu/gazebo-11/plugins:/usr/lib/x86_64-linux-gnu/gazebo-11/plugins:/usr/lib/x86_64-linux-gnu/gazebo-11/plugins:/usr/lib/x86_64-linux-gnu/gazebo-11/plugins:/usr/lib/x86_64-linux-gnu/gazebo-11/plugins:/usr/lib/x86_64-linux-gnu/gazebo-11/plugins:/usr/lib/x86_64-linux-gnu/gazebo-11/plugins:/usr/lib/x86_64-linux-gnu/gazebo-11/plugins:/usr/lib/x86_64-linux-gnu/gazebo-11/plugins:/usr/lib/x86_64-linux-gnu/gazebo-11/plugins:/usr/lib/x86_64-linux-gnu/gazebo-11/plugins:/usr/lib/x86_64-linux-gnu/gazebo-11/plugins:/usr/lib/x86_64-linux-gnu/gazebo-11/plugins:/usr/lib/x86_64-linux-gnu/gazebo-11/plugins:/usr/lib/x86_64-linux-gnu/gazebo-11/plugins:/usr/lib/x86_64-linux-gnu/gazebo-11/plugins:/usr/lib/x86_64-linux-gnu/gazebo-11/plugins /usr/bin/cmake --install /home/kaeboon/KBoon/ee4308_proj2/build/ee4308_drone
[24.539s] Level 1:colcon.colcon_core.environment:create_environment_scripts_only(ee4308_drone)
[24.539s] DEBUG:colcon.colcon_core.event_handler.log_command:Invoked command in '/home/kaeboon/KBoon/ee4308_proj2/build/ee4308_drone' returned '0': CMAKE_PREFIX_PATH=/home/kaeboon/KBoon/ee4308_proj2/install/ee4308_lib:/home/kaeboon/KBoon/ee4308_proj2/install/ee4308_interfaces:/home/kaeboon/sjtu_drone/install/sjtu_drone_description:/home/kaeboon/KBoon/ee4308_proj2/install/ee4308_turtle:/home/kaeboon/KBoon/ee4308_proj2/install/ee4308_drone:/home/kaeboon/KBoon/ee4308_proj2/install/ee4308_gazebo_plugins:/home/kaeboon/KBoon/ee4308_proj2/install/ee4308_bringup:/home/kaeboon/sjtu_drone/install/sjtu_drone_control:/home/kaeboon/sjtu_drone/install/sjtu_drone_bringup:/opt/ros/humble LD_LIBRARY_PATH=/home/kaeboon/KBoon/ee4308_proj2/install/ee4308_interfaces/lib:/home/kaeboon/sjtu_drone/install/sjtu_drone_description/lib:/home/kaeboon/KBoon/ee4308_proj2/install/ee4308_gazebo_plugins/lib:/usr/lib/x86_64-linux-gnu/gazebo-11/plugins:/opt/ros/humble/opt/rviz_ogre_vendor/lib:/opt/ros/humble/lib/x86_64-linux-gnu:/opt/ros/humble/lib:/usr/lib/x86_64-linux-gnu/gazebo-11/plugins:/usr/lib/x86_64-linux-gnu/gazebo-11/plugins:/usr/lib/x86_64-linux-gnu/gazebo-11/plugins:/usr/lib/x86_64-linux-gnu/gazebo-11/plugins:/usr/lib/x86_64-linux-gnu/gazebo-11/plugins:/usr/lib/x86_64-linux-gnu/gazebo-11/plugins:/usr/lib/x86_64-linux-gnu/gazebo-11/plugins:/usr/lib/x86_64-linux-gnu/gazebo-11/plugins:/usr/lib/x86_64-linux-gnu/gazebo-11/plugins:/usr/lib/x86_64-linux-gnu/gazebo-11/plugins:/usr/lib/x86_64-linux-gnu/gazebo-11/plugins:/usr/lib/x86_64-linux-gnu/gazebo-11/plugins:/usr/lib/x86_64-linux-gnu/gazebo-11/plugins:/usr/lib/x86_64-linux-gnu/gazebo-11/plugins:/usr/lib/x86_64-linux-gnu/gazebo-11/plugins:/usr/lib/x86_64-linux-gnu/gazebo-11/plugins:/usr/lib/x86_64-linux-gnu/gazebo-11/plugins:/usr/lib/x86_64-linux-gnu/gazebo-11/plugins:/usr/lib/x86_64-linux-gnu/gazebo-11/plugins:/usr/lib/x86_64-linux-gnu/gazebo-11/plugins:/usr/lib/x86_64-linux-gnu/gazebo-11/plugins:/usr/lib/x86_64-linux-gnu/gazebo-11/plugins:/usr/lib/x86_64-linux-gnu/gazebo-11/plugins:/usr/lib/x86_64-linux-gnu/gazebo-11/plugins:/usr/lib/x86_64-linux-gnu/gazebo-11/plugins:/usr/lib/x86_64-linux-gnu/gazebo-11/plugins:/usr/lib/x86_64-linux-gnu/gazebo-11/plugins:/usr/lib/x86_64-linux-gnu/gazebo-11/plugins:/usr/lib/x86_64-linux-gnu/gazebo-11/plugins:/usr/lib/x86_64-linux-gnu/gazebo-11/plugins:/usr/lib/x86_64-linux-gnu/gazebo-11/plugins:/usr/lib/x86_64-linux-gnu/gazebo-11/plugins:/usr/lib/x86_64-linux-gnu/gazebo-11/plugins:/usr/lib/x86_64-linux-gnu/gazebo-11/plugins:/usr/lib/x86_64-linux-gnu/gazebo-11/plugins:/usr/lib/x86_64-linux-gnu/gazebo-11/plugins:/usr/lib/x86_64-linux-gnu/gazebo-11/plugins:/usr/lib/x86_64-linux-gnu/gazebo-11/plugins:/usr/lib/x86_64-linux-gnu/gazebo-11/plugins:/usr/lib/x86_64-linux-gnu/gazebo-11/plugins:/usr/lib/x86_64-linux-gnu/gazebo-11/plugins:/usr/lib/x86_64-linux-gnu/gazebo-11/plugins:/usr/lib/x86_64-linux-gnu/gazebo-11/plugins:/usr/lib/x86_64-linux-gnu/gazebo-11/plugins:/usr/lib/x86_64-linux-gnu/gazebo-11/plugins /usr/bin/cmake --install /home/kaeboon/KBoon/ee4308_proj2/build/ee4308_drone
[24.558s] Level 1:colcon.colcon_core.environment:checking '/home/kaeboon/KBoon/ee4308_proj2/install/ee4308_drone' for CMake module files
[24.559s] Level 1:colcon.colcon_core.environment:checking '/home/kaeboon/KBoon/ee4308_proj2/install/ee4308_drone' for CMake config files
[24.560s] Level 1:colcon.colcon_core.shell:create_environment_hook('ee4308_drone', 'cmake_prefix_path')
[24.577s] INFO:colcon.colcon_core.shell:Creating environment hook '/home/kaeboon/KBoon/ee4308_proj2/install/ee4308_drone/share/ee4308_drone/hook/cmake_prefix_path.ps1'
[24.578s] INFO:colcon.colcon_core.shell:Creating environment descriptor '/home/kaeboon/KBoon/ee4308_proj2/install/ee4308_drone/share/ee4308_drone/hook/cmake_prefix_path.dsv'
[24.578s] INFO:colcon.colcon_core.shell:Creating environment hook '/home/kaeboon/KBoon/ee4308_proj2/install/ee4308_drone/share/ee4308_drone/hook/cmake_prefix_path.sh'
[24.579s] Level 1:colcon.colcon_core.environment:checking '/home/kaeboon/KBoon/ee4308_proj2/install/ee4308_drone/lib'
[24.579s] Level 1:colcon.colcon_core.environment:checking '/home/kaeboon/KBoon/ee4308_proj2/install/ee4308_drone/bin'
[24.579s] Level 1:colcon.colcon_core.environment:checking '/home/kaeboon/KBoon/ee4308_proj2/install/ee4308_drone/lib/pkgconfig/ee4308_drone.pc'
[24.579s] Level 1:colcon.colcon_core.environment:checking '/home/kaeboon/KBoon/ee4308_proj2/install/ee4308_drone/lib/python3.10/site-packages'
[24.579s] Level 1:colcon.colcon_core.environment:checking '/home/kaeboon/KBoon/ee4308_proj2/install/ee4308_drone/bin'
[24.594s] INFO:colcon.colcon_core.shell:Creating package script '/home/kaeboon/KBoon/ee4308_proj2/install/ee4308_drone/share/ee4308_drone/package.ps1'
[24.596s] INFO:colcon.colcon_core.shell:Creating package descriptor '/home/kaeboon/KBoon/ee4308_proj2/install/ee4308_drone/share/ee4308_drone/package.dsv'
[24.596s] INFO:colcon.colcon_core.shell:Creating package script '/home/kaeboon/KBoon/ee4308_proj2/install/ee4308_drone/share/ee4308_drone/package.sh'
[24.597s] INFO:colcon.colcon_core.shell:Creating package script '/home/kaeboon/KBoon/ee4308_proj2/install/ee4308_drone/share/ee4308_drone/package.bash'
[24.597s] INFO:colcon.colcon_core.shell:Creating package script '/home/kaeboon/KBoon/ee4308_proj2/install/ee4308_drone/share/ee4308_drone/package.zsh'
[24.597s] Level 1:colcon.colcon_core.environment:create_file_with_runtime_dependencies(/home/kaeboon/KBoon/ee4308_proj2/install/ee4308_drone/share/colcon-core/packages/ee4308_drone)
[24.669s] Level 1:colcon.colcon_core.environment:create_environment_scripts_only(ee4308_drone)
[24.695s] Level 1:colcon.colcon_core.environment:checking '/home/kaeboon/KBoon/ee4308_proj2/install/ee4308_drone' for CMake module files
[24.697s] Level 1:colcon.colcon_core.environment:checking '/home/kaeboon/KBoon/ee4308_proj2/install/ee4308_drone' for CMake config files
[24.698s] Level 1:colcon.colcon_core.shell:create_environment_hook('ee4308_drone', 'cmake_prefix_path')
[24.724s] INFO:colcon.colcon_core.shell:Creating environment hook '/home/kaeboon/KBoon/ee4308_proj2/install/ee4308_drone/share/ee4308_drone/hook/cmake_prefix_path.ps1'
[24.725s] INFO:colcon.colcon_core.shell:Creating environment descriptor '/home/kaeboon/KBoon/ee4308_proj2/install/ee4308_drone/share/ee4308_drone/hook/cmake_prefix_path.dsv'
[24.725s] INFO:colcon.colcon_core.shell:Creating environment hook '/home/kaeboon/KBoon/ee4308_proj2/install/ee4308_drone/share/ee4308_drone/hook/cmake_prefix_path.sh'
[24.727s] Level 1:colcon.colcon_core.environment:checking '/home/kaeboon/KBoon/ee4308_proj2/install/ee4308_drone/lib'
[24.727s] Level 1:colcon.colcon_core.environment:checking '/home/kaeboon/KBoon/ee4308_proj2/install/ee4308_drone/bin'
[24.727s] Level 1:colcon.colcon_core.environment:checking '/home/kaeboon/KBoon/ee4308_proj2/install/ee4308_drone/lib/pkgconfig/ee4308_drone.pc'
[24.727s] Level 1:colcon.colcon_core.environment:checking '/home/kaeboon/KBoon/ee4308_proj2/install/ee4308_drone/lib/python3.10/site-packages'
[24.727s] Level 1:colcon.colcon_core.environment:checking '/home/kaeboon/KBoon/ee4308_proj2/install/ee4308_drone/bin'
[24.757s] INFO:colcon.colcon_core.shell:Creating package script '/home/kaeboon/KBoon/ee4308_proj2/install/ee4308_drone/share/ee4308_drone/package.ps1'
[24.758s] INFO:colcon.colcon_core.shell:Creating package descriptor '/home/kaeboon/KBoon/ee4308_proj2/install/ee4308_drone/share/ee4308_drone/package.dsv'
[24.758s] INFO:colcon.colcon_core.shell:Creating package script '/home/kaeboon/KBoon/ee4308_proj2/install/ee4308_drone/share/ee4308_drone/package.sh'
[24.759s] INFO:colcon.colcon_core.shell:Creating package script '/home/kaeboon/KBoon/ee4308_proj2/install/ee4308_drone/share/ee4308_drone/package.bash'
[24.759s] INFO:colcon.colcon_core.shell:Creating package script '/home/kaeboon/KBoon/ee4308_proj2/install/ee4308_drone/share/ee4308_drone/package.zsh'
[24.760s] Level 1:colcon.colcon_core.environment:create_file_with_runtime_dependencies(/home/kaeboon/KBoon/ee4308_proj2/install/ee4308_drone/share/colcon-core/packages/ee4308_drone)
[24.760s] DEBUG:colcon.colcon_parallel_executor.executor.parallel:closing loop
[24.761s] DEBUG:colcon.colcon_parallel_executor.executor.parallel:loop closed
[24.761s] DEBUG:colcon.colcon_parallel_executor.executor.parallel:run_until_complete finished with '0'
[24.761s] DEBUG:colcon.colcon_core.event_reactor:joining thread
[24.794s] INFO:colcon.colcon_core.plugin_system:Skipping extension 'colcon_notification.desktop_notification.terminal_notifier': Not used on non-Darwin systems
[24.795s] INFO:colcon.colcon_core.plugin_system:Skipping extension 'colcon_notification.desktop_notification.win32': Not used on non-Windows systems
[24.795s] INFO:colcon.colcon_notification.desktop_notification:Sending desktop notification using 'notify2'
[24.819s] DEBUG:colcon.colcon_core.event_reactor:joined thread
[24.845s] INFO:colcon.colcon_core.shell:Creating prefix script '/home/kaeboon/KBoon/ee4308_proj2/install/local_setup.ps1'
[24.849s] INFO:colcon.colcon_core.shell:Creating prefix util module '/home/kaeboon/KBoon/ee4308_proj2/install/_local_setup_util_ps1.py'
[24.852s] INFO:colcon.colcon_core.shell:Creating prefix chain script '/home/kaeboon/KBoon/ee4308_proj2/install/setup.ps1'
[24.879s] INFO:colcon.colcon_core.shell:Creating prefix script '/home/kaeboon/KBoon/ee4308_proj2/install/local_setup.sh'
[24.881s] INFO:colcon.colcon_core.shell:Creating prefix util module '/home/kaeboon/KBoon/ee4308_proj2/install/_local_setup_util_sh.py'
[24.883s] INFO:colcon.colcon_core.shell:Creating prefix chain script '/home/kaeboon/KBoon/ee4308_proj2/install/setup.sh'
[24.918s] INFO:colcon.colcon_core.shell:Creating prefix script '/home/kaeboon/KBoon/ee4308_proj2/install/local_setup.bash'
[24.919s] INFO:colcon.colcon_core.shell:Creating prefix chain script '/home/kaeboon/KBoon/ee4308_proj2/install/setup.bash'
[24.948s] INFO:colcon.colcon_core.shell:Creating prefix script '/home/kaeboon/KBoon/ee4308_proj2/install/local_setup.zsh'
[24.949s] INFO:colcon.colcon_core.shell:Creating prefix chain script '/home/kaeboon/KBoon/ee4308_proj2/install/setup.zsh'
