[0.273s] Invoking command in '/home/kaeboon/KBoon/ee4308_proj2/build/ee4308_lib': CMAKE_PREFIX_PATH=${CMAKE_PREFIX_PATH}:/home/kaeboon/sjtu_drone/install/sjtu_drone_control:/home/kaeboon/sjtu_drone/install/sjtu_drone_bringup:/opt/ros/humble /usr/bin/cmake /home/kaeboon/KBoon/ee4308_proj2/src/ee4308_lib -DAMENT_CMAKE_SYMLINK_INSTALL=1 -DCMAKE_INSTALL_PREFIX=/home/kaeboon/KBoon/ee4308_proj2/install/ee4308_lib
[0.345s] -- The C compiler identification is GNU 11.4.0
[0.434s] -- The CXX compiler identification is GNU 11.4.0
[0.443s] -- Detecting C compiler ABI info
[0.522s] -- Detecting C compiler ABI info - done
[0.533s] -- Check for working C compiler: /usr/bin/cc - skipped
[0.533s] -- Detecting C compile features
[0.534s] -- Detecting C compile features - done
[0.538s] -- Detecting CXX compiler ABI info
[0.644s] -- Detecting CXX compiler ABI info - done
[0.652s] -- Check for working CXX compiler: /usr/bin/c++ - skipped
[0.652s] -- Detecting CXX compile features
[0.652s] -- Detecting CXX compile features - done
[0.662s] -- Found ament_cmake: 1.3.6 (/opt/ros/humble/share/ament_cmake/cmake)
[0.886s] -- Found Python3: /usr/bin/python3.10 (found version "3.10.12") found components: Interpreter 
[0.985s] -- Override CMake install command with custom implementation using symlinks instead of copying resources
[1.021s] -- Found rclcpp: 16.0.7 (/opt/ros/humble/share/rclcpp/cmake)
[1.079s] -- Found rosidl_generator_c: 3.1.5 (/opt/ros/humble/share/rosidl_generator_c/cmake)
[1.085s] -- Found rosidl_adapter: 3.1.5 (/opt/ros/humble/share/rosidl_adapter/cmake)
[1.095s] -- Found rosidl_generator_cpp: 3.1.5 (/opt/ros/humble/share/rosidl_generator_cpp/cmake)
[1.114s] -- Using all available rosidl_typesupport_c: rosidl_typesupport_fastrtps_c;rosidl_typesupport_introspection_c
[1.136s] -- Using all available rosidl_typesupport_cpp: rosidl_typesupport_fastrtps_cpp;rosidl_typesupport_introspection_cpp
[1.227s] -- Found rmw_implementation_cmake: 6.1.1 (/opt/ros/humble/share/rmw_implementation_cmake/cmake)
[1.231s] -- Found rmw_fastrtps_cpp: 6.2.5 (/opt/ros/humble/share/rmw_fastrtps_cpp/cmake)
[1.383s] -- Found OpenSSL: /usr/lib/x86_64-linux-gnu/libcrypto.so (found version "3.0.2")  
[1.411s] -- Found FastRTPS: /opt/ros/humble/include  
[1.475s] -- Using RMW implementation 'rmw_fastrtps_cpp' as default
[1.496s] -- Looking for pthread.h
[1.595s] -- Looking for pthread.h - found
[1.595s] -- Performing Test CMAKE_HAVE_LIBC_PTHREAD
[1.683s] -- Performing Test CMAKE_HAVE_LIBC_PTHREAD - Success
[1.683s] -- Found Threads: TRUE  
[1.874s] -- Found sensor_msgs: 4.2.3 (/opt/ros/humble/share/sensor_msgs/cmake)
[2.041s] -- Found nav_msgs: 4.2.3 (/opt/ros/humble/share/nav_msgs/cmake)
[2.146s] -- Found std_srvs: 4.2.3 (/opt/ros/humble/share/std_srvs/cmake)
[2.171s] -- Found tf2: 0.25.5 (/opt/ros/humble/share/tf2/cmake)
[2.188s] -- Found tf2_ros: 0.25.5 (/opt/ros/humble/share/tf2_ros/cmake)
[2.561s] -- Found eigen3_cmake_module: 0.1.1 (/opt/ros/humble/share/eigen3_cmake_module/cmake)
[2.574s] -- Found Eigen3: TRUE (found version "3.4.0") 
[2.574s] -- Found ament_lint_auto: 0.12.9 (/opt/ros/humble/share/ament_lint_auto/cmake)
[2.692s] -- Added test 'cppcheck' to perform static code analysis on C / C++ code
[2.697s] -- Configured cppcheck include dirs: 
[2.697s] -- Configured cppcheck exclude dirs and/or files: 
[2.698s] -- Added test 'lint_cmake' to check CMake code style
[2.699s] -- Added test 'uncrustify' to check C / C++ code style
[2.699s] -- Configured uncrustify additional arguments: 
[2.700s] -- Added test 'xmllint' to check XML markup files
[2.703s] -- Configuring done
[2.707s] -- Generating done
[2.708s] -- Build files have been written to: /home/kaeboon/KBoon/ee4308_proj2/build/ee4308_lib
[2.723s] Invoked command in '/home/kaeboon/KBoon/ee4308_proj2/build/ee4308_lib' returned '0': CMAKE_PREFIX_PATH=${CMAKE_PREFIX_PATH}:/home/kaeboon/sjtu_drone/install/sjtu_drone_control:/home/kaeboon/sjtu_drone/install/sjtu_drone_bringup:/opt/ros/humble /usr/bin/cmake /home/kaeboon/KBoon/ee4308_proj2/src/ee4308_lib -DAMENT_CMAKE_SYMLINK_INSTALL=1 -DCMAKE_INSTALL_PREFIX=/home/kaeboon/KBoon/ee4308_proj2/install/ee4308_lib
[2.725s] Invoking command in '/home/kaeboon/KBoon/ee4308_proj2/build/ee4308_lib': CMAKE_PREFIX_PATH=${CMAKE_PREFIX_PATH}:/home/kaeboon/sjtu_drone/install/sjtu_drone_control:/home/kaeboon/sjtu_drone/install/sjtu_drone_bringup:/opt/ros/humble /usr/bin/cmake --build /home/kaeboon/KBoon/ee4308_proj2/build/ee4308_lib -- -j4 -l4
[2.779s] Invoked command in '/home/kaeboon/KBoon/ee4308_proj2/build/ee4308_lib' returned '0': CMAKE_PREFIX_PATH=${CMAKE_PREFIX_PATH}:/home/kaeboon/sjtu_drone/install/sjtu_drone_control:/home/kaeboon/sjtu_drone/install/sjtu_drone_bringup:/opt/ros/humble /usr/bin/cmake --build /home/kaeboon/KBoon/ee4308_proj2/build/ee4308_lib -- -j4 -l4
[2.807s] Invoking command in '/home/kaeboon/KBoon/ee4308_proj2/build/ee4308_lib': CMAKE_PREFIX_PATH=${CMAKE_PREFIX_PATH}:/home/kaeboon/sjtu_drone/install/sjtu_drone_control:/home/kaeboon/sjtu_drone/install/sjtu_drone_bringup:/opt/ros/humble /usr/bin/cmake --install /home/kaeboon/KBoon/ee4308_proj2/build/ee4308_lib
[2.816s] -- Install configuration: ""
[2.816s] -- Execute custom install script
[2.817s] -- Up-to-date symlink: /home/kaeboon/KBoon/ee4308_proj2/install/ee4308_lib/include/ee4308_lib//common.hpp
[2.817s] -- Up-to-date symlink: /home/kaeboon/KBoon/ee4308_proj2/install/ee4308_lib/include/ee4308_lib//core.hpp
[2.817s] -- Up-to-date symlink: /home/kaeboon/KBoon/ee4308_proj2/install/ee4308_lib/include/ee4308_lib//vec2.hpp
[2.817s] -- Up-to-date symlink: /home/kaeboon/KBoon/ee4308_proj2/install/ee4308_lib/share/ament_index/resource_index/package_run_dependencies/ee4308_lib
[2.817s] -- Up-to-date symlink: /home/kaeboon/KBoon/ee4308_proj2/install/ee4308_lib/share/ament_index/resource_index/parent_prefix_path/ee4308_lib
[2.817s] -- Up-to-date symlink: /home/kaeboon/KBoon/ee4308_proj2/install/ee4308_lib/share/ee4308_lib/environment/ament_prefix_path.sh
[2.818s] -- Up-to-date symlink: /home/kaeboon/KBoon/ee4308_proj2/install/ee4308_lib/share/ee4308_lib/environment/ament_prefix_path.dsv
[2.818s] -- Up-to-date symlink: /home/kaeboon/KBoon/ee4308_proj2/install/ee4308_lib/share/ee4308_lib/environment/path.sh
[2.818s] -- Up-to-date symlink: /home/kaeboon/KBoon/ee4308_proj2/install/ee4308_lib/share/ee4308_lib/environment/path.dsv
[2.818s] -- Up-to-date symlink: /home/kaeboon/KBoon/ee4308_proj2/install/ee4308_lib/share/ee4308_lib/local_setup.bash
[2.818s] -- Up-to-date symlink: /home/kaeboon/KBoon/ee4308_proj2/install/ee4308_lib/share/ee4308_lib/local_setup.sh
[2.818s] -- Up-to-date symlink: /home/kaeboon/KBoon/ee4308_proj2/install/ee4308_lib/share/ee4308_lib/local_setup.zsh
[2.818s] -- Up-to-date symlink: /home/kaeboon/KBoon/ee4308_proj2/install/ee4308_lib/share/ee4308_lib/local_setup.dsv
[2.818s] -- Symlinking: /home/kaeboon/KBoon/ee4308_proj2/install/ee4308_lib/share/ee4308_lib/package.dsv
[2.833s] -- Up-to-date symlink: /home/kaeboon/KBoon/ee4308_proj2/install/ee4308_lib/share/ament_index/resource_index/packages/ee4308_lib
[2.833s] -- Up-to-date symlink: /home/kaeboon/KBoon/ee4308_proj2/install/ee4308_lib/share/ee4308_lib/cmake/ament_cmake_export_include_directories-extras.cmake
[2.833s] -- Up-to-date symlink: /home/kaeboon/KBoon/ee4308_proj2/install/ee4308_lib/share/ee4308_lib/cmake/ament_cmake_export_dependencies-extras.cmake
[2.833s] -- Up-to-date symlink: /home/kaeboon/KBoon/ee4308_proj2/install/ee4308_lib/share/ee4308_lib/cmake/ee4308_libConfig.cmake
[2.833s] -- Up-to-date symlink: /home/kaeboon/KBoon/ee4308_proj2/install/ee4308_lib/share/ee4308_lib/cmake/ee4308_libConfig-version.cmake
[2.833s] -- Up-to-date symlink: /home/kaeboon/KBoon/ee4308_proj2/install/ee4308_lib/share/ee4308_lib/package.xml
[2.836s] Invoked command in '/home/kaeboon/KBoon/ee4308_proj2/build/ee4308_lib' returned '0': CMAKE_PREFIX_PATH=${CMAKE_PREFIX_PATH}:/home/kaeboon/sjtu_drone/install/sjtu_drone_control:/home/kaeboon/sjtu_drone/install/sjtu_drone_bringup:/opt/ros/humble /usr/bin/cmake --install /home/kaeboon/KBoon/ee4308_proj2/build/ee4308_lib
