[0.291s] Invoking command in '/home/kaeboon/KBoon/ee4308_proj2/build/ee4308_drone': CMAKE_PREFIX_PATH=/home/kaeboon/KBoon/ee4308_proj2/install/ee4308_lib:/home/kaeboon/KBoon/ee4308_proj2/install/ee4308_interfaces:/home/kaeboon/sjtu_drone/install/sjtu_drone_description:/home/kaeboon/KBoon/ee4308_proj2/install/ee4308_turtle:/home/kaeboon/KBoon/ee4308_proj2/install/ee4308_drone:/home/kaeboon/KBoon/ee4308_proj2/install/ee4308_gazebo_plugins:/home/kaeboon/KBoon/ee4308_proj2/install/ee4308_bringup:/home/kaeboon/sjtu_drone/install/sjtu_drone_control:/home/kaeboon/sjtu_drone/install/sjtu_drone_bringup:/opt/ros/humble LD_LIBRARY_PATH=/home/kaeboon/KBoon/ee4308_proj2/install/ee4308_interfaces/lib:/home/kaeboon/sjtu_drone/install/sjtu_drone_description/lib:/home/kaeboon/KBoon/ee4308_proj2/install/ee4308_gazebo_plugins/lib:/usr/lib/x86_64-linux-gnu/gazebo-11/plugins:/opt/ros/humble/opt/rviz_ogre_vendor/lib:/opt/ros/humble/lib/x86_64-linux-gnu:/opt/ros/humble/lib:/usr/lib/x86_64-linux-gnu/gazebo-11/plugins:/usr/lib/x86_64-linux-gnu/gazebo-11/plugins:/usr/lib/x86_64-linux-gnu/gazebo-11/plugins:/usr/lib/x86_64-linux-gnu/gazebo-11/plugins:/usr/lib/x86_64-linux-gnu/gazebo-11/plugins:/usr/lib/x86_64-linux-gnu/gazebo-11/plugins /usr/bin/cmake --build /home/kaeboon/KBoon/ee4308_proj2/build/ee4308_drone -- -j4 -l4
[0.402s] [35m[1mConsolidate compiler generated dependencies of target estimator[0m
[0.413s] [ 20%] Built target behavior
[0.431s] [ 40%] Built target teleop
[0.470s] [ 60%] Built target estimator
[0.472s] [ 80%] Built target controller
[0.520s] [100%] Built target smoother
[0.577s] Invoked command in '/home/kaeboon/KBoon/ee4308_proj2/build/ee4308_drone' returned '0': CMAKE_PREFIX_PATH=/home/kaeboon/KBoon/ee4308_proj2/install/ee4308_lib:/home/kaeboon/KBoon/ee4308_proj2/install/ee4308_interfaces:/home/kaeboon/sjtu_drone/install/sjtu_drone_description:/home/kaeboon/KBoon/ee4308_proj2/install/ee4308_turtle:/home/kaeboon/KBoon/ee4308_proj2/install/ee4308_drone:/home/kaeboon/KBoon/ee4308_proj2/install/ee4308_gazebo_plugins:/home/kaeboon/KBoon/ee4308_proj2/install/ee4308_bringup:/home/kaeboon/sjtu_drone/install/sjtu_drone_control:/home/kaeboon/sjtu_drone/install/sjtu_drone_bringup:/opt/ros/humble LD_LIBRARY_PATH=/home/kaeboon/KBoon/ee4308_proj2/install/ee4308_interfaces/lib:/home/kaeboon/sjtu_drone/install/sjtu_drone_description/lib:/home/kaeboon/KBoon/ee4308_proj2/install/ee4308_gazebo_plugins/lib:/usr/lib/x86_64-linux-gnu/gazebo-11/plugins:/opt/ros/humble/opt/rviz_ogre_vendor/lib:/opt/ros/humble/lib/x86_64-linux-gnu:/opt/ros/humble/lib:/usr/lib/x86_64-linux-gnu/gazebo-11/plugins:/usr/lib/x86_64-linux-gnu/gazebo-11/plugins:/usr/lib/x86_64-linux-gnu/gazebo-11/plugins:/usr/lib/x86_64-linux-gnu/gazebo-11/plugins:/usr/lib/x86_64-linux-gnu/gazebo-11/plugins:/usr/lib/x86_64-linux-gnu/gazebo-11/plugins /usr/bin/cmake --build /home/kaeboon/KBoon/ee4308_proj2/build/ee4308_drone -- -j4 -l4
[0.649s] Invoking command in '/home/kaeboon/KBoon/ee4308_proj2/build/ee4308_drone': CMAKE_PREFIX_PATH=/home/kaeboon/KBoon/ee4308_proj2/install/ee4308_lib:/home/kaeboon/KBoon/ee4308_proj2/install/ee4308_interfaces:/home/kaeboon/sjtu_drone/install/sjtu_drone_description:/home/kaeboon/KBoon/ee4308_proj2/install/ee4308_turtle:/home/kaeboon/KBoon/ee4308_proj2/install/ee4308_drone:/home/kaeboon/KBoon/ee4308_proj2/install/ee4308_gazebo_plugins:/home/kaeboon/KBoon/ee4308_proj2/install/ee4308_bringup:/home/kaeboon/sjtu_drone/install/sjtu_drone_control:/home/kaeboon/sjtu_drone/install/sjtu_drone_bringup:/opt/ros/humble LD_LIBRARY_PATH=/home/kaeboon/KBoon/ee4308_proj2/install/ee4308_interfaces/lib:/home/kaeboon/sjtu_drone/install/sjtu_drone_description/lib:/home/kaeboon/KBoon/ee4308_proj2/install/ee4308_gazebo_plugins/lib:/usr/lib/x86_64-linux-gnu/gazebo-11/plugins:/opt/ros/humble/opt/rviz_ogre_vendor/lib:/opt/ros/humble/lib/x86_64-linux-gnu:/opt/ros/humble/lib:/usr/lib/x86_64-linux-gnu/gazebo-11/plugins:/usr/lib/x86_64-linux-gnu/gazebo-11/plugins:/usr/lib/x86_64-linux-gnu/gazebo-11/plugins:/usr/lib/x86_64-linux-gnu/gazebo-11/plugins:/usr/lib/x86_64-linux-gnu/gazebo-11/plugins:/usr/lib/x86_64-linux-gnu/gazebo-11/plugins /usr/bin/cmake --install /home/kaeboon/KBoon/ee4308_proj2/build/ee4308_drone
[0.662s] -- Install configuration: ""
[0.664s] -- Execute custom install script
[0.665s] -- Up-to-date symlink: /home/kaeboon/KBoon/ee4308_proj2/install/ee4308_drone/lib/ee4308_drone/teleop
[0.666s] -- Up-to-date symlink: /home/kaeboon/KBoon/ee4308_proj2/install/ee4308_drone/lib/ee4308_drone/behavior
[0.668s] -- Up-to-date symlink: /home/kaeboon/KBoon/ee4308_proj2/install/ee4308_drone/lib/ee4308_drone/controller
[0.669s] -- Up-to-date symlink: /home/kaeboon/KBoon/ee4308_proj2/install/ee4308_drone/lib/ee4308_drone/estimator
[0.669s] -- Up-to-date symlink: /home/kaeboon/KBoon/ee4308_proj2/install/ee4308_drone/lib/ee4308_drone/smoother
[0.669s] -- Up-to-date symlink: /home/kaeboon/KBoon/ee4308_proj2/install/ee4308_drone/share/ament_index/resource_index/package_run_dependencies/ee4308_drone
[0.669s] -- Up-to-date symlink: /home/kaeboon/KBoon/ee4308_proj2/install/ee4308_drone/share/ament_index/resource_index/parent_prefix_path/ee4308_drone
[0.669s] -- Up-to-date symlink: /home/kaeboon/KBoon/ee4308_proj2/install/ee4308_drone/share/ee4308_drone/environment/ament_prefix_path.sh
[0.670s] -- Up-to-date symlink: /home/kaeboon/KBoon/ee4308_proj2/install/ee4308_drone/share/ee4308_drone/environment/ament_prefix_path.dsv
[0.672s] -- Up-to-date symlink: /home/kaeboon/KBoon/ee4308_proj2/install/ee4308_drone/share/ee4308_drone/environment/path.sh
[0.673s] -- Up-to-date symlink: /home/kaeboon/KBoon/ee4308_proj2/install/ee4308_drone/share/ee4308_drone/environment/path.dsv
[0.673s] -- Up-to-date symlink: /home/kaeboon/KBoon/ee4308_proj2/install/ee4308_drone/share/ee4308_drone/local_setup.bash
[0.673s] -- Up-to-date symlink: /home/kaeboon/KBoon/ee4308_proj2/install/ee4308_drone/share/ee4308_drone/local_setup.sh
[0.675s] -- Up-to-date symlink: /home/kaeboon/KBoon/ee4308_proj2/install/ee4308_drone/share/ee4308_drone/local_setup.zsh
[0.675s] -- Up-to-date symlink: /home/kaeboon/KBoon/ee4308_proj2/install/ee4308_drone/share/ee4308_drone/local_setup.dsv
[0.675s] -- Symlinking: /home/kaeboon/KBoon/ee4308_proj2/install/ee4308_drone/share/ee4308_drone/package.dsv
[0.702s] -- Up-to-date symlink: /home/kaeboon/KBoon/ee4308_proj2/install/ee4308_drone/share/ament_index/resource_index/packages/ee4308_drone
[0.702s] -- Up-to-date symlink: /home/kaeboon/KBoon/ee4308_proj2/install/ee4308_drone/share/ee4308_drone/cmake/ament_cmake_export_include_directories-extras.cmake
[0.702s] -- Up-to-date symlink: /home/kaeboon/KBoon/ee4308_proj2/install/ee4308_drone/share/ee4308_drone/cmake/ament_cmake_export_dependencies-extras.cmake
[0.702s] -- Up-to-date symlink: /home/kaeboon/KBoon/ee4308_proj2/install/ee4308_drone/share/ee4308_drone/cmake/ee4308_droneConfig.cmake
[0.702s] -- Up-to-date symlink: /home/kaeboon/KBoon/ee4308_proj2/install/ee4308_drone/share/ee4308_drone/cmake/ee4308_droneConfig-version.cmake
[0.703s] -- Up-to-date symlink: /home/kaeboon/KBoon/ee4308_proj2/install/ee4308_drone/share/ee4308_drone/package.xml
[0.705s] Invoked command in '/home/kaeboon/KBoon/ee4308_proj2/build/ee4308_drone' returned '0': CMAKE_PREFIX_PATH=/home/kaeboon/KBoon/ee4308_proj2/install/ee4308_lib:/home/kaeboon/KBoon/ee4308_proj2/install/ee4308_interfaces:/home/kaeboon/sjtu_drone/install/sjtu_drone_description:/home/kaeboon/KBoon/ee4308_proj2/install/ee4308_turtle:/home/kaeboon/KBoon/ee4308_proj2/install/ee4308_drone:/home/kaeboon/KBoon/ee4308_proj2/install/ee4308_gazebo_plugins:/home/kaeboon/KBoon/ee4308_proj2/install/ee4308_bringup:/home/kaeboon/sjtu_drone/install/sjtu_drone_control:/home/kaeboon/sjtu_drone/install/sjtu_drone_bringup:/opt/ros/humble LD_LIBRARY_PATH=/home/kaeboon/KBoon/ee4308_proj2/install/ee4308_interfaces/lib:/home/kaeboon/sjtu_drone/install/sjtu_drone_description/lib:/home/kaeboon/KBoon/ee4308_proj2/install/ee4308_gazebo_plugins/lib:/usr/lib/x86_64-linux-gnu/gazebo-11/plugins:/opt/ros/humble/opt/rviz_ogre_vendor/lib:/opt/ros/humble/lib/x86_64-linux-gnu:/opt/ros/humble/lib:/usr/lib/x86_64-linux-gnu/gazebo-11/plugins:/usr/lib/x86_64-linux-gnu/gazebo-11/plugins:/usr/lib/x86_64-linux-gnu/gazebo-11/plugins:/usr/lib/x86_64-linux-gnu/gazebo-11/plugins:/usr/lib/x86_64-linux-gnu/gazebo-11/plugins:/usr/lib/x86_64-linux-gnu/gazebo-11/plugins /usr/bin/cmake --install /home/kaeboon/KBoon/ee4308_proj2/build/ee4308_drone
