[1.746s] DEBUG:colcon:Command line arguments: ['/usr/bin/colcon', 'list', '-p', '--base-paths', '/home/kaeboon/KBoon/ee4308_proj2']
[1.746s] DEBUG:colcon:Parsed command line arguments: Namespace(log_base=None, log_level=None, verb_name='list', build_base='build', ignore_user_meta=False, metas=['./colcon.meta'], base_paths=['/home/kaeboon/KBoon/ee4308_proj2'], packages_ignore=None, packages_ignore_regex=None, paths=None, packages_up_to=None, packages_up_to_regex=None, packages_above=None, packages_above_and_dependencies=None, packages_above_depth=None, packages_select_by_dep=None, packages_skip_by_dep=None, packages_skip_up_to=None, packages_select_build_failed=False, packages_skip_build_finished=False, packages_select_test_failures=False, packages_skip_test_passed=False, packages_select=None, packages_skip=None, packages_select_regex=None, packages_skip_regex=None, packages_start=None, packages_end=None, allow_overriding=[], topological_order=False, names_only=False, paths_only=True, topological_graph=False, topological_graph_dot=False, topological_graph_density=False, topological_graph_legend=False, topological_graph_dot_cluster=False, topological_graph_dot_include_skipped=False, verb_parser=<colcon_defaults.argument_parser.defaults.DefaultArgumentsDecorator object at 0x7adb1c5cc2b0>, verb_extension=<colcon_package_information.verb.list.ListVerb object at 0x7adb1c5ce320>, main=<bound method ListVerb.main of <colcon_package_information.verb.list.ListVerb object at 0x7adb1c5ce320>>)
[1.951s] Level 1:colcon.colcon_core.package_discovery:discover_packages(colcon_meta) check parameters
[1.952s] Level 1:colcon.colcon_core.package_discovery:discover_packages(recursive) check parameters
[1.952s] Level 1:colcon.colcon_core.package_discovery:discover_packages(ignore) check parameters
[1.952s] Level 1:colcon.colcon_core.package_discovery:discover_packages(path) check parameters
[1.952s] Level 1:colcon.colcon_core.package_discovery:discover_packages(recursive) discover
[1.952s] INFO:colcon.colcon_core.package_discovery:Crawling recursively for packages in '/home/kaeboon/KBoon/ee4308_proj2'
[1.952s] Level 1:colcon.colcon_core.package_identification:_identify(/home/kaeboon/KBoon/ee4308_proj2) by extensions ['ignore', 'ignore_ament_install']
[1.952s] Level 1:colcon.colcon_core.package_identification:_identify(/home/kaeboon/KBoon/ee4308_proj2) by extension 'ignore'
[1.952s] Level 1:colcon.colcon_core.package_identification:_identify(/home/kaeboon/KBoon/ee4308_proj2) by extension 'ignore_ament_install'
[1.952s] Level 1:colcon.colcon_core.package_identification:_identify(/home/kaeboon/KBoon/ee4308_proj2) by extensions ['colcon_pkg']
[1.952s] Level 1:colcon.colcon_core.package_identification:_identify(/home/kaeboon/KBoon/ee4308_proj2) by extension 'colcon_pkg'
[1.952s] Level 1:colcon.colcon_core.package_identification:_identify(/home/kaeboon/KBoon/ee4308_proj2) by extensions ['colcon_meta']
[1.952s] Level 1:colcon.colcon_core.package_identification:_identify(/home/kaeboon/KBoon/ee4308_proj2) by extension 'colcon_meta'
[1.952s] Level 1:colcon.colcon_core.package_identification:_identify(/home/kaeboon/KBoon/ee4308_proj2) by extensions ['ros']
[1.952s] Level 1:colcon.colcon_core.package_identification:_identify(/home/kaeboon/KBoon/ee4308_proj2) by extension 'ros'
[1.972s] Level 1:colcon.colcon_core.package_identification:_identify(/home/kaeboon/KBoon/ee4308_proj2) by extensions ['cmake', 'python']
[1.973s] Level 1:colcon.colcon_core.package_identification:_identify(/home/kaeboon/KBoon/ee4308_proj2) by extension 'cmake'
[1.973s] Level 1:colcon.colcon_core.package_identification:_identify(/home/kaeboon/KBoon/ee4308_proj2) by extension 'python'
[1.973s] Level 1:colcon.colcon_core.package_identification:_identify(/home/kaeboon/KBoon/ee4308_proj2) by extensions ['python_setup_py']
[1.973s] Level 1:colcon.colcon_core.package_identification:_identify(/home/kaeboon/KBoon/ee4308_proj2) by extension 'python_setup_py'
[1.974s] Level 1:colcon.colcon_core.package_identification:_identify(/home/kaeboon/KBoon/ee4308_proj2/build) by extensions ['ignore', 'ignore_ament_install']
[1.974s] Level 1:colcon.colcon_core.package_identification:_identify(/home/kaeboon/KBoon/ee4308_proj2/build) by extension 'ignore'
[1.974s] Level 1:colcon.colcon_core.package_identification:_identify(/home/kaeboon/KBoon/ee4308_proj2/build) ignored
[1.975s] Level 1:colcon.colcon_core.package_identification:_identify(/home/kaeboon/KBoon/ee4308_proj2/install) by extensions ['ignore', 'ignore_ament_install']
[1.975s] Level 1:colcon.colcon_core.package_identification:_identify(/home/kaeboon/KBoon/ee4308_proj2/install) by extension 'ignore'
[1.975s] Level 1:colcon.colcon_core.package_identification:_identify(/home/kaeboon/KBoon/ee4308_proj2/install) ignored
[1.975s] Level 1:colcon.colcon_core.package_identification:_identify(/home/kaeboon/KBoon/ee4308_proj2/log) by extensions ['ignore', 'ignore_ament_install']
[1.975s] Level 1:colcon.colcon_core.package_identification:_identify(/home/kaeboon/KBoon/ee4308_proj2/log) by extension 'ignore'
[1.975s] Level 1:colcon.colcon_core.package_identification:_identify(/home/kaeboon/KBoon/ee4308_proj2/log) ignored
[1.976s] Level 1:colcon.colcon_core.package_identification:_identify(/home/kaeboon/KBoon/ee4308_proj2/src) by extensions ['ignore', 'ignore_ament_install']
[1.976s] Level 1:colcon.colcon_core.package_identification:_identify(/home/kaeboon/KBoon/ee4308_proj2/src) by extension 'ignore'
[1.976s] Level 1:colcon.colcon_core.package_identification:_identify(/home/kaeboon/KBoon/ee4308_proj2/src) by extension 'ignore_ament_install'
[1.976s] Level 1:colcon.colcon_core.package_identification:_identify(/home/kaeboon/KBoon/ee4308_proj2/src) by extensions ['colcon_pkg']
[1.976s] Level 1:colcon.colcon_core.package_identification:_identify(/home/kaeboon/KBoon/ee4308_proj2/src) by extension 'colcon_pkg'
[1.976s] Level 1:colcon.colcon_core.package_identification:_identify(/home/kaeboon/KBoon/ee4308_proj2/src) by extensions ['colcon_meta']
[1.976s] Level 1:colcon.colcon_core.package_identification:_identify(/home/kaeboon/KBoon/ee4308_proj2/src) by extension 'colcon_meta'
[1.976s] Level 1:colcon.colcon_core.package_identification:_identify(/home/kaeboon/KBoon/ee4308_proj2/src) by extensions ['ros']
[1.976s] Level 1:colcon.colcon_core.package_identification:_identify(/home/kaeboon/KBoon/ee4308_proj2/src) by extension 'ros'
[1.977s] Level 1:colcon.colcon_core.package_identification:_identify(/home/kaeboon/KBoon/ee4308_proj2/src) by extensions ['cmake', 'python']
[1.977s] Level 1:colcon.colcon_core.package_identification:_identify(/home/kaeboon/KBoon/ee4308_proj2/src) by extension 'cmake'
[1.977s] Level 1:colcon.colcon_core.package_identification:_identify(/home/kaeboon/KBoon/ee4308_proj2/src) by extension 'python'
[1.977s] Level 1:colcon.colcon_core.package_identification:_identify(/home/kaeboon/KBoon/ee4308_proj2/src) by extensions ['python_setup_py']
[1.977s] Level 1:colcon.colcon_core.package_identification:_identify(/home/kaeboon/KBoon/ee4308_proj2/src) by extension 'python_setup_py'
[1.977s] Level 1:colcon.colcon_core.package_identification:_identify(/home/kaeboon/KBoon/ee4308_proj2/src/ee4308_bringup) by extensions ['ignore', 'ignore_ament_install']
[1.977s] Level 1:colcon.colcon_core.package_identification:_identify(/home/kaeboon/KBoon/ee4308_proj2/src/ee4308_bringup) by extension 'ignore'
[1.977s] Level 1:colcon.colcon_core.package_identification:_identify(/home/kaeboon/KBoon/ee4308_proj2/src/ee4308_bringup) by extension 'ignore_ament_install'
[1.977s] Level 1:colcon.colcon_core.package_identification:_identify(/home/kaeboon/KBoon/ee4308_proj2/src/ee4308_bringup) by extensions ['colcon_pkg']
[1.977s] Level 1:colcon.colcon_core.package_identification:_identify(/home/kaeboon/KBoon/ee4308_proj2/src/ee4308_bringup) by extension 'colcon_pkg'
[1.977s] Level 1:colcon.colcon_core.package_identification:_identify(/home/kaeboon/KBoon/ee4308_proj2/src/ee4308_bringup) by extensions ['colcon_meta']
[1.977s] Level 1:colcon.colcon_core.package_identification:_identify(/home/kaeboon/KBoon/ee4308_proj2/src/ee4308_bringup) by extension 'colcon_meta'
[1.988s] Level 1:colcon.colcon_core.package_identification:_identify(/home/kaeboon/KBoon/ee4308_proj2/src/ee4308_bringup) by extensions ['ros']
[1.989s] Level 1:colcon.colcon_core.package_identification:_identify(/home/kaeboon/KBoon/ee4308_proj2/src/ee4308_bringup) by extension 'ros'
[1.992s] DEBUG:colcon.colcon_core.package_identification:Package '/home/kaeboon/KBoon/ee4308_proj2/src/ee4308_bringup' with type 'ros.ament_cmake' and name 'ee4308_bringup'
[1.992s] Level 1:colcon.colcon_core.package_identification:_identify(/home/kaeboon/KBoon/ee4308_proj2/src/ee4308_drone) by extensions ['ignore', 'ignore_ament_install']
[1.992s] Level 1:colcon.colcon_core.package_identification:_identify(/home/kaeboon/KBoon/ee4308_proj2/src/ee4308_drone) by extension 'ignore'
[1.992s] Level 1:colcon.colcon_core.package_identification:_identify(/home/kaeboon/KBoon/ee4308_proj2/src/ee4308_drone) by extension 'ignore_ament_install'
[1.992s] Level 1:colcon.colcon_core.package_identification:_identify(/home/kaeboon/KBoon/ee4308_proj2/src/ee4308_drone) by extensions ['colcon_pkg']
[1.992s] Level 1:colcon.colcon_core.package_identification:_identify(/home/kaeboon/KBoon/ee4308_proj2/src/ee4308_drone) by extension 'colcon_pkg'
[1.992s] Level 1:colcon.colcon_core.package_identification:_identify(/home/kaeboon/KBoon/ee4308_proj2/src/ee4308_drone) by extensions ['colcon_meta']
[1.992s] Level 1:colcon.colcon_core.package_identification:_identify(/home/kaeboon/KBoon/ee4308_proj2/src/ee4308_drone) by extension 'colcon_meta'
[1.992s] Level 1:colcon.colcon_core.package_identification:_identify(/home/kaeboon/KBoon/ee4308_proj2/src/ee4308_drone) by extensions ['ros']
[1.992s] Level 1:colcon.colcon_core.package_identification:_identify(/home/kaeboon/KBoon/ee4308_proj2/src/ee4308_drone) by extension 'ros'
[1.995s] DEBUG:colcon.colcon_core.package_identification:Package '/home/kaeboon/KBoon/ee4308_proj2/src/ee4308_drone' with type 'ros.ament_cmake' and name 'ee4308_drone'
[1.995s] Level 1:colcon.colcon_core.package_identification:_identify(/home/kaeboon/KBoon/ee4308_proj2/src/ee4308_gazebo_plugins) by extensions ['ignore', 'ignore_ament_install']
[1.995s] Level 1:colcon.colcon_core.package_identification:_identify(/home/kaeboon/KBoon/ee4308_proj2/src/ee4308_gazebo_plugins) by extension 'ignore'
[1.995s] Level 1:colcon.colcon_core.package_identification:_identify(/home/kaeboon/KBoon/ee4308_proj2/src/ee4308_gazebo_plugins) by extension 'ignore_ament_install'
[1.995s] Level 1:colcon.colcon_core.package_identification:_identify(/home/kaeboon/KBoon/ee4308_proj2/src/ee4308_gazebo_plugins) by extensions ['colcon_pkg']
[1.995s] Level 1:colcon.colcon_core.package_identification:_identify(/home/kaeboon/KBoon/ee4308_proj2/src/ee4308_gazebo_plugins) by extension 'colcon_pkg'
[1.995s] Level 1:colcon.colcon_core.package_identification:_identify(/home/kaeboon/KBoon/ee4308_proj2/src/ee4308_gazebo_plugins) by extensions ['colcon_meta']
[1.995s] Level 1:colcon.colcon_core.package_identification:_identify(/home/kaeboon/KBoon/ee4308_proj2/src/ee4308_gazebo_plugins) by extension 'colcon_meta'
[1.995s] Level 1:colcon.colcon_core.package_identification:_identify(/home/kaeboon/KBoon/ee4308_proj2/src/ee4308_gazebo_plugins) by extensions ['ros']
[1.995s] Level 1:colcon.colcon_core.package_identification:_identify(/home/kaeboon/KBoon/ee4308_proj2/src/ee4308_gazebo_plugins) by extension 'ros'
[1.997s] DEBUG:colcon.colcon_core.package_identification:Package '/home/kaeboon/KBoon/ee4308_proj2/src/ee4308_gazebo_plugins' with type 'ros.ament_cmake' and name 'ee4308_gazebo_plugins'
[1.997s] Level 1:colcon.colcon_core.package_identification:_identify(/home/kaeboon/KBoon/ee4308_proj2/src/ee4308_interfaces) by extensions ['ignore', 'ignore_ament_install']
[1.997s] Level 1:colcon.colcon_core.package_identification:_identify(/home/kaeboon/KBoon/ee4308_proj2/src/ee4308_interfaces) by extension 'ignore'
[1.997s] Level 1:colcon.colcon_core.package_identification:_identify(/home/kaeboon/KBoon/ee4308_proj2/src/ee4308_interfaces) by extension 'ignore_ament_install'
[1.997s] Level 1:colcon.colcon_core.package_identification:_identify(/home/kaeboon/KBoon/ee4308_proj2/src/ee4308_interfaces) by extensions ['colcon_pkg']
[1.997s] Level 1:colcon.colcon_core.package_identification:_identify(/home/kaeboon/KBoon/ee4308_proj2/src/ee4308_interfaces) by extension 'colcon_pkg'
[1.997s] Level 1:colcon.colcon_core.package_identification:_identify(/home/kaeboon/KBoon/ee4308_proj2/src/ee4308_interfaces) by extensions ['colcon_meta']
[1.997s] Level 1:colcon.colcon_core.package_identification:_identify(/home/kaeboon/KBoon/ee4308_proj2/src/ee4308_interfaces) by extension 'colcon_meta'
[1.997s] Level 1:colcon.colcon_core.package_identification:_identify(/home/kaeboon/KBoon/ee4308_proj2/src/ee4308_interfaces) by extensions ['ros']
[1.997s] Level 1:colcon.colcon_core.package_identification:_identify(/home/kaeboon/KBoon/ee4308_proj2/src/ee4308_interfaces) by extension 'ros'
[1.998s] DEBUG:colcon.colcon_core.package_identification:Package '/home/kaeboon/KBoon/ee4308_proj2/src/ee4308_interfaces' with type 'ros.ament_cmake' and name 'ee4308_interfaces'
[1.998s] Level 1:colcon.colcon_core.package_identification:_identify(/home/kaeboon/KBoon/ee4308_proj2/src/ee4308_lib) by extensions ['ignore', 'ignore_ament_install']
[1.998s] Level 1:colcon.colcon_core.package_identification:_identify(/home/kaeboon/KBoon/ee4308_proj2/src/ee4308_lib) by extension 'ignore'
[1.998s] Level 1:colcon.colcon_core.package_identification:_identify(/home/kaeboon/KBoon/ee4308_proj2/src/ee4308_lib) by extension 'ignore_ament_install'
[1.998s] Level 1:colcon.colcon_core.package_identification:_identify(/home/kaeboon/KBoon/ee4308_proj2/src/ee4308_lib) by extensions ['colcon_pkg']
[1.998s] Level 1:colcon.colcon_core.package_identification:_identify(/home/kaeboon/KBoon/ee4308_proj2/src/ee4308_lib) by extension 'colcon_pkg'
[1.998s] Level 1:colcon.colcon_core.package_identification:_identify(/home/kaeboon/KBoon/ee4308_proj2/src/ee4308_lib) by extensions ['colcon_meta']
[1.998s] Level 1:colcon.colcon_core.package_identification:_identify(/home/kaeboon/KBoon/ee4308_proj2/src/ee4308_lib) by extension 'colcon_meta'
[1.998s] Level 1:colcon.colcon_core.package_identification:_identify(/home/kaeboon/KBoon/ee4308_proj2/src/ee4308_lib) by extensions ['ros']
[1.998s] Level 1:colcon.colcon_core.package_identification:_identify(/home/kaeboon/KBoon/ee4308_proj2/src/ee4308_lib) by extension 'ros'
[1.999s] DEBUG:colcon.colcon_core.package_identification:Package '/home/kaeboon/KBoon/ee4308_proj2/src/ee4308_lib' with type 'ros.ament_cmake' and name 'ee4308_lib'
[1.999s] Level 1:colcon.colcon_core.package_identification:_identify(/home/kaeboon/KBoon/ee4308_proj2/src/ee4308_turtle) by extensions ['ignore', 'ignore_ament_install']
[1.999s] Level 1:colcon.colcon_core.package_identification:_identify(/home/kaeboon/KBoon/ee4308_proj2/src/ee4308_turtle) by extension 'ignore'
[2.000s] Level 1:colcon.colcon_core.package_identification:_identify(/home/kaeboon/KBoon/ee4308_proj2/src/ee4308_turtle) by extension 'ignore_ament_install'
[2.000s] Level 1:colcon.colcon_core.package_identification:_identify(/home/kaeboon/KBoon/ee4308_proj2/src/ee4308_turtle) by extensions ['colcon_pkg']
[2.000s] Level 1:colcon.colcon_core.package_identification:_identify(/home/kaeboon/KBoon/ee4308_proj2/src/ee4308_turtle) by extension 'colcon_pkg'
[2.000s] Level 1:colcon.colcon_core.package_identification:_identify(/home/kaeboon/KBoon/ee4308_proj2/src/ee4308_turtle) by extensions ['colcon_meta']
[2.000s] Level 1:colcon.colcon_core.package_identification:_identify(/home/kaeboon/KBoon/ee4308_proj2/src/ee4308_turtle) by extension 'colcon_meta'
[2.000s] Level 1:colcon.colcon_core.package_identification:_identify(/home/kaeboon/KBoon/ee4308_proj2/src/ee4308_turtle) by extensions ['ros']
[2.000s] Level 1:colcon.colcon_core.package_identification:_identify(/home/kaeboon/KBoon/ee4308_proj2/src/ee4308_turtle) by extension 'ros'
[2.001s] DEBUG:colcon.colcon_core.package_identification:Package '/home/kaeboon/KBoon/ee4308_proj2/src/ee4308_turtle' with type 'ros.ament_cmake' and name 'ee4308_turtle'
[2.001s] Level 1:colcon.colcon_core.package_discovery:discover_packages(recursive) using defaults
