[2.834s] DEBUG:colcon:Command line arguments: ['/usr/bin/colcon', 'build', '--symlink-install']
[2.834s] DEBUG:colcon:Parsed command line arguments: Namespace(log_base=None, log_level=None, verb_name='build', build_base='build', install_base='install', merge_install=False, symlink_install=True, test_result_base=None, continue_on_error=False, executor='parallel', parallel_workers=4, event_handlers=None, ignore_user_meta=False, metas=['./colcon.meta'], base_paths=['.'], packages_ignore=None, packages_ignore_regex=None, paths=None, packages_up_to=None, packages_up_to_regex=None, packages_above=None, packages_above_and_dependencies=None, packages_above_depth=None, packages_select_by_dep=None, packages_skip_by_dep=None, packages_skip_up_to=None, packages_select_build_failed=False, packages_skip_build_finished=False, packages_select_test_failures=False, packages_skip_test_passed=False, packages_select=None, packages_skip=None, packages_select_regex=None, packages_skip_regex=None, packages_start=None, packages_end=None, allow_overriding=[], cmake_args=None, cmake_target=None, cmake_target_skip_unavailable=False, cmake_clean_cache=False, cmake_clean_first=False, cmake_force_configure=False, ament_cmake_args=None, catkin_cmake_args=None, catkin_skip_building_tests=False, verb_parser=<colcon_defaults.argument_parser.defaults.DefaultArgumentsDecorator object at 0x7df5f6b56f20>, verb_extension=<colcon_core.verb.build.BuildVerb object at 0x7df5f6b57a30>, main=<bound method BuildVerb.main of <colcon_core.verb.build.BuildVerb object at 0x7df5f6b57a30>>)
[2.887s] Level 1:colcon.colcon_core.package_discovery:discover_packages(colcon_meta) check parameters
[2.888s] Level 1:colcon.colcon_core.package_discovery:discover_packages(recursive) check parameters
[2.888s] Level 1:colcon.colcon_core.package_discovery:discover_packages(ignore) check parameters
[2.888s] Level 1:colcon.colcon_core.package_discovery:discover_packages(path) check parameters
[2.888s] Level 1:colcon.colcon_core.package_discovery:discover_packages(colcon_meta) discover
[2.888s] Level 1:colcon.colcon_core.package_discovery:discover_packages(recursive) discover
[2.888s] INFO:colcon.colcon_core.package_discovery:Crawling recursively for packages in '/home/kaeboon/KBoon/ee4308_proj2'
[2.888s] Level 1:colcon.colcon_core.package_identification:_identify(.) by extensions ['ignore', 'ignore_ament_install']
[2.888s] Level 1:colcon.colcon_core.package_identification:_identify(.) by extension 'ignore'
[2.888s] Level 1:colcon.colcon_core.package_identification:_identify(.) by extension 'ignore_ament_install'
[2.888s] Level 1:colcon.colcon_core.package_identification:_identify(.) by extensions ['colcon_pkg']
[2.888s] Level 1:colcon.colcon_core.package_identification:_identify(.) by extension 'colcon_pkg'
[2.888s] Level 1:colcon.colcon_core.package_identification:_identify(.) by extensions ['colcon_meta']
[2.888s] Level 1:colcon.colcon_core.package_identification:_identify(.) by extension 'colcon_meta'
[2.888s] Level 1:colcon.colcon_core.package_identification:_identify(.) by extensions ['ros']
[2.888s] Level 1:colcon.colcon_core.package_identification:_identify(.) by extension 'ros'
[2.907s] Level 1:colcon.colcon_core.package_identification:_identify(.) by extensions ['cmake', 'python']
[2.907s] Level 1:colcon.colcon_core.package_identification:_identify(.) by extension 'cmake'
[2.907s] Level 1:colcon.colcon_core.package_identification:_identify(.) by extension 'python'
[2.907s] Level 1:colcon.colcon_core.package_identification:_identify(.) by extensions ['python_setup_py']
[2.908s] Level 1:colcon.colcon_core.package_identification:_identify(.) by extension 'python_setup_py'
[2.908s] Level 1:colcon.colcon_core.package_identification:_identify(build) by extensions ['ignore', 'ignore_ament_install']
[2.908s] Level 1:colcon.colcon_core.package_identification:_identify(build) by extension 'ignore'
[2.908s] Level 1:colcon.colcon_core.package_identification:_identify(build) ignored
[2.908s] Level 1:colcon.colcon_core.package_identification:_identify(install) by extensions ['ignore', 'ignore_ament_install']
[2.908s] Level 1:colcon.colcon_core.package_identification:_identify(install) by extension 'ignore'
[2.908s] Level 1:colcon.colcon_core.package_identification:_identify(install) ignored
[2.908s] Level 1:colcon.colcon_core.package_identification:_identify(log) by extensions ['ignore', 'ignore_ament_install']
[2.909s] Level 1:colcon.colcon_core.package_identification:_identify(log) by extension 'ignore'
[2.909s] Level 1:colcon.colcon_core.package_identification:_identify(log) ignored
[2.909s] Level 1:colcon.colcon_core.package_identification:_identify(src) by extensions ['ignore', 'ignore_ament_install']
[2.909s] Level 1:colcon.colcon_core.package_identification:_identify(src) by extension 'ignore'
[2.909s] Level 1:colcon.colcon_core.package_identification:_identify(src) by extension 'ignore_ament_install'
[2.909s] Level 1:colcon.colcon_core.package_identification:_identify(src) by extensions ['colcon_pkg']
[2.909s] Level 1:colcon.colcon_core.package_identification:_identify(src) by extension 'colcon_pkg'
[2.909s] Level 1:colcon.colcon_core.package_identification:_identify(src) by extensions ['colcon_meta']
[2.909s] Level 1:colcon.colcon_core.package_identification:_identify(src) by extension 'colcon_meta'
[2.909s] Level 1:colcon.colcon_core.package_identification:_identify(src) by extensions ['ros']
[2.909s] Level 1:colcon.colcon_core.package_identification:_identify(src) by extension 'ros'
[2.910s] Level 1:colcon.colcon_core.package_identification:_identify(src) by extensions ['cmake', 'python']
[2.910s] Level 1:colcon.colcon_core.package_identification:_identify(src) by extension 'cmake'
[2.910s] Level 1:colcon.colcon_core.package_identification:_identify(src) by extension 'python'
[2.910s] Level 1:colcon.colcon_core.package_identification:_identify(src) by extensions ['python_setup_py']
[2.910s] Level 1:colcon.colcon_core.package_identification:_identify(src) by extension 'python_setup_py'
[2.910s] Level 1:colcon.colcon_core.package_identification:_identify(src/ee4308_bringup) by extensions ['ignore', 'ignore_ament_install']
[2.911s] Level 1:colcon.colcon_core.package_identification:_identify(src/ee4308_bringup) by extension 'ignore'
[2.911s] Level 1:colcon.colcon_core.package_identification:_identify(src/ee4308_bringup) by extension 'ignore_ament_install'
[2.911s] Level 1:colcon.colcon_core.package_identification:_identify(src/ee4308_bringup) by extensions ['colcon_pkg']
[2.911s] Level 1:colcon.colcon_core.package_identification:_identify(src/ee4308_bringup) by extension 'colcon_pkg'
[2.911s] Level 1:colcon.colcon_core.package_identification:_identify(src/ee4308_bringup) by extensions ['colcon_meta']
[2.911s] Level 1:colcon.colcon_core.package_identification:_identify(src/ee4308_bringup) by extension 'colcon_meta'
[2.911s] Level 1:colcon.colcon_core.package_identification:_identify(src/ee4308_bringup) by extensions ['ros']
[2.911s] Level 1:colcon.colcon_core.package_identification:_identify(src/ee4308_bringup) by extension 'ros'
[2.916s] DEBUG:colcon.colcon_core.package_identification:Package 'src/ee4308_bringup' with type 'ros.ament_cmake' and name 'ee4308_bringup'
[2.917s] Level 1:colcon.colcon_core.package_identification:_identify(src/ee4308_drone) by extensions ['ignore', 'ignore_ament_install']
[2.917s] Level 1:colcon.colcon_core.package_identification:_identify(src/ee4308_drone) by extension 'ignore'
[2.917s] Level 1:colcon.colcon_core.package_identification:_identify(src/ee4308_drone) by extension 'ignore_ament_install'
[2.917s] Level 1:colcon.colcon_core.package_identification:_identify(src/ee4308_drone) by extensions ['colcon_pkg']
[2.917s] Level 1:colcon.colcon_core.package_identification:_identify(src/ee4308_drone) by extension 'colcon_pkg'
[2.917s] Level 1:colcon.colcon_core.package_identification:_identify(src/ee4308_drone) by extensions ['colcon_meta']
[2.917s] Level 1:colcon.colcon_core.package_identification:_identify(src/ee4308_drone) by extension 'colcon_meta'
[2.918s] Level 1:colcon.colcon_core.package_identification:_identify(src/ee4308_drone) by extensions ['ros']
[2.918s] Level 1:colcon.colcon_core.package_identification:_identify(src/ee4308_drone) by extension 'ros'
[2.919s] DEBUG:colcon.colcon_core.package_identification:Package 'src/ee4308_drone' with type 'ros.ament_cmake' and name 'ee4308_drone'
[2.920s] Level 1:colcon.colcon_core.package_identification:_identify(src/ee4308_gazebo_plugins) by extensions ['ignore', 'ignore_ament_install']
[2.920s] Level 1:colcon.colcon_core.package_identification:_identify(src/ee4308_gazebo_plugins) by extension 'ignore'
[2.920s] Level 1:colcon.colcon_core.package_identification:_identify(src/ee4308_gazebo_plugins) by extension 'ignore_ament_install'
[2.920s] Level 1:colcon.colcon_core.package_identification:_identify(src/ee4308_gazebo_plugins) by extensions ['colcon_pkg']
[2.920s] Level 1:colcon.colcon_core.package_identification:_identify(src/ee4308_gazebo_plugins) by extension 'colcon_pkg'
[2.920s] Level 1:colcon.colcon_core.package_identification:_identify(src/ee4308_gazebo_plugins) by extensions ['colcon_meta']
[2.920s] Level 1:colcon.colcon_core.package_identification:_identify(src/ee4308_gazebo_plugins) by extension 'colcon_meta'
[2.920s] Level 1:colcon.colcon_core.package_identification:_identify(src/ee4308_gazebo_plugins) by extensions ['ros']
[2.920s] Level 1:colcon.colcon_core.package_identification:_identify(src/ee4308_gazebo_plugins) by extension 'ros'
[2.921s] DEBUG:colcon.colcon_core.package_identification:Package 'src/ee4308_gazebo_plugins' with type 'ros.ament_cmake' and name 'ee4308_gazebo_plugins'
[2.921s] Level 1:colcon.colcon_core.package_identification:_identify(src/ee4308_interfaces) by extensions ['ignore', 'ignore_ament_install']
[2.922s] Level 1:colcon.colcon_core.package_identification:_identify(src/ee4308_interfaces) by extension 'ignore'
[2.922s] Level 1:colcon.colcon_core.package_identification:_identify(src/ee4308_interfaces) by extension 'ignore_ament_install'
[2.922s] Level 1:colcon.colcon_core.package_identification:_identify(src/ee4308_interfaces) by extensions ['colcon_pkg']
[2.922s] Level 1:colcon.colcon_core.package_identification:_identify(src/ee4308_interfaces) by extension 'colcon_pkg'
[2.922s] Level 1:colcon.colcon_core.package_identification:_identify(src/ee4308_interfaces) by extensions ['colcon_meta']
[2.922s] Level 1:colcon.colcon_core.package_identification:_identify(src/ee4308_interfaces) by extension 'colcon_meta'
[2.922s] Level 1:colcon.colcon_core.package_identification:_identify(src/ee4308_interfaces) by extensions ['ros']
[2.922s] Level 1:colcon.colcon_core.package_identification:_identify(src/ee4308_interfaces) by extension 'ros'
[2.923s] DEBUG:colcon.colcon_core.package_identification:Package 'src/ee4308_interfaces' with type 'ros.ament_cmake' and name 'ee4308_interfaces'
[2.923s] Level 1:colcon.colcon_core.package_identification:_identify(src/ee4308_lib) by extensions ['ignore', 'ignore_ament_install']
[2.923s] Level 1:colcon.colcon_core.package_identification:_identify(src/ee4308_lib) by extension 'ignore'
[2.924s] Level 1:colcon.colcon_core.package_identification:_identify(src/ee4308_lib) by extension 'ignore_ament_install'
[2.924s] Level 1:colcon.colcon_core.package_identification:_identify(src/ee4308_lib) by extensions ['colcon_pkg']
[2.924s] Level 1:colcon.colcon_core.package_identification:_identify(src/ee4308_lib) by extension 'colcon_pkg'
[2.924s] Level 1:colcon.colcon_core.package_identification:_identify(src/ee4308_lib) by extensions ['colcon_meta']
[2.924s] Level 1:colcon.colcon_core.package_identification:_identify(src/ee4308_lib) by extension 'colcon_meta'
[2.924s] Level 1:colcon.colcon_core.package_identification:_identify(src/ee4308_lib) by extensions ['ros']
[2.924s] Level 1:colcon.colcon_core.package_identification:_identify(src/ee4308_lib) by extension 'ros'
[2.925s] DEBUG:colcon.colcon_core.package_identification:Package 'src/ee4308_lib' with type 'ros.ament_cmake' and name 'ee4308_lib'
[2.925s] Level 1:colcon.colcon_core.package_identification:_identify(src/ee4308_turtle) by extensions ['ignore', 'ignore_ament_install']
[2.926s] Level 1:colcon.colcon_core.package_identification:_identify(src/ee4308_turtle) by extension 'ignore'
[2.926s] Level 1:colcon.colcon_core.package_identification:_identify(src/ee4308_turtle) by extension 'ignore_ament_install'
[2.926s] Level 1:colcon.colcon_core.package_identification:_identify(src/ee4308_turtle) by extensions ['colcon_pkg']
[2.926s] Level 1:colcon.colcon_core.package_identification:_identify(src/ee4308_turtle) by extension 'colcon_pkg'
[2.926s] Level 1:colcon.colcon_core.package_identification:_identify(src/ee4308_turtle) by extensions ['colcon_meta']
[2.926s] Level 1:colcon.colcon_core.package_identification:_identify(src/ee4308_turtle) by extension 'colcon_meta'
[2.926s] Level 1:colcon.colcon_core.package_identification:_identify(src/ee4308_turtle) by extensions ['ros']
[2.926s] Level 1:colcon.colcon_core.package_identification:_identify(src/ee4308_turtle) by extension 'ros'
[2.928s] DEBUG:colcon.colcon_core.package_identification:Package 'src/ee4308_turtle' with type 'ros.ament_cmake' and name 'ee4308_turtle'
[2.928s] Level 1:colcon.colcon_core.package_discovery:discover_packages(recursive) using defaults
[2.928s] Level 1:colcon.colcon_core.package_discovery:discover_packages(ignore) discover
[2.928s] Level 1:colcon.colcon_core.package_discovery:discover_packages(ignore) using defaults
[2.928s] Level 1:colcon.colcon_core.package_discovery:discover_packages(path) discover
[2.928s] Level 1:colcon.colcon_core.package_discovery:discover_packages(path) using defaults
[3.050s] Level 1:colcon.colcon_core.package_discovery:discover_packages(prefix_path) check parameters
[3.050s] Level 1:colcon.colcon_core.package_discovery:discover_packages(prefix_path) discover
[3.087s] DEBUG:colcon.colcon_installed_package_information.package_discovery:Found 3 installed packages in /home/kaeboon/sjtu_drone/install
[3.109s] DEBUG:colcon.colcon_installed_package_information.package_discovery:Found 6 installed packages in /home/kaeboon/KBoon/ee4308_proj2/install
[3.129s] DEBUG:colcon.colcon_installed_package_information.package_discovery:Found 425 installed packages in /opt/ros/humble
[3.145s] Level 1:colcon.colcon_core.package_discovery:discover_packages(prefix_path) using defaults
[3.263s] Level 5:colcon.colcon_core.verb:set package 'ee4308_bringup' build argument 'cmake_args' from command line to 'None'
[3.263s] Level 5:colcon.colcon_core.verb:set package 'ee4308_bringup' build argument 'cmake_target' from command line to 'None'
[3.263s] Level 5:colcon.colcon_core.verb:set package 'ee4308_bringup' build argument 'cmake_target_skip_unavailable' from command line to 'False'
[3.263s] Level 5:colcon.colcon_core.verb:set package 'ee4308_bringup' build argument 'cmake_clean_cache' from command line to 'False'
[3.263s] Level 5:colcon.colcon_core.verb:set package 'ee4308_bringup' build argument 'cmake_clean_first' from command line to 'False'
[3.263s] Level 5:colcon.colcon_core.verb:set package 'ee4308_bringup' build argument 'cmake_force_configure' from command line to 'False'
[3.263s] Level 5:colcon.colcon_core.verb:set package 'ee4308_bringup' build argument 'ament_cmake_args' from command line to 'None'
[3.263s] Level 5:colcon.colcon_core.verb:set package 'ee4308_bringup' build argument 'catkin_cmake_args' from command line to 'None'
[3.263s] Level 5:colcon.colcon_core.verb:set package 'ee4308_bringup' build argument 'catkin_skip_building_tests' from command line to 'False'
[3.263s] DEBUG:colcon.colcon_core.verb:Building package 'ee4308_bringup' with the following arguments: {'ament_cmake_args': None, 'build_base': '/home/kaeboon/KBoon/ee4308_proj2/build/ee4308_bringup', 'catkin_cmake_args': None, 'catkin_skip_building_tests': False, 'cmake_args': None, 'cmake_clean_cache': False, 'cmake_clean_first': False, 'cmake_force_configure': False, 'cmake_target': None, 'cmake_target_skip_unavailable': False, 'install_base': '/home/kaeboon/KBoon/ee4308_proj2/install/ee4308_bringup', 'merge_install': False, 'path': '/home/kaeboon/KBoon/ee4308_proj2/src/ee4308_bringup', 'symlink_install': True, 'test_result_base': None}
[3.281s] Level 5:colcon.colcon_core.verb:set package 'ee4308_gazebo_plugins' build argument 'cmake_args' from command line to 'None'
[3.281s] Level 5:colcon.colcon_core.verb:set package 'ee4308_gazebo_plugins' build argument 'cmake_target' from command line to 'None'
[3.281s] Level 5:colcon.colcon_core.verb:set package 'ee4308_gazebo_plugins' build argument 'cmake_target_skip_unavailable' from command line to 'False'
[3.281s] Level 5:colcon.colcon_core.verb:set package 'ee4308_gazebo_plugins' build argument 'cmake_clean_cache' from command line to 'False'
[3.281s] Level 5:colcon.colcon_core.verb:set package 'ee4308_gazebo_plugins' build argument 'cmake_clean_first' from command line to 'False'
[3.282s] Level 5:colcon.colcon_core.verb:set package 'ee4308_gazebo_plugins' build argument 'cmake_force_configure' from command line to 'False'
[3.282s] Level 5:colcon.colcon_core.verb:set package 'ee4308_gazebo_plugins' build argument 'ament_cmake_args' from command line to 'None'
[3.282s] Level 5:colcon.colcon_core.verb:set package 'ee4308_gazebo_plugins' build argument 'catkin_cmake_args' from command line to 'None'
[3.282s] Level 5:colcon.colcon_core.verb:set package 'ee4308_gazebo_plugins' build argument 'catkin_skip_building_tests' from command line to 'False'
[3.282s] DEBUG:colcon.colcon_core.verb:Building package 'ee4308_gazebo_plugins' with the following arguments: {'ament_cmake_args': None, 'build_base': '/home/kaeboon/KBoon/ee4308_proj2/build/ee4308_gazebo_plugins', 'catkin_cmake_args': None, 'catkin_skip_building_tests': False, 'cmake_args': None, 'cmake_clean_cache': False, 'cmake_clean_first': False, 'cmake_force_configure': False, 'cmake_target': None, 'cmake_target_skip_unavailable': False, 'install_base': '/home/kaeboon/KBoon/ee4308_proj2/install/ee4308_gazebo_plugins', 'merge_install': False, 'path': '/home/kaeboon/KBoon/ee4308_proj2/src/ee4308_gazebo_plugins', 'symlink_install': True, 'test_result_base': None}
[3.300s] Level 5:colcon.colcon_core.verb:set package 'ee4308_interfaces' build argument 'cmake_args' from command line to 'None'
[3.300s] Level 5:colcon.colcon_core.verb:set package 'ee4308_interfaces' build argument 'cmake_target' from command line to 'None'
[3.301s] Level 5:colcon.colcon_core.verb:set package 'ee4308_interfaces' build argument 'cmake_target_skip_unavailable' from command line to 'False'
[3.301s] Level 5:colcon.colcon_core.verb:set package 'ee4308_interfaces' build argument 'cmake_clean_cache' from command line to 'False'
[3.301s] Level 5:colcon.colcon_core.verb:set package 'ee4308_interfaces' build argument 'cmake_clean_first' from command line to 'False'
[3.301s] Level 5:colcon.colcon_core.verb:set package 'ee4308_interfaces' build argument 'cmake_force_configure' from command line to 'False'
[3.301s] Level 5:colcon.colcon_core.verb:set package 'ee4308_interfaces' build argument 'ament_cmake_args' from command line to 'None'
[3.301s] Level 5:colcon.colcon_core.verb:set package 'ee4308_interfaces' build argument 'catkin_cmake_args' from command line to 'None'
[3.301s] Level 5:colcon.colcon_core.verb:set package 'ee4308_interfaces' build argument 'catkin_skip_building_tests' from command line to 'False'
[3.301s] DEBUG:colcon.colcon_core.verb:Building package 'ee4308_interfaces' with the following arguments: {'ament_cmake_args': None, 'build_base': '/home/kaeboon/KBoon/ee4308_proj2/build/ee4308_interfaces', 'catkin_cmake_args': None, 'catkin_skip_building_tests': False, 'cmake_args': None, 'cmake_clean_cache': False, 'cmake_clean_first': False, 'cmake_force_configure': False, 'cmake_target': None, 'cmake_target_skip_unavailable': False, 'install_base': '/home/kaeboon/KBoon/ee4308_proj2/install/ee4308_interfaces', 'merge_install': False, 'path': '/home/kaeboon/KBoon/ee4308_proj2/src/ee4308_interfaces', 'symlink_install': True, 'test_result_base': None}
[3.321s] Level 5:colcon.colcon_core.verb:set package 'ee4308_lib' build argument 'cmake_args' from command line to 'None'
[3.321s] Level 5:colcon.colcon_core.verb:set package 'ee4308_lib' build argument 'cmake_target' from command line to 'None'
[3.321s] Level 5:colcon.colcon_core.verb:set package 'ee4308_lib' build argument 'cmake_target_skip_unavailable' from command line to 'False'
[3.321s] Level 5:colcon.colcon_core.verb:set package 'ee4308_lib' build argument 'cmake_clean_cache' from command line to 'False'
[3.321s] Level 5:colcon.colcon_core.verb:set package 'ee4308_lib' build argument 'cmake_clean_first' from command line to 'False'
[3.321s] Level 5:colcon.colcon_core.verb:set package 'ee4308_lib' build argument 'cmake_force_configure' from command line to 'False'
[3.321s] Level 5:colcon.colcon_core.verb:set package 'ee4308_lib' build argument 'ament_cmake_args' from command line to 'None'
[3.321s] Level 5:colcon.colcon_core.verb:set package 'ee4308_lib' build argument 'catkin_cmake_args' from command line to 'None'
[3.321s] Level 5:colcon.colcon_core.verb:set package 'ee4308_lib' build argument 'catkin_skip_building_tests' from command line to 'False'
[3.321s] DEBUG:colcon.colcon_core.verb:Building package 'ee4308_lib' with the following arguments: {'ament_cmake_args': None, 'build_base': '/home/kaeboon/KBoon/ee4308_proj2/build/ee4308_lib', 'catkin_cmake_args': None, 'catkin_skip_building_tests': False, 'cmake_args': None, 'cmake_clean_cache': False, 'cmake_clean_first': False, 'cmake_force_configure': False, 'cmake_target': None, 'cmake_target_skip_unavailable': False, 'install_base': '/home/kaeboon/KBoon/ee4308_proj2/install/ee4308_lib', 'merge_install': False, 'path': '/home/kaeboon/KBoon/ee4308_proj2/src/ee4308_lib', 'symlink_install': True, 'test_result_base': None}
[3.342s] Level 5:colcon.colcon_core.verb:set package 'ee4308_drone' build argument 'cmake_args' from command line to 'None'
[3.342s] Level 5:colcon.colcon_core.verb:set package 'ee4308_drone' build argument 'cmake_target' from command line to 'None'
[3.342s] Level 5:colcon.colcon_core.verb:set package 'ee4308_drone' build argument 'cmake_target_skip_unavailable' from command line to 'False'
[3.342s] Level 5:colcon.colcon_core.verb:set package 'ee4308_drone' build argument 'cmake_clean_cache' from command line to 'False'
[3.342s] Level 5:colcon.colcon_core.verb:set package 'ee4308_drone' build argument 'cmake_clean_first' from command line to 'False'
[3.342s] Level 5:colcon.colcon_core.verb:set package 'ee4308_drone' build argument 'cmake_force_configure' from command line to 'False'
[3.342s] Level 5:colcon.colcon_core.verb:set package 'ee4308_drone' build argument 'ament_cmake_args' from command line to 'None'
[3.342s] Level 5:colcon.colcon_core.verb:set package 'ee4308_drone' build argument 'catkin_cmake_args' from command line to 'None'
[3.342s] Level 5:colcon.colcon_core.verb:set package 'ee4308_drone' build argument 'catkin_skip_building_tests' from command line to 'False'
[3.342s] DEBUG:colcon.colcon_core.verb:Building package 'ee4308_drone' with the following arguments: {'ament_cmake_args': None, 'build_base': '/home/kaeboon/KBoon/ee4308_proj2/build/ee4308_drone', 'catkin_cmake_args': None, 'catkin_skip_building_tests': False, 'cmake_args': None, 'cmake_clean_cache': False, 'cmake_clean_first': False, 'cmake_force_configure': False, 'cmake_target': None, 'cmake_target_skip_unavailable': False, 'install_base': '/home/kaeboon/KBoon/ee4308_proj2/install/ee4308_drone', 'merge_install': False, 'path': '/home/kaeboon/KBoon/ee4308_proj2/src/ee4308_drone', 'symlink_install': True, 'test_result_base': None}
[3.358s] Level 5:colcon.colcon_core.verb:set package 'ee4308_turtle' build argument 'cmake_args' from command line to 'None'
[3.358s] Level 5:colcon.colcon_core.verb:set package 'ee4308_turtle' build argument 'cmake_target' from command line to 'None'
[3.358s] Level 5:colcon.colcon_core.verb:set package 'ee4308_turtle' build argument 'cmake_target_skip_unavailable' from command line to 'False'
[3.358s] Level 5:colcon.colcon_core.verb:set package 'ee4308_turtle' build argument 'cmake_clean_cache' from command line to 'False'
[3.358s] Level 5:colcon.colcon_core.verb:set package 'ee4308_turtle' build argument 'cmake_clean_first' from command line to 'False'
[3.358s] Level 5:colcon.colcon_core.verb:set package 'ee4308_turtle' build argument 'cmake_force_configure' from command line to 'False'
[3.359s] Level 5:colcon.colcon_core.verb:set package 'ee4308_turtle' build argument 'ament_cmake_args' from command line to 'None'
[3.359s] Level 5:colcon.colcon_core.verb:set package 'ee4308_turtle' build argument 'catkin_cmake_args' from command line to 'None'
[3.359s] Level 5:colcon.colcon_core.verb:set package 'ee4308_turtle' build argument 'catkin_skip_building_tests' from command line to 'False'
[3.359s] DEBUG:colcon.colcon_core.verb:Building package 'ee4308_turtle' with the following arguments: {'ament_cmake_args': None, 'build_base': '/home/kaeboon/KBoon/ee4308_proj2/build/ee4308_turtle', 'catkin_cmake_args': None, 'catkin_skip_building_tests': False, 'cmake_args': None, 'cmake_clean_cache': False, 'cmake_clean_first': False, 'cmake_force_configure': False, 'cmake_target': None, 'cmake_target_skip_unavailable': False, 'install_base': '/home/kaeboon/KBoon/ee4308_proj2/install/ee4308_turtle', 'merge_install': False, 'path': '/home/kaeboon/KBoon/ee4308_proj2/src/ee4308_turtle', 'symlink_install': True, 'test_result_base': None}
[3.375s] INFO:colcon.colcon_core.executor:Executing jobs using 'parallel' executor
[3.396s] DEBUG:colcon.colcon_parallel_executor.executor.parallel:run_until_complete
[3.397s] INFO:colcon.colcon_ros.task.ament_cmake.build:Building ROS package in '/home/kaeboon/KBoon/ee4308_proj2/src/ee4308_interfaces' with build type 'ament_cmake'
[3.397s] INFO:colcon.colcon_cmake.task.cmake.build:Building CMake package in '/home/kaeboon/KBoon/ee4308_proj2/src/ee4308_interfaces'
[3.418s] INFO:colcon.colcon_core.plugin_system:Skipping extension 'colcon_core.shell.bat': Not used on non-Windows systems
[3.418s] INFO:colcon.colcon_core.shell:Skip shell extension 'powershell' for command environment: Not usable outside of PowerShell
[3.418s] DEBUG:colcon.colcon_core.shell:Skip shell extension 'dsv' for command environment
[3.497s] INFO:colcon.colcon_ros.task.ament_cmake.build:Building ROS package in '/home/kaeboon/KBoon/ee4308_proj2/src/ee4308_lib' with build type 'ament_cmake'
[3.497s] INFO:colcon.colcon_cmake.task.cmake.build:Building CMake package in '/home/kaeboon/KBoon/ee4308_proj2/src/ee4308_lib'
[3.517s] INFO:colcon.colcon_core.shell:Skip shell extension 'powershell' for command environment: Not usable outside of PowerShell
[3.517s] DEBUG:colcon.colcon_core.shell:Skip shell extension 'dsv' for command environment
[3.606s] INFO:colcon.colcon_ros.task.ament_cmake.build:Building ROS package in '/home/kaeboon/KBoon/ee4308_proj2/src/ee4308_bringup' with build type 'ament_cmake'
[3.606s] INFO:colcon.colcon_cmake.task.cmake.build:Building CMake package in '/home/kaeboon/KBoon/ee4308_proj2/src/ee4308_bringup'
[3.623s] INFO:colcon.colcon_core.shell:Skip shell extension 'powershell' for command environment: Not usable outside of PowerShell
[3.623s] DEBUG:colcon.colcon_core.shell:Skip shell extension 'dsv' for command environment
[3.697s] INFO:colcon.colcon_ros.task.ament_cmake.build:Building ROS package in '/home/kaeboon/KBoon/ee4308_proj2/src/ee4308_gazebo_plugins' with build type 'ament_cmake'
[3.697s] INFO:colcon.colcon_cmake.task.cmake.build:Building CMake package in '/home/kaeboon/KBoon/ee4308_proj2/src/ee4308_gazebo_plugins'
[3.715s] INFO:colcon.colcon_core.shell:Skip shell extension 'powershell' for command environment: Not usable outside of PowerShell
[3.715s] DEBUG:colcon.colcon_core.shell:Skip shell extension 'dsv' for command environment
[3.797s] DEBUG:colcon.colcon_core.event_handler.log_command:Invoking command in '/home/kaeboon/KBoon/ee4308_proj2/build/ee4308_interfaces': CMAKE_PREFIX_PATH=${CMAKE_PREFIX_PATH}:/home/kaeboon/sjtu_drone/install/sjtu_drone_control:/home/kaeboon/sjtu_drone/install/sjtu_drone_bringup:/opt/ros/humble /usr/bin/cmake --build /home/kaeboon/KBoon/ee4308_proj2/build/ee4308_interfaces -- -j4 -l4
[3.812s] DEBUG:colcon.colcon_core.event_handler.log_command:Invoking command in '/home/kaeboon/KBoon/ee4308_proj2/build/ee4308_lib': CMAKE_PREFIX_PATH=${CMAKE_PREFIX_PATH}:/home/kaeboon/sjtu_drone/install/sjtu_drone_control:/home/kaeboon/sjtu_drone/install/sjtu_drone_bringup:/opt/ros/humble /usr/bin/cmake --build /home/kaeboon/KBoon/ee4308_proj2/build/ee4308_lib -- -j4 -l4
[3.828s] DEBUG:colcon.colcon_core.event_handler.log_command:Invoking command in '/home/kaeboon/KBoon/ee4308_proj2/build/ee4308_bringup': CMAKE_PREFIX_PATH=${CMAKE_PREFIX_PATH}:/home/kaeboon/sjtu_drone/install/sjtu_drone_control:/home/kaeboon/sjtu_drone/install/sjtu_drone_bringup:/opt/ros/humble /usr/bin/cmake --build /home/kaeboon/KBoon/ee4308_proj2/build/ee4308_bringup -- -j4 -l4
[3.898s] DEBUG:colcon.colcon_core.event_handler.log_command:Invoking command in '/home/kaeboon/KBoon/ee4308_proj2/build/ee4308_gazebo_plugins': CMAKE_PREFIX_PATH=${CMAKE_PREFIX_PATH}:/home/kaeboon/sjtu_drone/install/sjtu_drone_control:/home/kaeboon/sjtu_drone/install/sjtu_drone_bringup:/opt/ros/humble /usr/bin/cmake --build /home/kaeboon/KBoon/ee4308_proj2/build/ee4308_gazebo_plugins -- -j4 -l4
[3.919s] DEBUG:colcon.colcon_core.event_handler.log_command:Invoked command in '/home/kaeboon/KBoon/ee4308_proj2/build/ee4308_lib' returned '0': CMAKE_PREFIX_PATH=${CMAKE_PREFIX_PATH}:/home/kaeboon/sjtu_drone/install/sjtu_drone_control:/home/kaeboon/sjtu_drone/install/sjtu_drone_bringup:/opt/ros/humble /usr/bin/cmake --build /home/kaeboon/KBoon/ee4308_proj2/build/ee4308_lib -- -j4 -l4
[3.967s] DEBUG:colcon.colcon_core.event_handler.log_command:Invoked command in '/home/kaeboon/KBoon/ee4308_proj2/build/ee4308_bringup' returned '0': CMAKE_PREFIX_PATH=${CMAKE_PREFIX_PATH}:/home/kaeboon/sjtu_drone/install/sjtu_drone_control:/home/kaeboon/sjtu_drone/install/sjtu_drone_bringup:/opt/ros/humble /usr/bin/cmake --build /home/kaeboon/KBoon/ee4308_proj2/build/ee4308_bringup -- -j4 -l4
[4.066s] DEBUG:colcon.colcon_core.event_handler.log_command:Invoking command in '/home/kaeboon/KBoon/ee4308_proj2/build/ee4308_lib': CMAKE_PREFIX_PATH=${CMAKE_PREFIX_PATH}:/home/kaeboon/sjtu_drone/install/sjtu_drone_control:/home/kaeboon/sjtu_drone/install/sjtu_drone_bringup:/opt/ros/humble /usr/bin/cmake --install /home/kaeboon/KBoon/ee4308_proj2/build/ee4308_lib
[4.075s] DEBUG:colcon.colcon_core.event_handler.log_command:Invoking command in '/home/kaeboon/KBoon/ee4308_proj2/build/ee4308_bringup': CMAKE_PREFIX_PATH=${CMAKE_PREFIX_PATH}:/home/kaeboon/sjtu_drone/install/sjtu_drone_control:/home/kaeboon/sjtu_drone/install/sjtu_drone_bringup:/opt/ros/humble /usr/bin/cmake --install /home/kaeboon/KBoon/ee4308_proj2/build/ee4308_bringup
[4.135s] Level 1:colcon.colcon_core.environment:create_environment_scripts_only(ee4308_lib)
[4.143s] DEBUG:colcon.colcon_core.event_handler.log_command:Invoked command in '/home/kaeboon/KBoon/ee4308_proj2/build/ee4308_lib' returned '0': CMAKE_PREFIX_PATH=${CMAKE_PREFIX_PATH}:/home/kaeboon/sjtu_drone/install/sjtu_drone_control:/home/kaeboon/sjtu_drone/install/sjtu_drone_bringup:/opt/ros/humble /usr/bin/cmake --install /home/kaeboon/KBoon/ee4308_proj2/build/ee4308_lib
[4.214s] Level 1:colcon.colcon_core.environment:checking '/home/kaeboon/KBoon/ee4308_proj2/install/ee4308_lib' for CMake module files
[4.214s] Level 1:colcon.colcon_core.environment:checking '/home/kaeboon/KBoon/ee4308_proj2/install/ee4308_lib' for CMake config files
[4.215s] Level 1:colcon.colcon_core.shell:create_environment_hook('ee4308_lib', 'cmake_prefix_path')
[4.249s] INFO:colcon.colcon_core.shell:Creating environment hook '/home/kaeboon/KBoon/ee4308_proj2/install/ee4308_lib/share/ee4308_lib/hook/cmake_prefix_path.ps1'
[4.255s] INFO:colcon.colcon_core.shell:Creating environment descriptor '/home/kaeboon/KBoon/ee4308_proj2/install/ee4308_lib/share/ee4308_lib/hook/cmake_prefix_path.dsv'
[4.257s] INFO:colcon.colcon_core.shell:Creating environment hook '/home/kaeboon/KBoon/ee4308_proj2/install/ee4308_lib/share/ee4308_lib/hook/cmake_prefix_path.sh'
[4.258s] Level 1:colcon.colcon_core.environment:checking '/home/kaeboon/KBoon/ee4308_proj2/install/ee4308_lib/bin'
[4.259s] Level 1:colcon.colcon_core.environment:checking '/home/kaeboon/KBoon/ee4308_proj2/install/ee4308_lib/lib/pkgconfig/ee4308_lib.pc'
[4.259s] Level 1:colcon.colcon_core.environment:checking '/home/kaeboon/KBoon/ee4308_proj2/install/ee4308_lib/lib/python3.10/site-packages'
[4.259s] Level 1:colcon.colcon_core.environment:checking '/home/kaeboon/KBoon/ee4308_proj2/install/ee4308_lib/bin'
[4.297s] INFO:colcon.colcon_core.shell:Creating package script '/home/kaeboon/KBoon/ee4308_proj2/install/ee4308_lib/share/ee4308_lib/package.ps1'
[4.299s] INFO:colcon.colcon_core.shell:Creating package descriptor '/home/kaeboon/KBoon/ee4308_proj2/install/ee4308_lib/share/ee4308_lib/package.dsv'
[4.300s] INFO:colcon.colcon_core.shell:Creating package script '/home/kaeboon/KBoon/ee4308_proj2/install/ee4308_lib/share/ee4308_lib/package.sh'
[4.302s] INFO:colcon.colcon_core.shell:Creating package script '/home/kaeboon/KBoon/ee4308_proj2/install/ee4308_lib/share/ee4308_lib/package.bash'
[4.303s] INFO:colcon.colcon_core.shell:Creating package script '/home/kaeboon/KBoon/ee4308_proj2/install/ee4308_lib/share/ee4308_lib/package.zsh'
[4.305s] Level 1:colcon.colcon_core.environment:create_file_with_runtime_dependencies(/home/kaeboon/KBoon/ee4308_proj2/install/ee4308_lib/share/colcon-core/packages/ee4308_lib)
[4.311s] Level 1:colcon.colcon_core.environment:create_environment_scripts_only(ee4308_bringup)
[4.314s] DEBUG:colcon.colcon_core.event_handler.log_command:Invoked command in '/home/kaeboon/KBoon/ee4308_proj2/build/ee4308_bringup' returned '0': CMAKE_PREFIX_PATH=${CMAKE_PREFIX_PATH}:/home/kaeboon/sjtu_drone/install/sjtu_drone_control:/home/kaeboon/sjtu_drone/install/sjtu_drone_bringup:/opt/ros/humble /usr/bin/cmake --install /home/kaeboon/KBoon/ee4308_proj2/build/ee4308_bringup
[4.362s] Level 1:colcon.colcon_core.environment:checking '/home/kaeboon/KBoon/ee4308_proj2/install/ee4308_bringup' for CMake module files
[4.363s] Level 1:colcon.colcon_core.environment:checking '/home/kaeboon/KBoon/ee4308_proj2/install/ee4308_bringup' for CMake config files
[4.363s] Level 1:colcon.colcon_core.shell:create_environment_hook('ee4308_bringup', 'cmake_prefix_path')
[4.408s] INFO:colcon.colcon_core.shell:Creating environment hook '/home/kaeboon/KBoon/ee4308_proj2/install/ee4308_bringup/share/ee4308_bringup/hook/cmake_prefix_path.ps1'
[4.409s] INFO:colcon.colcon_core.shell:Creating environment descriptor '/home/kaeboon/KBoon/ee4308_proj2/install/ee4308_bringup/share/ee4308_bringup/hook/cmake_prefix_path.dsv'
[4.409s] INFO:colcon.colcon_core.shell:Creating environment hook '/home/kaeboon/KBoon/ee4308_proj2/install/ee4308_bringup/share/ee4308_bringup/hook/cmake_prefix_path.sh'
[4.410s] Level 1:colcon.colcon_core.environment:checking '/home/kaeboon/KBoon/ee4308_proj2/install/ee4308_bringup/bin'
[4.416s] Level 1:colcon.colcon_core.environment:checking '/home/kaeboon/KBoon/ee4308_proj2/install/ee4308_bringup/lib/pkgconfig/ee4308_bringup.pc'
[4.417s] Level 1:colcon.colcon_core.environment:checking '/home/kaeboon/KBoon/ee4308_proj2/install/ee4308_bringup/lib/python3.10/site-packages'
[4.417s] Level 1:colcon.colcon_core.environment:checking '/home/kaeboon/KBoon/ee4308_proj2/install/ee4308_bringup/bin'
[4.470s] INFO:colcon.colcon_core.shell:Creating package script '/home/kaeboon/KBoon/ee4308_proj2/install/ee4308_bringup/share/ee4308_bringup/package.ps1'
[4.471s] INFO:colcon.colcon_core.shell:Creating package descriptor '/home/kaeboon/KBoon/ee4308_proj2/install/ee4308_bringup/share/ee4308_bringup/package.dsv'
[4.472s] INFO:colcon.colcon_core.shell:Creating package script '/home/kaeboon/KBoon/ee4308_proj2/install/ee4308_bringup/share/ee4308_bringup/package.sh'
[4.472s] INFO:colcon.colcon_core.shell:Creating package script '/home/kaeboon/KBoon/ee4308_proj2/install/ee4308_bringup/share/ee4308_bringup/package.bash'
[4.473s] INFO:colcon.colcon_core.shell:Creating package script '/home/kaeboon/KBoon/ee4308_proj2/install/ee4308_bringup/share/ee4308_bringup/package.zsh'
[4.474s] Level 1:colcon.colcon_core.environment:create_file_with_runtime_dependencies(/home/kaeboon/KBoon/ee4308_proj2/install/ee4308_bringup/share/colcon-core/packages/ee4308_bringup)
[4.518s] Level 1:colcon.colcon_core.environment:create_environment_scripts_only(ee4308_lib)
[4.553s] Level 1:colcon.colcon_core.environment:checking '/home/kaeboon/KBoon/ee4308_proj2/install/ee4308_lib' for CMake module files
[4.553s] Level 1:colcon.colcon_core.environment:checking '/home/kaeboon/KBoon/ee4308_proj2/install/ee4308_lib' for CMake config files
[4.554s] Level 1:colcon.colcon_core.shell:create_environment_hook('ee4308_lib', 'cmake_prefix_path')
[4.584s] INFO:colcon.colcon_core.shell:Creating environment hook '/home/kaeboon/KBoon/ee4308_proj2/install/ee4308_lib/share/ee4308_lib/hook/cmake_prefix_path.ps1'
[4.585s] INFO:colcon.colcon_core.shell:Creating environment descriptor '/home/kaeboon/KBoon/ee4308_proj2/install/ee4308_lib/share/ee4308_lib/hook/cmake_prefix_path.dsv'
[4.585s] INFO:colcon.colcon_core.shell:Creating environment hook '/home/kaeboon/KBoon/ee4308_proj2/install/ee4308_lib/share/ee4308_lib/hook/cmake_prefix_path.sh'
[4.586s] Level 1:colcon.colcon_core.environment:checking '/home/kaeboon/KBoon/ee4308_proj2/install/ee4308_lib/bin'
[4.586s] Level 1:colcon.colcon_core.environment:checking '/home/kaeboon/KBoon/ee4308_proj2/install/ee4308_lib/lib/pkgconfig/ee4308_lib.pc'
[4.587s] Level 1:colcon.colcon_core.environment:checking '/home/kaeboon/KBoon/ee4308_proj2/install/ee4308_lib/lib/python3.10/site-packages'
[4.587s] Level 1:colcon.colcon_core.environment:checking '/home/kaeboon/KBoon/ee4308_proj2/install/ee4308_lib/bin'
[4.619s] INFO:colcon.colcon_core.shell:Creating package script '/home/kaeboon/KBoon/ee4308_proj2/install/ee4308_lib/share/ee4308_lib/package.ps1'
[4.620s] INFO:colcon.colcon_core.shell:Creating package descriptor '/home/kaeboon/KBoon/ee4308_proj2/install/ee4308_lib/share/ee4308_lib/package.dsv'
[4.621s] INFO:colcon.colcon_core.shell:Creating package script '/home/kaeboon/KBoon/ee4308_proj2/install/ee4308_lib/share/ee4308_lib/package.sh'
[4.623s] INFO:colcon.colcon_core.shell:Creating package script '/home/kaeboon/KBoon/ee4308_proj2/install/ee4308_lib/share/ee4308_lib/package.bash'
[4.628s] INFO:colcon.colcon_core.shell:Creating package script '/home/kaeboon/KBoon/ee4308_proj2/install/ee4308_lib/share/ee4308_lib/package.zsh'
[4.629s] Level 1:colcon.colcon_core.environment:create_file_with_runtime_dependencies(/home/kaeboon/KBoon/ee4308_proj2/install/ee4308_lib/share/colcon-core/packages/ee4308_lib)
[4.632s] DEBUG:colcon.colcon_core.event_handler.log_command:Invoked command in '/home/kaeboon/KBoon/ee4308_proj2/build/ee4308_gazebo_plugins' returned '0': CMAKE_PREFIX_PATH=${CMAKE_PREFIX_PATH}:/home/kaeboon/sjtu_drone/install/sjtu_drone_control:/home/kaeboon/sjtu_drone/install/sjtu_drone_bringup:/opt/ros/humble /usr/bin/cmake --build /home/kaeboon/KBoon/ee4308_proj2/build/ee4308_gazebo_plugins -- -j4 -l4
[4.710s] Level 1:colcon.colcon_core.environment:create_environment_scripts_only(ee4308_bringup)
[4.756s] Level 1:colcon.colcon_core.environment:checking '/home/kaeboon/KBoon/ee4308_proj2/install/ee4308_bringup' for CMake module files
[4.757s] Level 1:colcon.colcon_core.environment:checking '/home/kaeboon/KBoon/ee4308_proj2/install/ee4308_bringup' for CMake config files
[4.757s] Level 1:colcon.colcon_core.shell:create_environment_hook('ee4308_bringup', 'cmake_prefix_path')
[4.788s] INFO:colcon.colcon_core.shell:Creating environment hook '/home/kaeboon/KBoon/ee4308_proj2/install/ee4308_bringup/share/ee4308_bringup/hook/cmake_prefix_path.ps1'
[4.789s] INFO:colcon.colcon_core.shell:Creating environment descriptor '/home/kaeboon/KBoon/ee4308_proj2/install/ee4308_bringup/share/ee4308_bringup/hook/cmake_prefix_path.dsv'
[4.789s] INFO:colcon.colcon_core.shell:Creating environment hook '/home/kaeboon/KBoon/ee4308_proj2/install/ee4308_bringup/share/ee4308_bringup/hook/cmake_prefix_path.sh'
[4.791s] Level 1:colcon.colcon_core.environment:checking '/home/kaeboon/KBoon/ee4308_proj2/install/ee4308_bringup/bin'
[4.792s] Level 1:colcon.colcon_core.environment:checking '/home/kaeboon/KBoon/ee4308_proj2/install/ee4308_bringup/lib/pkgconfig/ee4308_bringup.pc'
[4.792s] Level 1:colcon.colcon_core.environment:checking '/home/kaeboon/KBoon/ee4308_proj2/install/ee4308_bringup/lib/python3.10/site-packages'
[4.793s] Level 1:colcon.colcon_core.environment:checking '/home/kaeboon/KBoon/ee4308_proj2/install/ee4308_bringup/bin'
[4.836s] INFO:colcon.colcon_core.shell:Creating package script '/home/kaeboon/KBoon/ee4308_proj2/install/ee4308_bringup/share/ee4308_bringup/package.ps1'
[4.840s] INFO:colcon.colcon_core.shell:Creating package descriptor '/home/kaeboon/KBoon/ee4308_proj2/install/ee4308_bringup/share/ee4308_bringup/package.dsv'
[4.841s] INFO:colcon.colcon_core.shell:Creating package script '/home/kaeboon/KBoon/ee4308_proj2/install/ee4308_bringup/share/ee4308_bringup/package.sh'
[4.843s] INFO:colcon.colcon_core.shell:Creating package script '/home/kaeboon/KBoon/ee4308_proj2/install/ee4308_bringup/share/ee4308_bringup/package.bash'
[4.844s] INFO:colcon.colcon_core.shell:Creating package script '/home/kaeboon/KBoon/ee4308_proj2/install/ee4308_bringup/share/ee4308_bringup/package.zsh'
[4.845s] Level 1:colcon.colcon_core.environment:create_file_with_runtime_dependencies(/home/kaeboon/KBoon/ee4308_proj2/install/ee4308_bringup/share/colcon-core/packages/ee4308_bringup)
[4.935s] DEBUG:colcon.colcon_core.event_handler.log_command:Invoking command in '/home/kaeboon/KBoon/ee4308_proj2/build/ee4308_gazebo_plugins': CMAKE_PREFIX_PATH=${CMAKE_PREFIX_PATH}:/home/kaeboon/sjtu_drone/install/sjtu_drone_control:/home/kaeboon/sjtu_drone/install/sjtu_drone_bringup:/opt/ros/humble /usr/bin/cmake --install /home/kaeboon/KBoon/ee4308_proj2/build/ee4308_gazebo_plugins
[5.020s] Level 1:colcon.colcon_core.environment:create_environment_scripts_only(ee4308_gazebo_plugins)
[5.021s] DEBUG:colcon.colcon_core.event_handler.log_command:Invoked command in '/home/kaeboon/KBoon/ee4308_proj2/build/ee4308_gazebo_plugins' returned '0': CMAKE_PREFIX_PATH=${CMAKE_PREFIX_PATH}:/home/kaeboon/sjtu_drone/install/sjtu_drone_control:/home/kaeboon/sjtu_drone/install/sjtu_drone_bringup:/opt/ros/humble /usr/bin/cmake --install /home/kaeboon/KBoon/ee4308_proj2/build/ee4308_gazebo_plugins
[5.076s] Level 1:colcon.colcon_core.environment:checking '/home/kaeboon/KBoon/ee4308_proj2/install/ee4308_gazebo_plugins' for CMake module files
[5.078s] Level 1:colcon.colcon_core.environment:checking '/home/kaeboon/KBoon/ee4308_proj2/install/ee4308_gazebo_plugins' for CMake config files
[5.078s] Level 1:colcon.colcon_core.shell:create_environment_hook('ee4308_gazebo_plugins', 'cmake_prefix_path')
[5.137s] INFO:colcon.colcon_core.shell:Creating environment hook '/home/kaeboon/KBoon/ee4308_proj2/install/ee4308_gazebo_plugins/share/ee4308_gazebo_plugins/hook/cmake_prefix_path.ps1'
[5.138s] INFO:colcon.colcon_core.shell:Creating environment descriptor '/home/kaeboon/KBoon/ee4308_proj2/install/ee4308_gazebo_plugins/share/ee4308_gazebo_plugins/hook/cmake_prefix_path.dsv'
[5.138s] INFO:colcon.colcon_core.shell:Creating environment hook '/home/kaeboon/KBoon/ee4308_proj2/install/ee4308_gazebo_plugins/share/ee4308_gazebo_plugins/hook/cmake_prefix_path.sh'
[5.142s] Level 1:colcon.colcon_core.environment:checking '/home/kaeboon/KBoon/ee4308_proj2/install/ee4308_gazebo_plugins/lib'
[5.143s] Level 1:colcon.colcon_core.shell:create_environment_hook('ee4308_gazebo_plugins', 'ld_library_path_lib')
[5.181s] INFO:colcon.colcon_core.shell:Creating environment hook '/home/kaeboon/KBoon/ee4308_proj2/install/ee4308_gazebo_plugins/share/ee4308_gazebo_plugins/hook/ld_library_path_lib.ps1'
[5.182s] INFO:colcon.colcon_core.shell:Creating environment descriptor '/home/kaeboon/KBoon/ee4308_proj2/install/ee4308_gazebo_plugins/share/ee4308_gazebo_plugins/hook/ld_library_path_lib.dsv'
[5.182s] INFO:colcon.colcon_core.shell:Creating environment hook '/home/kaeboon/KBoon/ee4308_proj2/install/ee4308_gazebo_plugins/share/ee4308_gazebo_plugins/hook/ld_library_path_lib.sh'
[5.183s] Level 1:colcon.colcon_core.environment:checking '/home/kaeboon/KBoon/ee4308_proj2/install/ee4308_gazebo_plugins/bin'
[5.183s] Level 1:colcon.colcon_core.environment:checking '/home/kaeboon/KBoon/ee4308_proj2/install/ee4308_gazebo_plugins/lib/pkgconfig/ee4308_gazebo_plugins.pc'
[5.183s] Level 1:colcon.colcon_core.environment:checking '/home/kaeboon/KBoon/ee4308_proj2/install/ee4308_gazebo_plugins/lib/python3.10/site-packages'
[5.184s] Level 1:colcon.colcon_core.environment:checking '/home/kaeboon/KBoon/ee4308_proj2/install/ee4308_gazebo_plugins/bin'
[5.239s] INFO:colcon.colcon_core.shell:Creating package script '/home/kaeboon/KBoon/ee4308_proj2/install/ee4308_gazebo_plugins/share/ee4308_gazebo_plugins/package.ps1'
[5.246s] INFO:colcon.colcon_core.shell:Creating package descriptor '/home/kaeboon/KBoon/ee4308_proj2/install/ee4308_gazebo_plugins/share/ee4308_gazebo_plugins/package.dsv'
[5.247s] INFO:colcon.colcon_core.shell:Creating package script '/home/kaeboon/KBoon/ee4308_proj2/install/ee4308_gazebo_plugins/share/ee4308_gazebo_plugins/package.sh'
[5.247s] INFO:colcon.colcon_core.shell:Creating package script '/home/kaeboon/KBoon/ee4308_proj2/install/ee4308_gazebo_plugins/share/ee4308_gazebo_plugins/package.bash'
[5.248s] INFO:colcon.colcon_core.shell:Creating package script '/home/kaeboon/KBoon/ee4308_proj2/install/ee4308_gazebo_plugins/share/ee4308_gazebo_plugins/package.zsh'
[5.249s] Level 1:colcon.colcon_core.environment:create_file_with_runtime_dependencies(/home/kaeboon/KBoon/ee4308_proj2/install/ee4308_gazebo_plugins/share/colcon-core/packages/ee4308_gazebo_plugins)
[5.491s] Level 1:colcon.colcon_core.environment:create_environment_scripts_only(ee4308_gazebo_plugins)
[5.571s] Level 1:colcon.colcon_core.environment:checking '/home/kaeboon/KBoon/ee4308_proj2/install/ee4308_gazebo_plugins' for CMake module files
[5.572s] Level 1:colcon.colcon_core.environment:checking '/home/kaeboon/KBoon/ee4308_proj2/install/ee4308_gazebo_plugins' for CMake config files
[5.572s] Level 1:colcon.colcon_core.shell:create_environment_hook('ee4308_gazebo_plugins', 'cmake_prefix_path')
[5.618s] INFO:colcon.colcon_core.shell:Creating environment hook '/home/kaeboon/KBoon/ee4308_proj2/install/ee4308_gazebo_plugins/share/ee4308_gazebo_plugins/hook/cmake_prefix_path.ps1'
[5.619s] INFO:colcon.colcon_core.shell:Creating environment descriptor '/home/kaeboon/KBoon/ee4308_proj2/install/ee4308_gazebo_plugins/share/ee4308_gazebo_plugins/hook/cmake_prefix_path.dsv'
[5.619s] INFO:colcon.colcon_core.shell:Creating environment hook '/home/kaeboon/KBoon/ee4308_proj2/install/ee4308_gazebo_plugins/share/ee4308_gazebo_plugins/hook/cmake_prefix_path.sh'
[5.620s] Level 1:colcon.colcon_core.environment:checking '/home/kaeboon/KBoon/ee4308_proj2/install/ee4308_gazebo_plugins/lib'
[5.620s] Level 1:colcon.colcon_core.shell:create_environment_hook('ee4308_gazebo_plugins', 'ld_library_path_lib')
[5.669s] INFO:colcon.colcon_core.shell:Creating environment hook '/home/kaeboon/KBoon/ee4308_proj2/install/ee4308_gazebo_plugins/share/ee4308_gazebo_plugins/hook/ld_library_path_lib.ps1'
[5.670s] INFO:colcon.colcon_core.shell:Creating environment descriptor '/home/kaeboon/KBoon/ee4308_proj2/install/ee4308_gazebo_plugins/share/ee4308_gazebo_plugins/hook/ld_library_path_lib.dsv'
[5.670s] INFO:colcon.colcon_core.shell:Creating environment hook '/home/kaeboon/KBoon/ee4308_proj2/install/ee4308_gazebo_plugins/share/ee4308_gazebo_plugins/hook/ld_library_path_lib.sh'
[5.671s] Level 1:colcon.colcon_core.environment:checking '/home/kaeboon/KBoon/ee4308_proj2/install/ee4308_gazebo_plugins/bin'
[5.671s] Level 1:colcon.colcon_core.environment:checking '/home/kaeboon/KBoon/ee4308_proj2/install/ee4308_gazebo_plugins/lib/pkgconfig/ee4308_gazebo_plugins.pc'
[5.671s] Level 1:colcon.colcon_core.environment:checking '/home/kaeboon/KBoon/ee4308_proj2/install/ee4308_gazebo_plugins/lib/python3.10/site-packages'
[5.672s] Level 1:colcon.colcon_core.environment:checking '/home/kaeboon/KBoon/ee4308_proj2/install/ee4308_gazebo_plugins/bin'
[5.697s] INFO:colcon.colcon_core.shell:Creating package script '/home/kaeboon/KBoon/ee4308_proj2/install/ee4308_gazebo_plugins/share/ee4308_gazebo_plugins/package.ps1'
[5.699s] INFO:colcon.colcon_core.shell:Creating package descriptor '/home/kaeboon/KBoon/ee4308_proj2/install/ee4308_gazebo_plugins/share/ee4308_gazebo_plugins/package.dsv'
[5.700s] INFO:colcon.colcon_core.shell:Creating package script '/home/kaeboon/KBoon/ee4308_proj2/install/ee4308_gazebo_plugins/share/ee4308_gazebo_plugins/package.sh'
[5.700s] INFO:colcon.colcon_core.shell:Creating package script '/home/kaeboon/KBoon/ee4308_proj2/install/ee4308_gazebo_plugins/share/ee4308_gazebo_plugins/package.bash'
[5.711s] INFO:colcon.colcon_core.shell:Creating package script '/home/kaeboon/KBoon/ee4308_proj2/install/ee4308_gazebo_plugins/share/ee4308_gazebo_plugins/package.zsh'
[5.712s] Level 1:colcon.colcon_core.environment:create_file_with_runtime_dependencies(/home/kaeboon/KBoon/ee4308_proj2/install/ee4308_gazebo_plugins/share/colcon-core/packages/ee4308_gazebo_plugins)
[5.965s] DEBUG:colcon.colcon_core.event_handler.log_command:Invoked command in '/home/kaeboon/KBoon/ee4308_proj2/build/ee4308_interfaces' returned '0': CMAKE_PREFIX_PATH=${CMAKE_PREFIX_PATH}:/home/kaeboon/sjtu_drone/install/sjtu_drone_control:/home/kaeboon/sjtu_drone/install/sjtu_drone_bringup:/opt/ros/humble /usr/bin/cmake --build /home/kaeboon/KBoon/ee4308_proj2/build/ee4308_interfaces -- -j4 -l4
[6.204s] DEBUG:colcon.colcon_core.event_handler.log_command:Invoking command in '/home/kaeboon/KBoon/ee4308_proj2/build/ee4308_interfaces': CMAKE_PREFIX_PATH=${CMAKE_PREFIX_PATH}:/home/kaeboon/sjtu_drone/install/sjtu_drone_control:/home/kaeboon/sjtu_drone/install/sjtu_drone_bringup:/opt/ros/humble /usr/bin/cmake --install /home/kaeboon/KBoon/ee4308_proj2/build/ee4308_interfaces
[6.430s] Level 1:colcon.colcon_core.environment:create_environment_scripts_only(ee4308_interfaces)
[6.431s] DEBUG:colcon.colcon_core.event_handler.log_command:Invoked command in '/home/kaeboon/KBoon/ee4308_proj2/build/ee4308_interfaces' returned '0': CMAKE_PREFIX_PATH=${CMAKE_PREFIX_PATH}:/home/kaeboon/sjtu_drone/install/sjtu_drone_control:/home/kaeboon/sjtu_drone/install/sjtu_drone_bringup:/opt/ros/humble /usr/bin/cmake --install /home/kaeboon/KBoon/ee4308_proj2/build/ee4308_interfaces
[6.465s] Level 1:colcon.colcon_core.environment:checking '/home/kaeboon/KBoon/ee4308_proj2/install/ee4308_interfaces' for CMake module files
[6.466s] Level 1:colcon.colcon_core.environment:checking '/home/kaeboon/KBoon/ee4308_proj2/install/ee4308_interfaces' for CMake config files
[6.467s] Level 1:colcon.colcon_core.shell:create_environment_hook('ee4308_interfaces', 'cmake_prefix_path')
[6.501s] INFO:colcon.colcon_core.shell:Creating environment hook '/home/kaeboon/KBoon/ee4308_proj2/install/ee4308_interfaces/share/ee4308_interfaces/hook/cmake_prefix_path.ps1'
[6.502s] INFO:colcon.colcon_core.shell:Creating environment descriptor '/home/kaeboon/KBoon/ee4308_proj2/install/ee4308_interfaces/share/ee4308_interfaces/hook/cmake_prefix_path.dsv'
[6.502s] INFO:colcon.colcon_core.shell:Creating environment hook '/home/kaeboon/KBoon/ee4308_proj2/install/ee4308_interfaces/share/ee4308_interfaces/hook/cmake_prefix_path.sh'
[6.504s] Level 1:colcon.colcon_core.environment:checking '/home/kaeboon/KBoon/ee4308_proj2/install/ee4308_interfaces/lib'
[6.504s] Level 1:colcon.colcon_core.shell:create_environment_hook('ee4308_interfaces', 'ld_library_path_lib')
[6.538s] INFO:colcon.colcon_core.shell:Creating environment hook '/home/kaeboon/KBoon/ee4308_proj2/install/ee4308_interfaces/share/ee4308_interfaces/hook/ld_library_path_lib.ps1'
[6.539s] INFO:colcon.colcon_core.shell:Creating environment descriptor '/home/kaeboon/KBoon/ee4308_proj2/install/ee4308_interfaces/share/ee4308_interfaces/hook/ld_library_path_lib.dsv'
[6.540s] INFO:colcon.colcon_core.shell:Creating environment hook '/home/kaeboon/KBoon/ee4308_proj2/install/ee4308_interfaces/share/ee4308_interfaces/hook/ld_library_path_lib.sh'
[6.540s] Level 1:colcon.colcon_core.environment:checking '/home/kaeboon/KBoon/ee4308_proj2/install/ee4308_interfaces/bin'
[6.541s] Level 1:colcon.colcon_core.environment:checking '/home/kaeboon/KBoon/ee4308_proj2/install/ee4308_interfaces/lib/pkgconfig/ee4308_interfaces.pc'
[6.541s] Level 1:colcon.colcon_core.environment:checking '/home/kaeboon/KBoon/ee4308_proj2/install/ee4308_interfaces/lib/python3.10/site-packages'
[6.541s] Level 1:colcon.colcon_core.environment:checking '/home/kaeboon/KBoon/ee4308_proj2/install/ee4308_interfaces/bin'
[6.568s] INFO:colcon.colcon_core.shell:Creating package script '/home/kaeboon/KBoon/ee4308_proj2/install/ee4308_interfaces/share/ee4308_interfaces/package.ps1'
[6.569s] INFO:colcon.colcon_core.shell:Creating package descriptor '/home/kaeboon/KBoon/ee4308_proj2/install/ee4308_interfaces/share/ee4308_interfaces/package.dsv'
[6.570s] INFO:colcon.colcon_core.shell:Creating package script '/home/kaeboon/KBoon/ee4308_proj2/install/ee4308_interfaces/share/ee4308_interfaces/package.sh'
[6.570s] INFO:colcon.colcon_core.shell:Creating package script '/home/kaeboon/KBoon/ee4308_proj2/install/ee4308_interfaces/share/ee4308_interfaces/package.bash'
[6.571s] INFO:colcon.colcon_core.shell:Creating package script '/home/kaeboon/KBoon/ee4308_proj2/install/ee4308_interfaces/share/ee4308_interfaces/package.zsh'
[6.572s] Level 1:colcon.colcon_core.environment:create_file_with_runtime_dependencies(/home/kaeboon/KBoon/ee4308_proj2/install/ee4308_interfaces/share/colcon-core/packages/ee4308_interfaces)
[6.781s] Level 1:colcon.colcon_core.environment:create_environment_scripts_only(ee4308_interfaces)
[6.807s] Level 1:colcon.colcon_core.environment:checking '/home/kaeboon/KBoon/ee4308_proj2/install/ee4308_interfaces' for CMake module files
[6.808s] Level 1:colcon.colcon_core.environment:checking '/home/kaeboon/KBoon/ee4308_proj2/install/ee4308_interfaces' for CMake config files
[6.809s] Level 1:colcon.colcon_core.shell:create_environment_hook('ee4308_interfaces', 'cmake_prefix_path')
[6.838s] INFO:colcon.colcon_core.shell:Creating environment hook '/home/kaeboon/KBoon/ee4308_proj2/install/ee4308_interfaces/share/ee4308_interfaces/hook/cmake_prefix_path.ps1'
[6.839s] INFO:colcon.colcon_core.shell:Creating environment descriptor '/home/kaeboon/KBoon/ee4308_proj2/install/ee4308_interfaces/share/ee4308_interfaces/hook/cmake_prefix_path.dsv'
[6.839s] INFO:colcon.colcon_core.shell:Creating environment hook '/home/kaeboon/KBoon/ee4308_proj2/install/ee4308_interfaces/share/ee4308_interfaces/hook/cmake_prefix_path.sh'
[6.840s] Level 1:colcon.colcon_core.environment:checking '/home/kaeboon/KBoon/ee4308_proj2/install/ee4308_interfaces/lib'
[6.840s] Level 1:colcon.colcon_core.shell:create_environment_hook('ee4308_interfaces', 'ld_library_path_lib')
[6.870s] INFO:colcon.colcon_core.shell:Creating environment hook '/home/kaeboon/KBoon/ee4308_proj2/install/ee4308_interfaces/share/ee4308_interfaces/hook/ld_library_path_lib.ps1'
[6.871s] INFO:colcon.colcon_core.shell:Creating environment descriptor '/home/kaeboon/KBoon/ee4308_proj2/install/ee4308_interfaces/share/ee4308_interfaces/hook/ld_library_path_lib.dsv'
[6.871s] INFO:colcon.colcon_core.shell:Creating environment hook '/home/kaeboon/KBoon/ee4308_proj2/install/ee4308_interfaces/share/ee4308_interfaces/hook/ld_library_path_lib.sh'
[6.872s] Level 1:colcon.colcon_core.environment:checking '/home/kaeboon/KBoon/ee4308_proj2/install/ee4308_interfaces/bin'
[6.872s] Level 1:colcon.colcon_core.environment:checking '/home/kaeboon/KBoon/ee4308_proj2/install/ee4308_interfaces/lib/pkgconfig/ee4308_interfaces.pc'
[6.872s] Level 1:colcon.colcon_core.environment:checking '/home/kaeboon/KBoon/ee4308_proj2/install/ee4308_interfaces/lib/python3.10/site-packages'
[6.873s] Level 1:colcon.colcon_core.environment:checking '/home/kaeboon/KBoon/ee4308_proj2/install/ee4308_interfaces/bin'
[6.906s] INFO:colcon.colcon_core.shell:Creating package script '/home/kaeboon/KBoon/ee4308_proj2/install/ee4308_interfaces/share/ee4308_interfaces/package.ps1'
[6.908s] INFO:colcon.colcon_core.shell:Creating package descriptor '/home/kaeboon/KBoon/ee4308_proj2/install/ee4308_interfaces/share/ee4308_interfaces/package.dsv'
[6.909s] INFO:colcon.colcon_core.shell:Creating package script '/home/kaeboon/KBoon/ee4308_proj2/install/ee4308_interfaces/share/ee4308_interfaces/package.sh'
[6.910s] INFO:colcon.colcon_core.shell:Creating package script '/home/kaeboon/KBoon/ee4308_proj2/install/ee4308_interfaces/share/ee4308_interfaces/package.bash'
[6.910s] INFO:colcon.colcon_core.shell:Creating package script '/home/kaeboon/KBoon/ee4308_proj2/install/ee4308_interfaces/share/ee4308_interfaces/package.zsh'
[6.911s] Level 1:colcon.colcon_core.environment:create_file_with_runtime_dependencies(/home/kaeboon/KBoon/ee4308_proj2/install/ee4308_interfaces/share/colcon-core/packages/ee4308_interfaces)
[6.912s] INFO:colcon.colcon_ros.task.ament_cmake.build:Building ROS package in '/home/kaeboon/KBoon/ee4308_proj2/src/ee4308_drone' with build type 'ament_cmake'
[6.912s] INFO:colcon.colcon_cmake.task.cmake.build:Building CMake package in '/home/kaeboon/KBoon/ee4308_proj2/src/ee4308_drone'
[6.946s] INFO:colcon.colcon_core.shell:Skip shell extension 'powershell' for command environment: Not usable outside of PowerShell
[6.946s] DEBUG:colcon.colcon_core.shell:Skip shell extension 'dsv' for command environment
[7.158s] INFO:colcon.colcon_ros.task.ament_cmake.build:Building ROS package in '/home/kaeboon/KBoon/ee4308_proj2/src/ee4308_turtle' with build type 'ament_cmake'
[7.159s] INFO:colcon.colcon_cmake.task.cmake.build:Building CMake package in '/home/kaeboon/KBoon/ee4308_proj2/src/ee4308_turtle'
[7.285s] INFO:colcon.colcon_core.shell:Skip shell extension 'powershell' for command environment: Not usable outside of PowerShell
[7.293s] DEBUG:colcon.colcon_core.shell:Skip shell extension 'dsv' for command environment
[7.614s] DEBUG:colcon.colcon_core.event_handler.log_command:Invoking command in '/home/kaeboon/KBoon/ee4308_proj2/build/ee4308_drone': CMAKE_PREFIX_PATH=/home/kaeboon/KBoon/ee4308_proj2/install/ee4308_lib:/home/kaeboon/KBoon/ee4308_proj2/install/ee4308_interfaces:/home/kaeboon/sjtu_drone/install/sjtu_drone_description:/home/kaeboon/KBoon/ee4308_proj2/install/ee4308_turtle:/home/kaeboon/KBoon/ee4308_proj2/install/ee4308_drone:/home/kaeboon/KBoon/ee4308_proj2/install/ee4308_gazebo_plugins:/home/kaeboon/KBoon/ee4308_proj2/install/ee4308_bringup:/home/kaeboon/sjtu_drone/install/sjtu_drone_control:/home/kaeboon/sjtu_drone/install/sjtu_drone_bringup:/opt/ros/humble LD_LIBRARY_PATH=/home/kaeboon/KBoon/ee4308_proj2/install/ee4308_interfaces/lib:/home/kaeboon/sjtu_drone/install/sjtu_drone_description/lib:/home/kaeboon/KBoon/ee4308_proj2/install/ee4308_gazebo_plugins/lib:/usr/lib/x86_64-linux-gnu/gazebo-11/plugins:/opt/ros/humble/opt/rviz_ogre_vendor/lib:/opt/ros/humble/lib/x86_64-linux-gnu:/opt/ros/humble/lib:/usr/lib/x86_64-linux-gnu/gazebo-11/plugins:/usr/lib/x86_64-linux-gnu/gazebo-11/plugins:/usr/lib/x86_64-linux-gnu/gazebo-11/plugins:/usr/lib/x86_64-linux-gnu/gazebo-11/plugins:/usr/lib/x86_64-linux-gnu/gazebo-11/plugins:/usr/lib/x86_64-linux-gnu/gazebo-11/plugins:/usr/lib/x86_64-linux-gnu/gazebo-11/plugins:/usr/lib/x86_64-linux-gnu/gazebo-11/plugins:/usr/lib/x86_64-linux-gnu/gazebo-11/plugins:/usr/lib/x86_64-linux-gnu/gazebo-11/plugins:/usr/lib/x86_64-linux-gnu/gazebo-11/plugins:/usr/lib/x86_64-linux-gnu/gazebo-11/plugins:/usr/lib/x86_64-linux-gnu/gazebo-11/plugins:/usr/lib/x86_64-linux-gnu/gazebo-11/plugins:/usr/lib/x86_64-linux-gnu/gazebo-11/plugins:/usr/lib/x86_64-linux-gnu/gazebo-11/plugins:/usr/lib/x86_64-linux-gnu/gazebo-11/plugins:/usr/lib/x86_64-linux-gnu/gazebo-11/plugins:/usr/lib/x86_64-linux-gnu/gazebo-11/plugins:/usr/lib/x86_64-linux-gnu/gazebo-11/plugins:/usr/lib/x86_64-linux-gnu/gazebo-11/plugins:/usr/lib/x86_64-linux-gnu/gazebo-11/plugins:/usr/lib/x86_64-linux-gnu/gazebo-11/plugins:/usr/lib/x86_64-linux-gnu/gazebo-11/plugins:/usr/lib/x86_64-linux-gnu/gazebo-11/plugins:/usr/lib/x86_64-linux-gnu/gazebo-11/plugins:/usr/lib/x86_64-linux-gnu/gazebo-11/plugins:/usr/lib/x86_64-linux-gnu/gazebo-11/plugins:/usr/lib/x86_64-linux-gnu/gazebo-11/plugins:/usr/lib/x86_64-linux-gnu/gazebo-11/plugins:/usr/lib/x86_64-linux-gnu/gazebo-11/plugins:/usr/lib/x86_64-linux-gnu/gazebo-11/plugins:/usr/lib/x86_64-linux-gnu/gazebo-11/plugins:/usr/lib/x86_64-linux-gnu/gazebo-11/plugins:/usr/lib/x86_64-linux-gnu/gazebo-11/plugins:/usr/lib/x86_64-linux-gnu/gazebo-11/plugins:/usr/lib/x86_64-linux-gnu/gazebo-11/plugins:/usr/lib/x86_64-linux-gnu/gazebo-11/plugins:/usr/lib/x86_64-linux-gnu/gazebo-11/plugins:/usr/lib/x86_64-linux-gnu/gazebo-11/plugins:/usr/lib/x86_64-linux-gnu/gazebo-11/plugins:/usr/lib/x86_64-linux-gnu/gazebo-11/plugins:/usr/lib/x86_64-linux-gnu/gazebo-11/plugins:/usr/lib/x86_64-linux-gnu/gazebo-11/plugins:/usr/lib/x86_64-linux-gnu/gazebo-11/plugins:/usr/lib/x86_64-linux-gnu/gazebo-11/plugins:/usr/lib/x86_64-linux-gnu/gazebo-11/plugins:/usr/lib/x86_64-linux-gnu/gazebo-11/plugins:/usr/lib/x86_64-linux-gnu/gazebo-11/plugins:/usr/lib/x86_64-linux-gnu/gazebo-11/plugins:/usr/lib/x86_64-linux-gnu/gazebo-11/plugins:/usr/lib/x86_64-linux-gnu/gazebo-11/plugins:/usr/lib/x86_64-linux-gnu/gazebo-11/plugins:/usr/lib/x86_64-linux-gnu/gazebo-11/plugins:/usr/lib/x86_64-linux-gnu/gazebo-11/plugins /usr/bin/cmake --build /home/kaeboon/KBoon/ee4308_proj2/build/ee4308_drone -- -j4 -l4
[7.681s] DEBUG:colcon.colcon_core.event_handler.log_command:Invoking command in '/home/kaeboon/KBoon/ee4308_proj2/build/ee4308_turtle': CMAKE_PREFIX_PATH=/home/kaeboon/KBoon/ee4308_proj2/install/ee4308_lib:/home/kaeboon/KBoon/ee4308_proj2/install/ee4308_interfaces:/home/kaeboon/sjtu_drone/install/sjtu_drone_description:/home/kaeboon/KBoon/ee4308_proj2/install/ee4308_turtle:/home/kaeboon/KBoon/ee4308_proj2/install/ee4308_drone:/home/kaeboon/KBoon/ee4308_proj2/install/ee4308_gazebo_plugins:/home/kaeboon/KBoon/ee4308_proj2/install/ee4308_bringup:/home/kaeboon/sjtu_drone/install/sjtu_drone_control:/home/kaeboon/sjtu_drone/install/sjtu_drone_bringup:/opt/ros/humble LD_LIBRARY_PATH=/home/kaeboon/KBoon/ee4308_proj2/install/ee4308_interfaces/lib:/home/kaeboon/sjtu_drone/install/sjtu_drone_description/lib:/home/kaeboon/KBoon/ee4308_proj2/install/ee4308_gazebo_plugins/lib:/usr/lib/x86_64-linux-gnu/gazebo-11/plugins:/opt/ros/humble/opt/rviz_ogre_vendor/lib:/opt/ros/humble/lib/x86_64-linux-gnu:/opt/ros/humble/lib:/usr/lib/x86_64-linux-gnu/gazebo-11/plugins:/usr/lib/x86_64-linux-gnu/gazebo-11/plugins:/usr/lib/x86_64-linux-gnu/gazebo-11/plugins:/usr/lib/x86_64-linux-gnu/gazebo-11/plugins:/usr/lib/x86_64-linux-gnu/gazebo-11/plugins:/usr/lib/x86_64-linux-gnu/gazebo-11/plugins:/usr/lib/x86_64-linux-gnu/gazebo-11/plugins:/usr/lib/x86_64-linux-gnu/gazebo-11/plugins:/usr/lib/x86_64-linux-gnu/gazebo-11/plugins:/usr/lib/x86_64-linux-gnu/gazebo-11/plugins:/usr/lib/x86_64-linux-gnu/gazebo-11/plugins:/usr/lib/x86_64-linux-gnu/gazebo-11/plugins:/usr/lib/x86_64-linux-gnu/gazebo-11/plugins:/usr/lib/x86_64-linux-gnu/gazebo-11/plugins:/usr/lib/x86_64-linux-gnu/gazebo-11/plugins:/usr/lib/x86_64-linux-gnu/gazebo-11/plugins:/usr/lib/x86_64-linux-gnu/gazebo-11/plugins:/usr/lib/x86_64-linux-gnu/gazebo-11/plugins:/usr/lib/x86_64-linux-gnu/gazebo-11/plugins:/usr/lib/x86_64-linux-gnu/gazebo-11/plugins:/usr/lib/x86_64-linux-gnu/gazebo-11/plugins:/usr/lib/x86_64-linux-gnu/gazebo-11/plugins:/usr/lib/x86_64-linux-gnu/gazebo-11/plugins:/usr/lib/x86_64-linux-gnu/gazebo-11/plugins:/usr/lib/x86_64-linux-gnu/gazebo-11/plugins:/usr/lib/x86_64-linux-gnu/gazebo-11/plugins:/usr/lib/x86_64-linux-gnu/gazebo-11/plugins:/usr/lib/x86_64-linux-gnu/gazebo-11/plugins:/usr/lib/x86_64-linux-gnu/gazebo-11/plugins:/usr/lib/x86_64-linux-gnu/gazebo-11/plugins:/usr/lib/x86_64-linux-gnu/gazebo-11/plugins:/usr/lib/x86_64-linux-gnu/gazebo-11/plugins:/usr/lib/x86_64-linux-gnu/gazebo-11/plugins:/usr/lib/x86_64-linux-gnu/gazebo-11/plugins:/usr/lib/x86_64-linux-gnu/gazebo-11/plugins:/usr/lib/x86_64-linux-gnu/gazebo-11/plugins:/usr/lib/x86_64-linux-gnu/gazebo-11/plugins:/usr/lib/x86_64-linux-gnu/gazebo-11/plugins:/usr/lib/x86_64-linux-gnu/gazebo-11/plugins:/usr/lib/x86_64-linux-gnu/gazebo-11/plugins:/usr/lib/x86_64-linux-gnu/gazebo-11/plugins:/usr/lib/x86_64-linux-gnu/gazebo-11/plugins:/usr/lib/x86_64-linux-gnu/gazebo-11/plugins:/usr/lib/x86_64-linux-gnu/gazebo-11/plugins:/usr/lib/x86_64-linux-gnu/gazebo-11/plugins:/usr/lib/x86_64-linux-gnu/gazebo-11/plugins:/usr/lib/x86_64-linux-gnu/gazebo-11/plugins:/usr/lib/x86_64-linux-gnu/gazebo-11/plugins:/usr/lib/x86_64-linux-gnu/gazebo-11/plugins:/usr/lib/x86_64-linux-gnu/gazebo-11/plugins:/usr/lib/x86_64-linux-gnu/gazebo-11/plugins:/usr/lib/x86_64-linux-gnu/gazebo-11/plugins:/usr/lib/x86_64-linux-gnu/gazebo-11/plugins:/usr/lib/x86_64-linux-gnu/gazebo-11/plugins:/usr/lib/x86_64-linux-gnu/gazebo-11/plugins /usr/bin/cmake --build /home/kaeboon/KBoon/ee4308_proj2/build/ee4308_turtle -- -j4 -l4
[9.039s] DEBUG:colcon.colcon_core.event_handler.log_command:Invoked command in '/home/kaeboon/KBoon/ee4308_proj2/build/ee4308_turtle' returned '0': CMAKE_PREFIX_PATH=/home/kaeboon/KBoon/ee4308_proj2/install/ee4308_lib:/home/kaeboon/KBoon/ee4308_proj2/install/ee4308_interfaces:/home/kaeboon/sjtu_drone/install/sjtu_drone_description:/home/kaeboon/KBoon/ee4308_proj2/install/ee4308_turtle:/home/kaeboon/KBoon/ee4308_proj2/install/ee4308_drone:/home/kaeboon/KBoon/ee4308_proj2/install/ee4308_gazebo_plugins:/home/kaeboon/KBoon/ee4308_proj2/install/ee4308_bringup:/home/kaeboon/sjtu_drone/install/sjtu_drone_control:/home/kaeboon/sjtu_drone/install/sjtu_drone_bringup:/opt/ros/humble LD_LIBRARY_PATH=/home/kaeboon/KBoon/ee4308_proj2/install/ee4308_interfaces/lib:/home/kaeboon/sjtu_drone/install/sjtu_drone_description/lib:/home/kaeboon/KBoon/ee4308_proj2/install/ee4308_gazebo_plugins/lib:/usr/lib/x86_64-linux-gnu/gazebo-11/plugins:/opt/ros/humble/opt/rviz_ogre_vendor/lib:/opt/ros/humble/lib/x86_64-linux-gnu:/opt/ros/humble/lib:/usr/lib/x86_64-linux-gnu/gazebo-11/plugins:/usr/lib/x86_64-linux-gnu/gazebo-11/plugins:/usr/lib/x86_64-linux-gnu/gazebo-11/plugins:/usr/lib/x86_64-linux-gnu/gazebo-11/plugins:/usr/lib/x86_64-linux-gnu/gazebo-11/plugins:/usr/lib/x86_64-linux-gnu/gazebo-11/plugins:/usr/lib/x86_64-linux-gnu/gazebo-11/plugins:/usr/lib/x86_64-linux-gnu/gazebo-11/plugins:/usr/lib/x86_64-linux-gnu/gazebo-11/plugins:/usr/lib/x86_64-linux-gnu/gazebo-11/plugins:/usr/lib/x86_64-linux-gnu/gazebo-11/plugins:/usr/lib/x86_64-linux-gnu/gazebo-11/plugins:/usr/lib/x86_64-linux-gnu/gazebo-11/plugins:/usr/lib/x86_64-linux-gnu/gazebo-11/plugins:/usr/lib/x86_64-linux-gnu/gazebo-11/plugins:/usr/lib/x86_64-linux-gnu/gazebo-11/plugins:/usr/lib/x86_64-linux-gnu/gazebo-11/plugins:/usr/lib/x86_64-linux-gnu/gazebo-11/plugins:/usr/lib/x86_64-linux-gnu/gazebo-11/plugins:/usr/lib/x86_64-linux-gnu/gazebo-11/plugins:/usr/lib/x86_64-linux-gnu/gazebo-11/plugins:/usr/lib/x86_64-linux-gnu/gazebo-11/plugins:/usr/lib/x86_64-linux-gnu/gazebo-11/plugins:/usr/lib/x86_64-linux-gnu/gazebo-11/plugins:/usr/lib/x86_64-linux-gnu/gazebo-11/plugins:/usr/lib/x86_64-linux-gnu/gazebo-11/plugins:/usr/lib/x86_64-linux-gnu/gazebo-11/plugins:/usr/lib/x86_64-linux-gnu/gazebo-11/plugins:/usr/lib/x86_64-linux-gnu/gazebo-11/plugins:/usr/lib/x86_64-linux-gnu/gazebo-11/plugins:/usr/lib/x86_64-linux-gnu/gazebo-11/plugins:/usr/lib/x86_64-linux-gnu/gazebo-11/plugins:/usr/lib/x86_64-linux-gnu/gazebo-11/plugins:/usr/lib/x86_64-linux-gnu/gazebo-11/plugins:/usr/lib/x86_64-linux-gnu/gazebo-11/plugins:/usr/lib/x86_64-linux-gnu/gazebo-11/plugins:/usr/lib/x86_64-linux-gnu/gazebo-11/plugins:/usr/lib/x86_64-linux-gnu/gazebo-11/plugins:/usr/lib/x86_64-linux-gnu/gazebo-11/plugins:/usr/lib/x86_64-linux-gnu/gazebo-11/plugins:/usr/lib/x86_64-linux-gnu/gazebo-11/plugins:/usr/lib/x86_64-linux-gnu/gazebo-11/plugins:/usr/lib/x86_64-linux-gnu/gazebo-11/plugins:/usr/lib/x86_64-linux-gnu/gazebo-11/plugins:/usr/lib/x86_64-linux-gnu/gazebo-11/plugins:/usr/lib/x86_64-linux-gnu/gazebo-11/plugins:/usr/lib/x86_64-linux-gnu/gazebo-11/plugins:/usr/lib/x86_64-linux-gnu/gazebo-11/plugins:/usr/lib/x86_64-linux-gnu/gazebo-11/plugins:/usr/lib/x86_64-linux-gnu/gazebo-11/plugins:/usr/lib/x86_64-linux-gnu/gazebo-11/plugins:/usr/lib/x86_64-linux-gnu/gazebo-11/plugins:/usr/lib/x86_64-linux-gnu/gazebo-11/plugins:/usr/lib/x86_64-linux-gnu/gazebo-11/plugins:/usr/lib/x86_64-linux-gnu/gazebo-11/plugins /usr/bin/cmake --build /home/kaeboon/KBoon/ee4308_proj2/build/ee4308_turtle -- -j4 -l4
[9.212s] DEBUG:colcon.colcon_core.event_handler.log_command:Invoking command in '/home/kaeboon/KBoon/ee4308_proj2/build/ee4308_turtle': CMAKE_PREFIX_PATH=/home/kaeboon/KBoon/ee4308_proj2/install/ee4308_lib:/home/kaeboon/KBoon/ee4308_proj2/install/ee4308_interfaces:/home/kaeboon/sjtu_drone/install/sjtu_drone_description:/home/kaeboon/KBoon/ee4308_proj2/install/ee4308_turtle:/home/kaeboon/KBoon/ee4308_proj2/install/ee4308_drone:/home/kaeboon/KBoon/ee4308_proj2/install/ee4308_gazebo_plugins:/home/kaeboon/KBoon/ee4308_proj2/install/ee4308_bringup:/home/kaeboon/sjtu_drone/install/sjtu_drone_control:/home/kaeboon/sjtu_drone/install/sjtu_drone_bringup:/opt/ros/humble LD_LIBRARY_PATH=/home/kaeboon/KBoon/ee4308_proj2/install/ee4308_interfaces/lib:/home/kaeboon/sjtu_drone/install/sjtu_drone_description/lib:/home/kaeboon/KBoon/ee4308_proj2/install/ee4308_gazebo_plugins/lib:/usr/lib/x86_64-linux-gnu/gazebo-11/plugins:/opt/ros/humble/opt/rviz_ogre_vendor/lib:/opt/ros/humble/lib/x86_64-linux-gnu:/opt/ros/humble/lib:/usr/lib/x86_64-linux-gnu/gazebo-11/plugins:/usr/lib/x86_64-linux-gnu/gazebo-11/plugins:/usr/lib/x86_64-linux-gnu/gazebo-11/plugins:/usr/lib/x86_64-linux-gnu/gazebo-11/plugins:/usr/lib/x86_64-linux-gnu/gazebo-11/plugins:/usr/lib/x86_64-linux-gnu/gazebo-11/plugins:/usr/lib/x86_64-linux-gnu/gazebo-11/plugins:/usr/lib/x86_64-linux-gnu/gazebo-11/plugins:/usr/lib/x86_64-linux-gnu/gazebo-11/plugins:/usr/lib/x86_64-linux-gnu/gazebo-11/plugins:/usr/lib/x86_64-linux-gnu/gazebo-11/plugins:/usr/lib/x86_64-linux-gnu/gazebo-11/plugins:/usr/lib/x86_64-linux-gnu/gazebo-11/plugins:/usr/lib/x86_64-linux-gnu/gazebo-11/plugins:/usr/lib/x86_64-linux-gnu/gazebo-11/plugins:/usr/lib/x86_64-linux-gnu/gazebo-11/plugins:/usr/lib/x86_64-linux-gnu/gazebo-11/plugins:/usr/lib/x86_64-linux-gnu/gazebo-11/plugins:/usr/lib/x86_64-linux-gnu/gazebo-11/plugins:/usr/lib/x86_64-linux-gnu/gazebo-11/plugins:/usr/lib/x86_64-linux-gnu/gazebo-11/plugins:/usr/lib/x86_64-linux-gnu/gazebo-11/plugins:/usr/lib/x86_64-linux-gnu/gazebo-11/plugins:/usr/lib/x86_64-linux-gnu/gazebo-11/plugins:/usr/lib/x86_64-linux-gnu/gazebo-11/plugins:/usr/lib/x86_64-linux-gnu/gazebo-11/plugins:/usr/lib/x86_64-linux-gnu/gazebo-11/plugins:/usr/lib/x86_64-linux-gnu/gazebo-11/plugins:/usr/lib/x86_64-linux-gnu/gazebo-11/plugins:/usr/lib/x86_64-linux-gnu/gazebo-11/plugins:/usr/lib/x86_64-linux-gnu/gazebo-11/plugins:/usr/lib/x86_64-linux-gnu/gazebo-11/plugins:/usr/lib/x86_64-linux-gnu/gazebo-11/plugins:/usr/lib/x86_64-linux-gnu/gazebo-11/plugins:/usr/lib/x86_64-linux-gnu/gazebo-11/plugins:/usr/lib/x86_64-linux-gnu/gazebo-11/plugins:/usr/lib/x86_64-linux-gnu/gazebo-11/plugins:/usr/lib/x86_64-linux-gnu/gazebo-11/plugins:/usr/lib/x86_64-linux-gnu/gazebo-11/plugins:/usr/lib/x86_64-linux-gnu/gazebo-11/plugins:/usr/lib/x86_64-linux-gnu/gazebo-11/plugins:/usr/lib/x86_64-linux-gnu/gazebo-11/plugins:/usr/lib/x86_64-linux-gnu/gazebo-11/plugins:/usr/lib/x86_64-linux-gnu/gazebo-11/plugins:/usr/lib/x86_64-linux-gnu/gazebo-11/plugins:/usr/lib/x86_64-linux-gnu/gazebo-11/plugins:/usr/lib/x86_64-linux-gnu/gazebo-11/plugins:/usr/lib/x86_64-linux-gnu/gazebo-11/plugins:/usr/lib/x86_64-linux-gnu/gazebo-11/plugins:/usr/lib/x86_64-linux-gnu/gazebo-11/plugins:/usr/lib/x86_64-linux-gnu/gazebo-11/plugins:/usr/lib/x86_64-linux-gnu/gazebo-11/plugins:/usr/lib/x86_64-linux-gnu/gazebo-11/plugins:/usr/lib/x86_64-linux-gnu/gazebo-11/plugins:/usr/lib/x86_64-linux-gnu/gazebo-11/plugins /usr/bin/cmake --install /home/kaeboon/KBoon/ee4308_proj2/build/ee4308_turtle
[9.316s] Level 1:colcon.colcon_core.environment:create_environment_scripts_only(ee4308_turtle)
[9.317s] DEBUG:colcon.colcon_core.event_handler.log_command:Invoked command in '/home/kaeboon/KBoon/ee4308_proj2/build/ee4308_turtle' returned '0': CMAKE_PREFIX_PATH=/home/kaeboon/KBoon/ee4308_proj2/install/ee4308_lib:/home/kaeboon/KBoon/ee4308_proj2/install/ee4308_interfaces:/home/kaeboon/sjtu_drone/install/sjtu_drone_description:/home/kaeboon/KBoon/ee4308_proj2/install/ee4308_turtle:/home/kaeboon/KBoon/ee4308_proj2/install/ee4308_drone:/home/kaeboon/KBoon/ee4308_proj2/install/ee4308_gazebo_plugins:/home/kaeboon/KBoon/ee4308_proj2/install/ee4308_bringup:/home/kaeboon/sjtu_drone/install/sjtu_drone_control:/home/kaeboon/sjtu_drone/install/sjtu_drone_bringup:/opt/ros/humble LD_LIBRARY_PATH=/home/kaeboon/KBoon/ee4308_proj2/install/ee4308_interfaces/lib:/home/kaeboon/sjtu_drone/install/sjtu_drone_description/lib:/home/kaeboon/KBoon/ee4308_proj2/install/ee4308_gazebo_plugins/lib:/usr/lib/x86_64-linux-gnu/gazebo-11/plugins:/opt/ros/humble/opt/rviz_ogre_vendor/lib:/opt/ros/humble/lib/x86_64-linux-gnu:/opt/ros/humble/lib:/usr/lib/x86_64-linux-gnu/gazebo-11/plugins:/usr/lib/x86_64-linux-gnu/gazebo-11/plugins:/usr/lib/x86_64-linux-gnu/gazebo-11/plugins:/usr/lib/x86_64-linux-gnu/gazebo-11/plugins:/usr/lib/x86_64-linux-gnu/gazebo-11/plugins:/usr/lib/x86_64-linux-gnu/gazebo-11/plugins:/usr/lib/x86_64-linux-gnu/gazebo-11/plugins:/usr/lib/x86_64-linux-gnu/gazebo-11/plugins:/usr/lib/x86_64-linux-gnu/gazebo-11/plugins:/usr/lib/x86_64-linux-gnu/gazebo-11/plugins:/usr/lib/x86_64-linux-gnu/gazebo-11/plugins:/usr/lib/x86_64-linux-gnu/gazebo-11/plugins:/usr/lib/x86_64-linux-gnu/gazebo-11/plugins:/usr/lib/x86_64-linux-gnu/gazebo-11/plugins:/usr/lib/x86_64-linux-gnu/gazebo-11/plugins:/usr/lib/x86_64-linux-gnu/gazebo-11/plugins:/usr/lib/x86_64-linux-gnu/gazebo-11/plugins:/usr/lib/x86_64-linux-gnu/gazebo-11/plugins:/usr/lib/x86_64-linux-gnu/gazebo-11/plugins:/usr/lib/x86_64-linux-gnu/gazebo-11/plugins:/usr/lib/x86_64-linux-gnu/gazebo-11/plugins:/usr/lib/x86_64-linux-gnu/gazebo-11/plugins:/usr/lib/x86_64-linux-gnu/gazebo-11/plugins:/usr/lib/x86_64-linux-gnu/gazebo-11/plugins:/usr/lib/x86_64-linux-gnu/gazebo-11/plugins:/usr/lib/x86_64-linux-gnu/gazebo-11/plugins:/usr/lib/x86_64-linux-gnu/gazebo-11/plugins:/usr/lib/x86_64-linux-gnu/gazebo-11/plugins:/usr/lib/x86_64-linux-gnu/gazebo-11/plugins:/usr/lib/x86_64-linux-gnu/gazebo-11/plugins:/usr/lib/x86_64-linux-gnu/gazebo-11/plugins:/usr/lib/x86_64-linux-gnu/gazebo-11/plugins:/usr/lib/x86_64-linux-gnu/gazebo-11/plugins:/usr/lib/x86_64-linux-gnu/gazebo-11/plugins:/usr/lib/x86_64-linux-gnu/gazebo-11/plugins:/usr/lib/x86_64-linux-gnu/gazebo-11/plugins:/usr/lib/x86_64-linux-gnu/gazebo-11/plugins:/usr/lib/x86_64-linux-gnu/gazebo-11/plugins:/usr/lib/x86_64-linux-gnu/gazebo-11/plugins:/usr/lib/x86_64-linux-gnu/gazebo-11/plugins:/usr/lib/x86_64-linux-gnu/gazebo-11/plugins:/usr/lib/x86_64-linux-gnu/gazebo-11/plugins:/usr/lib/x86_64-linux-gnu/gazebo-11/plugins:/usr/lib/x86_64-linux-gnu/gazebo-11/plugins:/usr/lib/x86_64-linux-gnu/gazebo-11/plugins:/usr/lib/x86_64-linux-gnu/gazebo-11/plugins:/usr/lib/x86_64-linux-gnu/gazebo-11/plugins:/usr/lib/x86_64-linux-gnu/gazebo-11/plugins:/usr/lib/x86_64-linux-gnu/gazebo-11/plugins:/usr/lib/x86_64-linux-gnu/gazebo-11/plugins:/usr/lib/x86_64-linux-gnu/gazebo-11/plugins:/usr/lib/x86_64-linux-gnu/gazebo-11/plugins:/usr/lib/x86_64-linux-gnu/gazebo-11/plugins:/usr/lib/x86_64-linux-gnu/gazebo-11/plugins:/usr/lib/x86_64-linux-gnu/gazebo-11/plugins /usr/bin/cmake --install /home/kaeboon/KBoon/ee4308_proj2/build/ee4308_turtle
[9.349s] Level 1:colcon.colcon_core.environment:checking '/home/kaeboon/KBoon/ee4308_proj2/install/ee4308_turtle' for CMake module files
[9.349s] Level 1:colcon.colcon_core.environment:checking '/home/kaeboon/KBoon/ee4308_proj2/install/ee4308_turtle' for CMake config files
[9.350s] Level 1:colcon.colcon_core.shell:create_environment_hook('ee4308_turtle', 'cmake_prefix_path')
[9.396s] INFO:colcon.colcon_core.shell:Creating environment hook '/home/kaeboon/KBoon/ee4308_proj2/install/ee4308_turtle/share/ee4308_turtle/hook/cmake_prefix_path.ps1'
[9.398s] INFO:colcon.colcon_core.shell:Creating environment descriptor '/home/kaeboon/KBoon/ee4308_proj2/install/ee4308_turtle/share/ee4308_turtle/hook/cmake_prefix_path.dsv'
[9.400s] INFO:colcon.colcon_core.shell:Creating environment hook '/home/kaeboon/KBoon/ee4308_proj2/install/ee4308_turtle/share/ee4308_turtle/hook/cmake_prefix_path.sh'
[9.402s] Level 1:colcon.colcon_core.environment:checking '/home/kaeboon/KBoon/ee4308_proj2/install/ee4308_turtle/lib'
[9.403s] Level 1:colcon.colcon_core.environment:checking '/home/kaeboon/KBoon/ee4308_proj2/install/ee4308_turtle/bin'
[9.403s] Level 1:colcon.colcon_core.environment:checking '/home/kaeboon/KBoon/ee4308_proj2/install/ee4308_turtle/lib/pkgconfig/ee4308_turtle.pc'
[9.403s] Level 1:colcon.colcon_core.environment:checking '/home/kaeboon/KBoon/ee4308_proj2/install/ee4308_turtle/lib/python3.10/site-packages'
[9.404s] Level 1:colcon.colcon_core.environment:checking '/home/kaeboon/KBoon/ee4308_proj2/install/ee4308_turtle/bin'
[9.443s] INFO:colcon.colcon_core.shell:Creating package script '/home/kaeboon/KBoon/ee4308_proj2/install/ee4308_turtle/share/ee4308_turtle/package.ps1'
[9.445s] INFO:colcon.colcon_core.shell:Creating package descriptor '/home/kaeboon/KBoon/ee4308_proj2/install/ee4308_turtle/share/ee4308_turtle/package.dsv'
[9.447s] INFO:colcon.colcon_core.shell:Creating package script '/home/kaeboon/KBoon/ee4308_proj2/install/ee4308_turtle/share/ee4308_turtle/package.sh'
[9.449s] INFO:colcon.colcon_core.shell:Creating package script '/home/kaeboon/KBoon/ee4308_proj2/install/ee4308_turtle/share/ee4308_turtle/package.bash'
[9.450s] INFO:colcon.colcon_core.shell:Creating package script '/home/kaeboon/KBoon/ee4308_proj2/install/ee4308_turtle/share/ee4308_turtle/package.zsh'
[9.452s] Level 1:colcon.colcon_core.environment:create_file_with_runtime_dependencies(/home/kaeboon/KBoon/ee4308_proj2/install/ee4308_turtle/share/colcon-core/packages/ee4308_turtle)
[9.708s] Level 1:colcon.colcon_core.environment:create_environment_scripts_only(ee4308_turtle)
[9.779s] Level 1:colcon.colcon_core.environment:checking '/home/kaeboon/KBoon/ee4308_proj2/install/ee4308_turtle' for CMake module files
[9.780s] Level 1:colcon.colcon_core.environment:checking '/home/kaeboon/KBoon/ee4308_proj2/install/ee4308_turtle' for CMake config files
[9.780s] Level 1:colcon.colcon_core.shell:create_environment_hook('ee4308_turtle', 'cmake_prefix_path')
[9.832s] INFO:colcon.colcon_core.shell:Creating environment hook '/home/kaeboon/KBoon/ee4308_proj2/install/ee4308_turtle/share/ee4308_turtle/hook/cmake_prefix_path.ps1'
[9.833s] INFO:colcon.colcon_core.shell:Creating environment descriptor '/home/kaeboon/KBoon/ee4308_proj2/install/ee4308_turtle/share/ee4308_turtle/hook/cmake_prefix_path.dsv'
[9.833s] INFO:colcon.colcon_core.shell:Creating environment hook '/home/kaeboon/KBoon/ee4308_proj2/install/ee4308_turtle/share/ee4308_turtle/hook/cmake_prefix_path.sh'
[9.834s] Level 1:colcon.colcon_core.environment:checking '/home/kaeboon/KBoon/ee4308_proj2/install/ee4308_turtle/lib'
[9.834s] Level 1:colcon.colcon_core.environment:checking '/home/kaeboon/KBoon/ee4308_proj2/install/ee4308_turtle/bin'
[9.834s] Level 1:colcon.colcon_core.environment:checking '/home/kaeboon/KBoon/ee4308_proj2/install/ee4308_turtle/lib/pkgconfig/ee4308_turtle.pc'
[9.835s] Level 1:colcon.colcon_core.environment:checking '/home/kaeboon/KBoon/ee4308_proj2/install/ee4308_turtle/lib/python3.10/site-packages'
[9.835s] Level 1:colcon.colcon_core.environment:checking '/home/kaeboon/KBoon/ee4308_proj2/install/ee4308_turtle/bin'
[9.893s] INFO:colcon.colcon_core.shell:Creating package script '/home/kaeboon/KBoon/ee4308_proj2/install/ee4308_turtle/share/ee4308_turtle/package.ps1'
[9.908s] INFO:colcon.colcon_core.shell:Creating package descriptor '/home/kaeboon/KBoon/ee4308_proj2/install/ee4308_turtle/share/ee4308_turtle/package.dsv'
[9.924s] INFO:colcon.colcon_core.shell:Creating package script '/home/kaeboon/KBoon/ee4308_proj2/install/ee4308_turtle/share/ee4308_turtle/package.sh'
[9.939s] INFO:colcon.colcon_core.shell:Creating package script '/home/kaeboon/KBoon/ee4308_proj2/install/ee4308_turtle/share/ee4308_turtle/package.bash'
[9.940s] INFO:colcon.colcon_core.shell:Creating package script '/home/kaeboon/KBoon/ee4308_proj2/install/ee4308_turtle/share/ee4308_turtle/package.zsh'
[9.941s] Level 1:colcon.colcon_core.environment:create_file_with_runtime_dependencies(/home/kaeboon/KBoon/ee4308_proj2/install/ee4308_turtle/share/colcon-core/packages/ee4308_turtle)
[50.710s] DEBUG:colcon.colcon_core.event_handler.log_command:Invoked command in '/home/kaeboon/KBoon/ee4308_proj2/build/ee4308_drone' returned '0': CMAKE_PREFIX_PATH=/home/kaeboon/KBoon/ee4308_proj2/install/ee4308_lib:/home/kaeboon/KBoon/ee4308_proj2/install/ee4308_interfaces:/home/kaeboon/sjtu_drone/install/sjtu_drone_description:/home/kaeboon/KBoon/ee4308_proj2/install/ee4308_turtle:/home/kaeboon/KBoon/ee4308_proj2/install/ee4308_drone:/home/kaeboon/KBoon/ee4308_proj2/install/ee4308_gazebo_plugins:/home/kaeboon/KBoon/ee4308_proj2/install/ee4308_bringup:/home/kaeboon/sjtu_drone/install/sjtu_drone_control:/home/kaeboon/sjtu_drone/install/sjtu_drone_bringup:/opt/ros/humble LD_LIBRARY_PATH=/home/kaeboon/KBoon/ee4308_proj2/install/ee4308_interfaces/lib:/home/kaeboon/sjtu_drone/install/sjtu_drone_description/lib:/home/kaeboon/KBoon/ee4308_proj2/install/ee4308_gazebo_plugins/lib:/usr/lib/x86_64-linux-gnu/gazebo-11/plugins:/opt/ros/humble/opt/rviz_ogre_vendor/lib:/opt/ros/humble/lib/x86_64-linux-gnu:/opt/ros/humble/lib:/usr/lib/x86_64-linux-gnu/gazebo-11/plugins:/usr/lib/x86_64-linux-gnu/gazebo-11/plugins:/usr/lib/x86_64-linux-gnu/gazebo-11/plugins:/usr/lib/x86_64-linux-gnu/gazebo-11/plugins:/usr/lib/x86_64-linux-gnu/gazebo-11/plugins:/usr/lib/x86_64-linux-gnu/gazebo-11/plugins:/usr/lib/x86_64-linux-gnu/gazebo-11/plugins:/usr/lib/x86_64-linux-gnu/gazebo-11/plugins:/usr/lib/x86_64-linux-gnu/gazebo-11/plugins:/usr/lib/x86_64-linux-gnu/gazebo-11/plugins:/usr/lib/x86_64-linux-gnu/gazebo-11/plugins:/usr/lib/x86_64-linux-gnu/gazebo-11/plugins:/usr/lib/x86_64-linux-gnu/gazebo-11/plugins:/usr/lib/x86_64-linux-gnu/gazebo-11/plugins:/usr/lib/x86_64-linux-gnu/gazebo-11/plugins:/usr/lib/x86_64-linux-gnu/gazebo-11/plugins:/usr/lib/x86_64-linux-gnu/gazebo-11/plugins:/usr/lib/x86_64-linux-gnu/gazebo-11/plugins:/usr/lib/x86_64-linux-gnu/gazebo-11/plugins:/usr/lib/x86_64-linux-gnu/gazebo-11/plugins:/usr/lib/x86_64-linux-gnu/gazebo-11/plugins:/usr/lib/x86_64-linux-gnu/gazebo-11/plugins:/usr/lib/x86_64-linux-gnu/gazebo-11/plugins:/usr/lib/x86_64-linux-gnu/gazebo-11/plugins:/usr/lib/x86_64-linux-gnu/gazebo-11/plugins:/usr/lib/x86_64-linux-gnu/gazebo-11/plugins:/usr/lib/x86_64-linux-gnu/gazebo-11/plugins:/usr/lib/x86_64-linux-gnu/gazebo-11/plugins:/usr/lib/x86_64-linux-gnu/gazebo-11/plugins:/usr/lib/x86_64-linux-gnu/gazebo-11/plugins:/usr/lib/x86_64-linux-gnu/gazebo-11/plugins:/usr/lib/x86_64-linux-gnu/gazebo-11/plugins:/usr/lib/x86_64-linux-gnu/gazebo-11/plugins:/usr/lib/x86_64-linux-gnu/gazebo-11/plugins:/usr/lib/x86_64-linux-gnu/gazebo-11/plugins:/usr/lib/x86_64-linux-gnu/gazebo-11/plugins:/usr/lib/x86_64-linux-gnu/gazebo-11/plugins:/usr/lib/x86_64-linux-gnu/gazebo-11/plugins:/usr/lib/x86_64-linux-gnu/gazebo-11/plugins:/usr/lib/x86_64-linux-gnu/gazebo-11/plugins:/usr/lib/x86_64-linux-gnu/gazebo-11/plugins:/usr/lib/x86_64-linux-gnu/gazebo-11/plugins:/usr/lib/x86_64-linux-gnu/gazebo-11/plugins:/usr/lib/x86_64-linux-gnu/gazebo-11/plugins:/usr/lib/x86_64-linux-gnu/gazebo-11/plugins:/usr/lib/x86_64-linux-gnu/gazebo-11/plugins:/usr/lib/x86_64-linux-gnu/gazebo-11/plugins:/usr/lib/x86_64-linux-gnu/gazebo-11/plugins:/usr/lib/x86_64-linux-gnu/gazebo-11/plugins:/usr/lib/x86_64-linux-gnu/gazebo-11/plugins:/usr/lib/x86_64-linux-gnu/gazebo-11/plugins:/usr/lib/x86_64-linux-gnu/gazebo-11/plugins:/usr/lib/x86_64-linux-gnu/gazebo-11/plugins:/usr/lib/x86_64-linux-gnu/gazebo-11/plugins:/usr/lib/x86_64-linux-gnu/gazebo-11/plugins /usr/bin/cmake --build /home/kaeboon/KBoon/ee4308_proj2/build/ee4308_drone -- -j4 -l4
[50.744s] DEBUG:colcon.colcon_core.event_handler.log_command:Invoking command in '/home/kaeboon/KBoon/ee4308_proj2/build/ee4308_drone': CMAKE_PREFIX_PATH=/home/kaeboon/KBoon/ee4308_proj2/install/ee4308_lib:/home/kaeboon/KBoon/ee4308_proj2/install/ee4308_interfaces:/home/kaeboon/sjtu_drone/install/sjtu_drone_description:/home/kaeboon/KBoon/ee4308_proj2/install/ee4308_turtle:/home/kaeboon/KBoon/ee4308_proj2/install/ee4308_drone:/home/kaeboon/KBoon/ee4308_proj2/install/ee4308_gazebo_plugins:/home/kaeboon/KBoon/ee4308_proj2/install/ee4308_bringup:/home/kaeboon/sjtu_drone/install/sjtu_drone_control:/home/kaeboon/sjtu_drone/install/sjtu_drone_bringup:/opt/ros/humble LD_LIBRARY_PATH=/home/kaeboon/KBoon/ee4308_proj2/install/ee4308_interfaces/lib:/home/kaeboon/sjtu_drone/install/sjtu_drone_description/lib:/home/kaeboon/KBoon/ee4308_proj2/install/ee4308_gazebo_plugins/lib:/usr/lib/x86_64-linux-gnu/gazebo-11/plugins:/opt/ros/humble/opt/rviz_ogre_vendor/lib:/opt/ros/humble/lib/x86_64-linux-gnu:/opt/ros/humble/lib:/usr/lib/x86_64-linux-gnu/gazebo-11/plugins:/usr/lib/x86_64-linux-gnu/gazebo-11/plugins:/usr/lib/x86_64-linux-gnu/gazebo-11/plugins:/usr/lib/x86_64-linux-gnu/gazebo-11/plugins:/usr/lib/x86_64-linux-gnu/gazebo-11/plugins:/usr/lib/x86_64-linux-gnu/gazebo-11/plugins:/usr/lib/x86_64-linux-gnu/gazebo-11/plugins:/usr/lib/x86_64-linux-gnu/gazebo-11/plugins:/usr/lib/x86_64-linux-gnu/gazebo-11/plugins:/usr/lib/x86_64-linux-gnu/gazebo-11/plugins:/usr/lib/x86_64-linux-gnu/gazebo-11/plugins:/usr/lib/x86_64-linux-gnu/gazebo-11/plugins:/usr/lib/x86_64-linux-gnu/gazebo-11/plugins:/usr/lib/x86_64-linux-gnu/gazebo-11/plugins:/usr/lib/x86_64-linux-gnu/gazebo-11/plugins:/usr/lib/x86_64-linux-gnu/gazebo-11/plugins:/usr/lib/x86_64-linux-gnu/gazebo-11/plugins:/usr/lib/x86_64-linux-gnu/gazebo-11/plugins:/usr/lib/x86_64-linux-gnu/gazebo-11/plugins:/usr/lib/x86_64-linux-gnu/gazebo-11/plugins:/usr/lib/x86_64-linux-gnu/gazebo-11/plugins:/usr/lib/x86_64-linux-gnu/gazebo-11/plugins:/usr/lib/x86_64-linux-gnu/gazebo-11/plugins:/usr/lib/x86_64-linux-gnu/gazebo-11/plugins:/usr/lib/x86_64-linux-gnu/gazebo-11/plugins:/usr/lib/x86_64-linux-gnu/gazebo-11/plugins:/usr/lib/x86_64-linux-gnu/gazebo-11/plugins:/usr/lib/x86_64-linux-gnu/gazebo-11/plugins:/usr/lib/x86_64-linux-gnu/gazebo-11/plugins:/usr/lib/x86_64-linux-gnu/gazebo-11/plugins:/usr/lib/x86_64-linux-gnu/gazebo-11/plugins:/usr/lib/x86_64-linux-gnu/gazebo-11/plugins:/usr/lib/x86_64-linux-gnu/gazebo-11/plugins:/usr/lib/x86_64-linux-gnu/gazebo-11/plugins:/usr/lib/x86_64-linux-gnu/gazebo-11/plugins:/usr/lib/x86_64-linux-gnu/gazebo-11/plugins:/usr/lib/x86_64-linux-gnu/gazebo-11/plugins:/usr/lib/x86_64-linux-gnu/gazebo-11/plugins:/usr/lib/x86_64-linux-gnu/gazebo-11/plugins:/usr/lib/x86_64-linux-gnu/gazebo-11/plugins:/usr/lib/x86_64-linux-gnu/gazebo-11/plugins:/usr/lib/x86_64-linux-gnu/gazebo-11/plugins:/usr/lib/x86_64-linux-gnu/gazebo-11/plugins:/usr/lib/x86_64-linux-gnu/gazebo-11/plugins:/usr/lib/x86_64-linux-gnu/gazebo-11/plugins:/usr/lib/x86_64-linux-gnu/gazebo-11/plugins:/usr/lib/x86_64-linux-gnu/gazebo-11/plugins:/usr/lib/x86_64-linux-gnu/gazebo-11/plugins:/usr/lib/x86_64-linux-gnu/gazebo-11/plugins:/usr/lib/x86_64-linux-gnu/gazebo-11/plugins:/usr/lib/x86_64-linux-gnu/gazebo-11/plugins:/usr/lib/x86_64-linux-gnu/gazebo-11/plugins:/usr/lib/x86_64-linux-gnu/gazebo-11/plugins:/usr/lib/x86_64-linux-gnu/gazebo-11/plugins:/usr/lib/x86_64-linux-gnu/gazebo-11/plugins /usr/bin/cmake --install /home/kaeboon/KBoon/ee4308_proj2/build/ee4308_drone
[50.767s] Level 1:colcon.colcon_core.environment:create_environment_scripts_only(ee4308_drone)
[50.768s] DEBUG:colcon.colcon_core.event_handler.log_command:Invoked command in '/home/kaeboon/KBoon/ee4308_proj2/build/ee4308_drone' returned '0': CMAKE_PREFIX_PATH=/home/kaeboon/KBoon/ee4308_proj2/install/ee4308_lib:/home/kaeboon/KBoon/ee4308_proj2/install/ee4308_interfaces:/home/kaeboon/sjtu_drone/install/sjtu_drone_description:/home/kaeboon/KBoon/ee4308_proj2/install/ee4308_turtle:/home/kaeboon/KBoon/ee4308_proj2/install/ee4308_drone:/home/kaeboon/KBoon/ee4308_proj2/install/ee4308_gazebo_plugins:/home/kaeboon/KBoon/ee4308_proj2/install/ee4308_bringup:/home/kaeboon/sjtu_drone/install/sjtu_drone_control:/home/kaeboon/sjtu_drone/install/sjtu_drone_bringup:/opt/ros/humble LD_LIBRARY_PATH=/home/kaeboon/KBoon/ee4308_proj2/install/ee4308_interfaces/lib:/home/kaeboon/sjtu_drone/install/sjtu_drone_description/lib:/home/kaeboon/KBoon/ee4308_proj2/install/ee4308_gazebo_plugins/lib:/usr/lib/x86_64-linux-gnu/gazebo-11/plugins:/opt/ros/humble/opt/rviz_ogre_vendor/lib:/opt/ros/humble/lib/x86_64-linux-gnu:/opt/ros/humble/lib:/usr/lib/x86_64-linux-gnu/gazebo-11/plugins:/usr/lib/x86_64-linux-gnu/gazebo-11/plugins:/usr/lib/x86_64-linux-gnu/gazebo-11/plugins:/usr/lib/x86_64-linux-gnu/gazebo-11/plugins:/usr/lib/x86_64-linux-gnu/gazebo-11/plugins:/usr/lib/x86_64-linux-gnu/gazebo-11/plugins:/usr/lib/x86_64-linux-gnu/gazebo-11/plugins:/usr/lib/x86_64-linux-gnu/gazebo-11/plugins:/usr/lib/x86_64-linux-gnu/gazebo-11/plugins:/usr/lib/x86_64-linux-gnu/gazebo-11/plugins:/usr/lib/x86_64-linux-gnu/gazebo-11/plugins:/usr/lib/x86_64-linux-gnu/gazebo-11/plugins:/usr/lib/x86_64-linux-gnu/gazebo-11/plugins:/usr/lib/x86_64-linux-gnu/gazebo-11/plugins:/usr/lib/x86_64-linux-gnu/gazebo-11/plugins:/usr/lib/x86_64-linux-gnu/gazebo-11/plugins:/usr/lib/x86_64-linux-gnu/gazebo-11/plugins:/usr/lib/x86_64-linux-gnu/gazebo-11/plugins:/usr/lib/x86_64-linux-gnu/gazebo-11/plugins:/usr/lib/x86_64-linux-gnu/gazebo-11/plugins:/usr/lib/x86_64-linux-gnu/gazebo-11/plugins:/usr/lib/x86_64-linux-gnu/gazebo-11/plugins:/usr/lib/x86_64-linux-gnu/gazebo-11/plugins:/usr/lib/x86_64-linux-gnu/gazebo-11/plugins:/usr/lib/x86_64-linux-gnu/gazebo-11/plugins:/usr/lib/x86_64-linux-gnu/gazebo-11/plugins:/usr/lib/x86_64-linux-gnu/gazebo-11/plugins:/usr/lib/x86_64-linux-gnu/gazebo-11/plugins:/usr/lib/x86_64-linux-gnu/gazebo-11/plugins:/usr/lib/x86_64-linux-gnu/gazebo-11/plugins:/usr/lib/x86_64-linux-gnu/gazebo-11/plugins:/usr/lib/x86_64-linux-gnu/gazebo-11/plugins:/usr/lib/x86_64-linux-gnu/gazebo-11/plugins:/usr/lib/x86_64-linux-gnu/gazebo-11/plugins:/usr/lib/x86_64-linux-gnu/gazebo-11/plugins:/usr/lib/x86_64-linux-gnu/gazebo-11/plugins:/usr/lib/x86_64-linux-gnu/gazebo-11/plugins:/usr/lib/x86_64-linux-gnu/gazebo-11/plugins:/usr/lib/x86_64-linux-gnu/gazebo-11/plugins:/usr/lib/x86_64-linux-gnu/gazebo-11/plugins:/usr/lib/x86_64-linux-gnu/gazebo-11/plugins:/usr/lib/x86_64-linux-gnu/gazebo-11/plugins:/usr/lib/x86_64-linux-gnu/gazebo-11/plugins:/usr/lib/x86_64-linux-gnu/gazebo-11/plugins:/usr/lib/x86_64-linux-gnu/gazebo-11/plugins:/usr/lib/x86_64-linux-gnu/gazebo-11/plugins:/usr/lib/x86_64-linux-gnu/gazebo-11/plugins:/usr/lib/x86_64-linux-gnu/gazebo-11/plugins:/usr/lib/x86_64-linux-gnu/gazebo-11/plugins:/usr/lib/x86_64-linux-gnu/gazebo-11/plugins:/usr/lib/x86_64-linux-gnu/gazebo-11/plugins:/usr/lib/x86_64-linux-gnu/gazebo-11/plugins:/usr/lib/x86_64-linux-gnu/gazebo-11/plugins:/usr/lib/x86_64-linux-gnu/gazebo-11/plugins:/usr/lib/x86_64-linux-gnu/gazebo-11/plugins /usr/bin/cmake --install /home/kaeboon/KBoon/ee4308_proj2/build/ee4308_drone
[50.781s] Level 1:colcon.colcon_core.environment:checking '/home/kaeboon/KBoon/ee4308_proj2/install/ee4308_drone' for CMake module files
[50.782s] Level 1:colcon.colcon_core.environment:checking '/home/kaeboon/KBoon/ee4308_proj2/install/ee4308_drone' for CMake config files
[50.782s] Level 1:colcon.colcon_core.shell:create_environment_hook('ee4308_drone', 'cmake_prefix_path')
[50.800s] INFO:colcon.colcon_core.shell:Creating environment hook '/home/kaeboon/KBoon/ee4308_proj2/install/ee4308_drone/share/ee4308_drone/hook/cmake_prefix_path.ps1'
[50.800s] INFO:colcon.colcon_core.shell:Creating environment descriptor '/home/kaeboon/KBoon/ee4308_proj2/install/ee4308_drone/share/ee4308_drone/hook/cmake_prefix_path.dsv'
[50.801s] INFO:colcon.colcon_core.shell:Creating environment hook '/home/kaeboon/KBoon/ee4308_proj2/install/ee4308_drone/share/ee4308_drone/hook/cmake_prefix_path.sh'
[50.802s] Level 1:colcon.colcon_core.environment:checking '/home/kaeboon/KBoon/ee4308_proj2/install/ee4308_drone/lib'
[50.802s] Level 1:colcon.colcon_core.environment:checking '/home/kaeboon/KBoon/ee4308_proj2/install/ee4308_drone/bin'
[50.802s] Level 1:colcon.colcon_core.environment:checking '/home/kaeboon/KBoon/ee4308_proj2/install/ee4308_drone/lib/pkgconfig/ee4308_drone.pc'
[50.802s] Level 1:colcon.colcon_core.environment:checking '/home/kaeboon/KBoon/ee4308_proj2/install/ee4308_drone/lib/python3.10/site-packages'
[50.803s] Level 1:colcon.colcon_core.environment:checking '/home/kaeboon/KBoon/ee4308_proj2/install/ee4308_drone/bin'
[50.817s] INFO:colcon.colcon_core.shell:Creating package script '/home/kaeboon/KBoon/ee4308_proj2/install/ee4308_drone/share/ee4308_drone/package.ps1'
[50.818s] INFO:colcon.colcon_core.shell:Creating package descriptor '/home/kaeboon/KBoon/ee4308_proj2/install/ee4308_drone/share/ee4308_drone/package.dsv'
[50.819s] INFO:colcon.colcon_core.shell:Creating package script '/home/kaeboon/KBoon/ee4308_proj2/install/ee4308_drone/share/ee4308_drone/package.sh'
[50.819s] INFO:colcon.colcon_core.shell:Creating package script '/home/kaeboon/KBoon/ee4308_proj2/install/ee4308_drone/share/ee4308_drone/package.bash'
[50.820s] INFO:colcon.colcon_core.shell:Creating package script '/home/kaeboon/KBoon/ee4308_proj2/install/ee4308_drone/share/ee4308_drone/package.zsh'
[50.820s] Level 1:colcon.colcon_core.environment:create_file_with_runtime_dependencies(/home/kaeboon/KBoon/ee4308_proj2/install/ee4308_drone/share/colcon-core/packages/ee4308_drone)
[50.872s] Level 1:colcon.colcon_core.environment:create_environment_scripts_only(ee4308_drone)
[50.887s] Level 1:colcon.colcon_core.environment:checking '/home/kaeboon/KBoon/ee4308_proj2/install/ee4308_drone' for CMake module files
[50.887s] Level 1:colcon.colcon_core.environment:checking '/home/kaeboon/KBoon/ee4308_proj2/install/ee4308_drone' for CMake config files
[50.888s] Level 1:colcon.colcon_core.shell:create_environment_hook('ee4308_drone', 'cmake_prefix_path')
[50.909s] INFO:colcon.colcon_core.shell:Creating environment hook '/home/kaeboon/KBoon/ee4308_proj2/install/ee4308_drone/share/ee4308_drone/hook/cmake_prefix_path.ps1'
[50.909s] INFO:colcon.colcon_core.shell:Creating environment descriptor '/home/kaeboon/KBoon/ee4308_proj2/install/ee4308_drone/share/ee4308_drone/hook/cmake_prefix_path.dsv'
[50.909s] INFO:colcon.colcon_core.shell:Creating environment hook '/home/kaeboon/KBoon/ee4308_proj2/install/ee4308_drone/share/ee4308_drone/hook/cmake_prefix_path.sh'
[50.910s] Level 1:colcon.colcon_core.environment:checking '/home/kaeboon/KBoon/ee4308_proj2/install/ee4308_drone/lib'
[50.910s] Level 1:colcon.colcon_core.environment:checking '/home/kaeboon/KBoon/ee4308_proj2/install/ee4308_drone/bin'
[50.910s] Level 1:colcon.colcon_core.environment:checking '/home/kaeboon/KBoon/ee4308_proj2/install/ee4308_drone/lib/pkgconfig/ee4308_drone.pc'
[50.910s] Level 1:colcon.colcon_core.environment:checking '/home/kaeboon/KBoon/ee4308_proj2/install/ee4308_drone/lib/python3.10/site-packages'
[50.910s] Level 1:colcon.colcon_core.environment:checking '/home/kaeboon/KBoon/ee4308_proj2/install/ee4308_drone/bin'
[50.925s] INFO:colcon.colcon_core.shell:Creating package script '/home/kaeboon/KBoon/ee4308_proj2/install/ee4308_drone/share/ee4308_drone/package.ps1'
[50.925s] INFO:colcon.colcon_core.shell:Creating package descriptor '/home/kaeboon/KBoon/ee4308_proj2/install/ee4308_drone/share/ee4308_drone/package.dsv'
[50.926s] INFO:colcon.colcon_core.shell:Creating package script '/home/kaeboon/KBoon/ee4308_proj2/install/ee4308_drone/share/ee4308_drone/package.sh'
[50.926s] INFO:colcon.colcon_core.shell:Creating package script '/home/kaeboon/KBoon/ee4308_proj2/install/ee4308_drone/share/ee4308_drone/package.bash'
[50.926s] INFO:colcon.colcon_core.shell:Creating package script '/home/kaeboon/KBoon/ee4308_proj2/install/ee4308_drone/share/ee4308_drone/package.zsh'
[50.927s] Level 1:colcon.colcon_core.environment:create_file_with_runtime_dependencies(/home/kaeboon/KBoon/ee4308_proj2/install/ee4308_drone/share/colcon-core/packages/ee4308_drone)
[50.927s] DEBUG:colcon.colcon_parallel_executor.executor.parallel:closing loop
[50.928s] DEBUG:colcon.colcon_parallel_executor.executor.parallel:loop closed
[50.928s] DEBUG:colcon.colcon_parallel_executor.executor.parallel:run_until_complete finished with '0'
[50.928s] DEBUG:colcon.colcon_core.event_reactor:joining thread
[50.952s] INFO:colcon.colcon_core.plugin_system:Skipping extension 'colcon_notification.desktop_notification.terminal_notifier': Not used on non-Darwin systems
[50.953s] INFO:colcon.colcon_core.plugin_system:Skipping extension 'colcon_notification.desktop_notification.win32': Not used on non-Windows systems
[50.953s] INFO:colcon.colcon_notification.desktop_notification:Sending desktop notification using 'notify2'
[50.965s] DEBUG:colcon.colcon_core.event_reactor:joined thread
[50.981s] INFO:colcon.colcon_core.shell:Creating prefix script '/home/kaeboon/KBoon/ee4308_proj2/install/local_setup.ps1'
[50.982s] INFO:colcon.colcon_core.shell:Creating prefix util module '/home/kaeboon/KBoon/ee4308_proj2/install/_local_setup_util_ps1.py'
[50.984s] INFO:colcon.colcon_core.shell:Creating prefix chain script '/home/kaeboon/KBoon/ee4308_proj2/install/setup.ps1'
[51.007s] INFO:colcon.colcon_core.shell:Creating prefix script '/home/kaeboon/KBoon/ee4308_proj2/install/local_setup.sh'
[51.008s] INFO:colcon.colcon_core.shell:Creating prefix util module '/home/kaeboon/KBoon/ee4308_proj2/install/_local_setup_util_sh.py'
[51.008s] INFO:colcon.colcon_core.shell:Creating prefix chain script '/home/kaeboon/KBoon/ee4308_proj2/install/setup.sh'
[51.025s] INFO:colcon.colcon_core.shell:Creating prefix script '/home/kaeboon/KBoon/ee4308_proj2/install/local_setup.bash'
[51.026s] INFO:colcon.colcon_core.shell:Creating prefix chain script '/home/kaeboon/KBoon/ee4308_proj2/install/setup.bash'
[51.041s] INFO:colcon.colcon_core.shell:Creating prefix script '/home/kaeboon/KBoon/ee4308_proj2/install/local_setup.zsh'
[51.041s] INFO:colcon.colcon_core.shell:Creating prefix chain script '/home/kaeboon/KBoon/ee4308_proj2/install/setup.zsh'
