[0.453s] Invoking command in '/home/kaeboon/KBoon/ee4308_proj2/build/ee4308_lib': CMAKE_PREFIX_PATH=${CMAKE_PREFIX_PATH}:/home/kaeboon/sjtu_drone/install/sjtu_drone_control:/home/kaeboon/sjtu_drone/install/sjtu_drone_bringup:/opt/ros/humble /usr/bin/cmake --build /home/kaeboon/KBoon/ee4308_proj2/build/ee4308_lib -- -j4 -l4
[0.512s] Invoked command in '/home/kaeboon/KBoon/ee4308_proj2/build/ee4308_lib' returned '0': CMAKE_PREFIX_PATH=${CMAKE_PREFIX_PATH}:/home/kaeboon/sjtu_drone/install/sjtu_drone_control:/home/kaeboon/sjtu_drone/install/sjtu_drone_bringup:/opt/ros/humble /usr/bin/cmake --build /home/kaeboon/KBoon/ee4308_proj2/build/ee4308_lib -- -j4 -l4
[0.808s] Invoking command in '/home/kaeboon/KBoon/ee4308_proj2/build/ee4308_lib': CMAKE_PREFIX_PATH=${CMAKE_PREFIX_PATH}:/home/kaeboon/sjtu_drone/install/sjtu_drone_control:/home/kaeboon/sjtu_drone/install/sjtu_drone_bringup:/opt/ros/humble /usr/bin/cmake --install /home/kaeboon/KBoon/ee4308_proj2/build/ee4308_lib
[0.819s] -- Install configuration: ""
[0.819s] -- Execute custom install script
[0.819s] -- Up-to-date symlink: /home/kaeboon/KBoon/ee4308_proj2/install/ee4308_lib/include/ee4308_lib//common.hpp
[0.819s] -- Up-to-date symlink: /home/kaeboon/KBoon/ee4308_proj2/install/ee4308_lib/include/ee4308_lib//core.hpp
[0.820s] -- Up-to-date symlink: /home/kaeboon/KBoon/ee4308_proj2/install/ee4308_lib/include/ee4308_lib//vec2.hpp
[0.820s] -- Up-to-date symlink: /home/kaeboon/KBoon/ee4308_proj2/install/ee4308_lib/share/ament_index/resource_index/package_run_dependencies/ee4308_lib
[0.820s] -- Up-to-date symlink: /home/kaeboon/KBoon/ee4308_proj2/install/ee4308_lib/share/ament_index/resource_index/parent_prefix_path/ee4308_lib
[0.820s] -- Up-to-date symlink: /home/kaeboon/KBoon/ee4308_proj2/install/ee4308_lib/share/ee4308_lib/environment/ament_prefix_path.sh
[0.820s] -- Up-to-date symlink: /home/kaeboon/KBoon/ee4308_proj2/install/ee4308_lib/share/ee4308_lib/environment/ament_prefix_path.dsv
[0.820s] -- Up-to-date symlink: /home/kaeboon/KBoon/ee4308_proj2/install/ee4308_lib/share/ee4308_lib/environment/path.sh
[0.820s] -- Up-to-date symlink: /home/kaeboon/KBoon/ee4308_proj2/install/ee4308_lib/share/ee4308_lib/environment/path.dsv
[0.820s] -- Up-to-date symlink: /home/kaeboon/KBoon/ee4308_proj2/install/ee4308_lib/share/ee4308_lib/local_setup.bash
[0.820s] -- Up-to-date symlink: /home/kaeboon/KBoon/ee4308_proj2/install/ee4308_lib/share/ee4308_lib/local_setup.sh
[0.820s] -- Up-to-date symlink: /home/kaeboon/KBoon/ee4308_proj2/install/ee4308_lib/share/ee4308_lib/local_setup.zsh
[0.820s] -- Up-to-date symlink: /home/kaeboon/KBoon/ee4308_proj2/install/ee4308_lib/share/ee4308_lib/local_setup.dsv
[0.820s] -- Symlinking: /home/kaeboon/KBoon/ee4308_proj2/install/ee4308_lib/share/ee4308_lib/package.dsv
[0.897s] -- Up-to-date symlink: /home/kaeboon/KBoon/ee4308_proj2/install/ee4308_lib/share/ament_index/resource_index/packages/ee4308_lib
[0.898s] -- Up-to-date symlink: /home/kaeboon/KBoon/ee4308_proj2/install/ee4308_lib/share/ee4308_lib/cmake/ament_cmake_export_include_directories-extras.cmake
[0.899s] -- Up-to-date symlink: /home/kaeboon/KBoon/ee4308_proj2/install/ee4308_lib/share/ee4308_lib/cmake/ament_cmake_export_dependencies-extras.cmake
[0.900s] -- Up-to-date symlink: /home/kaeboon/KBoon/ee4308_proj2/install/ee4308_lib/share/ee4308_lib/cmake/ee4308_libConfig.cmake
[0.901s] -- Up-to-date symlink: /home/kaeboon/KBoon/ee4308_proj2/install/ee4308_lib/share/ee4308_lib/cmake/ee4308_libConfig-version.cmake
[0.901s] -- Up-to-date symlink: /home/kaeboon/KBoon/ee4308_proj2/install/ee4308_lib/share/ee4308_lib/package.xml
[0.902s] Invoked command in '/home/kaeboon/KBoon/ee4308_proj2/build/ee4308_lib' returned '0': CMAKE_PREFIX_PATH=${CMAKE_PREFIX_PATH}:/home/kaeboon/sjtu_drone/install/sjtu_drone_control:/home/kaeboon/sjtu_drone/install/sjtu_drone_bringup:/opt/ros/humble /usr/bin/cmake --install /home/kaeboon/KBoon/ee4308_proj2/build/ee4308_lib
