[0.216s] Invoking command in '/home/kaeboon/KBoon/ee4308_proj2/build/ee4308_gazebo_plugins': CMAKE_PREFIX_PATH=${CMAKE_PREFIX_PATH}:/home/kaeboon/sjtu_drone/install/sjtu_drone_control:/home/kaeboon/sjtu_drone/install/sjtu_drone_bringup:/opt/ros/humble /usr/bin/cmake --build /home/kaeboon/KBoon/ee4308_proj2/build/ee4308_gazebo_plugins -- -j4 -l4
[0.493s] [ 50%] Built target gazebo_ros_baro
[0.493s] [100%] Built target gazebo_ros_magnetic
[0.541s] Invoked command in '/home/kaeboon/KBoon/ee4308_proj2/build/ee4308_gazebo_plugins' returned '0': CMAKE_PREFIX_PATH=${CMAKE_PREFIX_PATH}:/home/kaeboon/sjtu_drone/install/sjtu_drone_control:/home/kaeboon/sjtu_drone/install/sjtu_drone_bringup:/opt/ros/humble /usr/bin/cmake --build /home/kaeboon/KBoon/ee4308_proj2/build/ee4308_gazebo_plugins -- -j4 -l4
[0.773s] Invoking command in '/home/kaeboon/KBoon/ee4308_proj2/build/ee4308_gazebo_plugins': CMAKE_PREFIX_PATH=${CMAKE_PREFIX_PATH}:/home/kaeboon/sjtu_drone/install/sjtu_drone_control:/home/kaeboon/sjtu_drone/install/sjtu_drone_bringup:/opt/ros/humble /usr/bin/cmake --install /home/kaeboon/KBoon/ee4308_proj2/build/ee4308_gazebo_plugins
[0.806s] -- Install configuration: ""
[0.806s] -- Execute custom install script
[0.807s] -- Up-to-date symlink: /home/kaeboon/KBoon/ee4308_proj2/install/ee4308_gazebo_plugins/share/ee4308_gazebo_plugins//gazebo_ros_baro.hpp
[0.807s] -- Up-to-date symlink: /home/kaeboon/KBoon/ee4308_proj2/install/ee4308_gazebo_plugins/share/ee4308_gazebo_plugins//gazebo_ros_magnetic.hpp
[0.807s] -- Up-to-date symlink: /home/kaeboon/KBoon/ee4308_proj2/install/ee4308_gazebo_plugins/share/ee4308_gazebo_plugins//sensor_model.h
[0.811s] -- Up-to-date symlink: /home/kaeboon/KBoon/ee4308_proj2/install/ee4308_gazebo_plugins/share/ee4308_gazebo_plugins//update_timer.h
[0.815s] -- Up-to-date symlink: /home/kaeboon/KBoon/ee4308_proj2/install/ee4308_gazebo_plugins/lib/libgazebo_ros_baro.so
[0.817s] -- Up-to-date symlink: /home/kaeboon/KBoon/ee4308_proj2/install/ee4308_gazebo_plugins/lib/libgazebo_ros_magnetic.so
[0.819s] -- Up-to-date symlink: /home/kaeboon/KBoon/ee4308_proj2/install/ee4308_gazebo_plugins/share/ament_index/resource_index/package_run_dependencies/ee4308_gazebo_plugins
[0.819s] -- Up-to-date symlink: /home/kaeboon/KBoon/ee4308_proj2/install/ee4308_gazebo_plugins/share/ament_index/resource_index/parent_prefix_path/ee4308_gazebo_plugins
[0.821s] -- Up-to-date symlink: /home/kaeboon/KBoon/ee4308_proj2/install/ee4308_gazebo_plugins/share/ee4308_gazebo_plugins/environment/ament_prefix_path.sh
[0.822s] -- Up-to-date symlink: /home/kaeboon/KBoon/ee4308_proj2/install/ee4308_gazebo_plugins/share/ee4308_gazebo_plugins/environment/ament_prefix_path.dsv
[0.827s] -- Up-to-date symlink: /home/kaeboon/KBoon/ee4308_proj2/install/ee4308_gazebo_plugins/share/ee4308_gazebo_plugins/environment/path.sh
[0.827s] -- Up-to-date symlink: /home/kaeboon/KBoon/ee4308_proj2/install/ee4308_gazebo_plugins/share/ee4308_gazebo_plugins/environment/path.dsv
[0.829s] -- Up-to-date symlink: /home/kaeboon/KBoon/ee4308_proj2/install/ee4308_gazebo_plugins/share/ee4308_gazebo_plugins/local_setup.bash
[0.832s] -- Up-to-date symlink: /home/kaeboon/KBoon/ee4308_proj2/install/ee4308_gazebo_plugins/share/ee4308_gazebo_plugins/local_setup.sh
[0.832s] -- Up-to-date symlink: /home/kaeboon/KBoon/ee4308_proj2/install/ee4308_gazebo_plugins/share/ee4308_gazebo_plugins/local_setup.zsh
[0.832s] -- Up-to-date symlink: /home/kaeboon/KBoon/ee4308_proj2/install/ee4308_gazebo_plugins/share/ee4308_gazebo_plugins/local_setup.dsv
[0.836s] -- Symlinking: /home/kaeboon/KBoon/ee4308_proj2/install/ee4308_gazebo_plugins/share/ee4308_gazebo_plugins/package.dsv
[0.900s] -- Up-to-date symlink: /home/kaeboon/KBoon/ee4308_proj2/install/ee4308_gazebo_plugins/share/ament_index/resource_index/packages/ee4308_gazebo_plugins
[0.900s] -- Up-to-date symlink: /home/kaeboon/KBoon/ee4308_proj2/install/ee4308_gazebo_plugins/share/ee4308_gazebo_plugins/cmake/ament_cmake_export_dependencies-extras.cmake
[0.900s] -- Up-to-date symlink: /home/kaeboon/KBoon/ee4308_proj2/install/ee4308_gazebo_plugins/share/ee4308_gazebo_plugins/cmake/ee4308_gazebo_pluginsConfig.cmake
[0.901s] -- Up-to-date symlink: /home/kaeboon/KBoon/ee4308_proj2/install/ee4308_gazebo_plugins/share/ee4308_gazebo_plugins/cmake/ee4308_gazebo_pluginsConfig-version.cmake
[0.901s] -- Up-to-date symlink: /home/kaeboon/KBoon/ee4308_proj2/install/ee4308_gazebo_plugins/share/ee4308_gazebo_plugins/package.xml
[1.114s] Invoked command in '/home/kaeboon/KBoon/ee4308_proj2/build/ee4308_gazebo_plugins' returned '0': CMAKE_PREFIX_PATH=${CMAKE_PREFIX_PATH}:/home/kaeboon/sjtu_drone/install/sjtu_drone_control:/home/kaeboon/sjtu_drone/install/sjtu_drone_bringup:/opt/ros/humble /usr/bin/cmake --install /home/kaeboon/KBoon/ee4308_proj2/build/ee4308_gazebo_plugins
