[0.109s] Invoking command in '/home/kaeboon/KBoon/ee4308_proj2/build/ee4308_gazebo_plugins': CMAKE_PREFIX_PATH=${CMAKE_PREFIX_PATH}:/home/kaeboon/sjtu_drone/install/sjtu_drone_control:/home/kaeboon/sjtu_drone/install/sjtu_drone_bringup:/opt/ros/humble /usr/bin/cmake --build /home/kaeboon/KBoon/ee4308_proj2/build/ee4308_gazebo_plugins -- -j4 -l4
[0.227s] [ 50%] Built target gazebo_ros_baro
[0.242s] [100%] Built target gazebo_ros_magnetic
[0.351s] Invoked command in '/home/kaeboon/KBoon/ee4308_proj2/build/ee4308_gazebo_plugins' returned '0': CMAKE_PREFIX_PATH=${CMAKE_PREFIX_PATH}:/home/kaeboon/sjtu_drone/install/sjtu_drone_control:/home/kaeboon/sjtu_drone/install/sjtu_drone_bringup:/opt/ros/humble /usr/bin/cmake --build /home/kaeboon/KBoon/ee4308_proj2/build/ee4308_gazebo_plugins -- -j4 -l4
[0.511s] Invoking command in '/home/kaeboon/KBoon/ee4308_proj2/build/ee4308_gazebo_plugins': CMAKE_PREFIX_PATH=${CMAKE_PREFIX_PATH}:/home/kaeboon/sjtu_drone/install/sjtu_drone_control:/home/kaeboon/sjtu_drone/install/sjtu_drone_bringup:/opt/ros/humble /usr/bin/cmake --install /home/kaeboon/KBoon/ee4308_proj2/build/ee4308_gazebo_plugins
[0.531s] -- Install configuration: ""
[0.539s] -- Execute custom install script
[0.539s] -- Up-to-date symlink: /home/kaeboon/KBoon/ee4308_proj2/install/ee4308_gazebo_plugins/share/ee4308_gazebo_plugins//gazebo_ros_baro.hpp
[0.547s] -- Up-to-date symlink: /home/kaeboon/KBoon/ee4308_proj2/install/ee4308_gazebo_plugins/share/ee4308_gazebo_plugins//gazebo_ros_magnetic.hpp
[0.548s] -- Up-to-date symlink: /home/kaeboon/KBoon/ee4308_proj2/install/ee4308_gazebo_plugins/share/ee4308_gazebo_plugins//sensor_model.h
[0.550s] -- Up-to-date symlink: /home/kaeboon/KBoon/ee4308_proj2/install/ee4308_gazebo_plugins/share/ee4308_gazebo_plugins//update_timer.h
[0.552s] -- Up-to-date symlink: /home/kaeboon/KBoon/ee4308_proj2/install/ee4308_gazebo_plugins/lib/libgazebo_ros_baro.so
[0.552s] -- Up-to-date symlink: /home/kaeboon/KBoon/ee4308_proj2/install/ee4308_gazebo_plugins/lib/libgazebo_ros_magnetic.so
[0.552s] -- Up-to-date symlink: /home/kaeboon/KBoon/ee4308_proj2/install/ee4308_gazebo_plugins/share/ament_index/resource_index/package_run_dependencies/ee4308_gazebo_plugins
[0.552s] -- Up-to-date symlink: /home/kaeboon/KBoon/ee4308_proj2/install/ee4308_gazebo_plugins/share/ament_index/resource_index/parent_prefix_path/ee4308_gazebo_plugins
[0.555s] -- Up-to-date symlink: /home/kaeboon/KBoon/ee4308_proj2/install/ee4308_gazebo_plugins/share/ee4308_gazebo_plugins/environment/ament_prefix_path.sh
[0.555s] -- Up-to-date symlink: /home/kaeboon/KBoon/ee4308_proj2/install/ee4308_gazebo_plugins/share/ee4308_gazebo_plugins/environment/ament_prefix_path.dsv
[0.556s] -- Up-to-date symlink: /home/kaeboon/KBoon/ee4308_proj2/install/ee4308_gazebo_plugins/share/ee4308_gazebo_plugins/environment/path.sh
[0.557s] -- Up-to-date symlink: /home/kaeboon/KBoon/ee4308_proj2/install/ee4308_gazebo_plugins/share/ee4308_gazebo_plugins/environment/path.dsv
[0.558s] -- Up-to-date symlink: /home/kaeboon/KBoon/ee4308_proj2/install/ee4308_gazebo_plugins/share/ee4308_gazebo_plugins/local_setup.bash
[0.558s] -- Up-to-date symlink: /home/kaeboon/KBoon/ee4308_proj2/install/ee4308_gazebo_plugins/share/ee4308_gazebo_plugins/local_setup.sh
[0.561s] -- Up-to-date symlink: /home/kaeboon/KBoon/ee4308_proj2/install/ee4308_gazebo_plugins/share/ee4308_gazebo_plugins/local_setup.zsh
[0.561s] -- Up-to-date symlink: /home/kaeboon/KBoon/ee4308_proj2/install/ee4308_gazebo_plugins/share/ee4308_gazebo_plugins/local_setup.dsv
[0.561s] -- Symlinking: /home/kaeboon/KBoon/ee4308_proj2/install/ee4308_gazebo_plugins/share/ee4308_gazebo_plugins/package.dsv
[0.635s] -- Up-to-date symlink: /home/kaeboon/KBoon/ee4308_proj2/install/ee4308_gazebo_plugins/share/ament_index/resource_index/packages/ee4308_gazebo_plugins
[0.635s] -- Up-to-date symlink: /home/kaeboon/KBoon/ee4308_proj2/install/ee4308_gazebo_plugins/share/ee4308_gazebo_plugins/cmake/ament_cmake_export_dependencies-extras.cmake
[0.635s] -- Up-to-date symlink: /home/kaeboon/KBoon/ee4308_proj2/install/ee4308_gazebo_plugins/share/ee4308_gazebo_plugins/cmake/ee4308_gazebo_pluginsConfig.cmake
[0.635s] -- Up-to-date symlink: /home/kaeboon/KBoon/ee4308_proj2/install/ee4308_gazebo_plugins/share/ee4308_gazebo_plugins/cmake/ee4308_gazebo_pluginsConfig-version.cmake
[0.635s] -- Up-to-date symlink: /home/kaeboon/KBoon/ee4308_proj2/install/ee4308_gazebo_plugins/share/ee4308_gazebo_plugins/package.xml
[0.830s] Invoked command in '/home/kaeboon/KBoon/ee4308_proj2/build/ee4308_gazebo_plugins' returned '0': CMAKE_PREFIX_PATH=${CMAKE_PREFIX_PATH}:/home/kaeboon/sjtu_drone/install/sjtu_drone_control:/home/kaeboon/sjtu_drone/install/sjtu_drone_bringup:/opt/ros/humble /usr/bin/cmake --install /home/kaeboon/KBoon/ee4308_proj2/build/ee4308_gazebo_plugins
