[0.249s] Invoking command in '/home/kaeboon/KBoon/ee4308_proj2/build/ee4308_bringup': CMAKE_PREFIX_PATH=${CMAKE_PREFIX_PATH}:/home/kaeboon/sjtu_drone/install/sjtu_drone_control:/home/kaeboon/sjtu_drone/install/sjtu_drone_bringup:/opt/ros/humble /usr/bin/cmake --build /home/kaeboon/KBoon/ee4308_proj2/build/ee4308_bringup -- -j4 -l4
[0.313s] Invoked command in '/home/kaeboon/KBoon/ee4308_proj2/build/ee4308_bringup' returned '0': CMAKE_PREFIX_PATH=${CMAKE_PREFIX_PATH}:/home/kaeboon/sjtu_drone/install/sjtu_drone_control:/home/kaeboon/sjtu_drone/install/sjtu_drone_bringup:/opt/ros/humble /usr/bin/cmake --build /home/kaeboon/KBoon/ee4308_proj2/build/ee4308_bringup -- -j4 -l4
[0.374s] Invoking command in '/home/kaeboon/KBoon/ee4308_proj2/build/ee4308_bringup': CMAKE_PREFIX_PATH=${CMAKE_PREFIX_PATH}:/home/kaeboon/sjtu_drone/install/sjtu_drone_control:/home/kaeboon/sjtu_drone/install/sjtu_drone_bringup:/opt/ros/humble /usr/bin/cmake --install /home/kaeboon/KBoon/ee4308_proj2/build/ee4308_bringup
[0.386s] -- Install configuration: ""
[0.395s] -- Execute custom install script
[0.398s] -- Up-to-date symlink: /home/kaeboon/KBoon/ee4308_proj2/install/ee4308_bringup/share/ee4308_bringup//launch/proj2.launch.py
[0.399s] -- Up-to-date symlink: /home/kaeboon/KBoon/ee4308_proj2/install/ee4308_bringup/share/ee4308_bringup//rviz/proj2.rviz
[0.400s] -- Up-to-date symlink: /home/kaeboon/KBoon/ee4308_proj2/install/ee4308_bringup/share/ee4308_bringup//params/drone.yaml
[0.400s] -- Up-to-date symlink: /home/kaeboon/KBoon/ee4308_proj2/install/ee4308_bringup/share/ee4308_bringup//params/proj2.yaml
[0.401s] -- Up-to-date symlink: /home/kaeboon/KBoon/ee4308_proj2/install/ee4308_bringup/share/ee4308_bringup//models/ee4308_world_24/model.config
[0.401s] -- Up-to-date symlink: /home/kaeboon/KBoon/ee4308_proj2/install/ee4308_bringup/share/ee4308_bringup//models/ee4308_world_24/model.sdf
[0.402s] -- Up-to-date symlink: /home/kaeboon/KBoon/ee4308_proj2/install/ee4308_bringup/share/ee4308_bringup//models/turtlebot3_burger/meshes/burger_base.dae
[0.403s] -- Up-to-date symlink: /home/kaeboon/KBoon/ee4308_proj2/install/ee4308_bringup/share/ee4308_bringup//models/turtlebot3_burger/meshes/lds.dae
[0.404s] -- Up-to-date symlink: /home/kaeboon/KBoon/ee4308_proj2/install/ee4308_bringup/share/ee4308_bringup//models/turtlebot3_burger/meshes/tire.dae
[0.405s] -- Up-to-date symlink: /home/kaeboon/KBoon/ee4308_proj2/install/ee4308_bringup/share/ee4308_bringup//models/turtlebot3_burger/model.config
[0.405s] -- Up-to-date symlink: /home/kaeboon/KBoon/ee4308_proj2/install/ee4308_bringup/share/ee4308_bringup//models/turtlebot3_burger/model.sdf
[0.406s] -- Up-to-date symlink: /home/kaeboon/KBoon/ee4308_proj2/install/ee4308_bringup/share/ee4308_bringup//models/turtlebot3_world/meshes/hexagon.dae
[0.408s] -- Up-to-date symlink: /home/kaeboon/KBoon/ee4308_proj2/install/ee4308_bringup/share/ee4308_bringup//models/turtlebot3_world/meshes/wall.dae
[0.410s] -- Up-to-date symlink: /home/kaeboon/KBoon/ee4308_proj2/install/ee4308_bringup/share/ee4308_bringup//models/turtlebot3_world/model.config
[0.410s] -- Up-to-date symlink: /home/kaeboon/KBoon/ee4308_proj2/install/ee4308_bringup/share/ee4308_bringup//models/turtlebot3_world/model.sdf
[0.416s] -- Up-to-date symlink: /home/kaeboon/KBoon/ee4308_proj2/install/ee4308_bringup/share/ee4308_bringup//worlds/turtlebot3_world.world
[0.418s] -- Up-to-date symlink: /home/kaeboon/KBoon/ee4308_proj2/install/ee4308_bringup/share/ee4308_bringup//urdf/sjtu_drone.urdf.xacro
[0.419s] -- Up-to-date symlink: /home/kaeboon/KBoon/ee4308_proj2/install/ee4308_bringup/share/ee4308_bringup//urdf/turtlebot3_burger.urdf.xacro
[0.420s] -- Up-to-date symlink: /home/kaeboon/KBoon/ee4308_proj2/install/ee4308_bringup/share/ament_index/resource_index/package_run_dependencies/ee4308_bringup
[0.420s] -- Up-to-date symlink: /home/kaeboon/KBoon/ee4308_proj2/install/ee4308_bringup/share/ament_index/resource_index/parent_prefix_path/ee4308_bringup
[0.421s] -- Up-to-date symlink: /home/kaeboon/KBoon/ee4308_proj2/install/ee4308_bringup/share/ee4308_bringup/environment/ament_prefix_path.sh
[0.421s] -- Up-to-date symlink: /home/kaeboon/KBoon/ee4308_proj2/install/ee4308_bringup/share/ee4308_bringup/environment/ament_prefix_path.dsv
[0.422s] -- Up-to-date symlink: /home/kaeboon/KBoon/ee4308_proj2/install/ee4308_bringup/share/ee4308_bringup/environment/path.sh
[0.422s] -- Up-to-date symlink: /home/kaeboon/KBoon/ee4308_proj2/install/ee4308_bringup/share/ee4308_bringup/environment/path.dsv
[0.422s] -- Up-to-date symlink: /home/kaeboon/KBoon/ee4308_proj2/install/ee4308_bringup/share/ee4308_bringup/local_setup.bash
[0.422s] -- Up-to-date symlink: /home/kaeboon/KBoon/ee4308_proj2/install/ee4308_bringup/share/ee4308_bringup/local_setup.sh
[0.422s] -- Up-to-date symlink: /home/kaeboon/KBoon/ee4308_proj2/install/ee4308_bringup/share/ee4308_bringup/local_setup.zsh
[0.422s] -- Up-to-date symlink: /home/kaeboon/KBoon/ee4308_proj2/install/ee4308_bringup/share/ee4308_bringup/local_setup.dsv
[0.423s] -- Symlinking: /home/kaeboon/KBoon/ee4308_proj2/install/ee4308_bringup/share/ee4308_bringup/package.dsv
[0.424s] -- Up-to-date symlink: /home/kaeboon/KBoon/ee4308_proj2/install/ee4308_bringup/share/ament_index/resource_index/packages/ee4308_bringup
[0.424s] -- Up-to-date symlink: /home/kaeboon/KBoon/ee4308_proj2/install/ee4308_bringup/share/ee4308_bringup/cmake/ament_cmake_export_dependencies-extras.cmake
[0.427s] -- Up-to-date symlink: /home/kaeboon/KBoon/ee4308_proj2/install/ee4308_bringup/share/ee4308_bringup/cmake/ee4308_bringupConfig.cmake
[0.428s] -- Up-to-date symlink: /home/kaeboon/KBoon/ee4308_proj2/install/ee4308_bringup/share/ee4308_bringup/cmake/ee4308_bringupConfig-version.cmake
[0.428s] -- Up-to-date symlink: /home/kaeboon/KBoon/ee4308_proj2/install/ee4308_bringup/share/ee4308_bringup/package.xml
[0.519s] Invoked command in '/home/kaeboon/KBoon/ee4308_proj2/build/ee4308_bringup' returned '0': CMAKE_PREFIX_PATH=${CMAKE_PREFIX_PATH}:/home/kaeboon/sjtu_drone/install/sjtu_drone_control:/home/kaeboon/sjtu_drone/install/sjtu_drone_bringup:/opt/ros/humble /usr/bin/cmake --install /home/kaeboon/KBoon/ee4308_proj2/build/ee4308_bringup
