[0.538s] Invoking command in '/home/kaeboon/KBoon/ee4308_proj2/build/ee4308_bringup': CMAKE_PREFIX_PATH=${CMAKE_PREFIX_PATH}:/home/kaeboon/sjtu_drone/install/sjtu_drone_control:/home/kaeboon/sjtu_drone/install/sjtu_drone_bringup:/opt/ros/humble /usr/bin/cmake --build /home/kaeboon/KBoon/ee4308_proj2/build/ee4308_bringup -- -j4 -l4
[0.690s] Invoked command in '/home/kaeboon/KBoon/ee4308_proj2/build/ee4308_bringup' returned '0': CMAKE_PREFIX_PATH=${CMAKE_PREFIX_PATH}:/home/kaeboon/sjtu_drone/install/sjtu_drone_control:/home/kaeboon/sjtu_drone/install/sjtu_drone_bringup:/opt/ros/humble /usr/bin/cmake --build /home/kaeboon/KBoon/ee4308_proj2/build/ee4308_bringup -- -j4 -l4
[0.851s] Invoking command in '/home/kaeboon/KBoon/ee4308_proj2/build/ee4308_bringup': CMAKE_PREFIX_PATH=${CMAKE_PREFIX_PATH}:/home/kaeboon/sjtu_drone/install/sjtu_drone_control:/home/kaeboon/sjtu_drone/install/sjtu_drone_bringup:/opt/ros/humble /usr/bin/cmake --install /home/kaeboon/KBoon/ee4308_proj2/build/ee4308_bringup
[0.871s] -- Install configuration: ""
[0.873s] -- Execute custom install script
[0.878s] -- Up-to-date symlink: /home/kaeboon/KBoon/ee4308_proj2/install/ee4308_bringup/share/ee4308_bringup//launch/proj2.launch.py
[0.888s] -- Up-to-date symlink: /home/kaeboon/KBoon/ee4308_proj2/install/ee4308_bringup/share/ee4308_bringup//rviz/proj2.rviz
[0.888s] -- Up-to-date symlink: /home/kaeboon/KBoon/ee4308_proj2/install/ee4308_bringup/share/ee4308_bringup//params/drone.yaml
[0.888s] -- Up-to-date symlink: /home/kaeboon/KBoon/ee4308_proj2/install/ee4308_bringup/share/ee4308_bringup//params/proj2.yaml
[0.888s] -- Up-to-date symlink: /home/kaeboon/KBoon/ee4308_proj2/install/ee4308_bringup/share/ee4308_bringup//models/ee4308_world_24/model.config
[0.888s] -- Up-to-date symlink: /home/kaeboon/KBoon/ee4308_proj2/install/ee4308_bringup/share/ee4308_bringup//models/ee4308_world_24/model.sdf
[0.888s] -- Up-to-date symlink: /home/kaeboon/KBoon/ee4308_proj2/install/ee4308_bringup/share/ee4308_bringup//models/turtlebot3_burger/meshes/burger_base.dae
[0.889s] -- Up-to-date symlink: /home/kaeboon/KBoon/ee4308_proj2/install/ee4308_bringup/share/ee4308_bringup//models/turtlebot3_burger/meshes/lds.dae
[0.889s] -- Up-to-date symlink: /home/kaeboon/KBoon/ee4308_proj2/install/ee4308_bringup/share/ee4308_bringup//models/turtlebot3_burger/meshes/tire.dae
[0.891s] -- Up-to-date symlink: /home/kaeboon/KBoon/ee4308_proj2/install/ee4308_bringup/share/ee4308_bringup//models/turtlebot3_burger/model.config
[0.891s] -- Up-to-date symlink: /home/kaeboon/KBoon/ee4308_proj2/install/ee4308_bringup/share/ee4308_bringup//models/turtlebot3_burger/model.sdf
[0.893s] -- Up-to-date symlink: /home/kaeboon/KBoon/ee4308_proj2/install/ee4308_bringup/share/ee4308_bringup//models/turtlebot3_world/meshes/hexagon.dae
[0.896s] -- Up-to-date symlink: /home/kaeboon/KBoon/ee4308_proj2/install/ee4308_bringup/share/ee4308_bringup//models/turtlebot3_world/meshes/wall.dae
[0.899s] -- Up-to-date symlink: /home/kaeboon/KBoon/ee4308_proj2/install/ee4308_bringup/share/ee4308_bringup//models/turtlebot3_world/model.config
[0.899s] -- Up-to-date symlink: /home/kaeboon/KBoon/ee4308_proj2/install/ee4308_bringup/share/ee4308_bringup//models/turtlebot3_world/model.sdf
[0.912s] -- Up-to-date symlink: /home/kaeboon/KBoon/ee4308_proj2/install/ee4308_bringup/share/ee4308_bringup//worlds/turtlebot3_world.world
[0.912s] -- Up-to-date symlink: /home/kaeboon/KBoon/ee4308_proj2/install/ee4308_bringup/share/ee4308_bringup//urdf/sjtu_drone.urdf.xacro
[0.913s] -- Up-to-date symlink: /home/kaeboon/KBoon/ee4308_proj2/install/ee4308_bringup/share/ee4308_bringup//urdf/turtlebot3_burger.urdf.xacro
[0.913s] -- Up-to-date symlink: /home/kaeboon/KBoon/ee4308_proj2/install/ee4308_bringup/share/ament_index/resource_index/package_run_dependencies/ee4308_bringup
[0.914s] -- Up-to-date symlink: /home/kaeboon/KBoon/ee4308_proj2/install/ee4308_bringup/share/ament_index/resource_index/parent_prefix_path/ee4308_bringup
[0.918s] -- Up-to-date symlink: /home/kaeboon/KBoon/ee4308_proj2/install/ee4308_bringup/share/ee4308_bringup/environment/ament_prefix_path.sh
[0.918s] -- Up-to-date symlink: /home/kaeboon/KBoon/ee4308_proj2/install/ee4308_bringup/share/ee4308_bringup/environment/ament_prefix_path.dsv
[0.919s] -- Up-to-date symlink: /home/kaeboon/KBoon/ee4308_proj2/install/ee4308_bringup/share/ee4308_bringup/environment/path.sh
[0.928s] -- Up-to-date symlink: /home/kaeboon/KBoon/ee4308_proj2/install/ee4308_bringup/share/ee4308_bringup/environment/path.dsv
[0.928s] -- Up-to-date symlink: /home/kaeboon/KBoon/ee4308_proj2/install/ee4308_bringup/share/ee4308_bringup/local_setup.bash
[0.929s] -- Up-to-date symlink: /home/kaeboon/KBoon/ee4308_proj2/install/ee4308_bringup/share/ee4308_bringup/local_setup.sh
[0.929s] -- Up-to-date symlink: /home/kaeboon/KBoon/ee4308_proj2/install/ee4308_bringup/share/ee4308_bringup/local_setup.zsh
[0.930s] -- Up-to-date symlink: /home/kaeboon/KBoon/ee4308_proj2/install/ee4308_bringup/share/ee4308_bringup/local_setup.dsv
[0.934s] -- Symlinking: /home/kaeboon/KBoon/ee4308_proj2/install/ee4308_bringup/share/ee4308_bringup/package.dsv
[1.035s] -- Up-to-date symlink: /home/kaeboon/KBoon/ee4308_proj2/install/ee4308_bringup/share/ament_index/resource_index/packages/ee4308_bringup
[1.035s] -- Up-to-date symlink: /home/kaeboon/KBoon/ee4308_proj2/install/ee4308_bringup/share/ee4308_bringup/cmake/ament_cmake_export_dependencies-extras.cmake
[1.035s] -- Up-to-date symlink: /home/kaeboon/KBoon/ee4308_proj2/install/ee4308_bringup/share/ee4308_bringup/cmake/ee4308_bringupConfig.cmake
[1.035s] -- Up-to-date symlink: /home/kaeboon/KBoon/ee4308_proj2/install/ee4308_bringup/share/ee4308_bringup/cmake/ee4308_bringupConfig-version.cmake
[1.036s] -- Up-to-date symlink: /home/kaeboon/KBoon/ee4308_proj2/install/ee4308_bringup/share/ee4308_bringup/package.xml
[1.224s] Invoked command in '/home/kaeboon/KBoon/ee4308_proj2/build/ee4308_bringup' returned '0': CMAKE_PREFIX_PATH=${CMAKE_PREFIX_PATH}:/home/kaeboon/sjtu_drone/install/sjtu_drone_control:/home/kaeboon/sjtu_drone/install/sjtu_drone_bringup:/opt/ros/humble /usr/bin/cmake --install /home/kaeboon/KBoon/ee4308_proj2/build/ee4308_bringup
