[0.142s] Invoking command in '/home/kaeboon/KBoon/ee4308_proj2/build/ee4308_turtle': CMAKE_PREFIX_PATH=/home/kaeboon/KBoon/ee4308_proj2/install/ee4308_lib:/home/kaeboon/KBoon/ee4308_proj2/install/ee4308_interfaces:/home/kaeboon/sjtu_drone/install/sjtu_drone_description:/home/kaeboon/KBoon/ee4308_proj2/install/ee4308_turtle:/home/kaeboon/KBoon/ee4308_proj2/install/ee4308_drone:/home/kaeboon/KBoon/ee4308_proj2/install/ee4308_gazebo_plugins:/home/kaeboon/KBoon/ee4308_proj2/install/ee4308_bringup:/home/kaeboon/sjtu_drone/install/sjtu_drone_control:/home/kaeboon/sjtu_drone/install/sjtu_drone_bringup:/opt/ros/humble LD_LIBRARY_PATH=/home/kaeboon/KBoon/ee4308_proj2/install/ee4308_interfaces/lib:/home/kaeboon/sjtu_drone/install/sjtu_drone_description/lib:/home/kaeboon/KBoon/ee4308_proj2/install/ee4308_gazebo_plugins/lib:/usr/lib/x86_64-linux-gnu/gazebo-11/plugins:/opt/ros/humble/opt/rviz_ogre_vendor/lib:/opt/ros/humble/lib/x86_64-linux-gnu:/opt/ros/humble/lib:/usr/lib/x86_64-linux-gnu/gazebo-11/plugins:/usr/lib/x86_64-linux-gnu/gazebo-11/plugins:/usr/lib/x86_64-linux-gnu/gazebo-11/plugins /usr/bin/cmake --build /home/kaeboon/KBoon/ee4308_proj2/build/ee4308_turtle -- -j4 -l4
[0.299s] [ 20%] Built target mapper
[0.314s] [ 40%] Built target controller
[0.323s] [ 60%] Built target planner_smoother
[0.324s] [ 80%] Built target behavior
[0.358s] [100%] Built target estimator
[0.378s] Invoked command in '/home/kaeboon/KBoon/ee4308_proj2/build/ee4308_turtle' returned '0': CMAKE_PREFIX_PATH=/home/kaeboon/KBoon/ee4308_proj2/install/ee4308_lib:/home/kaeboon/KBoon/ee4308_proj2/install/ee4308_interfaces:/home/kaeboon/sjtu_drone/install/sjtu_drone_description:/home/kaeboon/KBoon/ee4308_proj2/install/ee4308_turtle:/home/kaeboon/KBoon/ee4308_proj2/install/ee4308_drone:/home/kaeboon/KBoon/ee4308_proj2/install/ee4308_gazebo_plugins:/home/kaeboon/KBoon/ee4308_proj2/install/ee4308_bringup:/home/kaeboon/sjtu_drone/install/sjtu_drone_control:/home/kaeboon/sjtu_drone/install/sjtu_drone_bringup:/opt/ros/humble LD_LIBRARY_PATH=/home/kaeboon/KBoon/ee4308_proj2/install/ee4308_interfaces/lib:/home/kaeboon/sjtu_drone/install/sjtu_drone_description/lib:/home/kaeboon/KBoon/ee4308_proj2/install/ee4308_gazebo_plugins/lib:/usr/lib/x86_64-linux-gnu/gazebo-11/plugins:/opt/ros/humble/opt/rviz_ogre_vendor/lib:/opt/ros/humble/lib/x86_64-linux-gnu:/opt/ros/humble/lib:/usr/lib/x86_64-linux-gnu/gazebo-11/plugins:/usr/lib/x86_64-linux-gnu/gazebo-11/plugins:/usr/lib/x86_64-linux-gnu/gazebo-11/plugins /usr/bin/cmake --build /home/kaeboon/KBoon/ee4308_proj2/build/ee4308_turtle -- -j4 -l4
[0.447s] Invoking command in '/home/kaeboon/KBoon/ee4308_proj2/build/ee4308_turtle': CMAKE_PREFIX_PATH=/home/kaeboon/KBoon/ee4308_proj2/install/ee4308_lib:/home/kaeboon/KBoon/ee4308_proj2/install/ee4308_interfaces:/home/kaeboon/sjtu_drone/install/sjtu_drone_description:/home/kaeboon/KBoon/ee4308_proj2/install/ee4308_turtle:/home/kaeboon/KBoon/ee4308_proj2/install/ee4308_drone:/home/kaeboon/KBoon/ee4308_proj2/install/ee4308_gazebo_plugins:/home/kaeboon/KBoon/ee4308_proj2/install/ee4308_bringup:/home/kaeboon/sjtu_drone/install/sjtu_drone_control:/home/kaeboon/sjtu_drone/install/sjtu_drone_bringup:/opt/ros/humble LD_LIBRARY_PATH=/home/kaeboon/KBoon/ee4308_proj2/install/ee4308_interfaces/lib:/home/kaeboon/sjtu_drone/install/sjtu_drone_description/lib:/home/kaeboon/KBoon/ee4308_proj2/install/ee4308_gazebo_plugins/lib:/usr/lib/x86_64-linux-gnu/gazebo-11/plugins:/opt/ros/humble/opt/rviz_ogre_vendor/lib:/opt/ros/humble/lib/x86_64-linux-gnu:/opt/ros/humble/lib:/usr/lib/x86_64-linux-gnu/gazebo-11/plugins:/usr/lib/x86_64-linux-gnu/gazebo-11/plugins:/usr/lib/x86_64-linux-gnu/gazebo-11/plugins /usr/bin/cmake --install /home/kaeboon/KBoon/ee4308_proj2/build/ee4308_turtle
[0.457s] -- Install configuration: ""
[0.458s] -- Execute custom install script
[0.460s] -- Up-to-date symlink: /home/kaeboon/KBoon/ee4308_proj2/install/ee4308_turtle/lib/ee4308_turtle/mapper
[0.460s] -- Up-to-date symlink: /home/kaeboon/KBoon/ee4308_proj2/install/ee4308_turtle/lib/ee4308_turtle/planner_smoother
[0.461s] -- Up-to-date symlink: /home/kaeboon/KBoon/ee4308_proj2/install/ee4308_turtle/lib/ee4308_turtle/controller
[0.462s] -- Up-to-date symlink: /home/kaeboon/KBoon/ee4308_proj2/install/ee4308_turtle/lib/ee4308_turtle/behavior
[0.462s] -- Up-to-date symlink: /home/kaeboon/KBoon/ee4308_proj2/install/ee4308_turtle/lib/ee4308_turtle/estimator
[0.463s] -- Up-to-date symlink: /home/kaeboon/KBoon/ee4308_proj2/install/ee4308_turtle/share/ament_index/resource_index/package_run_dependencies/ee4308_turtle
[0.463s] -- Up-to-date symlink: /home/kaeboon/KBoon/ee4308_proj2/install/ee4308_turtle/share/ament_index/resource_index/parent_prefix_path/ee4308_turtle
[0.463s] -- Up-to-date symlink: /home/kaeboon/KBoon/ee4308_proj2/install/ee4308_turtle/share/ee4308_turtle/environment/ament_prefix_path.sh
[0.464s] -- Up-to-date symlink: /home/kaeboon/KBoon/ee4308_proj2/install/ee4308_turtle/share/ee4308_turtle/environment/ament_prefix_path.dsv
[0.464s] -- Up-to-date symlink: /home/kaeboon/KBoon/ee4308_proj2/install/ee4308_turtle/share/ee4308_turtle/environment/path.sh
[0.464s] -- Up-to-date symlink: /home/kaeboon/KBoon/ee4308_proj2/install/ee4308_turtle/share/ee4308_turtle/environment/path.dsv
[0.464s] -- Up-to-date symlink: /home/kaeboon/KBoon/ee4308_proj2/install/ee4308_turtle/share/ee4308_turtle/local_setup.bash
[0.465s] -- Up-to-date symlink: /home/kaeboon/KBoon/ee4308_proj2/install/ee4308_turtle/share/ee4308_turtle/local_setup.sh
[0.465s] -- Up-to-date symlink: /home/kaeboon/KBoon/ee4308_proj2/install/ee4308_turtle/share/ee4308_turtle/local_setup.zsh
[0.465s] -- Up-to-date symlink: /home/kaeboon/KBoon/ee4308_proj2/install/ee4308_turtle/share/ee4308_turtle/local_setup.dsv
[0.466s] -- Symlinking: /home/kaeboon/KBoon/ee4308_proj2/install/ee4308_turtle/share/ee4308_turtle/package.dsv
[0.483s] -- Up-to-date symlink: /home/kaeboon/KBoon/ee4308_proj2/install/ee4308_turtle/share/ament_index/resource_index/packages/ee4308_turtle
[0.483s] -- Up-to-date symlink: /home/kaeboon/KBoon/ee4308_proj2/install/ee4308_turtle/share/ee4308_turtle/cmake/ament_cmake_export_include_directories-extras.cmake
[0.486s] -- Up-to-date symlink: /home/kaeboon/KBoon/ee4308_proj2/install/ee4308_turtle/share/ee4308_turtle/cmake/ament_cmake_export_dependencies-extras.cmake
[0.486s] -- Up-to-date symlink: /home/kaeboon/KBoon/ee4308_proj2/install/ee4308_turtle/share/ee4308_turtle/cmake/ee4308_turtleConfig.cmake
[0.487s] -- Up-to-date symlink: /home/kaeboon/KBoon/ee4308_proj2/install/ee4308_turtle/share/ee4308_turtle/cmake/ee4308_turtleConfig-version.cmake
[0.487s] -- Up-to-date symlink: /home/kaeboon/KBoon/ee4308_proj2/install/ee4308_turtle/share/ee4308_turtle/package.xml
[0.490s] Invoked command in '/home/kaeboon/KBoon/ee4308_proj2/build/ee4308_turtle' returned '0': CMAKE_PREFIX_PATH=/home/kaeboon/KBoon/ee4308_proj2/install/ee4308_lib:/home/kaeboon/KBoon/ee4308_proj2/install/ee4308_interfaces:/home/kaeboon/sjtu_drone/install/sjtu_drone_description:/home/kaeboon/KBoon/ee4308_proj2/install/ee4308_turtle:/home/kaeboon/KBoon/ee4308_proj2/install/ee4308_drone:/home/kaeboon/KBoon/ee4308_proj2/install/ee4308_gazebo_plugins:/home/kaeboon/KBoon/ee4308_proj2/install/ee4308_bringup:/home/kaeboon/sjtu_drone/install/sjtu_drone_control:/home/kaeboon/sjtu_drone/install/sjtu_drone_bringup:/opt/ros/humble LD_LIBRARY_PATH=/home/kaeboon/KBoon/ee4308_proj2/install/ee4308_interfaces/lib:/home/kaeboon/sjtu_drone/install/sjtu_drone_description/lib:/home/kaeboon/KBoon/ee4308_proj2/install/ee4308_gazebo_plugins/lib:/usr/lib/x86_64-linux-gnu/gazebo-11/plugins:/opt/ros/humble/opt/rviz_ogre_vendor/lib:/opt/ros/humble/lib/x86_64-linux-gnu:/opt/ros/humble/lib:/usr/lib/x86_64-linux-gnu/gazebo-11/plugins:/usr/lib/x86_64-linux-gnu/gazebo-11/plugins:/usr/lib/x86_64-linux-gnu/gazebo-11/plugins /usr/bin/cmake --install /home/kaeboon/KBoon/ee4308_proj2/build/ee4308_turtle
