[3.025s] DEBUG:colcon:Command line arguments: ['/usr/bin/colcon', 'list', '-p', '--base-paths', '/home/kaeboon/KBoon/ee4308_proj2']
[3.025s] DEBUG:colcon:Parsed command line arguments: Namespace(log_base=None, log_level=None, verb_name='list', build_base='build', ignore_user_meta=False, metas=['./colcon.meta'], base_paths=['/home/kaeboon/KBoon/ee4308_proj2'], packages_ignore=None, packages_ignore_regex=None, paths=None, packages_up_to=None, packages_up_to_regex=None, packages_above=None, packages_above_and_dependencies=None, packages_above_depth=None, packages_select_by_dep=None, packages_skip_by_dep=None, packages_skip_up_to=None, packages_select_build_failed=False, packages_skip_build_finished=False, packages_select_test_failures=False, packages_skip_test_passed=False, packages_select=None, packages_skip=None, packages_select_regex=None, packages_skip_regex=None, packages_start=None, packages_end=None, allow_overriding=[], topological_order=False, names_only=False, paths_only=True, topological_graph=False, topological_graph_dot=False, topological_graph_density=False, topological_graph_legend=False, topological_graph_dot_cluster=False, topological_graph_dot_include_skipped=False, verb_parser=<colcon_defaults.argument_parser.defaults.DefaultArgumentsDecorator object at 0x7f82d93470d0>, verb_extension=<colcon_package_information.verb.list.ListVerb object at 0x7f82d9345600>, main=<bound method ListVerb.main of <colcon_package_information.verb.list.ListVerb object at 0x7f82d9345600>>)
[3.137s] Level 1:colcon.colcon_core.package_discovery:discover_packages(colcon_meta) check parameters
[3.137s] Level 1:colcon.colcon_core.package_discovery:discover_packages(recursive) check parameters
[3.137s] Level 1:colcon.colcon_core.package_discovery:discover_packages(ignore) check parameters
[3.137s] Level 1:colcon.colcon_core.package_discovery:discover_packages(path) check parameters
[3.137s] Level 1:colcon.colcon_core.package_discovery:discover_packages(recursive) discover
[3.137s] INFO:colcon.colcon_core.package_discovery:Crawling recursively for packages in '/home/kaeboon/KBoon/ee4308_proj2'
[3.137s] Level 1:colcon.colcon_core.package_identification:_identify(/home/kaeboon/KBoon/ee4308_proj2) by extensions ['ignore', 'ignore_ament_install']
[3.137s] Level 1:colcon.colcon_core.package_identification:_identify(/home/kaeboon/KBoon/ee4308_proj2) by extension 'ignore'
[3.137s] Level 1:colcon.colcon_core.package_identification:_identify(/home/kaeboon/KBoon/ee4308_proj2) by extension 'ignore_ament_install'
[3.137s] Level 1:colcon.colcon_core.package_identification:_identify(/home/kaeboon/KBoon/ee4308_proj2) by extensions ['colcon_pkg']
[3.138s] Level 1:colcon.colcon_core.package_identification:_identify(/home/kaeboon/KBoon/ee4308_proj2) by extension 'colcon_pkg'
[3.138s] Level 1:colcon.colcon_core.package_identification:_identify(/home/kaeboon/KBoon/ee4308_proj2) by extensions ['colcon_meta']
[3.138s] Level 1:colcon.colcon_core.package_identification:_identify(/home/kaeboon/KBoon/ee4308_proj2) by extension 'colcon_meta'
[3.138s] Level 1:colcon.colcon_core.package_identification:_identify(/home/kaeboon/KBoon/ee4308_proj2) by extensions ['ros']
[3.138s] Level 1:colcon.colcon_core.package_identification:_identify(/home/kaeboon/KBoon/ee4308_proj2) by extension 'ros'
[3.153s] Level 1:colcon.colcon_core.package_identification:_identify(/home/kaeboon/KBoon/ee4308_proj2) by extensions ['cmake', 'python']
[3.153s] Level 1:colcon.colcon_core.package_identification:_identify(/home/kaeboon/KBoon/ee4308_proj2) by extension 'cmake'
[3.153s] Level 1:colcon.colcon_core.package_identification:_identify(/home/kaeboon/KBoon/ee4308_proj2) by extension 'python'
[3.153s] Level 1:colcon.colcon_core.package_identification:_identify(/home/kaeboon/KBoon/ee4308_proj2) by extensions ['python_setup_py']
[3.153s] Level 1:colcon.colcon_core.package_identification:_identify(/home/kaeboon/KBoon/ee4308_proj2) by extension 'python_setup_py'
[3.153s] Level 1:colcon.colcon_core.package_identification:_identify(/home/kaeboon/KBoon/ee4308_proj2/build) by extensions ['ignore', 'ignore_ament_install']
[3.153s] Level 1:colcon.colcon_core.package_identification:_identify(/home/kaeboon/KBoon/ee4308_proj2/build) by extension 'ignore'
[3.153s] Level 1:colcon.colcon_core.package_identification:_identify(/home/kaeboon/KBoon/ee4308_proj2/build) ignored
[3.153s] Level 1:colcon.colcon_core.package_identification:_identify(/home/kaeboon/KBoon/ee4308_proj2/install) by extensions ['ignore', 'ignore_ament_install']
[3.153s] Level 1:colcon.colcon_core.package_identification:_identify(/home/kaeboon/KBoon/ee4308_proj2/install) by extension 'ignore'
[3.154s] Level 1:colcon.colcon_core.package_identification:_identify(/home/kaeboon/KBoon/ee4308_proj2/install) ignored
[3.154s] Level 1:colcon.colcon_core.package_identification:_identify(/home/kaeboon/KBoon/ee4308_proj2/log) by extensions ['ignore', 'ignore_ament_install']
[3.154s] Level 1:colcon.colcon_core.package_identification:_identify(/home/kaeboon/KBoon/ee4308_proj2/log) by extension 'ignore'
[3.154s] Level 1:colcon.colcon_core.package_identification:_identify(/home/kaeboon/KBoon/ee4308_proj2/log) ignored
[3.154s] Level 1:colcon.colcon_core.package_identification:_identify(/home/kaeboon/KBoon/ee4308_proj2/src) by extensions ['ignore', 'ignore_ament_install']
[3.154s] Level 1:colcon.colcon_core.package_identification:_identify(/home/kaeboon/KBoon/ee4308_proj2/src) by extension 'ignore'
[3.154s] Level 1:colcon.colcon_core.package_identification:_identify(/home/kaeboon/KBoon/ee4308_proj2/src) by extension 'ignore_ament_install'
[3.154s] Level 1:colcon.colcon_core.package_identification:_identify(/home/kaeboon/KBoon/ee4308_proj2/src) by extensions ['colcon_pkg']
[3.154s] Level 1:colcon.colcon_core.package_identification:_identify(/home/kaeboon/KBoon/ee4308_proj2/src) by extension 'colcon_pkg'
[3.154s] Level 1:colcon.colcon_core.package_identification:_identify(/home/kaeboon/KBoon/ee4308_proj2/src) by extensions ['colcon_meta']
[3.154s] Level 1:colcon.colcon_core.package_identification:_identify(/home/kaeboon/KBoon/ee4308_proj2/src) by extension 'colcon_meta'
[3.154s] Level 1:colcon.colcon_core.package_identification:_identify(/home/kaeboon/KBoon/ee4308_proj2/src) by extensions ['ros']
[3.154s] Level 1:colcon.colcon_core.package_identification:_identify(/home/kaeboon/KBoon/ee4308_proj2/src) by extension 'ros'
[3.154s] Level 1:colcon.colcon_core.package_identification:_identify(/home/kaeboon/KBoon/ee4308_proj2/src) by extensions ['cmake', 'python']
[3.154s] Level 1:colcon.colcon_core.package_identification:_identify(/home/kaeboon/KBoon/ee4308_proj2/src) by extension 'cmake'
[3.155s] Level 1:colcon.colcon_core.package_identification:_identify(/home/kaeboon/KBoon/ee4308_proj2/src) by extension 'python'
[3.155s] Level 1:colcon.colcon_core.package_identification:_identify(/home/kaeboon/KBoon/ee4308_proj2/src) by extensions ['python_setup_py']
[3.155s] Level 1:colcon.colcon_core.package_identification:_identify(/home/kaeboon/KBoon/ee4308_proj2/src) by extension 'python_setup_py'
[3.155s] Level 1:colcon.colcon_core.package_identification:_identify(/home/kaeboon/KBoon/ee4308_proj2/src/ee4308_bringup) by extensions ['ignore', 'ignore_ament_install']
[3.155s] Level 1:colcon.colcon_core.package_identification:_identify(/home/kaeboon/KBoon/ee4308_proj2/src/ee4308_bringup) by extension 'ignore'
[3.155s] Level 1:colcon.colcon_core.package_identification:_identify(/home/kaeboon/KBoon/ee4308_proj2/src/ee4308_bringup) by extension 'ignore_ament_install'
[3.155s] Level 1:colcon.colcon_core.package_identification:_identify(/home/kaeboon/KBoon/ee4308_proj2/src/ee4308_bringup) by extensions ['colcon_pkg']
[3.155s] Level 1:colcon.colcon_core.package_identification:_identify(/home/kaeboon/KBoon/ee4308_proj2/src/ee4308_bringup) by extension 'colcon_pkg'
[3.155s] Level 1:colcon.colcon_core.package_identification:_identify(/home/kaeboon/KBoon/ee4308_proj2/src/ee4308_bringup) by extensions ['colcon_meta']
[3.155s] Level 1:colcon.colcon_core.package_identification:_identify(/home/kaeboon/KBoon/ee4308_proj2/src/ee4308_bringup) by extension 'colcon_meta'
[3.155s] Level 1:colcon.colcon_core.package_identification:_identify(/home/kaeboon/KBoon/ee4308_proj2/src/ee4308_bringup) by extensions ['ros']
[3.155s] Level 1:colcon.colcon_core.package_identification:_identify(/home/kaeboon/KBoon/ee4308_proj2/src/ee4308_bringup) by extension 'ros'
[3.158s] DEBUG:colcon.colcon_core.package_identification:Package '/home/kaeboon/KBoon/ee4308_proj2/src/ee4308_bringup' with type 'ros.ament_cmake' and name 'ee4308_bringup'
[3.158s] Level 1:colcon.colcon_core.package_identification:_identify(/home/kaeboon/KBoon/ee4308_proj2/src/ee4308_drone) by extensions ['ignore', 'ignore_ament_install']
[3.158s] Level 1:colcon.colcon_core.package_identification:_identify(/home/kaeboon/KBoon/ee4308_proj2/src/ee4308_drone) by extension 'ignore'
[3.158s] Level 1:colcon.colcon_core.package_identification:_identify(/home/kaeboon/KBoon/ee4308_proj2/src/ee4308_drone) by extension 'ignore_ament_install'
[3.158s] Level 1:colcon.colcon_core.package_identification:_identify(/home/kaeboon/KBoon/ee4308_proj2/src/ee4308_drone) by extensions ['colcon_pkg']
[3.158s] Level 1:colcon.colcon_core.package_identification:_identify(/home/kaeboon/KBoon/ee4308_proj2/src/ee4308_drone) by extension 'colcon_pkg'
[3.158s] Level 1:colcon.colcon_core.package_identification:_identify(/home/kaeboon/KBoon/ee4308_proj2/src/ee4308_drone) by extensions ['colcon_meta']
[3.158s] Level 1:colcon.colcon_core.package_identification:_identify(/home/kaeboon/KBoon/ee4308_proj2/src/ee4308_drone) by extension 'colcon_meta'
[3.158s] Level 1:colcon.colcon_core.package_identification:_identify(/home/kaeboon/KBoon/ee4308_proj2/src/ee4308_drone) by extensions ['ros']
[3.158s] Level 1:colcon.colcon_core.package_identification:_identify(/home/kaeboon/KBoon/ee4308_proj2/src/ee4308_drone) by extension 'ros'
[3.160s] DEBUG:colcon.colcon_core.package_identification:Package '/home/kaeboon/KBoon/ee4308_proj2/src/ee4308_drone' with type 'ros.ament_cmake' and name 'ee4308_drone'
[3.160s] Level 1:colcon.colcon_core.package_identification:_identify(/home/kaeboon/KBoon/ee4308_proj2/src/ee4308_gazebo_plugins) by extensions ['ignore', 'ignore_ament_install']
[3.160s] Level 1:colcon.colcon_core.package_identification:_identify(/home/kaeboon/KBoon/ee4308_proj2/src/ee4308_gazebo_plugins) by extension 'ignore'
[3.160s] Level 1:colcon.colcon_core.package_identification:_identify(/home/kaeboon/KBoon/ee4308_proj2/src/ee4308_gazebo_plugins) by extension 'ignore_ament_install'
[3.160s] Level 1:colcon.colcon_core.package_identification:_identify(/home/kaeboon/KBoon/ee4308_proj2/src/ee4308_gazebo_plugins) by extensions ['colcon_pkg']
[3.160s] Level 1:colcon.colcon_core.package_identification:_identify(/home/kaeboon/KBoon/ee4308_proj2/src/ee4308_gazebo_plugins) by extension 'colcon_pkg'
[3.161s] Level 1:colcon.colcon_core.package_identification:_identify(/home/kaeboon/KBoon/ee4308_proj2/src/ee4308_gazebo_plugins) by extensions ['colcon_meta']
[3.161s] Level 1:colcon.colcon_core.package_identification:_identify(/home/kaeboon/KBoon/ee4308_proj2/src/ee4308_gazebo_plugins) by extension 'colcon_meta'
[3.161s] Level 1:colcon.colcon_core.package_identification:_identify(/home/kaeboon/KBoon/ee4308_proj2/src/ee4308_gazebo_plugins) by extensions ['ros']
[3.161s] Level 1:colcon.colcon_core.package_identification:_identify(/home/kaeboon/KBoon/ee4308_proj2/src/ee4308_gazebo_plugins) by extension 'ros'
[3.162s] DEBUG:colcon.colcon_core.package_identification:Package '/home/kaeboon/KBoon/ee4308_proj2/src/ee4308_gazebo_plugins' with type 'ros.ament_cmake' and name 'ee4308_gazebo_plugins'
[3.162s] Level 1:colcon.colcon_core.package_identification:_identify(/home/kaeboon/KBoon/ee4308_proj2/src/ee4308_interfaces) by extensions ['ignore', 'ignore_ament_install']
[3.162s] Level 1:colcon.colcon_core.package_identification:_identify(/home/kaeboon/KBoon/ee4308_proj2/src/ee4308_interfaces) by extension 'ignore'
[3.162s] Level 1:colcon.colcon_core.package_identification:_identify(/home/kaeboon/KBoon/ee4308_proj2/src/ee4308_interfaces) by extension 'ignore_ament_install'
[3.162s] Level 1:colcon.colcon_core.package_identification:_identify(/home/kaeboon/KBoon/ee4308_proj2/src/ee4308_interfaces) by extensions ['colcon_pkg']
[3.162s] Level 1:colcon.colcon_core.package_identification:_identify(/home/kaeboon/KBoon/ee4308_proj2/src/ee4308_interfaces) by extension 'colcon_pkg'
[3.162s] Level 1:colcon.colcon_core.package_identification:_identify(/home/kaeboon/KBoon/ee4308_proj2/src/ee4308_interfaces) by extensions ['colcon_meta']
[3.162s] Level 1:colcon.colcon_core.package_identification:_identify(/home/kaeboon/KBoon/ee4308_proj2/src/ee4308_interfaces) by extension 'colcon_meta'
[3.162s] Level 1:colcon.colcon_core.package_identification:_identify(/home/kaeboon/KBoon/ee4308_proj2/src/ee4308_interfaces) by extensions ['ros']
[3.162s] Level 1:colcon.colcon_core.package_identification:_identify(/home/kaeboon/KBoon/ee4308_proj2/src/ee4308_interfaces) by extension 'ros'
[3.163s] DEBUG:colcon.colcon_core.package_identification:Package '/home/kaeboon/KBoon/ee4308_proj2/src/ee4308_interfaces' with type 'ros.ament_cmake' and name 'ee4308_interfaces'
[3.163s] Level 1:colcon.colcon_core.package_identification:_identify(/home/kaeboon/KBoon/ee4308_proj2/src/ee4308_lib) by extensions ['ignore', 'ignore_ament_install']
[3.163s] Level 1:colcon.colcon_core.package_identification:_identify(/home/kaeboon/KBoon/ee4308_proj2/src/ee4308_lib) by extension 'ignore'
[3.163s] Level 1:colcon.colcon_core.package_identification:_identify(/home/kaeboon/KBoon/ee4308_proj2/src/ee4308_lib) by extension 'ignore_ament_install'
[3.163s] Level 1:colcon.colcon_core.package_identification:_identify(/home/kaeboon/KBoon/ee4308_proj2/src/ee4308_lib) by extensions ['colcon_pkg']
[3.163s] Level 1:colcon.colcon_core.package_identification:_identify(/home/kaeboon/KBoon/ee4308_proj2/src/ee4308_lib) by extension 'colcon_pkg'
[3.163s] Level 1:colcon.colcon_core.package_identification:_identify(/home/kaeboon/KBoon/ee4308_proj2/src/ee4308_lib) by extensions ['colcon_meta']
[3.164s] Level 1:colcon.colcon_core.package_identification:_identify(/home/kaeboon/KBoon/ee4308_proj2/src/ee4308_lib) by extension 'colcon_meta'
[3.164s] Level 1:colcon.colcon_core.package_identification:_identify(/home/kaeboon/KBoon/ee4308_proj2/src/ee4308_lib) by extensions ['ros']
[3.164s] Level 1:colcon.colcon_core.package_identification:_identify(/home/kaeboon/KBoon/ee4308_proj2/src/ee4308_lib) by extension 'ros'
[3.165s] DEBUG:colcon.colcon_core.package_identification:Package '/home/kaeboon/KBoon/ee4308_proj2/src/ee4308_lib' with type 'ros.ament_cmake' and name 'ee4308_lib'
[3.165s] Level 1:colcon.colcon_core.package_identification:_identify(/home/kaeboon/KBoon/ee4308_proj2/src/ee4308_turtle) by extensions ['ignore', 'ignore_ament_install']
[3.165s] Level 1:colcon.colcon_core.package_identification:_identify(/home/kaeboon/KBoon/ee4308_proj2/src/ee4308_turtle) by extension 'ignore'
[3.165s] Level 1:colcon.colcon_core.package_identification:_identify(/home/kaeboon/KBoon/ee4308_proj2/src/ee4308_turtle) by extension 'ignore_ament_install'
[3.165s] Level 1:colcon.colcon_core.package_identification:_identify(/home/kaeboon/KBoon/ee4308_proj2/src/ee4308_turtle) by extensions ['colcon_pkg']
[3.165s] Level 1:colcon.colcon_core.package_identification:_identify(/home/kaeboon/KBoon/ee4308_proj2/src/ee4308_turtle) by extension 'colcon_pkg'
[3.165s] Level 1:colcon.colcon_core.package_identification:_identify(/home/kaeboon/KBoon/ee4308_proj2/src/ee4308_turtle) by extensions ['colcon_meta']
[3.165s] Level 1:colcon.colcon_core.package_identification:_identify(/home/kaeboon/KBoon/ee4308_proj2/src/ee4308_turtle) by extension 'colcon_meta'
[3.165s] Level 1:colcon.colcon_core.package_identification:_identify(/home/kaeboon/KBoon/ee4308_proj2/src/ee4308_turtle) by extensions ['ros']
[3.165s] Level 1:colcon.colcon_core.package_identification:_identify(/home/kaeboon/KBoon/ee4308_proj2/src/ee4308_turtle) by extension 'ros'
[3.167s] DEBUG:colcon.colcon_core.package_identification:Package '/home/kaeboon/KBoon/ee4308_proj2/src/ee4308_turtle' with type 'ros.ament_cmake' and name 'ee4308_turtle'
[3.167s] Level 1:colcon.colcon_core.package_discovery:discover_packages(recursive) using defaults
