[0.203s] Invoking command in '/home/kaeboon/KBoon/ee4308_proj2/build/ee4308_drone': CMAKE_PREFIX_PATH=/home/kaeboon/KBoon/ee4308_proj2/install/ee4308_lib:/home/kaeboon/KBoon/ee4308_proj2/install/ee4308_interfaces:/home/kaeboon/sjtu_drone/install/sjtu_drone_description:/home/kaeboon/KBoon/ee4308_proj2/install/ee4308_turtle:/home/kaeboon/KBoon/ee4308_proj2/install/ee4308_drone:/home/kaeboon/KBoon/ee4308_proj2/install/ee4308_gazebo_plugins:/home/kaeboon/KBoon/ee4308_proj2/install/ee4308_bringup:/home/kaeboon/sjtu_drone/install/sjtu_drone_control:/home/kaeboon/sjtu_drone/install/sjtu_drone_bringup:/opt/ros/humble LD_LIBRARY_PATH=/home/kaeboon/KBoon/ee4308_proj2/install/ee4308_interfaces/lib:/home/kaeboon/sjtu_drone/install/sjtu_drone_description/lib:/home/kaeboon/KBoon/ee4308_proj2/install/ee4308_gazebo_plugins/lib:/usr/lib/x86_64-linux-gnu/gazebo-11/plugins:/opt/ros/humble/opt/rviz_ogre_vendor/lib:/opt/ros/humble/lib/x86_64-linux-gnu:/opt/ros/humble/lib:/usr/lib/x86_64-linux-gnu/gazebo-11/plugins:/usr/lib/x86_64-linux-gnu/gazebo-11/plugins:/usr/lib/x86_64-linux-gnu/gazebo-11/plugins /usr/bin/cmake --build /home/kaeboon/KBoon/ee4308_proj2/build/ee4308_drone -- -j4 -l4
[0.265s] [35m[1mConsolidate compiler generated dependencies of target behavior[0m
[0.265s] [35m[1mConsolidate compiler generated dependencies of target controller[0m
[0.267s] [35m[1mConsolidate compiler generated dependencies of target teleop[0m
[0.270s] [35m[1mConsolidate compiler generated dependencies of target estimator[0m
[0.319s] [ 20%] Built target teleop
[0.323s] [ 50%] Built target controller
[0.323s] [ 60%] Built target behavior
[0.336s] [ 80%] Built target estimator
[0.359s] [35m[1mConsolidate compiler generated dependencies of target smoother[0m
[0.379s] [100%] Built target smoother
[0.394s] Invoked command in '/home/kaeboon/KBoon/ee4308_proj2/build/ee4308_drone' returned '0': CMAKE_PREFIX_PATH=/home/kaeboon/KBoon/ee4308_proj2/install/ee4308_lib:/home/kaeboon/KBoon/ee4308_proj2/install/ee4308_interfaces:/home/kaeboon/sjtu_drone/install/sjtu_drone_description:/home/kaeboon/KBoon/ee4308_proj2/install/ee4308_turtle:/home/kaeboon/KBoon/ee4308_proj2/install/ee4308_drone:/home/kaeboon/KBoon/ee4308_proj2/install/ee4308_gazebo_plugins:/home/kaeboon/KBoon/ee4308_proj2/install/ee4308_bringup:/home/kaeboon/sjtu_drone/install/sjtu_drone_control:/home/kaeboon/sjtu_drone/install/sjtu_drone_bringup:/opt/ros/humble LD_LIBRARY_PATH=/home/kaeboon/KBoon/ee4308_proj2/install/ee4308_interfaces/lib:/home/kaeboon/sjtu_drone/install/sjtu_drone_description/lib:/home/kaeboon/KBoon/ee4308_proj2/install/ee4308_gazebo_plugins/lib:/usr/lib/x86_64-linux-gnu/gazebo-11/plugins:/opt/ros/humble/opt/rviz_ogre_vendor/lib:/opt/ros/humble/lib/x86_64-linux-gnu:/opt/ros/humble/lib:/usr/lib/x86_64-linux-gnu/gazebo-11/plugins:/usr/lib/x86_64-linux-gnu/gazebo-11/plugins:/usr/lib/x86_64-linux-gnu/gazebo-11/plugins /usr/bin/cmake --build /home/kaeboon/KBoon/ee4308_proj2/build/ee4308_drone -- -j4 -l4
[0.440s] Invoking command in '/home/kaeboon/KBoon/ee4308_proj2/build/ee4308_drone': CMAKE_PREFIX_PATH=/home/kaeboon/KBoon/ee4308_proj2/install/ee4308_lib:/home/kaeboon/KBoon/ee4308_proj2/install/ee4308_interfaces:/home/kaeboon/sjtu_drone/install/sjtu_drone_description:/home/kaeboon/KBoon/ee4308_proj2/install/ee4308_turtle:/home/kaeboon/KBoon/ee4308_proj2/install/ee4308_drone:/home/kaeboon/KBoon/ee4308_proj2/install/ee4308_gazebo_plugins:/home/kaeboon/KBoon/ee4308_proj2/install/ee4308_bringup:/home/kaeboon/sjtu_drone/install/sjtu_drone_control:/home/kaeboon/sjtu_drone/install/sjtu_drone_bringup:/opt/ros/humble LD_LIBRARY_PATH=/home/kaeboon/KBoon/ee4308_proj2/install/ee4308_interfaces/lib:/home/kaeboon/sjtu_drone/install/sjtu_drone_description/lib:/home/kaeboon/KBoon/ee4308_proj2/install/ee4308_gazebo_plugins/lib:/usr/lib/x86_64-linux-gnu/gazebo-11/plugins:/opt/ros/humble/opt/rviz_ogre_vendor/lib:/opt/ros/humble/lib/x86_64-linux-gnu:/opt/ros/humble/lib:/usr/lib/x86_64-linux-gnu/gazebo-11/plugins:/usr/lib/x86_64-linux-gnu/gazebo-11/plugins:/usr/lib/x86_64-linux-gnu/gazebo-11/plugins /usr/bin/cmake --install /home/kaeboon/KBoon/ee4308_proj2/build/ee4308_drone
[0.454s] -- Install configuration: ""
[0.454s] -- Execute custom install script
[0.455s] -- Up-to-date symlink: /home/kaeboon/KBoon/ee4308_proj2/install/ee4308_drone/lib/ee4308_drone/teleop
[0.456s] -- Up-to-date symlink: /home/kaeboon/KBoon/ee4308_proj2/install/ee4308_drone/lib/ee4308_drone/behavior
[0.457s] -- Up-to-date symlink: /home/kaeboon/KBoon/ee4308_proj2/install/ee4308_drone/lib/ee4308_drone/controller
[0.458s] -- Up-to-date symlink: /home/kaeboon/KBoon/ee4308_proj2/install/ee4308_drone/lib/ee4308_drone/estimator
[0.459s] -- Up-to-date symlink: /home/kaeboon/KBoon/ee4308_proj2/install/ee4308_drone/lib/ee4308_drone/smoother
[0.459s] -- Up-to-date symlink: /home/kaeboon/KBoon/ee4308_proj2/install/ee4308_drone/share/ament_index/resource_index/package_run_dependencies/ee4308_drone
[0.460s] -- Up-to-date symlink: /home/kaeboon/KBoon/ee4308_proj2/install/ee4308_drone/share/ament_index/resource_index/parent_prefix_path/ee4308_drone
[0.460s] -- Up-to-date symlink: /home/kaeboon/KBoon/ee4308_proj2/install/ee4308_drone/share/ee4308_drone/environment/ament_prefix_path.sh
[0.460s] -- Up-to-date symlink: /home/kaeboon/KBoon/ee4308_proj2/install/ee4308_drone/share/ee4308_drone/environment/ament_prefix_path.dsv
[0.461s] -- Up-to-date symlink: /home/kaeboon/KBoon/ee4308_proj2/install/ee4308_drone/share/ee4308_drone/environment/path.sh
[0.461s] -- Up-to-date symlink: /home/kaeboon/KBoon/ee4308_proj2/install/ee4308_drone/share/ee4308_drone/environment/path.dsv
[0.462s] -- Up-to-date symlink: /home/kaeboon/KBoon/ee4308_proj2/install/ee4308_drone/share/ee4308_drone/local_setup.bash
[0.462s] -- Up-to-date symlink: /home/kaeboon/KBoon/ee4308_proj2/install/ee4308_drone/share/ee4308_drone/local_setup.sh
[0.463s] -- Up-to-date symlink: /home/kaeboon/KBoon/ee4308_proj2/install/ee4308_drone/share/ee4308_drone/local_setup.zsh
[0.463s] -- Up-to-date symlink: /home/kaeboon/KBoon/ee4308_proj2/install/ee4308_drone/share/ee4308_drone/local_setup.dsv
[0.463s] -- Symlinking: /home/kaeboon/KBoon/ee4308_proj2/install/ee4308_drone/share/ee4308_drone/package.dsv
[0.479s] -- Up-to-date symlink: /home/kaeboon/KBoon/ee4308_proj2/install/ee4308_drone/share/ament_index/resource_index/packages/ee4308_drone
[0.479s] -- Up-to-date symlink: /home/kaeboon/KBoon/ee4308_proj2/install/ee4308_drone/share/ee4308_drone/cmake/ament_cmake_export_include_directories-extras.cmake
[0.480s] -- Up-to-date symlink: /home/kaeboon/KBoon/ee4308_proj2/install/ee4308_drone/share/ee4308_drone/cmake/ament_cmake_export_dependencies-extras.cmake
[0.481s] -- Up-to-date symlink: /home/kaeboon/KBoon/ee4308_proj2/install/ee4308_drone/share/ee4308_drone/cmake/ee4308_droneConfig.cmake
[0.481s] -- Up-to-date symlink: /home/kaeboon/KBoon/ee4308_proj2/install/ee4308_drone/share/ee4308_drone/cmake/ee4308_droneConfig-version.cmake
[0.482s] -- Up-to-date symlink: /home/kaeboon/KBoon/ee4308_proj2/install/ee4308_drone/share/ee4308_drone/package.xml
[0.486s] Invoked command in '/home/kaeboon/KBoon/ee4308_proj2/build/ee4308_drone' returned '0': CMAKE_PREFIX_PATH=/home/kaeboon/KBoon/ee4308_proj2/install/ee4308_lib:/home/kaeboon/KBoon/ee4308_proj2/install/ee4308_interfaces:/home/kaeboon/sjtu_drone/install/sjtu_drone_description:/home/kaeboon/KBoon/ee4308_proj2/install/ee4308_turtle:/home/kaeboon/KBoon/ee4308_proj2/install/ee4308_drone:/home/kaeboon/KBoon/ee4308_proj2/install/ee4308_gazebo_plugins:/home/kaeboon/KBoon/ee4308_proj2/install/ee4308_bringup:/home/kaeboon/sjtu_drone/install/sjtu_drone_control:/home/kaeboon/sjtu_drone/install/sjtu_drone_bringup:/opt/ros/humble LD_LIBRARY_PATH=/home/kaeboon/KBoon/ee4308_proj2/install/ee4308_interfaces/lib:/home/kaeboon/sjtu_drone/install/sjtu_drone_description/lib:/home/kaeboon/KBoon/ee4308_proj2/install/ee4308_gazebo_plugins/lib:/usr/lib/x86_64-linux-gnu/gazebo-11/plugins:/opt/ros/humble/opt/rviz_ogre_vendor/lib:/opt/ros/humble/lib/x86_64-linux-gnu:/opt/ros/humble/lib:/usr/lib/x86_64-linux-gnu/gazebo-11/plugins:/usr/lib/x86_64-linux-gnu/gazebo-11/plugins:/usr/lib/x86_64-linux-gnu/gazebo-11/plugins /usr/bin/cmake --install /home/kaeboon/KBoon/ee4308_proj2/build/ee4308_drone
