[0.315s] Invoking command in '/home/kaeboon/KBoon/ee4308_proj2/build/ee4308_drone': CMAKE_PREFIX_PATH=/home/kaeboon/KBoon/ee4308_proj2/install/ee4308_lib:/home/kaeboon/KBoon/ee4308_proj2/install/ee4308_interfaces:/home/kaeboon/sjtu_drone/install/sjtu_drone_description:/home/kaeboon/KBoon/ee4308_proj2/install/ee4308_turtle:/home/kaeboon/KBoon/ee4308_proj2/install/ee4308_drone:/home/kaeboon/KBoon/ee4308_proj2/install/ee4308_gazebo_plugins:/home/kaeboon/KBoon/ee4308_proj2/install/ee4308_bringup:/home/kaeboon/sjtu_drone/install/sjtu_drone_control:/home/kaeboon/sjtu_drone/install/sjtu_drone_bringup:/opt/ros/humble LD_LIBRARY_PATH=/home/kaeboon/KBoon/ee4308_proj2/install/ee4308_interfaces/lib:/home/kaeboon/sjtu_drone/install/sjtu_drone_description/lib:/home/kaeboon/KBoon/ee4308_proj2/install/ee4308_gazebo_plugins/lib:/usr/lib/x86_64-linux-gnu/gazebo-11/plugins:/opt/ros/humble/opt/rviz_ogre_vendor/lib:/opt/ros/humble/lib/x86_64-linux-gnu:/opt/ros/humble/lib:/usr/lib/x86_64-linux-gnu/gazebo-11/plugins:/usr/lib/x86_64-linux-gnu/gazebo-11/plugins:/usr/lib/x86_64-linux-gnu/gazebo-11/plugins:/usr/lib/x86_64-linux-gnu/gazebo-11/plugins:/usr/lib/x86_64-linux-gnu/gazebo-11/plugins:/usr/lib/x86_64-linux-gnu/gazebo-11/plugins:/usr/lib/x86_64-linux-gnu/gazebo-11/plugins:/usr/lib/x86_64-linux-gnu/gazebo-11/plugins:/usr/lib/x86_64-linux-gnu/gazebo-11/plugins:/usr/lib/x86_64-linux-gnu/gazebo-11/plugins:/usr/lib/x86_64-linux-gnu/gazebo-11/plugins:/usr/lib/x86_64-linux-gnu/gazebo-11/plugins:/usr/lib/x86_64-linux-gnu/gazebo-11/plugins:/usr/lib/x86_64-linux-gnu/gazebo-11/plugins:/usr/lib/x86_64-linux-gnu/gazebo-11/plugins /usr/bin/cmake --build /home/kaeboon/KBoon/ee4308_proj2/build/ee4308_drone -- -j4 -l4
[0.440s] [ 20%] Built target teleop
[0.495s] [ 40%] Built target estimator
[0.563s] [ 60%] Built target smoother
[0.603s] [35m[1mConsolidate compiler generated dependencies of target controller[0m
[0.660s] [ 70%] [32mBuilding CXX object CMakeFiles/controller.dir/src/controller.cpp.o[0m
[5.801s] In file included from [01m[K/home/kaeboon/KBoon/ee4308_proj2/src/ee4308_drone/src/controller.cpp:4[m[K:
[5.801s] [01m[K/home/kaeboon/KBoon/ee4308_proj2/src/ee4308_drone/include/ee4308_drone/controller.hpp:[m[K In member function ‘[01m[Kvoid ee4308::drone::ROSNodeController::getLookahead(const Pose&)[m[K’:
[5.801s] [01m[K/home/kaeboon/KBoon/ee4308_proj2/src/ee4308_drone/include/ee4308_drone/controller.hpp:309:59:[m[K [01;35m[Kwarning: [m[Kunused parameter ‘[01m[Kdrone_pose[m[K’ [[01;35m[K]8;;https://gcc.gnu.org/onlinedocs/gcc/Warning-Options.html#index-Wunused-parameter-Wunused-parameter]8;;[m[K]
[5.801s]   309 |         void getLookahead([01;35m[Kconst geometry_msgs::msg::Pose &drone_pose[m[K)
[5.801s]       |                           [01;35m[K~~~~~~~~~~~~~~~~~~~~~~~~~~~~~~~~^~~~~~~~~~[m[K
[5.802s] In file included from [01m[K/home/kaeboon/KBoon/ee4308_proj2/src/ee4308_drone/src/controller.cpp:4[m[K:
[5.802s] [01m[K/home/kaeboon/KBoon/ee4308_proj2/src/ee4308_drone/include/ee4308_drone/controller.hpp:[m[K In member function ‘[01m[Kvoid ee4308::drone::ROSNodeController::move(geometry_msgs::msg::Pose)[m[K’:
[5.802s] [01m[K/home/kaeboon/KBoon/ee4308_proj2/src/ee4308_drone/include/ee4308_drone/controller.hpp:327:20:[m[K [01;35m[Kwarning: [m[Kunused variable ‘[01m[Kdrone_yaw[m[K’ [[01;35m[K]8;;https://gcc.gnu.org/onlinedocs/gcc/Warning-Options.html#index-Wunused-variable-Wunused-variable]8;;[m[K]
[5.802s]   327 |             double [01;35m[Kdrone_yaw[m[K = quaternionToYaw(drone_pose.orientation);
[5.802s]       |                    [01;35m[K^~~~~~~~~[m[K
[19.636s] [ 80%] [32m[1mLinking CXX executable controller[0m
[20.593s] [ 80%] Built target controller
[20.621s] [100%] Built target behavior
[20.632s] Invoked command in '/home/kaeboon/KBoon/ee4308_proj2/build/ee4308_drone' returned '0': CMAKE_PREFIX_PATH=/home/kaeboon/KBoon/ee4308_proj2/install/ee4308_lib:/home/kaeboon/KBoon/ee4308_proj2/install/ee4308_interfaces:/home/kaeboon/sjtu_drone/install/sjtu_drone_description:/home/kaeboon/KBoon/ee4308_proj2/install/ee4308_turtle:/home/kaeboon/KBoon/ee4308_proj2/install/ee4308_drone:/home/kaeboon/KBoon/ee4308_proj2/install/ee4308_gazebo_plugins:/home/kaeboon/KBoon/ee4308_proj2/install/ee4308_bringup:/home/kaeboon/sjtu_drone/install/sjtu_drone_control:/home/kaeboon/sjtu_drone/install/sjtu_drone_bringup:/opt/ros/humble LD_LIBRARY_PATH=/home/kaeboon/KBoon/ee4308_proj2/install/ee4308_interfaces/lib:/home/kaeboon/sjtu_drone/install/sjtu_drone_description/lib:/home/kaeboon/KBoon/ee4308_proj2/install/ee4308_gazebo_plugins/lib:/usr/lib/x86_64-linux-gnu/gazebo-11/plugins:/opt/ros/humble/opt/rviz_ogre_vendor/lib:/opt/ros/humble/lib/x86_64-linux-gnu:/opt/ros/humble/lib:/usr/lib/x86_64-linux-gnu/gazebo-11/plugins:/usr/lib/x86_64-linux-gnu/gazebo-11/plugins:/usr/lib/x86_64-linux-gnu/gazebo-11/plugins:/usr/lib/x86_64-linux-gnu/gazebo-11/plugins:/usr/lib/x86_64-linux-gnu/gazebo-11/plugins:/usr/lib/x86_64-linux-gnu/gazebo-11/plugins:/usr/lib/x86_64-linux-gnu/gazebo-11/plugins:/usr/lib/x86_64-linux-gnu/gazebo-11/plugins:/usr/lib/x86_64-linux-gnu/gazebo-11/plugins:/usr/lib/x86_64-linux-gnu/gazebo-11/plugins:/usr/lib/x86_64-linux-gnu/gazebo-11/plugins:/usr/lib/x86_64-linux-gnu/gazebo-11/plugins:/usr/lib/x86_64-linux-gnu/gazebo-11/plugins:/usr/lib/x86_64-linux-gnu/gazebo-11/plugins:/usr/lib/x86_64-linux-gnu/gazebo-11/plugins /usr/bin/cmake --build /home/kaeboon/KBoon/ee4308_proj2/build/ee4308_drone -- -j4 -l4
[20.683s] Invoking command in '/home/kaeboon/KBoon/ee4308_proj2/build/ee4308_drone': CMAKE_PREFIX_PATH=/home/kaeboon/KBoon/ee4308_proj2/install/ee4308_lib:/home/kaeboon/KBoon/ee4308_proj2/install/ee4308_interfaces:/home/kaeboon/sjtu_drone/install/sjtu_drone_description:/home/kaeboon/KBoon/ee4308_proj2/install/ee4308_turtle:/home/kaeboon/KBoon/ee4308_proj2/install/ee4308_drone:/home/kaeboon/KBoon/ee4308_proj2/install/ee4308_gazebo_plugins:/home/kaeboon/KBoon/ee4308_proj2/install/ee4308_bringup:/home/kaeboon/sjtu_drone/install/sjtu_drone_control:/home/kaeboon/sjtu_drone/install/sjtu_drone_bringup:/opt/ros/humble LD_LIBRARY_PATH=/home/kaeboon/KBoon/ee4308_proj2/install/ee4308_interfaces/lib:/home/kaeboon/sjtu_drone/install/sjtu_drone_description/lib:/home/kaeboon/KBoon/ee4308_proj2/install/ee4308_gazebo_plugins/lib:/usr/lib/x86_64-linux-gnu/gazebo-11/plugins:/opt/ros/humble/opt/rviz_ogre_vendor/lib:/opt/ros/humble/lib/x86_64-linux-gnu:/opt/ros/humble/lib:/usr/lib/x86_64-linux-gnu/gazebo-11/plugins:/usr/lib/x86_64-linux-gnu/gazebo-11/plugins:/usr/lib/x86_64-linux-gnu/gazebo-11/plugins:/usr/lib/x86_64-linux-gnu/gazebo-11/plugins:/usr/lib/x86_64-linux-gnu/gazebo-11/plugins:/usr/lib/x86_64-linux-gnu/gazebo-11/plugins:/usr/lib/x86_64-linux-gnu/gazebo-11/plugins:/usr/lib/x86_64-linux-gnu/gazebo-11/plugins:/usr/lib/x86_64-linux-gnu/gazebo-11/plugins:/usr/lib/x86_64-linux-gnu/gazebo-11/plugins:/usr/lib/x86_64-linux-gnu/gazebo-11/plugins:/usr/lib/x86_64-linux-gnu/gazebo-11/plugins:/usr/lib/x86_64-linux-gnu/gazebo-11/plugins:/usr/lib/x86_64-linux-gnu/gazebo-11/plugins:/usr/lib/x86_64-linux-gnu/gazebo-11/plugins /usr/bin/cmake --install /home/kaeboon/KBoon/ee4308_proj2/build/ee4308_drone
[20.697s] -- Install configuration: ""
[20.698s] -- Execute custom install script
[20.699s] -- Up-to-date symlink: /home/kaeboon/KBoon/ee4308_proj2/install/ee4308_drone/lib/ee4308_drone/teleop
[20.700s] -- Up-to-date symlink: /home/kaeboon/KBoon/ee4308_proj2/install/ee4308_drone/lib/ee4308_drone/behavior
[20.700s] -- Up-to-date symlink: /home/kaeboon/KBoon/ee4308_proj2/install/ee4308_drone/lib/ee4308_drone/controller
[20.701s] -- Up-to-date symlink: /home/kaeboon/KBoon/ee4308_proj2/install/ee4308_drone/lib/ee4308_drone/estimator
[20.702s] -- Up-to-date symlink: /home/kaeboon/KBoon/ee4308_proj2/install/ee4308_drone/lib/ee4308_drone/smoother
[20.702s] -- Up-to-date symlink: /home/kaeboon/KBoon/ee4308_proj2/install/ee4308_drone/share/ament_index/resource_index/package_run_dependencies/ee4308_drone
[20.703s] -- Up-to-date symlink: /home/kaeboon/KBoon/ee4308_proj2/install/ee4308_drone/share/ament_index/resource_index/parent_prefix_path/ee4308_drone
[20.704s] -- Up-to-date symlink: /home/kaeboon/KBoon/ee4308_proj2/install/ee4308_drone/share/ee4308_drone/environment/ament_prefix_path.sh
[20.705s] -- Up-to-date symlink: /home/kaeboon/KBoon/ee4308_proj2/install/ee4308_drone/share/ee4308_drone/environment/ament_prefix_path.dsv
[20.705s] -- Up-to-date symlink: /home/kaeboon/KBoon/ee4308_proj2/install/ee4308_drone/share/ee4308_drone/environment/path.sh
[20.706s] -- Up-to-date symlink: /home/kaeboon/KBoon/ee4308_proj2/install/ee4308_drone/share/ee4308_drone/environment/path.dsv
[20.707s] -- Up-to-date symlink: /home/kaeboon/KBoon/ee4308_proj2/install/ee4308_drone/share/ee4308_drone/local_setup.bash
[20.707s] -- Up-to-date symlink: /home/kaeboon/KBoon/ee4308_proj2/install/ee4308_drone/share/ee4308_drone/local_setup.sh
[20.708s] -- Up-to-date symlink: /home/kaeboon/KBoon/ee4308_proj2/install/ee4308_drone/share/ee4308_drone/local_setup.zsh
[20.709s] -- Up-to-date symlink: /home/kaeboon/KBoon/ee4308_proj2/install/ee4308_drone/share/ee4308_drone/local_setup.dsv
[20.709s] -- Symlinking: /home/kaeboon/KBoon/ee4308_proj2/install/ee4308_drone/share/ee4308_drone/package.dsv
[20.718s] -- Up-to-date symlink: /home/kaeboon/KBoon/ee4308_proj2/install/ee4308_drone/share/ament_index/resource_index/packages/ee4308_drone
[20.718s] -- Up-to-date symlink: /home/kaeboon/KBoon/ee4308_proj2/install/ee4308_drone/share/ee4308_drone/cmake/ament_cmake_export_include_directories-extras.cmake
[20.719s] -- Up-to-date symlink: /home/kaeboon/KBoon/ee4308_proj2/install/ee4308_drone/share/ee4308_drone/cmake/ament_cmake_export_dependencies-extras.cmake
[20.719s] -- Up-to-date symlink: /home/kaeboon/KBoon/ee4308_proj2/install/ee4308_drone/share/ee4308_drone/cmake/ee4308_droneConfig.cmake
[20.719s] -- Up-to-date symlink: /home/kaeboon/KBoon/ee4308_proj2/install/ee4308_drone/share/ee4308_drone/cmake/ee4308_droneConfig-version.cmake
[20.719s] -- Up-to-date symlink: /home/kaeboon/KBoon/ee4308_proj2/install/ee4308_drone/share/ee4308_drone/package.xml
[20.721s] Invoked command in '/home/kaeboon/KBoon/ee4308_proj2/build/ee4308_drone' returned '0': CMAKE_PREFIX_PATH=/home/kaeboon/KBoon/ee4308_proj2/install/ee4308_lib:/home/kaeboon/KBoon/ee4308_proj2/install/ee4308_interfaces:/home/kaeboon/sjtu_drone/install/sjtu_drone_description:/home/kaeboon/KBoon/ee4308_proj2/install/ee4308_turtle:/home/kaeboon/KBoon/ee4308_proj2/install/ee4308_drone:/home/kaeboon/KBoon/ee4308_proj2/install/ee4308_gazebo_plugins:/home/kaeboon/KBoon/ee4308_proj2/install/ee4308_bringup:/home/kaeboon/sjtu_drone/install/sjtu_drone_control:/home/kaeboon/sjtu_drone/install/sjtu_drone_bringup:/opt/ros/humble LD_LIBRARY_PATH=/home/kaeboon/KBoon/ee4308_proj2/install/ee4308_interfaces/lib:/home/kaeboon/sjtu_drone/install/sjtu_drone_description/lib:/home/kaeboon/KBoon/ee4308_proj2/install/ee4308_gazebo_plugins/lib:/usr/lib/x86_64-linux-gnu/gazebo-11/plugins:/opt/ros/humble/opt/rviz_ogre_vendor/lib:/opt/ros/humble/lib/x86_64-linux-gnu:/opt/ros/humble/lib:/usr/lib/x86_64-linux-gnu/gazebo-11/plugins:/usr/lib/x86_64-linux-gnu/gazebo-11/plugins:/usr/lib/x86_64-linux-gnu/gazebo-11/plugins:/usr/lib/x86_64-linux-gnu/gazebo-11/plugins:/usr/lib/x86_64-linux-gnu/gazebo-11/plugins:/usr/lib/x86_64-linux-gnu/gazebo-11/plugins:/usr/lib/x86_64-linux-gnu/gazebo-11/plugins:/usr/lib/x86_64-linux-gnu/gazebo-11/plugins:/usr/lib/x86_64-linux-gnu/gazebo-11/plugins:/usr/lib/x86_64-linux-gnu/gazebo-11/plugins:/usr/lib/x86_64-linux-gnu/gazebo-11/plugins:/usr/lib/x86_64-linux-gnu/gazebo-11/plugins:/usr/lib/x86_64-linux-gnu/gazebo-11/plugins:/usr/lib/x86_64-linux-gnu/gazebo-11/plugins:/usr/lib/x86_64-linux-gnu/gazebo-11/plugins /usr/bin/cmake --install /home/kaeboon/KBoon/ee4308_proj2/build/ee4308_drone
