[1.434s] DEBUG:colcon:Command line arguments: ['/usr/bin/colcon', 'build', '--symlink-install']
[1.434s] DEBUG:colcon:Parsed command line arguments: Namespace(log_base=None, log_level=None, verb_name='build', build_base='build', install_base='install', merge_install=False, symlink_install=True, test_result_base=None, continue_on_error=False, executor='parallel', parallel_workers=4, event_handlers=None, ignore_user_meta=False, metas=['./colcon.meta'], base_paths=['.'], packages_ignore=None, packages_ignore_regex=None, paths=None, packages_up_to=None, packages_up_to_regex=None, packages_above=None, packages_above_and_dependencies=None, packages_above_depth=None, packages_select_by_dep=None, packages_skip_by_dep=None, packages_skip_up_to=None, packages_select_build_failed=False, packages_skip_build_finished=False, packages_select_test_failures=False, packages_skip_test_passed=False, packages_select=None, packages_skip=None, packages_select_regex=None, packages_skip_regex=None, packages_start=None, packages_end=None, allow_overriding=[], cmake_args=None, cmake_target=None, cmake_target_skip_unavailable=False, cmake_clean_cache=False, cmake_clean_first=False, cmake_force_configure=False, ament_cmake_args=None, catkin_cmake_args=None, catkin_skip_building_tests=False, verb_parser=<colcon_defaults.argument_parser.defaults.DefaultArgumentsDecorator object at 0x750fc437e080>, verb_extension=<colcon_core.verb.build.BuildVerb object at 0x750fc437d540>, main=<bound method BuildVerb.main of <colcon_core.verb.build.BuildVerb object at 0x750fc437d540>>)
[1.484s] Level 1:colcon.colcon_core.package_discovery:discover_packages(colcon_meta) check parameters
[1.484s] Level 1:colcon.colcon_core.package_discovery:discover_packages(recursive) check parameters
[1.484s] Level 1:colcon.colcon_core.package_discovery:discover_packages(ignore) check parameters
[1.484s] Level 1:colcon.colcon_core.package_discovery:discover_packages(path) check parameters
[1.484s] Level 1:colcon.colcon_core.package_discovery:discover_packages(colcon_meta) discover
[1.484s] Level 1:colcon.colcon_core.package_discovery:discover_packages(recursive) discover
[1.484s] INFO:colcon.colcon_core.package_discovery:Crawling recursively for packages in '/home/kaeboon/KBoon/ee4308_proj2'
[1.485s] Level 1:colcon.colcon_core.package_identification:_identify(.) by extensions ['ignore', 'ignore_ament_install']
[1.485s] Level 1:colcon.colcon_core.package_identification:_identify(.) by extension 'ignore'
[1.485s] Level 1:colcon.colcon_core.package_identification:_identify(.) by extension 'ignore_ament_install'
[1.485s] Level 1:colcon.colcon_core.package_identification:_identify(.) by extensions ['colcon_pkg']
[1.485s] Level 1:colcon.colcon_core.package_identification:_identify(.) by extension 'colcon_pkg'
[1.485s] Level 1:colcon.colcon_core.package_identification:_identify(.) by extensions ['colcon_meta']
[1.485s] Level 1:colcon.colcon_core.package_identification:_identify(.) by extension 'colcon_meta'
[1.485s] Level 1:colcon.colcon_core.package_identification:_identify(.) by extensions ['ros']
[1.485s] Level 1:colcon.colcon_core.package_identification:_identify(.) by extension 'ros'
[1.495s] Level 1:colcon.colcon_core.package_identification:_identify(.) by extensions ['cmake', 'python']
[1.495s] Level 1:colcon.colcon_core.package_identification:_identify(.) by extension 'cmake'
[1.495s] Level 1:colcon.colcon_core.package_identification:_identify(.) by extension 'python'
[1.495s] Level 1:colcon.colcon_core.package_identification:_identify(.) by extensions ['python_setup_py']
[1.496s] Level 1:colcon.colcon_core.package_identification:_identify(.) by extension 'python_setup_py'
[1.496s] Level 1:colcon.colcon_core.package_identification:_identify(build) by extensions ['ignore', 'ignore_ament_install']
[1.496s] Level 1:colcon.colcon_core.package_identification:_identify(build) by extension 'ignore'
[1.496s] Level 1:colcon.colcon_core.package_identification:_identify(build) ignored
[1.496s] Level 1:colcon.colcon_core.package_identification:_identify(install) by extensions ['ignore', 'ignore_ament_install']
[1.496s] Level 1:colcon.colcon_core.package_identification:_identify(install) by extension 'ignore'
[1.496s] Level 1:colcon.colcon_core.package_identification:_identify(install) ignored
[1.496s] Level 1:colcon.colcon_core.package_identification:_identify(log) by extensions ['ignore', 'ignore_ament_install']
[1.496s] Level 1:colcon.colcon_core.package_identification:_identify(log) by extension 'ignore'
[1.496s] Level 1:colcon.colcon_core.package_identification:_identify(log) ignored
[1.496s] Level 1:colcon.colcon_core.package_identification:_identify(src) by extensions ['ignore', 'ignore_ament_install']
[1.497s] Level 1:colcon.colcon_core.package_identification:_identify(src) by extension 'ignore'
[1.497s] Level 1:colcon.colcon_core.package_identification:_identify(src) by extension 'ignore_ament_install'
[1.497s] Level 1:colcon.colcon_core.package_identification:_identify(src) by extensions ['colcon_pkg']
[1.497s] Level 1:colcon.colcon_core.package_identification:_identify(src) by extension 'colcon_pkg'
[1.497s] Level 1:colcon.colcon_core.package_identification:_identify(src) by extensions ['colcon_meta']
[1.497s] Level 1:colcon.colcon_core.package_identification:_identify(src) by extension 'colcon_meta'
[1.497s] Level 1:colcon.colcon_core.package_identification:_identify(src) by extensions ['ros']
[1.497s] Level 1:colcon.colcon_core.package_identification:_identify(src) by extension 'ros'
[1.497s] Level 1:colcon.colcon_core.package_identification:_identify(src) by extensions ['cmake', 'python']
[1.497s] Level 1:colcon.colcon_core.package_identification:_identify(src) by extension 'cmake'
[1.497s] Level 1:colcon.colcon_core.package_identification:_identify(src) by extension 'python'
[1.497s] Level 1:colcon.colcon_core.package_identification:_identify(src) by extensions ['python_setup_py']
[1.497s] Level 1:colcon.colcon_core.package_identification:_identify(src) by extension 'python_setup_py'
[1.497s] Level 1:colcon.colcon_core.package_identification:_identify(src/ee4308_bringup) by extensions ['ignore', 'ignore_ament_install']
[1.498s] Level 1:colcon.colcon_core.package_identification:_identify(src/ee4308_bringup) by extension 'ignore'
[1.498s] Level 1:colcon.colcon_core.package_identification:_identify(src/ee4308_bringup) by extension 'ignore_ament_install'
[1.498s] Level 1:colcon.colcon_core.package_identification:_identify(src/ee4308_bringup) by extensions ['colcon_pkg']
[1.498s] Level 1:colcon.colcon_core.package_identification:_identify(src/ee4308_bringup) by extension 'colcon_pkg'
[1.498s] Level 1:colcon.colcon_core.package_identification:_identify(src/ee4308_bringup) by extensions ['colcon_meta']
[1.498s] Level 1:colcon.colcon_core.package_identification:_identify(src/ee4308_bringup) by extension 'colcon_meta'
[1.498s] Level 1:colcon.colcon_core.package_identification:_identify(src/ee4308_bringup) by extensions ['ros']
[1.498s] Level 1:colcon.colcon_core.package_identification:_identify(src/ee4308_bringup) by extension 'ros'
[1.500s] DEBUG:colcon.colcon_core.package_identification:Package 'src/ee4308_bringup' with type 'ros.ament_cmake' and name 'ee4308_bringup'
[1.500s] Level 1:colcon.colcon_core.package_identification:_identify(src/ee4308_drone) by extensions ['ignore', 'ignore_ament_install']
[1.501s] Level 1:colcon.colcon_core.package_identification:_identify(src/ee4308_drone) by extension 'ignore'
[1.501s] Level 1:colcon.colcon_core.package_identification:_identify(src/ee4308_drone) by extension 'ignore_ament_install'
[1.501s] Level 1:colcon.colcon_core.package_identification:_identify(src/ee4308_drone) by extensions ['colcon_pkg']
[1.501s] Level 1:colcon.colcon_core.package_identification:_identify(src/ee4308_drone) by extension 'colcon_pkg'
[1.501s] Level 1:colcon.colcon_core.package_identification:_identify(src/ee4308_drone) by extensions ['colcon_meta']
[1.501s] Level 1:colcon.colcon_core.package_identification:_identify(src/ee4308_drone) by extension 'colcon_meta'
[1.501s] Level 1:colcon.colcon_core.package_identification:_identify(src/ee4308_drone) by extensions ['ros']
[1.501s] Level 1:colcon.colcon_core.package_identification:_identify(src/ee4308_drone) by extension 'ros'
[1.504s] DEBUG:colcon.colcon_core.package_identification:Package 'src/ee4308_drone' with type 'ros.ament_cmake' and name 'ee4308_drone'
[1.504s] Level 1:colcon.colcon_core.package_identification:_identify(src/ee4308_gazebo_plugins) by extensions ['ignore', 'ignore_ament_install']
[1.504s] Level 1:colcon.colcon_core.package_identification:_identify(src/ee4308_gazebo_plugins) by extension 'ignore'
[1.504s] Level 1:colcon.colcon_core.package_identification:_identify(src/ee4308_gazebo_plugins) by extension 'ignore_ament_install'
[1.504s] Level 1:colcon.colcon_core.package_identification:_identify(src/ee4308_gazebo_plugins) by extensions ['colcon_pkg']
[1.504s] Level 1:colcon.colcon_core.package_identification:_identify(src/ee4308_gazebo_plugins) by extension 'colcon_pkg'
[1.504s] Level 1:colcon.colcon_core.package_identification:_identify(src/ee4308_gazebo_plugins) by extensions ['colcon_meta']
[1.504s] Level 1:colcon.colcon_core.package_identification:_identify(src/ee4308_gazebo_plugins) by extension 'colcon_meta'
[1.504s] Level 1:colcon.colcon_core.package_identification:_identify(src/ee4308_gazebo_plugins) by extensions ['ros']
[1.504s] Level 1:colcon.colcon_core.package_identification:_identify(src/ee4308_gazebo_plugins) by extension 'ros'
[1.506s] DEBUG:colcon.colcon_core.package_identification:Package 'src/ee4308_gazebo_plugins' with type 'ros.ament_cmake' and name 'ee4308_gazebo_plugins'
[1.506s] Level 1:colcon.colcon_core.package_identification:_identify(src/ee4308_interfaces) by extensions ['ignore', 'ignore_ament_install']
[1.507s] Level 1:colcon.colcon_core.package_identification:_identify(src/ee4308_interfaces) by extension 'ignore'
[1.507s] Level 1:colcon.colcon_core.package_identification:_identify(src/ee4308_interfaces) by extension 'ignore_ament_install'
[1.507s] Level 1:colcon.colcon_core.package_identification:_identify(src/ee4308_interfaces) by extensions ['colcon_pkg']
[1.507s] Level 1:colcon.colcon_core.package_identification:_identify(src/ee4308_interfaces) by extension 'colcon_pkg'
[1.507s] Level 1:colcon.colcon_core.package_identification:_identify(src/ee4308_interfaces) by extensions ['colcon_meta']
[1.507s] Level 1:colcon.colcon_core.package_identification:_identify(src/ee4308_interfaces) by extension 'colcon_meta'
[1.507s] Level 1:colcon.colcon_core.package_identification:_identify(src/ee4308_interfaces) by extensions ['ros']
[1.507s] Level 1:colcon.colcon_core.package_identification:_identify(src/ee4308_interfaces) by extension 'ros'
[1.509s] DEBUG:colcon.colcon_core.package_identification:Package 'src/ee4308_interfaces' with type 'ros.ament_cmake' and name 'ee4308_interfaces'
[1.509s] Level 1:colcon.colcon_core.package_identification:_identify(src/ee4308_lib) by extensions ['ignore', 'ignore_ament_install']
[1.509s] Level 1:colcon.colcon_core.package_identification:_identify(src/ee4308_lib) by extension 'ignore'
[1.509s] Level 1:colcon.colcon_core.package_identification:_identify(src/ee4308_lib) by extension 'ignore_ament_install'
[1.509s] Level 1:colcon.colcon_core.package_identification:_identify(src/ee4308_lib) by extensions ['colcon_pkg']
[1.509s] Level 1:colcon.colcon_core.package_identification:_identify(src/ee4308_lib) by extension 'colcon_pkg'
[1.509s] Level 1:colcon.colcon_core.package_identification:_identify(src/ee4308_lib) by extensions ['colcon_meta']
[1.509s] Level 1:colcon.colcon_core.package_identification:_identify(src/ee4308_lib) by extension 'colcon_meta'
[1.509s] Level 1:colcon.colcon_core.package_identification:_identify(src/ee4308_lib) by extensions ['ros']
[1.509s] Level 1:colcon.colcon_core.package_identification:_identify(src/ee4308_lib) by extension 'ros'
[1.511s] DEBUG:colcon.colcon_core.package_identification:Package 'src/ee4308_lib' with type 'ros.ament_cmake' and name 'ee4308_lib'
[1.511s] Level 1:colcon.colcon_core.package_identification:_identify(src/ee4308_turtle) by extensions ['ignore', 'ignore_ament_install']
[1.511s] Level 1:colcon.colcon_core.package_identification:_identify(src/ee4308_turtle) by extension 'ignore'
[1.511s] Level 1:colcon.colcon_core.package_identification:_identify(src/ee4308_turtle) by extension 'ignore_ament_install'
[1.511s] Level 1:colcon.colcon_core.package_identification:_identify(src/ee4308_turtle) by extensions ['colcon_pkg']
[1.511s] Level 1:colcon.colcon_core.package_identification:_identify(src/ee4308_turtle) by extension 'colcon_pkg'
[1.511s] Level 1:colcon.colcon_core.package_identification:_identify(src/ee4308_turtle) by extensions ['colcon_meta']
[1.511s] Level 1:colcon.colcon_core.package_identification:_identify(src/ee4308_turtle) by extension 'colcon_meta'
[1.511s] Level 1:colcon.colcon_core.package_identification:_identify(src/ee4308_turtle) by extensions ['ros']
[1.511s] Level 1:colcon.colcon_core.package_identification:_identify(src/ee4308_turtle) by extension 'ros'
[1.513s] DEBUG:colcon.colcon_core.package_identification:Package 'src/ee4308_turtle' with type 'ros.ament_cmake' and name 'ee4308_turtle'
[1.513s] Level 1:colcon.colcon_core.package_discovery:discover_packages(recursive) using defaults
[1.513s] Level 1:colcon.colcon_core.package_discovery:discover_packages(ignore) discover
[1.513s] Level 1:colcon.colcon_core.package_discovery:discover_packages(ignore) using defaults
[1.513s] Level 1:colcon.colcon_core.package_discovery:discover_packages(path) discover
[1.513s] Level 1:colcon.colcon_core.package_discovery:discover_packages(path) using defaults
[1.615s] Level 1:colcon.colcon_core.package_discovery:discover_packages(prefix_path) check parameters
[1.615s] Level 1:colcon.colcon_core.package_discovery:discover_packages(prefix_path) discover
[1.648s] DEBUG:colcon.colcon_installed_package_information.package_discovery:Found 3 installed packages in /home/kaeboon/sjtu_drone/install
[1.663s] DEBUG:colcon.colcon_installed_package_information.package_discovery:Found 6 installed packages in /home/kaeboon/KBoon/ee4308_proj2/install
[1.679s] DEBUG:colcon.colcon_installed_package_information.package_discovery:Found 425 installed packages in /opt/ros/humble
[1.699s] Level 1:colcon.colcon_core.package_discovery:discover_packages(prefix_path) using defaults
[1.835s] Level 5:colcon.colcon_core.verb:set package 'ee4308_bringup' build argument 'cmake_args' from command line to 'None'
[1.835s] Level 5:colcon.colcon_core.verb:set package 'ee4308_bringup' build argument 'cmake_target' from command line to 'None'
[1.835s] Level 5:colcon.colcon_core.verb:set package 'ee4308_bringup' build argument 'cmake_target_skip_unavailable' from command line to 'False'
[1.835s] Level 5:colcon.colcon_core.verb:set package 'ee4308_bringup' build argument 'cmake_clean_cache' from command line to 'False'
[1.835s] Level 5:colcon.colcon_core.verb:set package 'ee4308_bringup' build argument 'cmake_clean_first' from command line to 'False'
[1.835s] Level 5:colcon.colcon_core.verb:set package 'ee4308_bringup' build argument 'cmake_force_configure' from command line to 'False'
[1.835s] Level 5:colcon.colcon_core.verb:set package 'ee4308_bringup' build argument 'ament_cmake_args' from command line to 'None'
[1.835s] Level 5:colcon.colcon_core.verb:set package 'ee4308_bringup' build argument 'catkin_cmake_args' from command line to 'None'
[1.835s] Level 5:colcon.colcon_core.verb:set package 'ee4308_bringup' build argument 'catkin_skip_building_tests' from command line to 'False'
[1.835s] DEBUG:colcon.colcon_core.verb:Building package 'ee4308_bringup' with the following arguments: {'ament_cmake_args': None, 'build_base': '/home/kaeboon/KBoon/ee4308_proj2/build/ee4308_bringup', 'catkin_cmake_args': None, 'catkin_skip_building_tests': False, 'cmake_args': None, 'cmake_clean_cache': False, 'cmake_clean_first': False, 'cmake_force_configure': False, 'cmake_target': None, 'cmake_target_skip_unavailable': False, 'install_base': '/home/kaeboon/KBoon/ee4308_proj2/install/ee4308_bringup', 'merge_install': False, 'path': '/home/kaeboon/KBoon/ee4308_proj2/src/ee4308_bringup', 'symlink_install': True, 'test_result_base': None}
[1.857s] Level 5:colcon.colcon_core.verb:set package 'ee4308_gazebo_plugins' build argument 'cmake_args' from command line to 'None'
[1.857s] Level 5:colcon.colcon_core.verb:set package 'ee4308_gazebo_plugins' build argument 'cmake_target' from command line to 'None'
[1.857s] Level 5:colcon.colcon_core.verb:set package 'ee4308_gazebo_plugins' build argument 'cmake_target_skip_unavailable' from command line to 'False'
[1.857s] Level 5:colcon.colcon_core.verb:set package 'ee4308_gazebo_plugins' build argument 'cmake_clean_cache' from command line to 'False'
[1.857s] Level 5:colcon.colcon_core.verb:set package 'ee4308_gazebo_plugins' build argument 'cmake_clean_first' from command line to 'False'
[1.857s] Level 5:colcon.colcon_core.verb:set package 'ee4308_gazebo_plugins' build argument 'cmake_force_configure' from command line to 'False'
[1.857s] Level 5:colcon.colcon_core.verb:set package 'ee4308_gazebo_plugins' build argument 'ament_cmake_args' from command line to 'None'
[1.857s] Level 5:colcon.colcon_core.verb:set package 'ee4308_gazebo_plugins' build argument 'catkin_cmake_args' from command line to 'None'
[1.857s] Level 5:colcon.colcon_core.verb:set package 'ee4308_gazebo_plugins' build argument 'catkin_skip_building_tests' from command line to 'False'
[1.857s] DEBUG:colcon.colcon_core.verb:Building package 'ee4308_gazebo_plugins' with the following arguments: {'ament_cmake_args': None, 'build_base': '/home/kaeboon/KBoon/ee4308_proj2/build/ee4308_gazebo_plugins', 'catkin_cmake_args': None, 'catkin_skip_building_tests': False, 'cmake_args': None, 'cmake_clean_cache': False, 'cmake_clean_first': False, 'cmake_force_configure': False, 'cmake_target': None, 'cmake_target_skip_unavailable': False, 'install_base': '/home/kaeboon/KBoon/ee4308_proj2/install/ee4308_gazebo_plugins', 'merge_install': False, 'path': '/home/kaeboon/KBoon/ee4308_proj2/src/ee4308_gazebo_plugins', 'symlink_install': True, 'test_result_base': None}
[1.877s] Level 5:colcon.colcon_core.verb:set package 'ee4308_interfaces' build argument 'cmake_args' from command line to 'None'
[1.878s] Level 5:colcon.colcon_core.verb:set package 'ee4308_interfaces' build argument 'cmake_target' from command line to 'None'
[1.878s] Level 5:colcon.colcon_core.verb:set package 'ee4308_interfaces' build argument 'cmake_target_skip_unavailable' from command line to 'False'
[1.878s] Level 5:colcon.colcon_core.verb:set package 'ee4308_interfaces' build argument 'cmake_clean_cache' from command line to 'False'
[1.878s] Level 5:colcon.colcon_core.verb:set package 'ee4308_interfaces' build argument 'cmake_clean_first' from command line to 'False'
[1.878s] Level 5:colcon.colcon_core.verb:set package 'ee4308_interfaces' build argument 'cmake_force_configure' from command line to 'False'
[1.878s] Level 5:colcon.colcon_core.verb:set package 'ee4308_interfaces' build argument 'ament_cmake_args' from command line to 'None'
[1.878s] Level 5:colcon.colcon_core.verb:set package 'ee4308_interfaces' build argument 'catkin_cmake_args' from command line to 'None'
[1.878s] Level 5:colcon.colcon_core.verb:set package 'ee4308_interfaces' build argument 'catkin_skip_building_tests' from command line to 'False'
[1.878s] DEBUG:colcon.colcon_core.verb:Building package 'ee4308_interfaces' with the following arguments: {'ament_cmake_args': None, 'build_base': '/home/kaeboon/KBoon/ee4308_proj2/build/ee4308_interfaces', 'catkin_cmake_args': None, 'catkin_skip_building_tests': False, 'cmake_args': None, 'cmake_clean_cache': False, 'cmake_clean_first': False, 'cmake_force_configure': False, 'cmake_target': None, 'cmake_target_skip_unavailable': False, 'install_base': '/home/kaeboon/KBoon/ee4308_proj2/install/ee4308_interfaces', 'merge_install': False, 'path': '/home/kaeboon/KBoon/ee4308_proj2/src/ee4308_interfaces', 'symlink_install': True, 'test_result_base': None}
[1.899s] Level 5:colcon.colcon_core.verb:set package 'ee4308_lib' build argument 'cmake_args' from command line to 'None'
[1.899s] Level 5:colcon.colcon_core.verb:set package 'ee4308_lib' build argument 'cmake_target' from command line to 'None'
[1.899s] Level 5:colcon.colcon_core.verb:set package 'ee4308_lib' build argument 'cmake_target_skip_unavailable' from command line to 'False'
[1.899s] Level 5:colcon.colcon_core.verb:set package 'ee4308_lib' build argument 'cmake_clean_cache' from command line to 'False'
[1.899s] Level 5:colcon.colcon_core.verb:set package 'ee4308_lib' build argument 'cmake_clean_first' from command line to 'False'
[1.899s] Level 5:colcon.colcon_core.verb:set package 'ee4308_lib' build argument 'cmake_force_configure' from command line to 'False'
[1.899s] Level 5:colcon.colcon_core.verb:set package 'ee4308_lib' build argument 'ament_cmake_args' from command line to 'None'
[1.899s] Level 5:colcon.colcon_core.verb:set package 'ee4308_lib' build argument 'catkin_cmake_args' from command line to 'None'
[1.899s] Level 5:colcon.colcon_core.verb:set package 'ee4308_lib' build argument 'catkin_skip_building_tests' from command line to 'False'
[1.899s] DEBUG:colcon.colcon_core.verb:Building package 'ee4308_lib' with the following arguments: {'ament_cmake_args': None, 'build_base': '/home/kaeboon/KBoon/ee4308_proj2/build/ee4308_lib', 'catkin_cmake_args': None, 'catkin_skip_building_tests': False, 'cmake_args': None, 'cmake_clean_cache': False, 'cmake_clean_first': False, 'cmake_force_configure': False, 'cmake_target': None, 'cmake_target_skip_unavailable': False, 'install_base': '/home/kaeboon/KBoon/ee4308_proj2/install/ee4308_lib', 'merge_install': False, 'path': '/home/kaeboon/KBoon/ee4308_proj2/src/ee4308_lib', 'symlink_install': True, 'test_result_base': None}
[1.918s] Level 5:colcon.colcon_core.verb:set package 'ee4308_drone' build argument 'cmake_args' from command line to 'None'
[1.918s] Level 5:colcon.colcon_core.verb:set package 'ee4308_drone' build argument 'cmake_target' from command line to 'None'
[1.918s] Level 5:colcon.colcon_core.verb:set package 'ee4308_drone' build argument 'cmake_target_skip_unavailable' from command line to 'False'
[1.918s] Level 5:colcon.colcon_core.verb:set package 'ee4308_drone' build argument 'cmake_clean_cache' from command line to 'False'
[1.918s] Level 5:colcon.colcon_core.verb:set package 'ee4308_drone' build argument 'cmake_clean_first' from command line to 'False'
[1.918s] Level 5:colcon.colcon_core.verb:set package 'ee4308_drone' build argument 'cmake_force_configure' from command line to 'False'
[1.918s] Level 5:colcon.colcon_core.verb:set package 'ee4308_drone' build argument 'ament_cmake_args' from command line to 'None'
[1.918s] Level 5:colcon.colcon_core.verb:set package 'ee4308_drone' build argument 'catkin_cmake_args' from command line to 'None'
[1.918s] Level 5:colcon.colcon_core.verb:set package 'ee4308_drone' build argument 'catkin_skip_building_tests' from command line to 'False'
[1.918s] DEBUG:colcon.colcon_core.verb:Building package 'ee4308_drone' with the following arguments: {'ament_cmake_args': None, 'build_base': '/home/kaeboon/KBoon/ee4308_proj2/build/ee4308_drone', 'catkin_cmake_args': None, 'catkin_skip_building_tests': False, 'cmake_args': None, 'cmake_clean_cache': False, 'cmake_clean_first': False, 'cmake_force_configure': False, 'cmake_target': None, 'cmake_target_skip_unavailable': False, 'install_base': '/home/kaeboon/KBoon/ee4308_proj2/install/ee4308_drone', 'merge_install': False, 'path': '/home/kaeboon/KBoon/ee4308_proj2/src/ee4308_drone', 'symlink_install': True, 'test_result_base': None}
[1.937s] Level 5:colcon.colcon_core.verb:set package 'ee4308_turtle' build argument 'cmake_args' from command line to 'None'
[1.937s] Level 5:colcon.colcon_core.verb:set package 'ee4308_turtle' build argument 'cmake_target' from command line to 'None'
[1.937s] Level 5:colcon.colcon_core.verb:set package 'ee4308_turtle' build argument 'cmake_target_skip_unavailable' from command line to 'False'
[1.937s] Level 5:colcon.colcon_core.verb:set package 'ee4308_turtle' build argument 'cmake_clean_cache' from command line to 'False'
[1.937s] Level 5:colcon.colcon_core.verb:set package 'ee4308_turtle' build argument 'cmake_clean_first' from command line to 'False'
[1.937s] Level 5:colcon.colcon_core.verb:set package 'ee4308_turtle' build argument 'cmake_force_configure' from command line to 'False'
[1.937s] Level 5:colcon.colcon_core.verb:set package 'ee4308_turtle' build argument 'ament_cmake_args' from command line to 'None'
[1.938s] Level 5:colcon.colcon_core.verb:set package 'ee4308_turtle' build argument 'catkin_cmake_args' from command line to 'None'
[1.938s] Level 5:colcon.colcon_core.verb:set package 'ee4308_turtle' build argument 'catkin_skip_building_tests' from command line to 'False'
[1.938s] DEBUG:colcon.colcon_core.verb:Building package 'ee4308_turtle' with the following arguments: {'ament_cmake_args': None, 'build_base': '/home/kaeboon/KBoon/ee4308_proj2/build/ee4308_turtle', 'catkin_cmake_args': None, 'catkin_skip_building_tests': False, 'cmake_args': None, 'cmake_clean_cache': False, 'cmake_clean_first': False, 'cmake_force_configure': False, 'cmake_target': None, 'cmake_target_skip_unavailable': False, 'install_base': '/home/kaeboon/KBoon/ee4308_proj2/install/ee4308_turtle', 'merge_install': False, 'path': '/home/kaeboon/KBoon/ee4308_proj2/src/ee4308_turtle', 'symlink_install': True, 'test_result_base': None}
[1.960s] INFO:colcon.colcon_core.executor:Executing jobs using 'parallel' executor
[1.980s] DEBUG:colcon.colcon_parallel_executor.executor.parallel:run_until_complete
[1.980s] INFO:colcon.colcon_ros.task.ament_cmake.build:Building ROS package in '/home/kaeboon/KBoon/ee4308_proj2/src/ee4308_interfaces' with build type 'ament_cmake'
[1.980s] INFO:colcon.colcon_cmake.task.cmake.build:Building CMake package in '/home/kaeboon/KBoon/ee4308_proj2/src/ee4308_interfaces'
[2.003s] INFO:colcon.colcon_core.plugin_system:Skipping extension 'colcon_core.shell.bat': Not used on non-Windows systems
[2.003s] INFO:colcon.colcon_core.shell:Skip shell extension 'powershell' for command environment: Not usable outside of PowerShell
[2.003s] DEBUG:colcon.colcon_core.shell:Skip shell extension 'dsv' for command environment
[2.084s] INFO:colcon.colcon_ros.task.ament_cmake.build:Building ROS package in '/home/kaeboon/KBoon/ee4308_proj2/src/ee4308_lib' with build type 'ament_cmake'
[2.085s] INFO:colcon.colcon_cmake.task.cmake.build:Building CMake package in '/home/kaeboon/KBoon/ee4308_proj2/src/ee4308_lib'
[2.112s] INFO:colcon.colcon_core.shell:Skip shell extension 'powershell' for command environment: Not usable outside of PowerShell
[2.112s] DEBUG:colcon.colcon_core.shell:Skip shell extension 'dsv' for command environment
[2.199s] INFO:colcon.colcon_ros.task.ament_cmake.build:Building ROS package in '/home/kaeboon/KBoon/ee4308_proj2/src/ee4308_bringup' with build type 'ament_cmake'
[2.199s] INFO:colcon.colcon_cmake.task.cmake.build:Building CMake package in '/home/kaeboon/KBoon/ee4308_proj2/src/ee4308_bringup'
[2.220s] INFO:colcon.colcon_core.shell:Skip shell extension 'powershell' for command environment: Not usable outside of PowerShell
[2.220s] DEBUG:colcon.colcon_core.shell:Skip shell extension 'dsv' for command environment
[2.311s] INFO:colcon.colcon_ros.task.ament_cmake.build:Building ROS package in '/home/kaeboon/KBoon/ee4308_proj2/src/ee4308_gazebo_plugins' with build type 'ament_cmake'
[2.311s] INFO:colcon.colcon_cmake.task.cmake.build:Building CMake package in '/home/kaeboon/KBoon/ee4308_proj2/src/ee4308_gazebo_plugins'
[2.329s] INFO:colcon.colcon_core.shell:Skip shell extension 'powershell' for command environment: Not usable outside of PowerShell
[2.329s] DEBUG:colcon.colcon_core.shell:Skip shell extension 'dsv' for command environment
[2.434s] DEBUG:colcon.colcon_core.event_handler.log_command:Invoking command in '/home/kaeboon/KBoon/ee4308_proj2/build/ee4308_interfaces': CMAKE_PREFIX_PATH=${CMAKE_PREFIX_PATH}:/home/kaeboon/sjtu_drone/install/sjtu_drone_control:/home/kaeboon/sjtu_drone/install/sjtu_drone_bringup:/opt/ros/humble /usr/bin/cmake --build /home/kaeboon/KBoon/ee4308_proj2/build/ee4308_interfaces -- -j4 -l4
[2.443s] DEBUG:colcon.colcon_core.event_handler.log_command:Invoking command in '/home/kaeboon/KBoon/ee4308_proj2/build/ee4308_lib': CMAKE_PREFIX_PATH=${CMAKE_PREFIX_PATH}:/home/kaeboon/sjtu_drone/install/sjtu_drone_control:/home/kaeboon/sjtu_drone/install/sjtu_drone_bringup:/opt/ros/humble /usr/bin/cmake --build /home/kaeboon/KBoon/ee4308_proj2/build/ee4308_lib -- -j4 -l4
[2.455s] DEBUG:colcon.colcon_core.event_handler.log_command:Invoking command in '/home/kaeboon/KBoon/ee4308_proj2/build/ee4308_bringup': CMAKE_PREFIX_PATH=${CMAKE_PREFIX_PATH}:/home/kaeboon/sjtu_drone/install/sjtu_drone_control:/home/kaeboon/sjtu_drone/install/sjtu_drone_bringup:/opt/ros/humble /usr/bin/cmake --build /home/kaeboon/KBoon/ee4308_proj2/build/ee4308_bringup -- -j4 -l4
[2.478s] DEBUG:colcon.colcon_core.event_handler.log_command:Invoking command in '/home/kaeboon/KBoon/ee4308_proj2/build/ee4308_gazebo_plugins': CMAKE_PREFIX_PATH=${CMAKE_PREFIX_PATH}:/home/kaeboon/sjtu_drone/install/sjtu_drone_control:/home/kaeboon/sjtu_drone/install/sjtu_drone_bringup:/opt/ros/humble /usr/bin/cmake --build /home/kaeboon/KBoon/ee4308_proj2/build/ee4308_gazebo_plugins -- -j4 -l4
[2.594s] DEBUG:colcon.colcon_core.event_handler.log_command:Invoked command in '/home/kaeboon/KBoon/ee4308_proj2/build/ee4308_bringup' returned '0': CMAKE_PREFIX_PATH=${CMAKE_PREFIX_PATH}:/home/kaeboon/sjtu_drone/install/sjtu_drone_control:/home/kaeboon/sjtu_drone/install/sjtu_drone_bringup:/opt/ros/humble /usr/bin/cmake --build /home/kaeboon/KBoon/ee4308_proj2/build/ee4308_bringup -- -j4 -l4
[2.638s] DEBUG:colcon.colcon_core.event_handler.log_command:Invoked command in '/home/kaeboon/KBoon/ee4308_proj2/build/ee4308_lib' returned '0': CMAKE_PREFIX_PATH=${CMAKE_PREFIX_PATH}:/home/kaeboon/sjtu_drone/install/sjtu_drone_control:/home/kaeboon/sjtu_drone/install/sjtu_drone_bringup:/opt/ros/humble /usr/bin/cmake --build /home/kaeboon/KBoon/ee4308_proj2/build/ee4308_lib -- -j4 -l4
[2.771s] DEBUG:colcon.colcon_core.event_handler.log_command:Invoking command in '/home/kaeboon/KBoon/ee4308_proj2/build/ee4308_bringup': CMAKE_PREFIX_PATH=${CMAKE_PREFIX_PATH}:/home/kaeboon/sjtu_drone/install/sjtu_drone_control:/home/kaeboon/sjtu_drone/install/sjtu_drone_bringup:/opt/ros/humble /usr/bin/cmake --install /home/kaeboon/KBoon/ee4308_proj2/build/ee4308_bringup
[2.812s] DEBUG:colcon.colcon_core.event_handler.log_command:Invoking command in '/home/kaeboon/KBoon/ee4308_proj2/build/ee4308_lib': CMAKE_PREFIX_PATH=${CMAKE_PREFIX_PATH}:/home/kaeboon/sjtu_drone/install/sjtu_drone_control:/home/kaeboon/sjtu_drone/install/sjtu_drone_bringup:/opt/ros/humble /usr/bin/cmake --install /home/kaeboon/KBoon/ee4308_proj2/build/ee4308_lib
[2.901s] Level 1:colcon.colcon_core.environment:create_environment_scripts_only(ee4308_bringup)
[2.902s] DEBUG:colcon.colcon_core.event_handler.log_command:Invoked command in '/home/kaeboon/KBoon/ee4308_proj2/build/ee4308_bringup' returned '0': CMAKE_PREFIX_PATH=${CMAKE_PREFIX_PATH}:/home/kaeboon/sjtu_drone/install/sjtu_drone_control:/home/kaeboon/sjtu_drone/install/sjtu_drone_bringup:/opt/ros/humble /usr/bin/cmake --install /home/kaeboon/KBoon/ee4308_proj2/build/ee4308_bringup
[2.984s] Level 1:colcon.colcon_core.environment:checking '/home/kaeboon/KBoon/ee4308_proj2/install/ee4308_bringup' for CMake module files
[2.985s] Level 1:colcon.colcon_core.environment:checking '/home/kaeboon/KBoon/ee4308_proj2/install/ee4308_bringup' for CMake config files
[2.987s] Level 1:colcon.colcon_core.shell:create_environment_hook('ee4308_bringup', 'cmake_prefix_path')
[3.106s] INFO:colcon.colcon_core.shell:Creating environment hook '/home/kaeboon/KBoon/ee4308_proj2/install/ee4308_bringup/share/ee4308_bringup/hook/cmake_prefix_path.ps1'
[3.107s] INFO:colcon.colcon_core.shell:Creating environment descriptor '/home/kaeboon/KBoon/ee4308_proj2/install/ee4308_bringup/share/ee4308_bringup/hook/cmake_prefix_path.dsv'
[3.108s] INFO:colcon.colcon_core.shell:Creating environment hook '/home/kaeboon/KBoon/ee4308_proj2/install/ee4308_bringup/share/ee4308_bringup/hook/cmake_prefix_path.sh'
[3.116s] Level 1:colcon.colcon_core.environment:checking '/home/kaeboon/KBoon/ee4308_proj2/install/ee4308_bringup/bin'
[3.122s] Level 1:colcon.colcon_core.environment:checking '/home/kaeboon/KBoon/ee4308_proj2/install/ee4308_bringup/lib/pkgconfig/ee4308_bringup.pc'
[3.123s] Level 1:colcon.colcon_core.environment:checking '/home/kaeboon/KBoon/ee4308_proj2/install/ee4308_bringup/lib/python3.10/site-packages'
[3.124s] Level 1:colcon.colcon_core.environment:checking '/home/kaeboon/KBoon/ee4308_proj2/install/ee4308_bringup/bin'
[3.183s] INFO:colcon.colcon_core.shell:Creating package script '/home/kaeboon/KBoon/ee4308_proj2/install/ee4308_bringup/share/ee4308_bringup/package.ps1'
[3.184s] INFO:colcon.colcon_core.shell:Creating package descriptor '/home/kaeboon/KBoon/ee4308_proj2/install/ee4308_bringup/share/ee4308_bringup/package.dsv'
[3.197s] INFO:colcon.colcon_core.shell:Creating package script '/home/kaeboon/KBoon/ee4308_proj2/install/ee4308_bringup/share/ee4308_bringup/package.sh'
[3.198s] INFO:colcon.colcon_core.shell:Creating package script '/home/kaeboon/KBoon/ee4308_proj2/install/ee4308_bringup/share/ee4308_bringup/package.bash'
[3.199s] INFO:colcon.colcon_core.shell:Creating package script '/home/kaeboon/KBoon/ee4308_proj2/install/ee4308_bringup/share/ee4308_bringup/package.zsh'
[3.200s] Level 1:colcon.colcon_core.environment:create_file_with_runtime_dependencies(/home/kaeboon/KBoon/ee4308_proj2/install/ee4308_bringup/share/colcon-core/packages/ee4308_bringup)
[3.235s] Level 1:colcon.colcon_core.environment:create_environment_scripts_only(ee4308_lib)
[3.237s] DEBUG:colcon.colcon_core.event_handler.log_command:Invoked command in '/home/kaeboon/KBoon/ee4308_proj2/build/ee4308_lib' returned '0': CMAKE_PREFIX_PATH=${CMAKE_PREFIX_PATH}:/home/kaeboon/sjtu_drone/install/sjtu_drone_control:/home/kaeboon/sjtu_drone/install/sjtu_drone_bringup:/opt/ros/humble /usr/bin/cmake --install /home/kaeboon/KBoon/ee4308_proj2/build/ee4308_lib
[3.278s] Level 1:colcon.colcon_core.environment:checking '/home/kaeboon/KBoon/ee4308_proj2/install/ee4308_lib' for CMake module files
[3.278s] Level 1:colcon.colcon_core.environment:checking '/home/kaeboon/KBoon/ee4308_proj2/install/ee4308_lib' for CMake config files
[3.279s] Level 1:colcon.colcon_core.shell:create_environment_hook('ee4308_lib', 'cmake_prefix_path')
[3.332s] INFO:colcon.colcon_core.shell:Creating environment hook '/home/kaeboon/KBoon/ee4308_proj2/install/ee4308_lib/share/ee4308_lib/hook/cmake_prefix_path.ps1'
[3.332s] INFO:colcon.colcon_core.shell:Creating environment descriptor '/home/kaeboon/KBoon/ee4308_proj2/install/ee4308_lib/share/ee4308_lib/hook/cmake_prefix_path.dsv'
[3.332s] INFO:colcon.colcon_core.shell:Creating environment hook '/home/kaeboon/KBoon/ee4308_proj2/install/ee4308_lib/share/ee4308_lib/hook/cmake_prefix_path.sh'
[3.333s] Level 1:colcon.colcon_core.environment:checking '/home/kaeboon/KBoon/ee4308_proj2/install/ee4308_lib/bin'
[3.333s] Level 1:colcon.colcon_core.environment:checking '/home/kaeboon/KBoon/ee4308_proj2/install/ee4308_lib/lib/pkgconfig/ee4308_lib.pc'
[3.333s] Level 1:colcon.colcon_core.environment:checking '/home/kaeboon/KBoon/ee4308_proj2/install/ee4308_lib/lib/python3.10/site-packages'
[3.333s] Level 1:colcon.colcon_core.environment:checking '/home/kaeboon/KBoon/ee4308_proj2/install/ee4308_lib/bin'
[3.385s] INFO:colcon.colcon_core.shell:Creating package script '/home/kaeboon/KBoon/ee4308_proj2/install/ee4308_lib/share/ee4308_lib/package.ps1'
[3.386s] INFO:colcon.colcon_core.shell:Creating package descriptor '/home/kaeboon/KBoon/ee4308_proj2/install/ee4308_lib/share/ee4308_lib/package.dsv'
[3.386s] INFO:colcon.colcon_core.shell:Creating package script '/home/kaeboon/KBoon/ee4308_proj2/install/ee4308_lib/share/ee4308_lib/package.sh'
[3.387s] INFO:colcon.colcon_core.shell:Creating package script '/home/kaeboon/KBoon/ee4308_proj2/install/ee4308_lib/share/ee4308_lib/package.bash'
[3.399s] INFO:colcon.colcon_core.shell:Creating package script '/home/kaeboon/KBoon/ee4308_proj2/install/ee4308_lib/share/ee4308_lib/package.zsh'
[3.402s] Level 1:colcon.colcon_core.environment:create_file_with_runtime_dependencies(/home/kaeboon/KBoon/ee4308_proj2/install/ee4308_lib/share/colcon-core/packages/ee4308_lib)
[3.415s] DEBUG:colcon.colcon_core.event_handler.log_command:Invoked command in '/home/kaeboon/KBoon/ee4308_proj2/build/ee4308_gazebo_plugins' returned '0': CMAKE_PREFIX_PATH=${CMAKE_PREFIX_PATH}:/home/kaeboon/sjtu_drone/install/sjtu_drone_control:/home/kaeboon/sjtu_drone/install/sjtu_drone_bringup:/opt/ros/humble /usr/bin/cmake --build /home/kaeboon/KBoon/ee4308_proj2/build/ee4308_gazebo_plugins -- -j4 -l4
[3.458s] Level 1:colcon.colcon_core.environment:create_environment_scripts_only(ee4308_bringup)
[3.546s] Level 1:colcon.colcon_core.environment:checking '/home/kaeboon/KBoon/ee4308_proj2/install/ee4308_bringup' for CMake module files
[3.547s] Level 1:colcon.colcon_core.environment:checking '/home/kaeboon/KBoon/ee4308_proj2/install/ee4308_bringup' for CMake config files
[3.547s] Level 1:colcon.colcon_core.shell:create_environment_hook('ee4308_bringup', 'cmake_prefix_path')
[3.601s] INFO:colcon.colcon_core.shell:Creating environment hook '/home/kaeboon/KBoon/ee4308_proj2/install/ee4308_bringup/share/ee4308_bringup/hook/cmake_prefix_path.ps1'
[3.602s] INFO:colcon.colcon_core.shell:Creating environment descriptor '/home/kaeboon/KBoon/ee4308_proj2/install/ee4308_bringup/share/ee4308_bringup/hook/cmake_prefix_path.dsv'
[3.603s] INFO:colcon.colcon_core.shell:Creating environment hook '/home/kaeboon/KBoon/ee4308_proj2/install/ee4308_bringup/share/ee4308_bringup/hook/cmake_prefix_path.sh'
[3.603s] Level 1:colcon.colcon_core.environment:checking '/home/kaeboon/KBoon/ee4308_proj2/install/ee4308_bringup/bin'
[3.603s] Level 1:colcon.colcon_core.environment:checking '/home/kaeboon/KBoon/ee4308_proj2/install/ee4308_bringup/lib/pkgconfig/ee4308_bringup.pc'
[3.604s] Level 1:colcon.colcon_core.environment:checking '/home/kaeboon/KBoon/ee4308_proj2/install/ee4308_bringup/lib/python3.10/site-packages'
[3.604s] Level 1:colcon.colcon_core.environment:checking '/home/kaeboon/KBoon/ee4308_proj2/install/ee4308_bringup/bin'
[3.639s] INFO:colcon.colcon_core.shell:Creating package script '/home/kaeboon/KBoon/ee4308_proj2/install/ee4308_bringup/share/ee4308_bringup/package.ps1'
[3.639s] INFO:colcon.colcon_core.shell:Creating package descriptor '/home/kaeboon/KBoon/ee4308_proj2/install/ee4308_bringup/share/ee4308_bringup/package.dsv'
[3.640s] INFO:colcon.colcon_core.shell:Creating package script '/home/kaeboon/KBoon/ee4308_proj2/install/ee4308_bringup/share/ee4308_bringup/package.sh'
[3.640s] INFO:colcon.colcon_core.shell:Creating package script '/home/kaeboon/KBoon/ee4308_proj2/install/ee4308_bringup/share/ee4308_bringup/package.bash'
[3.641s] INFO:colcon.colcon_core.shell:Creating package script '/home/kaeboon/KBoon/ee4308_proj2/install/ee4308_bringup/share/ee4308_bringup/package.zsh'
[3.641s] Level 1:colcon.colcon_core.environment:create_file_with_runtime_dependencies(/home/kaeboon/KBoon/ee4308_proj2/install/ee4308_bringup/share/colcon-core/packages/ee4308_bringup)
[3.658s] Level 1:colcon.colcon_core.environment:create_environment_scripts_only(ee4308_lib)
[3.675s] Level 1:colcon.colcon_core.environment:checking '/home/kaeboon/KBoon/ee4308_proj2/install/ee4308_lib' for CMake module files
[3.675s] Level 1:colcon.colcon_core.environment:checking '/home/kaeboon/KBoon/ee4308_proj2/install/ee4308_lib' for CMake config files
[3.676s] Level 1:colcon.colcon_core.shell:create_environment_hook('ee4308_lib', 'cmake_prefix_path')
[3.692s] INFO:colcon.colcon_core.shell:Creating environment hook '/home/kaeboon/KBoon/ee4308_proj2/install/ee4308_lib/share/ee4308_lib/hook/cmake_prefix_path.ps1'
[3.692s] INFO:colcon.colcon_core.shell:Creating environment descriptor '/home/kaeboon/KBoon/ee4308_proj2/install/ee4308_lib/share/ee4308_lib/hook/cmake_prefix_path.dsv'
[3.693s] INFO:colcon.colcon_core.shell:Creating environment hook '/home/kaeboon/KBoon/ee4308_proj2/install/ee4308_lib/share/ee4308_lib/hook/cmake_prefix_path.sh'
[3.693s] Level 1:colcon.colcon_core.environment:checking '/home/kaeboon/KBoon/ee4308_proj2/install/ee4308_lib/bin'
[3.693s] Level 1:colcon.colcon_core.environment:checking '/home/kaeboon/KBoon/ee4308_proj2/install/ee4308_lib/lib/pkgconfig/ee4308_lib.pc'
[3.694s] Level 1:colcon.colcon_core.environment:checking '/home/kaeboon/KBoon/ee4308_proj2/install/ee4308_lib/lib/python3.10/site-packages'
[3.694s] Level 1:colcon.colcon_core.environment:checking '/home/kaeboon/KBoon/ee4308_proj2/install/ee4308_lib/bin'
[3.708s] INFO:colcon.colcon_core.shell:Creating package script '/home/kaeboon/KBoon/ee4308_proj2/install/ee4308_lib/share/ee4308_lib/package.ps1'
[3.709s] INFO:colcon.colcon_core.shell:Creating package descriptor '/home/kaeboon/KBoon/ee4308_proj2/install/ee4308_lib/share/ee4308_lib/package.dsv'
[3.710s] INFO:colcon.colcon_core.shell:Creating package script '/home/kaeboon/KBoon/ee4308_proj2/install/ee4308_lib/share/ee4308_lib/package.sh'
[3.710s] INFO:colcon.colcon_core.shell:Creating package script '/home/kaeboon/KBoon/ee4308_proj2/install/ee4308_lib/share/ee4308_lib/package.bash'
[3.711s] INFO:colcon.colcon_core.shell:Creating package script '/home/kaeboon/KBoon/ee4308_proj2/install/ee4308_lib/share/ee4308_lib/package.zsh'
[3.711s] Level 1:colcon.colcon_core.environment:create_file_with_runtime_dependencies(/home/kaeboon/KBoon/ee4308_proj2/install/ee4308_lib/share/colcon-core/packages/ee4308_lib)
[3.712s] DEBUG:colcon.colcon_core.event_handler.log_command:Invoking command in '/home/kaeboon/KBoon/ee4308_proj2/build/ee4308_gazebo_plugins': CMAKE_PREFIX_PATH=${CMAKE_PREFIX_PATH}:/home/kaeboon/sjtu_drone/install/sjtu_drone_control:/home/kaeboon/sjtu_drone/install/sjtu_drone_bringup:/opt/ros/humble /usr/bin/cmake --install /home/kaeboon/KBoon/ee4308_proj2/build/ee4308_gazebo_plugins
[3.714s] DEBUG:colcon.colcon_core.event_handler.log_command:Invoked command in '/home/kaeboon/KBoon/ee4308_proj2/build/ee4308_interfaces' returned '0': CMAKE_PREFIX_PATH=${CMAKE_PREFIX_PATH}:/home/kaeboon/sjtu_drone/install/sjtu_drone_control:/home/kaeboon/sjtu_drone/install/sjtu_drone_bringup:/opt/ros/humble /usr/bin/cmake --build /home/kaeboon/KBoon/ee4308_proj2/build/ee4308_interfaces -- -j4 -l4
[3.748s] Level 1:colcon.colcon_core.environment:create_environment_scripts_only(ee4308_gazebo_plugins)
[3.752s] DEBUG:colcon.colcon_core.event_handler.log_command:Invoked command in '/home/kaeboon/KBoon/ee4308_proj2/build/ee4308_gazebo_plugins' returned '0': CMAKE_PREFIX_PATH=${CMAKE_PREFIX_PATH}:/home/kaeboon/sjtu_drone/install/sjtu_drone_control:/home/kaeboon/sjtu_drone/install/sjtu_drone_bringup:/opt/ros/humble /usr/bin/cmake --install /home/kaeboon/KBoon/ee4308_proj2/build/ee4308_gazebo_plugins
[3.772s] Level 1:colcon.colcon_core.environment:checking '/home/kaeboon/KBoon/ee4308_proj2/install/ee4308_gazebo_plugins' for CMake module files
[3.773s] Level 1:colcon.colcon_core.environment:checking '/home/kaeboon/KBoon/ee4308_proj2/install/ee4308_gazebo_plugins' for CMake config files
[3.773s] Level 1:colcon.colcon_core.shell:create_environment_hook('ee4308_gazebo_plugins', 'cmake_prefix_path')
[3.797s] INFO:colcon.colcon_core.shell:Creating environment hook '/home/kaeboon/KBoon/ee4308_proj2/install/ee4308_gazebo_plugins/share/ee4308_gazebo_plugins/hook/cmake_prefix_path.ps1'
[3.798s] INFO:colcon.colcon_core.shell:Creating environment descriptor '/home/kaeboon/KBoon/ee4308_proj2/install/ee4308_gazebo_plugins/share/ee4308_gazebo_plugins/hook/cmake_prefix_path.dsv'
[3.798s] INFO:colcon.colcon_core.shell:Creating environment hook '/home/kaeboon/KBoon/ee4308_proj2/install/ee4308_gazebo_plugins/share/ee4308_gazebo_plugins/hook/cmake_prefix_path.sh'
[3.799s] Level 1:colcon.colcon_core.environment:checking '/home/kaeboon/KBoon/ee4308_proj2/install/ee4308_gazebo_plugins/lib'
[3.800s] Level 1:colcon.colcon_core.shell:create_environment_hook('ee4308_gazebo_plugins', 'ld_library_path_lib')
[3.822s] INFO:colcon.colcon_core.shell:Creating environment hook '/home/kaeboon/KBoon/ee4308_proj2/install/ee4308_gazebo_plugins/share/ee4308_gazebo_plugins/hook/ld_library_path_lib.ps1'
[3.822s] INFO:colcon.colcon_core.shell:Creating environment descriptor '/home/kaeboon/KBoon/ee4308_proj2/install/ee4308_gazebo_plugins/share/ee4308_gazebo_plugins/hook/ld_library_path_lib.dsv'
[3.823s] INFO:colcon.colcon_core.shell:Creating environment hook '/home/kaeboon/KBoon/ee4308_proj2/install/ee4308_gazebo_plugins/share/ee4308_gazebo_plugins/hook/ld_library_path_lib.sh'
[3.823s] Level 1:colcon.colcon_core.environment:checking '/home/kaeboon/KBoon/ee4308_proj2/install/ee4308_gazebo_plugins/bin'
[3.823s] Level 1:colcon.colcon_core.environment:checking '/home/kaeboon/KBoon/ee4308_proj2/install/ee4308_gazebo_plugins/lib/pkgconfig/ee4308_gazebo_plugins.pc'
[3.823s] Level 1:colcon.colcon_core.environment:checking '/home/kaeboon/KBoon/ee4308_proj2/install/ee4308_gazebo_plugins/lib/python3.10/site-packages'
[3.824s] Level 1:colcon.colcon_core.environment:checking '/home/kaeboon/KBoon/ee4308_proj2/install/ee4308_gazebo_plugins/bin'
[3.847s] INFO:colcon.colcon_core.shell:Creating package script '/home/kaeboon/KBoon/ee4308_proj2/install/ee4308_gazebo_plugins/share/ee4308_gazebo_plugins/package.ps1'
[3.848s] INFO:colcon.colcon_core.shell:Creating package descriptor '/home/kaeboon/KBoon/ee4308_proj2/install/ee4308_gazebo_plugins/share/ee4308_gazebo_plugins/package.dsv'
[3.849s] INFO:colcon.colcon_core.shell:Creating package script '/home/kaeboon/KBoon/ee4308_proj2/install/ee4308_gazebo_plugins/share/ee4308_gazebo_plugins/package.sh'
[3.850s] INFO:colcon.colcon_core.shell:Creating package script '/home/kaeboon/KBoon/ee4308_proj2/install/ee4308_gazebo_plugins/share/ee4308_gazebo_plugins/package.bash'
[3.851s] INFO:colcon.colcon_core.shell:Creating package script '/home/kaeboon/KBoon/ee4308_proj2/install/ee4308_gazebo_plugins/share/ee4308_gazebo_plugins/package.zsh'
[3.851s] Level 1:colcon.colcon_core.environment:create_file_with_runtime_dependencies(/home/kaeboon/KBoon/ee4308_proj2/install/ee4308_gazebo_plugins/share/colcon-core/packages/ee4308_gazebo_plugins)
[3.933s] DEBUG:colcon.colcon_core.event_handler.log_command:Invoking command in '/home/kaeboon/KBoon/ee4308_proj2/build/ee4308_interfaces': CMAKE_PREFIX_PATH=${CMAKE_PREFIX_PATH}:/home/kaeboon/sjtu_drone/install/sjtu_drone_control:/home/kaeboon/sjtu_drone/install/sjtu_drone_bringup:/opt/ros/humble /usr/bin/cmake --install /home/kaeboon/KBoon/ee4308_proj2/build/ee4308_interfaces
[4.067s] Level 1:colcon.colcon_core.environment:create_environment_scripts_only(ee4308_gazebo_plugins)
[4.106s] Level 1:colcon.colcon_core.environment:checking '/home/kaeboon/KBoon/ee4308_proj2/install/ee4308_gazebo_plugins' for CMake module files
[4.106s] Level 1:colcon.colcon_core.environment:checking '/home/kaeboon/KBoon/ee4308_proj2/install/ee4308_gazebo_plugins' for CMake config files
[4.107s] Level 1:colcon.colcon_core.shell:create_environment_hook('ee4308_gazebo_plugins', 'cmake_prefix_path')
[4.140s] INFO:colcon.colcon_core.shell:Creating environment hook '/home/kaeboon/KBoon/ee4308_proj2/install/ee4308_gazebo_plugins/share/ee4308_gazebo_plugins/hook/cmake_prefix_path.ps1'
[4.141s] INFO:colcon.colcon_core.shell:Creating environment descriptor '/home/kaeboon/KBoon/ee4308_proj2/install/ee4308_gazebo_plugins/share/ee4308_gazebo_plugins/hook/cmake_prefix_path.dsv'
[4.141s] INFO:colcon.colcon_core.shell:Creating environment hook '/home/kaeboon/KBoon/ee4308_proj2/install/ee4308_gazebo_plugins/share/ee4308_gazebo_plugins/hook/cmake_prefix_path.sh'
[4.142s] Level 1:colcon.colcon_core.environment:checking '/home/kaeboon/KBoon/ee4308_proj2/install/ee4308_gazebo_plugins/lib'
[4.142s] Level 1:colcon.colcon_core.shell:create_environment_hook('ee4308_gazebo_plugins', 'ld_library_path_lib')
[4.176s] INFO:colcon.colcon_core.shell:Creating environment hook '/home/kaeboon/KBoon/ee4308_proj2/install/ee4308_gazebo_plugins/share/ee4308_gazebo_plugins/hook/ld_library_path_lib.ps1'
[4.177s] INFO:colcon.colcon_core.shell:Creating environment descriptor '/home/kaeboon/KBoon/ee4308_proj2/install/ee4308_gazebo_plugins/share/ee4308_gazebo_plugins/hook/ld_library_path_lib.dsv'
[4.177s] INFO:colcon.colcon_core.shell:Creating environment hook '/home/kaeboon/KBoon/ee4308_proj2/install/ee4308_gazebo_plugins/share/ee4308_gazebo_plugins/hook/ld_library_path_lib.sh'
[4.178s] Level 1:colcon.colcon_core.environment:checking '/home/kaeboon/KBoon/ee4308_proj2/install/ee4308_gazebo_plugins/bin'
[4.178s] Level 1:colcon.colcon_core.environment:checking '/home/kaeboon/KBoon/ee4308_proj2/install/ee4308_gazebo_plugins/lib/pkgconfig/ee4308_gazebo_plugins.pc'
[4.178s] Level 1:colcon.colcon_core.environment:checking '/home/kaeboon/KBoon/ee4308_proj2/install/ee4308_gazebo_plugins/lib/python3.10/site-packages'
[4.178s] Level 1:colcon.colcon_core.environment:checking '/home/kaeboon/KBoon/ee4308_proj2/install/ee4308_gazebo_plugins/bin'
[4.198s] INFO:colcon.colcon_core.shell:Creating package script '/home/kaeboon/KBoon/ee4308_proj2/install/ee4308_gazebo_plugins/share/ee4308_gazebo_plugins/package.ps1'
[4.199s] INFO:colcon.colcon_core.shell:Creating package descriptor '/home/kaeboon/KBoon/ee4308_proj2/install/ee4308_gazebo_plugins/share/ee4308_gazebo_plugins/package.dsv'
[4.200s] INFO:colcon.colcon_core.shell:Creating package script '/home/kaeboon/KBoon/ee4308_proj2/install/ee4308_gazebo_plugins/share/ee4308_gazebo_plugins/package.sh'
[4.200s] INFO:colcon.colcon_core.shell:Creating package script '/home/kaeboon/KBoon/ee4308_proj2/install/ee4308_gazebo_plugins/share/ee4308_gazebo_plugins/package.bash'
[4.201s] INFO:colcon.colcon_core.shell:Creating package script '/home/kaeboon/KBoon/ee4308_proj2/install/ee4308_gazebo_plugins/share/ee4308_gazebo_plugins/package.zsh'
[4.202s] Level 1:colcon.colcon_core.environment:create_file_with_runtime_dependencies(/home/kaeboon/KBoon/ee4308_proj2/install/ee4308_gazebo_plugins/share/colcon-core/packages/ee4308_gazebo_plugins)
[4.204s] Level 1:colcon.colcon_core.environment:create_environment_scripts_only(ee4308_interfaces)
[4.205s] DEBUG:colcon.colcon_core.event_handler.log_command:Invoked command in '/home/kaeboon/KBoon/ee4308_proj2/build/ee4308_interfaces' returned '0': CMAKE_PREFIX_PATH=${CMAKE_PREFIX_PATH}:/home/kaeboon/sjtu_drone/install/sjtu_drone_control:/home/kaeboon/sjtu_drone/install/sjtu_drone_bringup:/opt/ros/humble /usr/bin/cmake --install /home/kaeboon/KBoon/ee4308_proj2/build/ee4308_interfaces
[4.224s] Level 1:colcon.colcon_core.environment:checking '/home/kaeboon/KBoon/ee4308_proj2/install/ee4308_interfaces' for CMake module files
[4.225s] Level 1:colcon.colcon_core.environment:checking '/home/kaeboon/KBoon/ee4308_proj2/install/ee4308_interfaces' for CMake config files
[4.225s] Level 1:colcon.colcon_core.shell:create_environment_hook('ee4308_interfaces', 'cmake_prefix_path')
[4.245s] INFO:colcon.colcon_core.shell:Creating environment hook '/home/kaeboon/KBoon/ee4308_proj2/install/ee4308_interfaces/share/ee4308_interfaces/hook/cmake_prefix_path.ps1'
[4.246s] INFO:colcon.colcon_core.shell:Creating environment descriptor '/home/kaeboon/KBoon/ee4308_proj2/install/ee4308_interfaces/share/ee4308_interfaces/hook/cmake_prefix_path.dsv'
[4.246s] INFO:colcon.colcon_core.shell:Creating environment hook '/home/kaeboon/KBoon/ee4308_proj2/install/ee4308_interfaces/share/ee4308_interfaces/hook/cmake_prefix_path.sh'
[4.247s] Level 1:colcon.colcon_core.environment:checking '/home/kaeboon/KBoon/ee4308_proj2/install/ee4308_interfaces/lib'
[4.247s] Level 1:colcon.colcon_core.shell:create_environment_hook('ee4308_interfaces', 'ld_library_path_lib')
[4.266s] INFO:colcon.colcon_core.shell:Creating environment hook '/home/kaeboon/KBoon/ee4308_proj2/install/ee4308_interfaces/share/ee4308_interfaces/hook/ld_library_path_lib.ps1'
[4.266s] INFO:colcon.colcon_core.shell:Creating environment descriptor '/home/kaeboon/KBoon/ee4308_proj2/install/ee4308_interfaces/share/ee4308_interfaces/hook/ld_library_path_lib.dsv'
[4.267s] INFO:colcon.colcon_core.shell:Creating environment hook '/home/kaeboon/KBoon/ee4308_proj2/install/ee4308_interfaces/share/ee4308_interfaces/hook/ld_library_path_lib.sh'
[4.267s] Level 1:colcon.colcon_core.environment:checking '/home/kaeboon/KBoon/ee4308_proj2/install/ee4308_interfaces/bin'
[4.268s] Level 1:colcon.colcon_core.environment:checking '/home/kaeboon/KBoon/ee4308_proj2/install/ee4308_interfaces/lib/pkgconfig/ee4308_interfaces.pc'
[4.268s] Level 1:colcon.colcon_core.environment:checking '/home/kaeboon/KBoon/ee4308_proj2/install/ee4308_interfaces/lib/python3.10/site-packages'
[4.269s] Level 1:colcon.colcon_core.environment:checking '/home/kaeboon/KBoon/ee4308_proj2/install/ee4308_interfaces/bin'
[4.291s] INFO:colcon.colcon_core.shell:Creating package script '/home/kaeboon/KBoon/ee4308_proj2/install/ee4308_interfaces/share/ee4308_interfaces/package.ps1'
[4.292s] INFO:colcon.colcon_core.shell:Creating package descriptor '/home/kaeboon/KBoon/ee4308_proj2/install/ee4308_interfaces/share/ee4308_interfaces/package.dsv'
[4.293s] INFO:colcon.colcon_core.shell:Creating package script '/home/kaeboon/KBoon/ee4308_proj2/install/ee4308_interfaces/share/ee4308_interfaces/package.sh'
[4.293s] INFO:colcon.colcon_core.shell:Creating package script '/home/kaeboon/KBoon/ee4308_proj2/install/ee4308_interfaces/share/ee4308_interfaces/package.bash'
[4.293s] INFO:colcon.colcon_core.shell:Creating package script '/home/kaeboon/KBoon/ee4308_proj2/install/ee4308_interfaces/share/ee4308_interfaces/package.zsh'
[4.294s] Level 1:colcon.colcon_core.environment:create_file_with_runtime_dependencies(/home/kaeboon/KBoon/ee4308_proj2/install/ee4308_interfaces/share/colcon-core/packages/ee4308_interfaces)
[4.485s] Level 1:colcon.colcon_core.environment:create_environment_scripts_only(ee4308_interfaces)
[4.510s] Level 1:colcon.colcon_core.environment:checking '/home/kaeboon/KBoon/ee4308_proj2/install/ee4308_interfaces' for CMake module files
[4.511s] Level 1:colcon.colcon_core.environment:checking '/home/kaeboon/KBoon/ee4308_proj2/install/ee4308_interfaces' for CMake config files
[4.512s] Level 1:colcon.colcon_core.shell:create_environment_hook('ee4308_interfaces', 'cmake_prefix_path')
[4.532s] INFO:colcon.colcon_core.shell:Creating environment hook '/home/kaeboon/KBoon/ee4308_proj2/install/ee4308_interfaces/share/ee4308_interfaces/hook/cmake_prefix_path.ps1'
[4.533s] INFO:colcon.colcon_core.shell:Creating environment descriptor '/home/kaeboon/KBoon/ee4308_proj2/install/ee4308_interfaces/share/ee4308_interfaces/hook/cmake_prefix_path.dsv'
[4.533s] INFO:colcon.colcon_core.shell:Creating environment hook '/home/kaeboon/KBoon/ee4308_proj2/install/ee4308_interfaces/share/ee4308_interfaces/hook/cmake_prefix_path.sh'
[4.534s] Level 1:colcon.colcon_core.environment:checking '/home/kaeboon/KBoon/ee4308_proj2/install/ee4308_interfaces/lib'
[4.534s] Level 1:colcon.colcon_core.shell:create_environment_hook('ee4308_interfaces', 'ld_library_path_lib')
[4.549s] INFO:colcon.colcon_core.shell:Creating environment hook '/home/kaeboon/KBoon/ee4308_proj2/install/ee4308_interfaces/share/ee4308_interfaces/hook/ld_library_path_lib.ps1'
[4.550s] INFO:colcon.colcon_core.shell:Creating environment descriptor '/home/kaeboon/KBoon/ee4308_proj2/install/ee4308_interfaces/share/ee4308_interfaces/hook/ld_library_path_lib.dsv'
[4.550s] INFO:colcon.colcon_core.shell:Creating environment hook '/home/kaeboon/KBoon/ee4308_proj2/install/ee4308_interfaces/share/ee4308_interfaces/hook/ld_library_path_lib.sh'
[4.551s] Level 1:colcon.colcon_core.environment:checking '/home/kaeboon/KBoon/ee4308_proj2/install/ee4308_interfaces/bin'
[4.551s] Level 1:colcon.colcon_core.environment:checking '/home/kaeboon/KBoon/ee4308_proj2/install/ee4308_interfaces/lib/pkgconfig/ee4308_interfaces.pc'
[4.551s] Level 1:colcon.colcon_core.environment:checking '/home/kaeboon/KBoon/ee4308_proj2/install/ee4308_interfaces/lib/python3.10/site-packages'
[4.551s] Level 1:colcon.colcon_core.environment:checking '/home/kaeboon/KBoon/ee4308_proj2/install/ee4308_interfaces/bin'
[4.567s] INFO:colcon.colcon_core.shell:Creating package script '/home/kaeboon/KBoon/ee4308_proj2/install/ee4308_interfaces/share/ee4308_interfaces/package.ps1'
[4.568s] INFO:colcon.colcon_core.shell:Creating package descriptor '/home/kaeboon/KBoon/ee4308_proj2/install/ee4308_interfaces/share/ee4308_interfaces/package.dsv'
[4.569s] INFO:colcon.colcon_core.shell:Creating package script '/home/kaeboon/KBoon/ee4308_proj2/install/ee4308_interfaces/share/ee4308_interfaces/package.sh'
[4.569s] INFO:colcon.colcon_core.shell:Creating package script '/home/kaeboon/KBoon/ee4308_proj2/install/ee4308_interfaces/share/ee4308_interfaces/package.bash'
[4.570s] INFO:colcon.colcon_core.shell:Creating package script '/home/kaeboon/KBoon/ee4308_proj2/install/ee4308_interfaces/share/ee4308_interfaces/package.zsh'
[4.570s] Level 1:colcon.colcon_core.environment:create_file_with_runtime_dependencies(/home/kaeboon/KBoon/ee4308_proj2/install/ee4308_interfaces/share/colcon-core/packages/ee4308_interfaces)
[4.571s] INFO:colcon.colcon_ros.task.ament_cmake.build:Building ROS package in '/home/kaeboon/KBoon/ee4308_proj2/src/ee4308_drone' with build type 'ament_cmake'
[4.571s] INFO:colcon.colcon_cmake.task.cmake.build:Building CMake package in '/home/kaeboon/KBoon/ee4308_proj2/src/ee4308_drone'
[4.587s] INFO:colcon.colcon_core.shell:Skip shell extension 'powershell' for command environment: Not usable outside of PowerShell
[4.587s] DEBUG:colcon.colcon_core.shell:Skip shell extension 'dsv' for command environment
[4.668s] INFO:colcon.colcon_ros.task.ament_cmake.build:Building ROS package in '/home/kaeboon/KBoon/ee4308_proj2/src/ee4308_turtle' with build type 'ament_cmake'
[4.668s] INFO:colcon.colcon_cmake.task.cmake.build:Building CMake package in '/home/kaeboon/KBoon/ee4308_proj2/src/ee4308_turtle'
[4.690s] INFO:colcon.colcon_core.shell:Skip shell extension 'powershell' for command environment: Not usable outside of PowerShell
[4.691s] DEBUG:colcon.colcon_core.shell:Skip shell extension 'dsv' for command environment
[4.773s] DEBUG:colcon.colcon_core.event_handler.log_command:Invoking command in '/home/kaeboon/KBoon/ee4308_proj2/build/ee4308_drone': CMAKE_PREFIX_PATH=/home/kaeboon/KBoon/ee4308_proj2/install/ee4308_lib:/home/kaeboon/KBoon/ee4308_proj2/install/ee4308_interfaces:/home/kaeboon/sjtu_drone/install/sjtu_drone_description:/home/kaeboon/KBoon/ee4308_proj2/install/ee4308_turtle:/home/kaeboon/KBoon/ee4308_proj2/install/ee4308_drone:/home/kaeboon/KBoon/ee4308_proj2/install/ee4308_gazebo_plugins:/home/kaeboon/KBoon/ee4308_proj2/install/ee4308_bringup:/home/kaeboon/sjtu_drone/install/sjtu_drone_control:/home/kaeboon/sjtu_drone/install/sjtu_drone_bringup:/opt/ros/humble LD_LIBRARY_PATH=/home/kaeboon/KBoon/ee4308_proj2/install/ee4308_interfaces/lib:/home/kaeboon/sjtu_drone/install/sjtu_drone_description/lib:/home/kaeboon/KBoon/ee4308_proj2/install/ee4308_gazebo_plugins/lib:/usr/lib/x86_64-linux-gnu/gazebo-11/plugins:/opt/ros/humble/opt/rviz_ogre_vendor/lib:/opt/ros/humble/lib/x86_64-linux-gnu:/opt/ros/humble/lib:/usr/lib/x86_64-linux-gnu/gazebo-11/plugins:/usr/lib/x86_64-linux-gnu/gazebo-11/plugins:/usr/lib/x86_64-linux-gnu/gazebo-11/plugins:/usr/lib/x86_64-linux-gnu/gazebo-11/plugins:/usr/lib/x86_64-linux-gnu/gazebo-11/plugins:/usr/lib/x86_64-linux-gnu/gazebo-11/plugins:/usr/lib/x86_64-linux-gnu/gazebo-11/plugins:/usr/lib/x86_64-linux-gnu/gazebo-11/plugins:/usr/lib/x86_64-linux-gnu/gazebo-11/plugins:/usr/lib/x86_64-linux-gnu/gazebo-11/plugins:/usr/lib/x86_64-linux-gnu/gazebo-11/plugins:/usr/lib/x86_64-linux-gnu/gazebo-11/plugins:/usr/lib/x86_64-linux-gnu/gazebo-11/plugins:/usr/lib/x86_64-linux-gnu/gazebo-11/plugins:/usr/lib/x86_64-linux-gnu/gazebo-11/plugins:/usr/lib/x86_64-linux-gnu/gazebo-11/plugins:/usr/lib/x86_64-linux-gnu/gazebo-11/plugins:/usr/lib/x86_64-linux-gnu/gazebo-11/plugins:/usr/lib/x86_64-linux-gnu/gazebo-11/plugins:/usr/lib/x86_64-linux-gnu/gazebo-11/plugins:/usr/lib/x86_64-linux-gnu/gazebo-11/plugins:/usr/lib/x86_64-linux-gnu/gazebo-11/plugins:/usr/lib/x86_64-linux-gnu/gazebo-11/plugins:/usr/lib/x86_64-linux-gnu/gazebo-11/plugins:/usr/lib/x86_64-linux-gnu/gazebo-11/plugins:/usr/lib/x86_64-linux-gnu/gazebo-11/plugins:/usr/lib/x86_64-linux-gnu/gazebo-11/plugins:/usr/lib/x86_64-linux-gnu/gazebo-11/plugins:/usr/lib/x86_64-linux-gnu/gazebo-11/plugins:/usr/lib/x86_64-linux-gnu/gazebo-11/plugins:/usr/lib/x86_64-linux-gnu/gazebo-11/plugins:/usr/lib/x86_64-linux-gnu/gazebo-11/plugins:/usr/lib/x86_64-linux-gnu/gazebo-11/plugins:/usr/lib/x86_64-linux-gnu/gazebo-11/plugins:/usr/lib/x86_64-linux-gnu/gazebo-11/plugins:/usr/lib/x86_64-linux-gnu/gazebo-11/plugins /usr/bin/cmake --build /home/kaeboon/KBoon/ee4308_proj2/build/ee4308_drone -- -j4 -l4
[4.785s] DEBUG:colcon.colcon_core.event_handler.log_command:Invoking command in '/home/kaeboon/KBoon/ee4308_proj2/build/ee4308_turtle': CMAKE_PREFIX_PATH=/home/kaeboon/KBoon/ee4308_proj2/install/ee4308_lib:/home/kaeboon/KBoon/ee4308_proj2/install/ee4308_interfaces:/home/kaeboon/sjtu_drone/install/sjtu_drone_description:/home/kaeboon/KBoon/ee4308_proj2/install/ee4308_turtle:/home/kaeboon/KBoon/ee4308_proj2/install/ee4308_drone:/home/kaeboon/KBoon/ee4308_proj2/install/ee4308_gazebo_plugins:/home/kaeboon/KBoon/ee4308_proj2/install/ee4308_bringup:/home/kaeboon/sjtu_drone/install/sjtu_drone_control:/home/kaeboon/sjtu_drone/install/sjtu_drone_bringup:/opt/ros/humble LD_LIBRARY_PATH=/home/kaeboon/KBoon/ee4308_proj2/install/ee4308_interfaces/lib:/home/kaeboon/sjtu_drone/install/sjtu_drone_description/lib:/home/kaeboon/KBoon/ee4308_proj2/install/ee4308_gazebo_plugins/lib:/usr/lib/x86_64-linux-gnu/gazebo-11/plugins:/opt/ros/humble/opt/rviz_ogre_vendor/lib:/opt/ros/humble/lib/x86_64-linux-gnu:/opt/ros/humble/lib:/usr/lib/x86_64-linux-gnu/gazebo-11/plugins:/usr/lib/x86_64-linux-gnu/gazebo-11/plugins:/usr/lib/x86_64-linux-gnu/gazebo-11/plugins:/usr/lib/x86_64-linux-gnu/gazebo-11/plugins:/usr/lib/x86_64-linux-gnu/gazebo-11/plugins:/usr/lib/x86_64-linux-gnu/gazebo-11/plugins:/usr/lib/x86_64-linux-gnu/gazebo-11/plugins:/usr/lib/x86_64-linux-gnu/gazebo-11/plugins:/usr/lib/x86_64-linux-gnu/gazebo-11/plugins:/usr/lib/x86_64-linux-gnu/gazebo-11/plugins:/usr/lib/x86_64-linux-gnu/gazebo-11/plugins:/usr/lib/x86_64-linux-gnu/gazebo-11/plugins:/usr/lib/x86_64-linux-gnu/gazebo-11/plugins:/usr/lib/x86_64-linux-gnu/gazebo-11/plugins:/usr/lib/x86_64-linux-gnu/gazebo-11/plugins:/usr/lib/x86_64-linux-gnu/gazebo-11/plugins:/usr/lib/x86_64-linux-gnu/gazebo-11/plugins:/usr/lib/x86_64-linux-gnu/gazebo-11/plugins:/usr/lib/x86_64-linux-gnu/gazebo-11/plugins:/usr/lib/x86_64-linux-gnu/gazebo-11/plugins:/usr/lib/x86_64-linux-gnu/gazebo-11/plugins:/usr/lib/x86_64-linux-gnu/gazebo-11/plugins:/usr/lib/x86_64-linux-gnu/gazebo-11/plugins:/usr/lib/x86_64-linux-gnu/gazebo-11/plugins:/usr/lib/x86_64-linux-gnu/gazebo-11/plugins:/usr/lib/x86_64-linux-gnu/gazebo-11/plugins:/usr/lib/x86_64-linux-gnu/gazebo-11/plugins:/usr/lib/x86_64-linux-gnu/gazebo-11/plugins:/usr/lib/x86_64-linux-gnu/gazebo-11/plugins:/usr/lib/x86_64-linux-gnu/gazebo-11/plugins:/usr/lib/x86_64-linux-gnu/gazebo-11/plugins:/usr/lib/x86_64-linux-gnu/gazebo-11/plugins:/usr/lib/x86_64-linux-gnu/gazebo-11/plugins:/usr/lib/x86_64-linux-gnu/gazebo-11/plugins:/usr/lib/x86_64-linux-gnu/gazebo-11/plugins:/usr/lib/x86_64-linux-gnu/gazebo-11/plugins /usr/bin/cmake --build /home/kaeboon/KBoon/ee4308_proj2/build/ee4308_turtle -- -j4 -l4
[5.095s] DEBUG:colcon.colcon_core.event_handler.log_command:Invoked command in '/home/kaeboon/KBoon/ee4308_proj2/build/ee4308_turtle' returned '0': CMAKE_PREFIX_PATH=/home/kaeboon/KBoon/ee4308_proj2/install/ee4308_lib:/home/kaeboon/KBoon/ee4308_proj2/install/ee4308_interfaces:/home/kaeboon/sjtu_drone/install/sjtu_drone_description:/home/kaeboon/KBoon/ee4308_proj2/install/ee4308_turtle:/home/kaeboon/KBoon/ee4308_proj2/install/ee4308_drone:/home/kaeboon/KBoon/ee4308_proj2/install/ee4308_gazebo_plugins:/home/kaeboon/KBoon/ee4308_proj2/install/ee4308_bringup:/home/kaeboon/sjtu_drone/install/sjtu_drone_control:/home/kaeboon/sjtu_drone/install/sjtu_drone_bringup:/opt/ros/humble LD_LIBRARY_PATH=/home/kaeboon/KBoon/ee4308_proj2/install/ee4308_interfaces/lib:/home/kaeboon/sjtu_drone/install/sjtu_drone_description/lib:/home/kaeboon/KBoon/ee4308_proj2/install/ee4308_gazebo_plugins/lib:/usr/lib/x86_64-linux-gnu/gazebo-11/plugins:/opt/ros/humble/opt/rviz_ogre_vendor/lib:/opt/ros/humble/lib/x86_64-linux-gnu:/opt/ros/humble/lib:/usr/lib/x86_64-linux-gnu/gazebo-11/plugins:/usr/lib/x86_64-linux-gnu/gazebo-11/plugins:/usr/lib/x86_64-linux-gnu/gazebo-11/plugins:/usr/lib/x86_64-linux-gnu/gazebo-11/plugins:/usr/lib/x86_64-linux-gnu/gazebo-11/plugins:/usr/lib/x86_64-linux-gnu/gazebo-11/plugins:/usr/lib/x86_64-linux-gnu/gazebo-11/plugins:/usr/lib/x86_64-linux-gnu/gazebo-11/plugins:/usr/lib/x86_64-linux-gnu/gazebo-11/plugins:/usr/lib/x86_64-linux-gnu/gazebo-11/plugins:/usr/lib/x86_64-linux-gnu/gazebo-11/plugins:/usr/lib/x86_64-linux-gnu/gazebo-11/plugins:/usr/lib/x86_64-linux-gnu/gazebo-11/plugins:/usr/lib/x86_64-linux-gnu/gazebo-11/plugins:/usr/lib/x86_64-linux-gnu/gazebo-11/plugins:/usr/lib/x86_64-linux-gnu/gazebo-11/plugins:/usr/lib/x86_64-linux-gnu/gazebo-11/plugins:/usr/lib/x86_64-linux-gnu/gazebo-11/plugins:/usr/lib/x86_64-linux-gnu/gazebo-11/plugins:/usr/lib/x86_64-linux-gnu/gazebo-11/plugins:/usr/lib/x86_64-linux-gnu/gazebo-11/plugins:/usr/lib/x86_64-linux-gnu/gazebo-11/plugins:/usr/lib/x86_64-linux-gnu/gazebo-11/plugins:/usr/lib/x86_64-linux-gnu/gazebo-11/plugins:/usr/lib/x86_64-linux-gnu/gazebo-11/plugins:/usr/lib/x86_64-linux-gnu/gazebo-11/plugins:/usr/lib/x86_64-linux-gnu/gazebo-11/plugins:/usr/lib/x86_64-linux-gnu/gazebo-11/plugins:/usr/lib/x86_64-linux-gnu/gazebo-11/plugins:/usr/lib/x86_64-linux-gnu/gazebo-11/plugins:/usr/lib/x86_64-linux-gnu/gazebo-11/plugins:/usr/lib/x86_64-linux-gnu/gazebo-11/plugins:/usr/lib/x86_64-linux-gnu/gazebo-11/plugins:/usr/lib/x86_64-linux-gnu/gazebo-11/plugins:/usr/lib/x86_64-linux-gnu/gazebo-11/plugins:/usr/lib/x86_64-linux-gnu/gazebo-11/plugins /usr/bin/cmake --build /home/kaeboon/KBoon/ee4308_proj2/build/ee4308_turtle -- -j4 -l4
[5.152s] DEBUG:colcon.colcon_core.event_handler.log_command:Invoking command in '/home/kaeboon/KBoon/ee4308_proj2/build/ee4308_turtle': CMAKE_PREFIX_PATH=/home/kaeboon/KBoon/ee4308_proj2/install/ee4308_lib:/home/kaeboon/KBoon/ee4308_proj2/install/ee4308_interfaces:/home/kaeboon/sjtu_drone/install/sjtu_drone_description:/home/kaeboon/KBoon/ee4308_proj2/install/ee4308_turtle:/home/kaeboon/KBoon/ee4308_proj2/install/ee4308_drone:/home/kaeboon/KBoon/ee4308_proj2/install/ee4308_gazebo_plugins:/home/kaeboon/KBoon/ee4308_proj2/install/ee4308_bringup:/home/kaeboon/sjtu_drone/install/sjtu_drone_control:/home/kaeboon/sjtu_drone/install/sjtu_drone_bringup:/opt/ros/humble LD_LIBRARY_PATH=/home/kaeboon/KBoon/ee4308_proj2/install/ee4308_interfaces/lib:/home/kaeboon/sjtu_drone/install/sjtu_drone_description/lib:/home/kaeboon/KBoon/ee4308_proj2/install/ee4308_gazebo_plugins/lib:/usr/lib/x86_64-linux-gnu/gazebo-11/plugins:/opt/ros/humble/opt/rviz_ogre_vendor/lib:/opt/ros/humble/lib/x86_64-linux-gnu:/opt/ros/humble/lib:/usr/lib/x86_64-linux-gnu/gazebo-11/plugins:/usr/lib/x86_64-linux-gnu/gazebo-11/plugins:/usr/lib/x86_64-linux-gnu/gazebo-11/plugins:/usr/lib/x86_64-linux-gnu/gazebo-11/plugins:/usr/lib/x86_64-linux-gnu/gazebo-11/plugins:/usr/lib/x86_64-linux-gnu/gazebo-11/plugins:/usr/lib/x86_64-linux-gnu/gazebo-11/plugins:/usr/lib/x86_64-linux-gnu/gazebo-11/plugins:/usr/lib/x86_64-linux-gnu/gazebo-11/plugins:/usr/lib/x86_64-linux-gnu/gazebo-11/plugins:/usr/lib/x86_64-linux-gnu/gazebo-11/plugins:/usr/lib/x86_64-linux-gnu/gazebo-11/plugins:/usr/lib/x86_64-linux-gnu/gazebo-11/plugins:/usr/lib/x86_64-linux-gnu/gazebo-11/plugins:/usr/lib/x86_64-linux-gnu/gazebo-11/plugins:/usr/lib/x86_64-linux-gnu/gazebo-11/plugins:/usr/lib/x86_64-linux-gnu/gazebo-11/plugins:/usr/lib/x86_64-linux-gnu/gazebo-11/plugins:/usr/lib/x86_64-linux-gnu/gazebo-11/plugins:/usr/lib/x86_64-linux-gnu/gazebo-11/plugins:/usr/lib/x86_64-linux-gnu/gazebo-11/plugins:/usr/lib/x86_64-linux-gnu/gazebo-11/plugins:/usr/lib/x86_64-linux-gnu/gazebo-11/plugins:/usr/lib/x86_64-linux-gnu/gazebo-11/plugins:/usr/lib/x86_64-linux-gnu/gazebo-11/plugins:/usr/lib/x86_64-linux-gnu/gazebo-11/plugins:/usr/lib/x86_64-linux-gnu/gazebo-11/plugins:/usr/lib/x86_64-linux-gnu/gazebo-11/plugins:/usr/lib/x86_64-linux-gnu/gazebo-11/plugins:/usr/lib/x86_64-linux-gnu/gazebo-11/plugins:/usr/lib/x86_64-linux-gnu/gazebo-11/plugins:/usr/lib/x86_64-linux-gnu/gazebo-11/plugins:/usr/lib/x86_64-linux-gnu/gazebo-11/plugins:/usr/lib/x86_64-linux-gnu/gazebo-11/plugins:/usr/lib/x86_64-linux-gnu/gazebo-11/plugins:/usr/lib/x86_64-linux-gnu/gazebo-11/plugins /usr/bin/cmake --install /home/kaeboon/KBoon/ee4308_proj2/build/ee4308_turtle
[5.191s] Level 1:colcon.colcon_core.environment:create_environment_scripts_only(ee4308_turtle)
[5.193s] DEBUG:colcon.colcon_core.event_handler.log_command:Invoked command in '/home/kaeboon/KBoon/ee4308_proj2/build/ee4308_turtle' returned '0': CMAKE_PREFIX_PATH=/home/kaeboon/KBoon/ee4308_proj2/install/ee4308_lib:/home/kaeboon/KBoon/ee4308_proj2/install/ee4308_interfaces:/home/kaeboon/sjtu_drone/install/sjtu_drone_description:/home/kaeboon/KBoon/ee4308_proj2/install/ee4308_turtle:/home/kaeboon/KBoon/ee4308_proj2/install/ee4308_drone:/home/kaeboon/KBoon/ee4308_proj2/install/ee4308_gazebo_plugins:/home/kaeboon/KBoon/ee4308_proj2/install/ee4308_bringup:/home/kaeboon/sjtu_drone/install/sjtu_drone_control:/home/kaeboon/sjtu_drone/install/sjtu_drone_bringup:/opt/ros/humble LD_LIBRARY_PATH=/home/kaeboon/KBoon/ee4308_proj2/install/ee4308_interfaces/lib:/home/kaeboon/sjtu_drone/install/sjtu_drone_description/lib:/home/kaeboon/KBoon/ee4308_proj2/install/ee4308_gazebo_plugins/lib:/usr/lib/x86_64-linux-gnu/gazebo-11/plugins:/opt/ros/humble/opt/rviz_ogre_vendor/lib:/opt/ros/humble/lib/x86_64-linux-gnu:/opt/ros/humble/lib:/usr/lib/x86_64-linux-gnu/gazebo-11/plugins:/usr/lib/x86_64-linux-gnu/gazebo-11/plugins:/usr/lib/x86_64-linux-gnu/gazebo-11/plugins:/usr/lib/x86_64-linux-gnu/gazebo-11/plugins:/usr/lib/x86_64-linux-gnu/gazebo-11/plugins:/usr/lib/x86_64-linux-gnu/gazebo-11/plugins:/usr/lib/x86_64-linux-gnu/gazebo-11/plugins:/usr/lib/x86_64-linux-gnu/gazebo-11/plugins:/usr/lib/x86_64-linux-gnu/gazebo-11/plugins:/usr/lib/x86_64-linux-gnu/gazebo-11/plugins:/usr/lib/x86_64-linux-gnu/gazebo-11/plugins:/usr/lib/x86_64-linux-gnu/gazebo-11/plugins:/usr/lib/x86_64-linux-gnu/gazebo-11/plugins:/usr/lib/x86_64-linux-gnu/gazebo-11/plugins:/usr/lib/x86_64-linux-gnu/gazebo-11/plugins:/usr/lib/x86_64-linux-gnu/gazebo-11/plugins:/usr/lib/x86_64-linux-gnu/gazebo-11/plugins:/usr/lib/x86_64-linux-gnu/gazebo-11/plugins:/usr/lib/x86_64-linux-gnu/gazebo-11/plugins:/usr/lib/x86_64-linux-gnu/gazebo-11/plugins:/usr/lib/x86_64-linux-gnu/gazebo-11/plugins:/usr/lib/x86_64-linux-gnu/gazebo-11/plugins:/usr/lib/x86_64-linux-gnu/gazebo-11/plugins:/usr/lib/x86_64-linux-gnu/gazebo-11/plugins:/usr/lib/x86_64-linux-gnu/gazebo-11/plugins:/usr/lib/x86_64-linux-gnu/gazebo-11/plugins:/usr/lib/x86_64-linux-gnu/gazebo-11/plugins:/usr/lib/x86_64-linux-gnu/gazebo-11/plugins:/usr/lib/x86_64-linux-gnu/gazebo-11/plugins:/usr/lib/x86_64-linux-gnu/gazebo-11/plugins:/usr/lib/x86_64-linux-gnu/gazebo-11/plugins:/usr/lib/x86_64-linux-gnu/gazebo-11/plugins:/usr/lib/x86_64-linux-gnu/gazebo-11/plugins:/usr/lib/x86_64-linux-gnu/gazebo-11/plugins:/usr/lib/x86_64-linux-gnu/gazebo-11/plugins:/usr/lib/x86_64-linux-gnu/gazebo-11/plugins /usr/bin/cmake --install /home/kaeboon/KBoon/ee4308_proj2/build/ee4308_turtle
[5.209s] Level 1:colcon.colcon_core.environment:checking '/home/kaeboon/KBoon/ee4308_proj2/install/ee4308_turtle' for CMake module files
[5.209s] Level 1:colcon.colcon_core.environment:checking '/home/kaeboon/KBoon/ee4308_proj2/install/ee4308_turtle' for CMake config files
[5.217s] Level 1:colcon.colcon_core.shell:create_environment_hook('ee4308_turtle', 'cmake_prefix_path')
[5.244s] INFO:colcon.colcon_core.shell:Creating environment hook '/home/kaeboon/KBoon/ee4308_proj2/install/ee4308_turtle/share/ee4308_turtle/hook/cmake_prefix_path.ps1'
[5.244s] INFO:colcon.colcon_core.shell:Creating environment descriptor '/home/kaeboon/KBoon/ee4308_proj2/install/ee4308_turtle/share/ee4308_turtle/hook/cmake_prefix_path.dsv'
[5.245s] INFO:colcon.colcon_core.shell:Creating environment hook '/home/kaeboon/KBoon/ee4308_proj2/install/ee4308_turtle/share/ee4308_turtle/hook/cmake_prefix_path.sh'
[5.246s] Level 1:colcon.colcon_core.environment:checking '/home/kaeboon/KBoon/ee4308_proj2/install/ee4308_turtle/lib'
[5.246s] Level 1:colcon.colcon_core.environment:checking '/home/kaeboon/KBoon/ee4308_proj2/install/ee4308_turtle/bin'
[5.246s] Level 1:colcon.colcon_core.environment:checking '/home/kaeboon/KBoon/ee4308_proj2/install/ee4308_turtle/lib/pkgconfig/ee4308_turtle.pc'
[5.246s] Level 1:colcon.colcon_core.environment:checking '/home/kaeboon/KBoon/ee4308_proj2/install/ee4308_turtle/lib/python3.10/site-packages'
[5.246s] Level 1:colcon.colcon_core.environment:checking '/home/kaeboon/KBoon/ee4308_proj2/install/ee4308_turtle/bin'
[5.266s] INFO:colcon.colcon_core.shell:Creating package script '/home/kaeboon/KBoon/ee4308_proj2/install/ee4308_turtle/share/ee4308_turtle/package.ps1'
[5.267s] INFO:colcon.colcon_core.shell:Creating package descriptor '/home/kaeboon/KBoon/ee4308_proj2/install/ee4308_turtle/share/ee4308_turtle/package.dsv'
[5.267s] INFO:colcon.colcon_core.shell:Creating package script '/home/kaeboon/KBoon/ee4308_proj2/install/ee4308_turtle/share/ee4308_turtle/package.sh'
[5.268s] INFO:colcon.colcon_core.shell:Creating package script '/home/kaeboon/KBoon/ee4308_proj2/install/ee4308_turtle/share/ee4308_turtle/package.bash'
[5.268s] INFO:colcon.colcon_core.shell:Creating package script '/home/kaeboon/KBoon/ee4308_proj2/install/ee4308_turtle/share/ee4308_turtle/package.zsh'
[5.269s] Level 1:colcon.colcon_core.environment:create_file_with_runtime_dependencies(/home/kaeboon/KBoon/ee4308_proj2/install/ee4308_turtle/share/colcon-core/packages/ee4308_turtle)
[5.326s] Level 1:colcon.colcon_core.environment:create_environment_scripts_only(ee4308_turtle)
[5.356s] Level 1:colcon.colcon_core.environment:checking '/home/kaeboon/KBoon/ee4308_proj2/install/ee4308_turtle' for CMake module files
[5.359s] Level 1:colcon.colcon_core.environment:checking '/home/kaeboon/KBoon/ee4308_proj2/install/ee4308_turtle' for CMake config files
[5.359s] Level 1:colcon.colcon_core.shell:create_environment_hook('ee4308_turtle', 'cmake_prefix_path')
[5.376s] INFO:colcon.colcon_core.shell:Creating environment hook '/home/kaeboon/KBoon/ee4308_proj2/install/ee4308_turtle/share/ee4308_turtle/hook/cmake_prefix_path.ps1'
[5.376s] INFO:colcon.colcon_core.shell:Creating environment descriptor '/home/kaeboon/KBoon/ee4308_proj2/install/ee4308_turtle/share/ee4308_turtle/hook/cmake_prefix_path.dsv'
[5.376s] INFO:colcon.colcon_core.shell:Creating environment hook '/home/kaeboon/KBoon/ee4308_proj2/install/ee4308_turtle/share/ee4308_turtle/hook/cmake_prefix_path.sh'
[5.377s] Level 1:colcon.colcon_core.environment:checking '/home/kaeboon/KBoon/ee4308_proj2/install/ee4308_turtle/lib'
[5.377s] Level 1:colcon.colcon_core.environment:checking '/home/kaeboon/KBoon/ee4308_proj2/install/ee4308_turtle/bin'
[5.377s] Level 1:colcon.colcon_core.environment:checking '/home/kaeboon/KBoon/ee4308_proj2/install/ee4308_turtle/lib/pkgconfig/ee4308_turtle.pc'
[5.378s] Level 1:colcon.colcon_core.environment:checking '/home/kaeboon/KBoon/ee4308_proj2/install/ee4308_turtle/lib/python3.10/site-packages'
[5.378s] Level 1:colcon.colcon_core.environment:checking '/home/kaeboon/KBoon/ee4308_proj2/install/ee4308_turtle/bin'
[5.393s] INFO:colcon.colcon_core.shell:Creating package script '/home/kaeboon/KBoon/ee4308_proj2/install/ee4308_turtle/share/ee4308_turtle/package.ps1'
[5.393s] INFO:colcon.colcon_core.shell:Creating package descriptor '/home/kaeboon/KBoon/ee4308_proj2/install/ee4308_turtle/share/ee4308_turtle/package.dsv'
[5.394s] INFO:colcon.colcon_core.shell:Creating package script '/home/kaeboon/KBoon/ee4308_proj2/install/ee4308_turtle/share/ee4308_turtle/package.sh'
[5.394s] INFO:colcon.colcon_core.shell:Creating package script '/home/kaeboon/KBoon/ee4308_proj2/install/ee4308_turtle/share/ee4308_turtle/package.bash'
[5.395s] INFO:colcon.colcon_core.shell:Creating package script '/home/kaeboon/KBoon/ee4308_proj2/install/ee4308_turtle/share/ee4308_turtle/package.zsh'
[5.395s] Level 1:colcon.colcon_core.environment:create_file_with_runtime_dependencies(/home/kaeboon/KBoon/ee4308_proj2/install/ee4308_turtle/share/colcon-core/packages/ee4308_turtle)
[21.275s] DEBUG:colcon.colcon_core.event_handler.log_command:Invoked command in '/home/kaeboon/KBoon/ee4308_proj2/build/ee4308_drone' returned '0': CMAKE_PREFIX_PATH=/home/kaeboon/KBoon/ee4308_proj2/install/ee4308_lib:/home/kaeboon/KBoon/ee4308_proj2/install/ee4308_interfaces:/home/kaeboon/sjtu_drone/install/sjtu_drone_description:/home/kaeboon/KBoon/ee4308_proj2/install/ee4308_turtle:/home/kaeboon/KBoon/ee4308_proj2/install/ee4308_drone:/home/kaeboon/KBoon/ee4308_proj2/install/ee4308_gazebo_plugins:/home/kaeboon/KBoon/ee4308_proj2/install/ee4308_bringup:/home/kaeboon/sjtu_drone/install/sjtu_drone_control:/home/kaeboon/sjtu_drone/install/sjtu_drone_bringup:/opt/ros/humble LD_LIBRARY_PATH=/home/kaeboon/KBoon/ee4308_proj2/install/ee4308_interfaces/lib:/home/kaeboon/sjtu_drone/install/sjtu_drone_description/lib:/home/kaeboon/KBoon/ee4308_proj2/install/ee4308_gazebo_plugins/lib:/usr/lib/x86_64-linux-gnu/gazebo-11/plugins:/opt/ros/humble/opt/rviz_ogre_vendor/lib:/opt/ros/humble/lib/x86_64-linux-gnu:/opt/ros/humble/lib:/usr/lib/x86_64-linux-gnu/gazebo-11/plugins:/usr/lib/x86_64-linux-gnu/gazebo-11/plugins:/usr/lib/x86_64-linux-gnu/gazebo-11/plugins:/usr/lib/x86_64-linux-gnu/gazebo-11/plugins:/usr/lib/x86_64-linux-gnu/gazebo-11/plugins:/usr/lib/x86_64-linux-gnu/gazebo-11/plugins:/usr/lib/x86_64-linux-gnu/gazebo-11/plugins:/usr/lib/x86_64-linux-gnu/gazebo-11/plugins:/usr/lib/x86_64-linux-gnu/gazebo-11/plugins:/usr/lib/x86_64-linux-gnu/gazebo-11/plugins:/usr/lib/x86_64-linux-gnu/gazebo-11/plugins:/usr/lib/x86_64-linux-gnu/gazebo-11/plugins:/usr/lib/x86_64-linux-gnu/gazebo-11/plugins:/usr/lib/x86_64-linux-gnu/gazebo-11/plugins:/usr/lib/x86_64-linux-gnu/gazebo-11/plugins:/usr/lib/x86_64-linux-gnu/gazebo-11/plugins:/usr/lib/x86_64-linux-gnu/gazebo-11/plugins:/usr/lib/x86_64-linux-gnu/gazebo-11/plugins:/usr/lib/x86_64-linux-gnu/gazebo-11/plugins:/usr/lib/x86_64-linux-gnu/gazebo-11/plugins:/usr/lib/x86_64-linux-gnu/gazebo-11/plugins:/usr/lib/x86_64-linux-gnu/gazebo-11/plugins:/usr/lib/x86_64-linux-gnu/gazebo-11/plugins:/usr/lib/x86_64-linux-gnu/gazebo-11/plugins:/usr/lib/x86_64-linux-gnu/gazebo-11/plugins:/usr/lib/x86_64-linux-gnu/gazebo-11/plugins:/usr/lib/x86_64-linux-gnu/gazebo-11/plugins:/usr/lib/x86_64-linux-gnu/gazebo-11/plugins:/usr/lib/x86_64-linux-gnu/gazebo-11/plugins:/usr/lib/x86_64-linux-gnu/gazebo-11/plugins:/usr/lib/x86_64-linux-gnu/gazebo-11/plugins:/usr/lib/x86_64-linux-gnu/gazebo-11/plugins:/usr/lib/x86_64-linux-gnu/gazebo-11/plugins:/usr/lib/x86_64-linux-gnu/gazebo-11/plugins:/usr/lib/x86_64-linux-gnu/gazebo-11/plugins:/usr/lib/x86_64-linux-gnu/gazebo-11/plugins /usr/bin/cmake --build /home/kaeboon/KBoon/ee4308_proj2/build/ee4308_drone -- -j4 -l4
[21.343s] DEBUG:colcon.colcon_core.event_handler.log_command:Invoking command in '/home/kaeboon/KBoon/ee4308_proj2/build/ee4308_drone': CMAKE_PREFIX_PATH=/home/kaeboon/KBoon/ee4308_proj2/install/ee4308_lib:/home/kaeboon/KBoon/ee4308_proj2/install/ee4308_interfaces:/home/kaeboon/sjtu_drone/install/sjtu_drone_description:/home/kaeboon/KBoon/ee4308_proj2/install/ee4308_turtle:/home/kaeboon/KBoon/ee4308_proj2/install/ee4308_drone:/home/kaeboon/KBoon/ee4308_proj2/install/ee4308_gazebo_plugins:/home/kaeboon/KBoon/ee4308_proj2/install/ee4308_bringup:/home/kaeboon/sjtu_drone/install/sjtu_drone_control:/home/kaeboon/sjtu_drone/install/sjtu_drone_bringup:/opt/ros/humble LD_LIBRARY_PATH=/home/kaeboon/KBoon/ee4308_proj2/install/ee4308_interfaces/lib:/home/kaeboon/sjtu_drone/install/sjtu_drone_description/lib:/home/kaeboon/KBoon/ee4308_proj2/install/ee4308_gazebo_plugins/lib:/usr/lib/x86_64-linux-gnu/gazebo-11/plugins:/opt/ros/humble/opt/rviz_ogre_vendor/lib:/opt/ros/humble/lib/x86_64-linux-gnu:/opt/ros/humble/lib:/usr/lib/x86_64-linux-gnu/gazebo-11/plugins:/usr/lib/x86_64-linux-gnu/gazebo-11/plugins:/usr/lib/x86_64-linux-gnu/gazebo-11/plugins:/usr/lib/x86_64-linux-gnu/gazebo-11/plugins:/usr/lib/x86_64-linux-gnu/gazebo-11/plugins:/usr/lib/x86_64-linux-gnu/gazebo-11/plugins:/usr/lib/x86_64-linux-gnu/gazebo-11/plugins:/usr/lib/x86_64-linux-gnu/gazebo-11/plugins:/usr/lib/x86_64-linux-gnu/gazebo-11/plugins:/usr/lib/x86_64-linux-gnu/gazebo-11/plugins:/usr/lib/x86_64-linux-gnu/gazebo-11/plugins:/usr/lib/x86_64-linux-gnu/gazebo-11/plugins:/usr/lib/x86_64-linux-gnu/gazebo-11/plugins:/usr/lib/x86_64-linux-gnu/gazebo-11/plugins:/usr/lib/x86_64-linux-gnu/gazebo-11/plugins:/usr/lib/x86_64-linux-gnu/gazebo-11/plugins:/usr/lib/x86_64-linux-gnu/gazebo-11/plugins:/usr/lib/x86_64-linux-gnu/gazebo-11/plugins:/usr/lib/x86_64-linux-gnu/gazebo-11/plugins:/usr/lib/x86_64-linux-gnu/gazebo-11/plugins:/usr/lib/x86_64-linux-gnu/gazebo-11/plugins:/usr/lib/x86_64-linux-gnu/gazebo-11/plugins:/usr/lib/x86_64-linux-gnu/gazebo-11/plugins:/usr/lib/x86_64-linux-gnu/gazebo-11/plugins:/usr/lib/x86_64-linux-gnu/gazebo-11/plugins:/usr/lib/x86_64-linux-gnu/gazebo-11/plugins:/usr/lib/x86_64-linux-gnu/gazebo-11/plugins:/usr/lib/x86_64-linux-gnu/gazebo-11/plugins:/usr/lib/x86_64-linux-gnu/gazebo-11/plugins:/usr/lib/x86_64-linux-gnu/gazebo-11/plugins:/usr/lib/x86_64-linux-gnu/gazebo-11/plugins:/usr/lib/x86_64-linux-gnu/gazebo-11/plugins:/usr/lib/x86_64-linux-gnu/gazebo-11/plugins:/usr/lib/x86_64-linux-gnu/gazebo-11/plugins:/usr/lib/x86_64-linux-gnu/gazebo-11/plugins:/usr/lib/x86_64-linux-gnu/gazebo-11/plugins /usr/bin/cmake --install /home/kaeboon/KBoon/ee4308_proj2/build/ee4308_drone
[21.383s] Level 1:colcon.colcon_core.environment:create_environment_scripts_only(ee4308_drone)
[21.398s] DEBUG:colcon.colcon_core.event_handler.log_command:Invoked command in '/home/kaeboon/KBoon/ee4308_proj2/build/ee4308_drone' returned '0': CMAKE_PREFIX_PATH=/home/kaeboon/KBoon/ee4308_proj2/install/ee4308_lib:/home/kaeboon/KBoon/ee4308_proj2/install/ee4308_interfaces:/home/kaeboon/sjtu_drone/install/sjtu_drone_description:/home/kaeboon/KBoon/ee4308_proj2/install/ee4308_turtle:/home/kaeboon/KBoon/ee4308_proj2/install/ee4308_drone:/home/kaeboon/KBoon/ee4308_proj2/install/ee4308_gazebo_plugins:/home/kaeboon/KBoon/ee4308_proj2/install/ee4308_bringup:/home/kaeboon/sjtu_drone/install/sjtu_drone_control:/home/kaeboon/sjtu_drone/install/sjtu_drone_bringup:/opt/ros/humble LD_LIBRARY_PATH=/home/kaeboon/KBoon/ee4308_proj2/install/ee4308_interfaces/lib:/home/kaeboon/sjtu_drone/install/sjtu_drone_description/lib:/home/kaeboon/KBoon/ee4308_proj2/install/ee4308_gazebo_plugins/lib:/usr/lib/x86_64-linux-gnu/gazebo-11/plugins:/opt/ros/humble/opt/rviz_ogre_vendor/lib:/opt/ros/humble/lib/x86_64-linux-gnu:/opt/ros/humble/lib:/usr/lib/x86_64-linux-gnu/gazebo-11/plugins:/usr/lib/x86_64-linux-gnu/gazebo-11/plugins:/usr/lib/x86_64-linux-gnu/gazebo-11/plugins:/usr/lib/x86_64-linux-gnu/gazebo-11/plugins:/usr/lib/x86_64-linux-gnu/gazebo-11/plugins:/usr/lib/x86_64-linux-gnu/gazebo-11/plugins:/usr/lib/x86_64-linux-gnu/gazebo-11/plugins:/usr/lib/x86_64-linux-gnu/gazebo-11/plugins:/usr/lib/x86_64-linux-gnu/gazebo-11/plugins:/usr/lib/x86_64-linux-gnu/gazebo-11/plugins:/usr/lib/x86_64-linux-gnu/gazebo-11/plugins:/usr/lib/x86_64-linux-gnu/gazebo-11/plugins:/usr/lib/x86_64-linux-gnu/gazebo-11/plugins:/usr/lib/x86_64-linux-gnu/gazebo-11/plugins:/usr/lib/x86_64-linux-gnu/gazebo-11/plugins:/usr/lib/x86_64-linux-gnu/gazebo-11/plugins:/usr/lib/x86_64-linux-gnu/gazebo-11/plugins:/usr/lib/x86_64-linux-gnu/gazebo-11/plugins:/usr/lib/x86_64-linux-gnu/gazebo-11/plugins:/usr/lib/x86_64-linux-gnu/gazebo-11/plugins:/usr/lib/x86_64-linux-gnu/gazebo-11/plugins:/usr/lib/x86_64-linux-gnu/gazebo-11/plugins:/usr/lib/x86_64-linux-gnu/gazebo-11/plugins:/usr/lib/x86_64-linux-gnu/gazebo-11/plugins:/usr/lib/x86_64-linux-gnu/gazebo-11/plugins:/usr/lib/x86_64-linux-gnu/gazebo-11/plugins:/usr/lib/x86_64-linux-gnu/gazebo-11/plugins:/usr/lib/x86_64-linux-gnu/gazebo-11/plugins:/usr/lib/x86_64-linux-gnu/gazebo-11/plugins:/usr/lib/x86_64-linux-gnu/gazebo-11/plugins:/usr/lib/x86_64-linux-gnu/gazebo-11/plugins:/usr/lib/x86_64-linux-gnu/gazebo-11/plugins:/usr/lib/x86_64-linux-gnu/gazebo-11/plugins:/usr/lib/x86_64-linux-gnu/gazebo-11/plugins:/usr/lib/x86_64-linux-gnu/gazebo-11/plugins:/usr/lib/x86_64-linux-gnu/gazebo-11/plugins /usr/bin/cmake --install /home/kaeboon/KBoon/ee4308_proj2/build/ee4308_drone
[21.404s] Level 1:colcon.colcon_core.environment:checking '/home/kaeboon/KBoon/ee4308_proj2/install/ee4308_drone' for CMake module files
[21.407s] Level 1:colcon.colcon_core.environment:checking '/home/kaeboon/KBoon/ee4308_proj2/install/ee4308_drone' for CMake config files
[21.408s] Level 1:colcon.colcon_core.shell:create_environment_hook('ee4308_drone', 'cmake_prefix_path')
[21.427s] INFO:colcon.colcon_core.shell:Creating environment hook '/home/kaeboon/KBoon/ee4308_proj2/install/ee4308_drone/share/ee4308_drone/hook/cmake_prefix_path.ps1'
[21.428s] INFO:colcon.colcon_core.shell:Creating environment descriptor '/home/kaeboon/KBoon/ee4308_proj2/install/ee4308_drone/share/ee4308_drone/hook/cmake_prefix_path.dsv'
[21.428s] INFO:colcon.colcon_core.shell:Creating environment hook '/home/kaeboon/KBoon/ee4308_proj2/install/ee4308_drone/share/ee4308_drone/hook/cmake_prefix_path.sh'
[21.429s] Level 1:colcon.colcon_core.environment:checking '/home/kaeboon/KBoon/ee4308_proj2/install/ee4308_drone/lib'
[21.429s] Level 1:colcon.colcon_core.environment:checking '/home/kaeboon/KBoon/ee4308_proj2/install/ee4308_drone/bin'
[21.429s] Level 1:colcon.colcon_core.environment:checking '/home/kaeboon/KBoon/ee4308_proj2/install/ee4308_drone/lib/pkgconfig/ee4308_drone.pc'
[21.429s] Level 1:colcon.colcon_core.environment:checking '/home/kaeboon/KBoon/ee4308_proj2/install/ee4308_drone/lib/python3.10/site-packages'
[21.429s] Level 1:colcon.colcon_core.environment:checking '/home/kaeboon/KBoon/ee4308_proj2/install/ee4308_drone/bin'
[21.451s] INFO:colcon.colcon_core.shell:Creating package script '/home/kaeboon/KBoon/ee4308_proj2/install/ee4308_drone/share/ee4308_drone/package.ps1'
[21.457s] INFO:colcon.colcon_core.shell:Creating package descriptor '/home/kaeboon/KBoon/ee4308_proj2/install/ee4308_drone/share/ee4308_drone/package.dsv'
[21.458s] INFO:colcon.colcon_core.shell:Creating package script '/home/kaeboon/KBoon/ee4308_proj2/install/ee4308_drone/share/ee4308_drone/package.sh'
[21.459s] INFO:colcon.colcon_core.shell:Creating package script '/home/kaeboon/KBoon/ee4308_proj2/install/ee4308_drone/share/ee4308_drone/package.bash'
[21.462s] INFO:colcon.colcon_core.shell:Creating package script '/home/kaeboon/KBoon/ee4308_proj2/install/ee4308_drone/share/ee4308_drone/package.zsh'
[21.463s] Level 1:colcon.colcon_core.environment:create_file_with_runtime_dependencies(/home/kaeboon/KBoon/ee4308_proj2/install/ee4308_drone/share/colcon-core/packages/ee4308_drone)
[21.613s] Level 1:colcon.colcon_core.environment:create_environment_scripts_only(ee4308_drone)
[21.647s] Level 1:colcon.colcon_core.environment:checking '/home/kaeboon/KBoon/ee4308_proj2/install/ee4308_drone' for CMake module files
[21.648s] Level 1:colcon.colcon_core.environment:checking '/home/kaeboon/KBoon/ee4308_proj2/install/ee4308_drone' for CMake config files
[21.648s] Level 1:colcon.colcon_core.shell:create_environment_hook('ee4308_drone', 'cmake_prefix_path')
[21.679s] INFO:colcon.colcon_core.shell:Creating environment hook '/home/kaeboon/KBoon/ee4308_proj2/install/ee4308_drone/share/ee4308_drone/hook/cmake_prefix_path.ps1'
[21.680s] INFO:colcon.colcon_core.shell:Creating environment descriptor '/home/kaeboon/KBoon/ee4308_proj2/install/ee4308_drone/share/ee4308_drone/hook/cmake_prefix_path.dsv'
[21.681s] INFO:colcon.colcon_core.shell:Creating environment hook '/home/kaeboon/KBoon/ee4308_proj2/install/ee4308_drone/share/ee4308_drone/hook/cmake_prefix_path.sh'
[21.683s] Level 1:colcon.colcon_core.environment:checking '/home/kaeboon/KBoon/ee4308_proj2/install/ee4308_drone/lib'
[21.683s] Level 1:colcon.colcon_core.environment:checking '/home/kaeboon/KBoon/ee4308_proj2/install/ee4308_drone/bin'
[21.683s] Level 1:colcon.colcon_core.environment:checking '/home/kaeboon/KBoon/ee4308_proj2/install/ee4308_drone/lib/pkgconfig/ee4308_drone.pc'
[21.684s] Level 1:colcon.colcon_core.environment:checking '/home/kaeboon/KBoon/ee4308_proj2/install/ee4308_drone/lib/python3.10/site-packages'
[21.684s] Level 1:colcon.colcon_core.environment:checking '/home/kaeboon/KBoon/ee4308_proj2/install/ee4308_drone/bin'
[21.719s] INFO:colcon.colcon_core.shell:Creating package script '/home/kaeboon/KBoon/ee4308_proj2/install/ee4308_drone/share/ee4308_drone/package.ps1'
[21.720s] INFO:colcon.colcon_core.shell:Creating package descriptor '/home/kaeboon/KBoon/ee4308_proj2/install/ee4308_drone/share/ee4308_drone/package.dsv'
[21.721s] INFO:colcon.colcon_core.shell:Creating package script '/home/kaeboon/KBoon/ee4308_proj2/install/ee4308_drone/share/ee4308_drone/package.sh'
[21.721s] INFO:colcon.colcon_core.shell:Creating package script '/home/kaeboon/KBoon/ee4308_proj2/install/ee4308_drone/share/ee4308_drone/package.bash'
[21.722s] INFO:colcon.colcon_core.shell:Creating package script '/home/kaeboon/KBoon/ee4308_proj2/install/ee4308_drone/share/ee4308_drone/package.zsh'
[21.722s] Level 1:colcon.colcon_core.environment:create_file_with_runtime_dependencies(/home/kaeboon/KBoon/ee4308_proj2/install/ee4308_drone/share/colcon-core/packages/ee4308_drone)
[21.723s] DEBUG:colcon.colcon_parallel_executor.executor.parallel:closing loop
[21.723s] DEBUG:colcon.colcon_parallel_executor.executor.parallel:loop closed
[21.723s] DEBUG:colcon.colcon_parallel_executor.executor.parallel:run_until_complete finished with '0'
[21.723s] DEBUG:colcon.colcon_core.event_reactor:joining thread
[21.783s] INFO:colcon.colcon_core.plugin_system:Skipping extension 'colcon_notification.desktop_notification.terminal_notifier': Not used on non-Darwin systems
[21.783s] INFO:colcon.colcon_core.plugin_system:Skipping extension 'colcon_notification.desktop_notification.win32': Not used on non-Windows systems
[21.784s] INFO:colcon.colcon_notification.desktop_notification:Sending desktop notification using 'notify2'
[21.801s] DEBUG:colcon.colcon_core.event_reactor:joined thread
[21.836s] INFO:colcon.colcon_core.shell:Creating prefix script '/home/kaeboon/KBoon/ee4308_proj2/install/local_setup.ps1'
[21.842s] INFO:colcon.colcon_core.shell:Creating prefix util module '/home/kaeboon/KBoon/ee4308_proj2/install/_local_setup_util_ps1.py'
[21.843s] INFO:colcon.colcon_core.shell:Creating prefix chain script '/home/kaeboon/KBoon/ee4308_proj2/install/setup.ps1'
[21.870s] INFO:colcon.colcon_core.shell:Creating prefix script '/home/kaeboon/KBoon/ee4308_proj2/install/local_setup.sh'
[21.870s] INFO:colcon.colcon_core.shell:Creating prefix util module '/home/kaeboon/KBoon/ee4308_proj2/install/_local_setup_util_sh.py'
[21.871s] INFO:colcon.colcon_core.shell:Creating prefix chain script '/home/kaeboon/KBoon/ee4308_proj2/install/setup.sh'
[21.892s] INFO:colcon.colcon_core.shell:Creating prefix script '/home/kaeboon/KBoon/ee4308_proj2/install/local_setup.bash'
[21.893s] INFO:colcon.colcon_core.shell:Creating prefix chain script '/home/kaeboon/KBoon/ee4308_proj2/install/setup.bash'
[21.922s] INFO:colcon.colcon_core.shell:Creating prefix script '/home/kaeboon/KBoon/ee4308_proj2/install/local_setup.zsh'
[21.923s] INFO:colcon.colcon_core.shell:Creating prefix chain script '/home/kaeboon/KBoon/ee4308_proj2/install/setup.zsh'
