[1.159s] DEBUG:colcon:Command line arguments: ['/usr/bin/colcon', 'build', '--symlink-install']
[1.159s] DEBUG:colcon:Parsed command line arguments: Namespace(log_base=None, log_level=None, verb_name='build', build_base='build', install_base='install', merge_install=False, symlink_install=True, test_result_base=None, continue_on_error=False, executor='parallel', parallel_workers=4, event_handlers=None, ignore_user_meta=False, metas=['./colcon.meta'], base_paths=['.'], packages_ignore=None, packages_ignore_regex=None, paths=None, packages_up_to=None, packages_up_to_regex=None, packages_above=None, packages_above_and_dependencies=None, packages_above_depth=None, packages_select_by_dep=None, packages_skip_by_dep=None, packages_skip_up_to=None, packages_select_build_failed=False, packages_skip_build_finished=False, packages_select_test_failures=False, packages_skip_test_passed=False, packages_select=None, packages_skip=None, packages_select_regex=None, packages_skip_regex=None, packages_start=None, packages_end=None, allow_overriding=[], cmake_args=None, cmake_target=None, cmake_target_skip_unavailable=False, cmake_clean_cache=False, cmake_clean_first=False, cmake_force_configure=False, ament_cmake_args=None, catkin_cmake_args=None, catkin_skip_building_tests=False, verb_parser=<colcon_defaults.argument_parser.defaults.DefaultArgumentsDecorator object at 0x7ac780652140>, verb_extension=<colcon_core.verb.build.BuildVerb object at 0x7ac7806516c0>, main=<bound method BuildVerb.main of <colcon_core.verb.build.BuildVerb object at 0x7ac7806516c0>>)
[1.214s] Level 1:colcon.colcon_core.package_discovery:discover_packages(colcon_meta) check parameters
[1.214s] Level 1:colcon.colcon_core.package_discovery:discover_packages(recursive) check parameters
[1.214s] Level 1:colcon.colcon_core.package_discovery:discover_packages(ignore) check parameters
[1.214s] Level 1:colcon.colcon_core.package_discovery:discover_packages(path) check parameters
[1.214s] Level 1:colcon.colcon_core.package_discovery:discover_packages(colcon_meta) discover
[1.215s] Level 1:colcon.colcon_core.package_discovery:discover_packages(recursive) discover
[1.215s] INFO:colcon.colcon_core.package_discovery:Crawling recursively for packages in '/home/kaeboon/KBoon/ee4308_proj2'
[1.215s] Level 1:colcon.colcon_core.package_identification:_identify(.) by extensions ['ignore', 'ignore_ament_install']
[1.215s] Level 1:colcon.colcon_core.package_identification:_identify(.) by extension 'ignore'
[1.215s] Level 1:colcon.colcon_core.package_identification:_identify(.) by extension 'ignore_ament_install'
[1.215s] Level 1:colcon.colcon_core.package_identification:_identify(.) by extensions ['colcon_pkg']
[1.215s] Level 1:colcon.colcon_core.package_identification:_identify(.) by extension 'colcon_pkg'
[1.215s] Level 1:colcon.colcon_core.package_identification:_identify(.) by extensions ['colcon_meta']
[1.215s] Level 1:colcon.colcon_core.package_identification:_identify(.) by extension 'colcon_meta'
[1.215s] Level 1:colcon.colcon_core.package_identification:_identify(.) by extensions ['ros']
[1.215s] Level 1:colcon.colcon_core.package_identification:_identify(.) by extension 'ros'
[1.226s] Level 1:colcon.colcon_core.package_identification:_identify(.) by extensions ['cmake', 'python']
[1.226s] Level 1:colcon.colcon_core.package_identification:_identify(.) by extension 'cmake'
[1.226s] Level 1:colcon.colcon_core.package_identification:_identify(.) by extension 'python'
[1.226s] Level 1:colcon.colcon_core.package_identification:_identify(.) by extensions ['python_setup_py']
[1.226s] Level 1:colcon.colcon_core.package_identification:_identify(.) by extension 'python_setup_py'
[1.226s] Level 1:colcon.colcon_core.package_identification:_identify(build) by extensions ['ignore', 'ignore_ament_install']
[1.226s] Level 1:colcon.colcon_core.package_identification:_identify(build) by extension 'ignore'
[1.226s] Level 1:colcon.colcon_core.package_identification:_identify(build) ignored
[1.226s] Level 1:colcon.colcon_core.package_identification:_identify(install) by extensions ['ignore', 'ignore_ament_install']
[1.226s] Level 1:colcon.colcon_core.package_identification:_identify(install) by extension 'ignore'
[1.226s] Level 1:colcon.colcon_core.package_identification:_identify(install) ignored
[1.227s] Level 1:colcon.colcon_core.package_identification:_identify(log) by extensions ['ignore', 'ignore_ament_install']
[1.227s] Level 1:colcon.colcon_core.package_identification:_identify(log) by extension 'ignore'
[1.227s] Level 1:colcon.colcon_core.package_identification:_identify(log) ignored
[1.227s] Level 1:colcon.colcon_core.package_identification:_identify(src) by extensions ['ignore', 'ignore_ament_install']
[1.227s] Level 1:colcon.colcon_core.package_identification:_identify(src) by extension 'ignore'
[1.227s] Level 1:colcon.colcon_core.package_identification:_identify(src) by extension 'ignore_ament_install'
[1.227s] Level 1:colcon.colcon_core.package_identification:_identify(src) by extensions ['colcon_pkg']
[1.227s] Level 1:colcon.colcon_core.package_identification:_identify(src) by extension 'colcon_pkg'
[1.227s] Level 1:colcon.colcon_core.package_identification:_identify(src) by extensions ['colcon_meta']
[1.227s] Level 1:colcon.colcon_core.package_identification:_identify(src) by extension 'colcon_meta'
[1.227s] Level 1:colcon.colcon_core.package_identification:_identify(src) by extensions ['ros']
[1.227s] Level 1:colcon.colcon_core.package_identification:_identify(src) by extension 'ros'
[1.227s] Level 1:colcon.colcon_core.package_identification:_identify(src) by extensions ['cmake', 'python']
[1.227s] Level 1:colcon.colcon_core.package_identification:_identify(src) by extension 'cmake'
[1.227s] Level 1:colcon.colcon_core.package_identification:_identify(src) by extension 'python'
[1.227s] Level 1:colcon.colcon_core.package_identification:_identify(src) by extensions ['python_setup_py']
[1.227s] Level 1:colcon.colcon_core.package_identification:_identify(src) by extension 'python_setup_py'
[1.228s] Level 1:colcon.colcon_core.package_identification:_identify(src/ee4308_bringup) by extensions ['ignore', 'ignore_ament_install']
[1.228s] Level 1:colcon.colcon_core.package_identification:_identify(src/ee4308_bringup) by extension 'ignore'
[1.228s] Level 1:colcon.colcon_core.package_identification:_identify(src/ee4308_bringup) by extension 'ignore_ament_install'
[1.228s] Level 1:colcon.colcon_core.package_identification:_identify(src/ee4308_bringup) by extensions ['colcon_pkg']
[1.228s] Level 1:colcon.colcon_core.package_identification:_identify(src/ee4308_bringup) by extension 'colcon_pkg'
[1.228s] Level 1:colcon.colcon_core.package_identification:_identify(src/ee4308_bringup) by extensions ['colcon_meta']
[1.228s] Level 1:colcon.colcon_core.package_identification:_identify(src/ee4308_bringup) by extension 'colcon_meta'
[1.228s] Level 1:colcon.colcon_core.package_identification:_identify(src/ee4308_bringup) by extensions ['ros']
[1.228s] Level 1:colcon.colcon_core.package_identification:_identify(src/ee4308_bringup) by extension 'ros'
[1.230s] DEBUG:colcon.colcon_core.package_identification:Package 'src/ee4308_bringup' with type 'ros.ament_cmake' and name 'ee4308_bringup'
[1.231s] Level 1:colcon.colcon_core.package_identification:_identify(src/ee4308_drone) by extensions ['ignore', 'ignore_ament_install']
[1.231s] Level 1:colcon.colcon_core.package_identification:_identify(src/ee4308_drone) by extension 'ignore'
[1.231s] Level 1:colcon.colcon_core.package_identification:_identify(src/ee4308_drone) by extension 'ignore_ament_install'
[1.231s] Level 1:colcon.colcon_core.package_identification:_identify(src/ee4308_drone) by extensions ['colcon_pkg']
[1.231s] Level 1:colcon.colcon_core.package_identification:_identify(src/ee4308_drone) by extension 'colcon_pkg'
[1.231s] Level 1:colcon.colcon_core.package_identification:_identify(src/ee4308_drone) by extensions ['colcon_meta']
[1.231s] Level 1:colcon.colcon_core.package_identification:_identify(src/ee4308_drone) by extension 'colcon_meta'
[1.231s] Level 1:colcon.colcon_core.package_identification:_identify(src/ee4308_drone) by extensions ['ros']
[1.231s] Level 1:colcon.colcon_core.package_identification:_identify(src/ee4308_drone) by extension 'ros'
[1.233s] DEBUG:colcon.colcon_core.package_identification:Package 'src/ee4308_drone' with type 'ros.ament_cmake' and name 'ee4308_drone'
[1.233s] Level 1:colcon.colcon_core.package_identification:_identify(src/ee4308_gazebo_plugins) by extensions ['ignore', 'ignore_ament_install']
[1.233s] Level 1:colcon.colcon_core.package_identification:_identify(src/ee4308_gazebo_plugins) by extension 'ignore'
[1.234s] Level 1:colcon.colcon_core.package_identification:_identify(src/ee4308_gazebo_plugins) by extension 'ignore_ament_install'
[1.234s] Level 1:colcon.colcon_core.package_identification:_identify(src/ee4308_gazebo_plugins) by extensions ['colcon_pkg']
[1.234s] Level 1:colcon.colcon_core.package_identification:_identify(src/ee4308_gazebo_plugins) by extension 'colcon_pkg'
[1.234s] Level 1:colcon.colcon_core.package_identification:_identify(src/ee4308_gazebo_plugins) by extensions ['colcon_meta']
[1.234s] Level 1:colcon.colcon_core.package_identification:_identify(src/ee4308_gazebo_plugins) by extension 'colcon_meta'
[1.234s] Level 1:colcon.colcon_core.package_identification:_identify(src/ee4308_gazebo_plugins) by extensions ['ros']
[1.234s] Level 1:colcon.colcon_core.package_identification:_identify(src/ee4308_gazebo_plugins) by extension 'ros'
[1.236s] DEBUG:colcon.colcon_core.package_identification:Package 'src/ee4308_gazebo_plugins' with type 'ros.ament_cmake' and name 'ee4308_gazebo_plugins'
[1.237s] Level 1:colcon.colcon_core.package_identification:_identify(src/ee4308_interfaces) by extensions ['ignore', 'ignore_ament_install']
[1.237s] Level 1:colcon.colcon_core.package_identification:_identify(src/ee4308_interfaces) by extension 'ignore'
[1.237s] Level 1:colcon.colcon_core.package_identification:_identify(src/ee4308_interfaces) by extension 'ignore_ament_install'
[1.237s] Level 1:colcon.colcon_core.package_identification:_identify(src/ee4308_interfaces) by extensions ['colcon_pkg']
[1.238s] Level 1:colcon.colcon_core.package_identification:_identify(src/ee4308_interfaces) by extension 'colcon_pkg'
[1.238s] Level 1:colcon.colcon_core.package_identification:_identify(src/ee4308_interfaces) by extensions ['colcon_meta']
[1.238s] Level 1:colcon.colcon_core.package_identification:_identify(src/ee4308_interfaces) by extension 'colcon_meta'
[1.238s] Level 1:colcon.colcon_core.package_identification:_identify(src/ee4308_interfaces) by extensions ['ros']
[1.238s] Level 1:colcon.colcon_core.package_identification:_identify(src/ee4308_interfaces) by extension 'ros'
[1.239s] DEBUG:colcon.colcon_core.package_identification:Package 'src/ee4308_interfaces' with type 'ros.ament_cmake' and name 'ee4308_interfaces'
[1.239s] Level 1:colcon.colcon_core.package_identification:_identify(src/ee4308_lib) by extensions ['ignore', 'ignore_ament_install']
[1.239s] Level 1:colcon.colcon_core.package_identification:_identify(src/ee4308_lib) by extension 'ignore'
[1.239s] Level 1:colcon.colcon_core.package_identification:_identify(src/ee4308_lib) by extension 'ignore_ament_install'
[1.239s] Level 1:colcon.colcon_core.package_identification:_identify(src/ee4308_lib) by extensions ['colcon_pkg']
[1.239s] Level 1:colcon.colcon_core.package_identification:_identify(src/ee4308_lib) by extension 'colcon_pkg'
[1.239s] Level 1:colcon.colcon_core.package_identification:_identify(src/ee4308_lib) by extensions ['colcon_meta']
[1.239s] Level 1:colcon.colcon_core.package_identification:_identify(src/ee4308_lib) by extension 'colcon_meta'
[1.239s] Level 1:colcon.colcon_core.package_identification:_identify(src/ee4308_lib) by extensions ['ros']
[1.239s] Level 1:colcon.colcon_core.package_identification:_identify(src/ee4308_lib) by extension 'ros'
[1.241s] DEBUG:colcon.colcon_core.package_identification:Package 'src/ee4308_lib' with type 'ros.ament_cmake' and name 'ee4308_lib'
[1.241s] Level 1:colcon.colcon_core.package_identification:_identify(src/ee4308_turtle) by extensions ['ignore', 'ignore_ament_install']
[1.241s] Level 1:colcon.colcon_core.package_identification:_identify(src/ee4308_turtle) by extension 'ignore'
[1.241s] Level 1:colcon.colcon_core.package_identification:_identify(src/ee4308_turtle) by extension 'ignore_ament_install'
[1.241s] Level 1:colcon.colcon_core.package_identification:_identify(src/ee4308_turtle) by extensions ['colcon_pkg']
[1.241s] Level 1:colcon.colcon_core.package_identification:_identify(src/ee4308_turtle) by extension 'colcon_pkg'
[1.241s] Level 1:colcon.colcon_core.package_identification:_identify(src/ee4308_turtle) by extensions ['colcon_meta']
[1.241s] Level 1:colcon.colcon_core.package_identification:_identify(src/ee4308_turtle) by extension 'colcon_meta'
[1.241s] Level 1:colcon.colcon_core.package_identification:_identify(src/ee4308_turtle) by extensions ['ros']
[1.241s] Level 1:colcon.colcon_core.package_identification:_identify(src/ee4308_turtle) by extension 'ros'
[1.246s] DEBUG:colcon.colcon_core.package_identification:Package 'src/ee4308_turtle' with type 'ros.ament_cmake' and name 'ee4308_turtle'
[1.246s] Level 1:colcon.colcon_core.package_discovery:discover_packages(recursive) using defaults
[1.246s] Level 1:colcon.colcon_core.package_discovery:discover_packages(ignore) discover
[1.246s] Level 1:colcon.colcon_core.package_discovery:discover_packages(ignore) using defaults
[1.246s] Level 1:colcon.colcon_core.package_discovery:discover_packages(path) discover
[1.246s] Level 1:colcon.colcon_core.package_discovery:discover_packages(path) using defaults
[1.371s] Level 1:colcon.colcon_core.package_discovery:discover_packages(prefix_path) check parameters
[1.371s] Level 1:colcon.colcon_core.package_discovery:discover_packages(prefix_path) discover
[1.416s] DEBUG:colcon.colcon_installed_package_information.package_discovery:Found 3 installed packages in /home/kaeboon/sjtu_drone/install
[1.434s] DEBUG:colcon.colcon_installed_package_information.package_discovery:Found 6 installed packages in /home/kaeboon/KBoon/ee4308_proj2/install
[1.453s] DEBUG:colcon.colcon_installed_package_information.package_discovery:Found 425 installed packages in /opt/ros/humble
[1.469s] Level 1:colcon.colcon_core.package_discovery:discover_packages(prefix_path) using defaults
[1.592s] Level 5:colcon.colcon_core.verb:set package 'ee4308_bringup' build argument 'cmake_args' from command line to 'None'
[1.592s] Level 5:colcon.colcon_core.verb:set package 'ee4308_bringup' build argument 'cmake_target' from command line to 'None'
[1.592s] Level 5:colcon.colcon_core.verb:set package 'ee4308_bringup' build argument 'cmake_target_skip_unavailable' from command line to 'False'
[1.592s] Level 5:colcon.colcon_core.verb:set package 'ee4308_bringup' build argument 'cmake_clean_cache' from command line to 'False'
[1.592s] Level 5:colcon.colcon_core.verb:set package 'ee4308_bringup' build argument 'cmake_clean_first' from command line to 'False'
[1.592s] Level 5:colcon.colcon_core.verb:set package 'ee4308_bringup' build argument 'cmake_force_configure' from command line to 'False'
[1.592s] Level 5:colcon.colcon_core.verb:set package 'ee4308_bringup' build argument 'ament_cmake_args' from command line to 'None'
[1.592s] Level 5:colcon.colcon_core.verb:set package 'ee4308_bringup' build argument 'catkin_cmake_args' from command line to 'None'
[1.592s] Level 5:colcon.colcon_core.verb:set package 'ee4308_bringup' build argument 'catkin_skip_building_tests' from command line to 'False'
[1.592s] DEBUG:colcon.colcon_core.verb:Building package 'ee4308_bringup' with the following arguments: {'ament_cmake_args': None, 'build_base': '/home/kaeboon/KBoon/ee4308_proj2/build/ee4308_bringup', 'catkin_cmake_args': None, 'catkin_skip_building_tests': False, 'cmake_args': None, 'cmake_clean_cache': False, 'cmake_clean_first': False, 'cmake_force_configure': False, 'cmake_target': None, 'cmake_target_skip_unavailable': False, 'install_base': '/home/kaeboon/KBoon/ee4308_proj2/install/ee4308_bringup', 'merge_install': False, 'path': '/home/kaeboon/KBoon/ee4308_proj2/src/ee4308_bringup', 'symlink_install': True, 'test_result_base': None}
[1.609s] Level 5:colcon.colcon_core.verb:set package 'ee4308_gazebo_plugins' build argument 'cmake_args' from command line to 'None'
[1.609s] Level 5:colcon.colcon_core.verb:set package 'ee4308_gazebo_plugins' build argument 'cmake_target' from command line to 'None'
[1.609s] Level 5:colcon.colcon_core.verb:set package 'ee4308_gazebo_plugins' build argument 'cmake_target_skip_unavailable' from command line to 'False'
[1.609s] Level 5:colcon.colcon_core.verb:set package 'ee4308_gazebo_plugins' build argument 'cmake_clean_cache' from command line to 'False'
[1.609s] Level 5:colcon.colcon_core.verb:set package 'ee4308_gazebo_plugins' build argument 'cmake_clean_first' from command line to 'False'
[1.609s] Level 5:colcon.colcon_core.verb:set package 'ee4308_gazebo_plugins' build argument 'cmake_force_configure' from command line to 'False'
[1.609s] Level 5:colcon.colcon_core.verb:set package 'ee4308_gazebo_plugins' build argument 'ament_cmake_args' from command line to 'None'
[1.609s] Level 5:colcon.colcon_core.verb:set package 'ee4308_gazebo_plugins' build argument 'catkin_cmake_args' from command line to 'None'
[1.609s] Level 5:colcon.colcon_core.verb:set package 'ee4308_gazebo_plugins' build argument 'catkin_skip_building_tests' from command line to 'False'
[1.609s] DEBUG:colcon.colcon_core.verb:Building package 'ee4308_gazebo_plugins' with the following arguments: {'ament_cmake_args': None, 'build_base': '/home/kaeboon/KBoon/ee4308_proj2/build/ee4308_gazebo_plugins', 'catkin_cmake_args': None, 'catkin_skip_building_tests': False, 'cmake_args': None, 'cmake_clean_cache': False, 'cmake_clean_first': False, 'cmake_force_configure': False, 'cmake_target': None, 'cmake_target_skip_unavailable': False, 'install_base': '/home/kaeboon/KBoon/ee4308_proj2/install/ee4308_gazebo_plugins', 'merge_install': False, 'path': '/home/kaeboon/KBoon/ee4308_proj2/src/ee4308_gazebo_plugins', 'symlink_install': True, 'test_result_base': None}
[1.627s] Level 5:colcon.colcon_core.verb:set package 'ee4308_interfaces' build argument 'cmake_args' from command line to 'None'
[1.627s] Level 5:colcon.colcon_core.verb:set package 'ee4308_interfaces' build argument 'cmake_target' from command line to 'None'
[1.627s] Level 5:colcon.colcon_core.verb:set package 'ee4308_interfaces' build argument 'cmake_target_skip_unavailable' from command line to 'False'
[1.627s] Level 5:colcon.colcon_core.verb:set package 'ee4308_interfaces' build argument 'cmake_clean_cache' from command line to 'False'
[1.627s] Level 5:colcon.colcon_core.verb:set package 'ee4308_interfaces' build argument 'cmake_clean_first' from command line to 'False'
[1.627s] Level 5:colcon.colcon_core.verb:set package 'ee4308_interfaces' build argument 'cmake_force_configure' from command line to 'False'
[1.627s] Level 5:colcon.colcon_core.verb:set package 'ee4308_interfaces' build argument 'ament_cmake_args' from command line to 'None'
[1.627s] Level 5:colcon.colcon_core.verb:set package 'ee4308_interfaces' build argument 'catkin_cmake_args' from command line to 'None'
[1.627s] Level 5:colcon.colcon_core.verb:set package 'ee4308_interfaces' build argument 'catkin_skip_building_tests' from command line to 'False'
[1.628s] DEBUG:colcon.colcon_core.verb:Building package 'ee4308_interfaces' with the following arguments: {'ament_cmake_args': None, 'build_base': '/home/kaeboon/KBoon/ee4308_proj2/build/ee4308_interfaces', 'catkin_cmake_args': None, 'catkin_skip_building_tests': False, 'cmake_args': None, 'cmake_clean_cache': False, 'cmake_clean_first': False, 'cmake_force_configure': False, 'cmake_target': None, 'cmake_target_skip_unavailable': False, 'install_base': '/home/kaeboon/KBoon/ee4308_proj2/install/ee4308_interfaces', 'merge_install': False, 'path': '/home/kaeboon/KBoon/ee4308_proj2/src/ee4308_interfaces', 'symlink_install': True, 'test_result_base': None}
[1.649s] Level 5:colcon.colcon_core.verb:set package 'ee4308_lib' build argument 'cmake_args' from command line to 'None'
[1.649s] Level 5:colcon.colcon_core.verb:set package 'ee4308_lib' build argument 'cmake_target' from command line to 'None'
[1.649s] Level 5:colcon.colcon_core.verb:set package 'ee4308_lib' build argument 'cmake_target_skip_unavailable' from command line to 'False'
[1.649s] Level 5:colcon.colcon_core.verb:set package 'ee4308_lib' build argument 'cmake_clean_cache' from command line to 'False'
[1.649s] Level 5:colcon.colcon_core.verb:set package 'ee4308_lib' build argument 'cmake_clean_first' from command line to 'False'
[1.649s] Level 5:colcon.colcon_core.verb:set package 'ee4308_lib' build argument 'cmake_force_configure' from command line to 'False'
[1.649s] Level 5:colcon.colcon_core.verb:set package 'ee4308_lib' build argument 'ament_cmake_args' from command line to 'None'
[1.649s] Level 5:colcon.colcon_core.verb:set package 'ee4308_lib' build argument 'catkin_cmake_args' from command line to 'None'
[1.649s] Level 5:colcon.colcon_core.verb:set package 'ee4308_lib' build argument 'catkin_skip_building_tests' from command line to 'False'
[1.649s] DEBUG:colcon.colcon_core.verb:Building package 'ee4308_lib' with the following arguments: {'ament_cmake_args': None, 'build_base': '/home/kaeboon/KBoon/ee4308_proj2/build/ee4308_lib', 'catkin_cmake_args': None, 'catkin_skip_building_tests': False, 'cmake_args': None, 'cmake_clean_cache': False, 'cmake_clean_first': False, 'cmake_force_configure': False, 'cmake_target': None, 'cmake_target_skip_unavailable': False, 'install_base': '/home/kaeboon/KBoon/ee4308_proj2/install/ee4308_lib', 'merge_install': False, 'path': '/home/kaeboon/KBoon/ee4308_proj2/src/ee4308_lib', 'symlink_install': True, 'test_result_base': None}
[1.666s] Level 5:colcon.colcon_core.verb:set package 'ee4308_drone' build argument 'cmake_args' from command line to 'None'
[1.666s] Level 5:colcon.colcon_core.verb:set package 'ee4308_drone' build argument 'cmake_target' from command line to 'None'
[1.666s] Level 5:colcon.colcon_core.verb:set package 'ee4308_drone' build argument 'cmake_target_skip_unavailable' from command line to 'False'
[1.666s] Level 5:colcon.colcon_core.verb:set package 'ee4308_drone' build argument 'cmake_clean_cache' from command line to 'False'
[1.666s] Level 5:colcon.colcon_core.verb:set package 'ee4308_drone' build argument 'cmake_clean_first' from command line to 'False'
[1.666s] Level 5:colcon.colcon_core.verb:set package 'ee4308_drone' build argument 'cmake_force_configure' from command line to 'False'
[1.666s] Level 5:colcon.colcon_core.verb:set package 'ee4308_drone' build argument 'ament_cmake_args' from command line to 'None'
[1.666s] Level 5:colcon.colcon_core.verb:set package 'ee4308_drone' build argument 'catkin_cmake_args' from command line to 'None'
[1.666s] Level 5:colcon.colcon_core.verb:set package 'ee4308_drone' build argument 'catkin_skip_building_tests' from command line to 'False'
[1.666s] DEBUG:colcon.colcon_core.verb:Building package 'ee4308_drone' with the following arguments: {'ament_cmake_args': None, 'build_base': '/home/kaeboon/KBoon/ee4308_proj2/build/ee4308_drone', 'catkin_cmake_args': None, 'catkin_skip_building_tests': False, 'cmake_args': None, 'cmake_clean_cache': False, 'cmake_clean_first': False, 'cmake_force_configure': False, 'cmake_target': None, 'cmake_target_skip_unavailable': False, 'install_base': '/home/kaeboon/KBoon/ee4308_proj2/install/ee4308_drone', 'merge_install': False, 'path': '/home/kaeboon/KBoon/ee4308_proj2/src/ee4308_drone', 'symlink_install': True, 'test_result_base': None}
[1.683s] Level 5:colcon.colcon_core.verb:set package 'ee4308_turtle' build argument 'cmake_args' from command line to 'None'
[1.683s] Level 5:colcon.colcon_core.verb:set package 'ee4308_turtle' build argument 'cmake_target' from command line to 'None'
[1.683s] Level 5:colcon.colcon_core.verb:set package 'ee4308_turtle' build argument 'cmake_target_skip_unavailable' from command line to 'False'
[1.683s] Level 5:colcon.colcon_core.verb:set package 'ee4308_turtle' build argument 'cmake_clean_cache' from command line to 'False'
[1.683s] Level 5:colcon.colcon_core.verb:set package 'ee4308_turtle' build argument 'cmake_clean_first' from command line to 'False'
[1.683s] Level 5:colcon.colcon_core.verb:set package 'ee4308_turtle' build argument 'cmake_force_configure' from command line to 'False'
[1.683s] Level 5:colcon.colcon_core.verb:set package 'ee4308_turtle' build argument 'ament_cmake_args' from command line to 'None'
[1.683s] Level 5:colcon.colcon_core.verb:set package 'ee4308_turtle' build argument 'catkin_cmake_args' from command line to 'None'
[1.683s] Level 5:colcon.colcon_core.verb:set package 'ee4308_turtle' build argument 'catkin_skip_building_tests' from command line to 'False'
[1.683s] DEBUG:colcon.colcon_core.verb:Building package 'ee4308_turtle' with the following arguments: {'ament_cmake_args': None, 'build_base': '/home/kaeboon/KBoon/ee4308_proj2/build/ee4308_turtle', 'catkin_cmake_args': None, 'catkin_skip_building_tests': False, 'cmake_args': None, 'cmake_clean_cache': False, 'cmake_clean_first': False, 'cmake_force_configure': False, 'cmake_target': None, 'cmake_target_skip_unavailable': False, 'install_base': '/home/kaeboon/KBoon/ee4308_proj2/install/ee4308_turtle', 'merge_install': False, 'path': '/home/kaeboon/KBoon/ee4308_proj2/src/ee4308_turtle', 'symlink_install': True, 'test_result_base': None}
[1.700s] INFO:colcon.colcon_core.executor:Executing jobs using 'parallel' executor
[1.718s] DEBUG:colcon.colcon_parallel_executor.executor.parallel:run_until_complete
[1.719s] INFO:colcon.colcon_ros.task.ament_cmake.build:Building ROS package in '/home/kaeboon/KBoon/ee4308_proj2/src/ee4308_interfaces' with build type 'ament_cmake'
[1.719s] INFO:colcon.colcon_cmake.task.cmake.build:Building CMake package in '/home/kaeboon/KBoon/ee4308_proj2/src/ee4308_interfaces'
[1.738s] INFO:colcon.colcon_core.plugin_system:Skipping extension 'colcon_core.shell.bat': Not used on non-Windows systems
[1.739s] INFO:colcon.colcon_core.shell:Skip shell extension 'powershell' for command environment: Not usable outside of PowerShell
[1.739s] DEBUG:colcon.colcon_core.shell:Skip shell extension 'dsv' for command environment
[1.827s] INFO:colcon.colcon_ros.task.ament_cmake.build:Building ROS package in '/home/kaeboon/KBoon/ee4308_proj2/src/ee4308_lib' with build type 'ament_cmake'
[1.827s] INFO:colcon.colcon_cmake.task.cmake.build:Building CMake package in '/home/kaeboon/KBoon/ee4308_proj2/src/ee4308_lib'
[1.863s] INFO:colcon.colcon_core.shell:Skip shell extension 'powershell' for command environment: Not usable outside of PowerShell
[1.864s] DEBUG:colcon.colcon_core.shell:Skip shell extension 'dsv' for command environment
[1.940s] INFO:colcon.colcon_ros.task.ament_cmake.build:Building ROS package in '/home/kaeboon/KBoon/ee4308_proj2/src/ee4308_bringup' with build type 'ament_cmake'
[1.940s] INFO:colcon.colcon_cmake.task.cmake.build:Building CMake package in '/home/kaeboon/KBoon/ee4308_proj2/src/ee4308_bringup'
[1.962s] INFO:colcon.colcon_core.shell:Skip shell extension 'powershell' for command environment: Not usable outside of PowerShell
[1.962s] DEBUG:colcon.colcon_core.shell:Skip shell extension 'dsv' for command environment
[2.037s] INFO:colcon.colcon_ros.task.ament_cmake.build:Building ROS package in '/home/kaeboon/KBoon/ee4308_proj2/src/ee4308_gazebo_plugins' with build type 'ament_cmake'
[2.037s] INFO:colcon.colcon_cmake.task.cmake.build:Building CMake package in '/home/kaeboon/KBoon/ee4308_proj2/src/ee4308_gazebo_plugins'
[2.059s] INFO:colcon.colcon_core.shell:Skip shell extension 'powershell' for command environment: Not usable outside of PowerShell
[2.059s] DEBUG:colcon.colcon_core.shell:Skip shell extension 'dsv' for command environment
[2.152s] DEBUG:colcon.colcon_core.event_handler.log_command:Invoking command in '/home/kaeboon/KBoon/ee4308_proj2/build/ee4308_interfaces': CMAKE_PREFIX_PATH=${CMAKE_PREFIX_PATH}:/home/kaeboon/sjtu_drone/install/sjtu_drone_control:/home/kaeboon/sjtu_drone/install/sjtu_drone_bringup:/opt/ros/humble /usr/bin/cmake --build /home/kaeboon/KBoon/ee4308_proj2/build/ee4308_interfaces -- -j4 -l4
[2.158s] DEBUG:colcon.colcon_core.event_handler.log_command:Invoking command in '/home/kaeboon/KBoon/ee4308_proj2/build/ee4308_lib': CMAKE_PREFIX_PATH=${CMAKE_PREFIX_PATH}:/home/kaeboon/sjtu_drone/install/sjtu_drone_control:/home/kaeboon/sjtu_drone/install/sjtu_drone_bringup:/opt/ros/humble /usr/bin/cmake --build /home/kaeboon/KBoon/ee4308_proj2/build/ee4308_lib -- -j4 -l4
[2.180s] DEBUG:colcon.colcon_core.event_handler.log_command:Invoking command in '/home/kaeboon/KBoon/ee4308_proj2/build/ee4308_bringup': CMAKE_PREFIX_PATH=${CMAKE_PREFIX_PATH}:/home/kaeboon/sjtu_drone/install/sjtu_drone_control:/home/kaeboon/sjtu_drone/install/sjtu_drone_bringup:/opt/ros/humble /usr/bin/cmake --build /home/kaeboon/KBoon/ee4308_proj2/build/ee4308_bringup -- -j4 -l4
[2.206s] DEBUG:colcon.colcon_core.event_handler.log_command:Invoking command in '/home/kaeboon/KBoon/ee4308_proj2/build/ee4308_gazebo_plugins': CMAKE_PREFIX_PATH=${CMAKE_PREFIX_PATH}:/home/kaeboon/sjtu_drone/install/sjtu_drone_control:/home/kaeboon/sjtu_drone/install/sjtu_drone_bringup:/opt/ros/humble /usr/bin/cmake --build /home/kaeboon/KBoon/ee4308_proj2/build/ee4308_gazebo_plugins -- -j4 -l4
[2.283s] DEBUG:colcon.colcon_core.event_handler.log_command:Invoked command in '/home/kaeboon/KBoon/ee4308_proj2/build/ee4308_lib' returned '0': CMAKE_PREFIX_PATH=${CMAKE_PREFIX_PATH}:/home/kaeboon/sjtu_drone/install/sjtu_drone_control:/home/kaeboon/sjtu_drone/install/sjtu_drone_bringup:/opt/ros/humble /usr/bin/cmake --build /home/kaeboon/KBoon/ee4308_proj2/build/ee4308_lib -- -j4 -l4
[2.409s] DEBUG:colcon.colcon_core.event_handler.log_command:Invoked command in '/home/kaeboon/KBoon/ee4308_proj2/build/ee4308_bringup' returned '0': CMAKE_PREFIX_PATH=${CMAKE_PREFIX_PATH}:/home/kaeboon/sjtu_drone/install/sjtu_drone_control:/home/kaeboon/sjtu_drone/install/sjtu_drone_bringup:/opt/ros/humble /usr/bin/cmake --build /home/kaeboon/KBoon/ee4308_proj2/build/ee4308_bringup -- -j4 -l4
[2.452s] DEBUG:colcon.colcon_core.event_handler.log_command:Invoking command in '/home/kaeboon/KBoon/ee4308_proj2/build/ee4308_lib': CMAKE_PREFIX_PATH=${CMAKE_PREFIX_PATH}:/home/kaeboon/sjtu_drone/install/sjtu_drone_control:/home/kaeboon/sjtu_drone/install/sjtu_drone_bringup:/opt/ros/humble /usr/bin/cmake --install /home/kaeboon/KBoon/ee4308_proj2/build/ee4308_lib
[2.470s] DEBUG:colcon.colcon_core.event_handler.log_command:Invoked command in '/home/kaeboon/KBoon/ee4308_proj2/build/ee4308_gazebo_plugins' returned '0': CMAKE_PREFIX_PATH=${CMAKE_PREFIX_PATH}:/home/kaeboon/sjtu_drone/install/sjtu_drone_control:/home/kaeboon/sjtu_drone/install/sjtu_drone_bringup:/opt/ros/humble /usr/bin/cmake --build /home/kaeboon/KBoon/ee4308_proj2/build/ee4308_gazebo_plugins -- -j4 -l4
[2.548s] DEBUG:colcon.colcon_core.event_handler.log_command:Invoking command in '/home/kaeboon/KBoon/ee4308_proj2/build/ee4308_bringup': CMAKE_PREFIX_PATH=${CMAKE_PREFIX_PATH}:/home/kaeboon/sjtu_drone/install/sjtu_drone_control:/home/kaeboon/sjtu_drone/install/sjtu_drone_bringup:/opt/ros/humble /usr/bin/cmake --install /home/kaeboon/KBoon/ee4308_proj2/build/ee4308_bringup
[2.554s] Level 1:colcon.colcon_core.environment:create_environment_scripts_only(ee4308_lib)
[2.558s] DEBUG:colcon.colcon_core.event_handler.log_command:Invoked command in '/home/kaeboon/KBoon/ee4308_proj2/build/ee4308_lib' returned '0': CMAKE_PREFIX_PATH=${CMAKE_PREFIX_PATH}:/home/kaeboon/sjtu_drone/install/sjtu_drone_control:/home/kaeboon/sjtu_drone/install/sjtu_drone_bringup:/opt/ros/humble /usr/bin/cmake --install /home/kaeboon/KBoon/ee4308_proj2/build/ee4308_lib
[2.596s] Level 1:colcon.colcon_core.environment:checking '/home/kaeboon/KBoon/ee4308_proj2/install/ee4308_lib' for CMake module files
[2.596s] Level 1:colcon.colcon_core.environment:checking '/home/kaeboon/KBoon/ee4308_proj2/install/ee4308_lib' for CMake config files
[2.597s] Level 1:colcon.colcon_core.shell:create_environment_hook('ee4308_lib', 'cmake_prefix_path')
[2.636s] INFO:colcon.colcon_core.shell:Creating environment hook '/home/kaeboon/KBoon/ee4308_proj2/install/ee4308_lib/share/ee4308_lib/hook/cmake_prefix_path.ps1'
[2.637s] INFO:colcon.colcon_core.shell:Creating environment descriptor '/home/kaeboon/KBoon/ee4308_proj2/install/ee4308_lib/share/ee4308_lib/hook/cmake_prefix_path.dsv'
[2.638s] INFO:colcon.colcon_core.shell:Creating environment hook '/home/kaeboon/KBoon/ee4308_proj2/install/ee4308_lib/share/ee4308_lib/hook/cmake_prefix_path.sh'
[2.639s] Level 1:colcon.colcon_core.environment:checking '/home/kaeboon/KBoon/ee4308_proj2/install/ee4308_lib/bin'
[2.639s] Level 1:colcon.colcon_core.environment:checking '/home/kaeboon/KBoon/ee4308_proj2/install/ee4308_lib/lib/pkgconfig/ee4308_lib.pc'
[2.639s] Level 1:colcon.colcon_core.environment:checking '/home/kaeboon/KBoon/ee4308_proj2/install/ee4308_lib/lib/python3.10/site-packages'
[2.639s] Level 1:colcon.colcon_core.environment:checking '/home/kaeboon/KBoon/ee4308_proj2/install/ee4308_lib/bin'
[2.662s] INFO:colcon.colcon_core.shell:Creating package script '/home/kaeboon/KBoon/ee4308_proj2/install/ee4308_lib/share/ee4308_lib/package.ps1'
[2.670s] INFO:colcon.colcon_core.shell:Creating package descriptor '/home/kaeboon/KBoon/ee4308_proj2/install/ee4308_lib/share/ee4308_lib/package.dsv'
[2.671s] INFO:colcon.colcon_core.shell:Creating package script '/home/kaeboon/KBoon/ee4308_proj2/install/ee4308_lib/share/ee4308_lib/package.sh'
[2.672s] INFO:colcon.colcon_core.shell:Creating package script '/home/kaeboon/KBoon/ee4308_proj2/install/ee4308_lib/share/ee4308_lib/package.bash'
[2.674s] INFO:colcon.colcon_core.shell:Creating package script '/home/kaeboon/KBoon/ee4308_proj2/install/ee4308_lib/share/ee4308_lib/package.zsh'
[2.675s] Level 1:colcon.colcon_core.environment:create_file_with_runtime_dependencies(/home/kaeboon/KBoon/ee4308_proj2/install/ee4308_lib/share/colcon-core/packages/ee4308_lib)
[2.687s] DEBUG:colcon.colcon_core.event_handler.log_command:Invoking command in '/home/kaeboon/KBoon/ee4308_proj2/build/ee4308_gazebo_plugins': CMAKE_PREFIX_PATH=${CMAKE_PREFIX_PATH}:/home/kaeboon/sjtu_drone/install/sjtu_drone_control:/home/kaeboon/sjtu_drone/install/sjtu_drone_bringup:/opt/ros/humble /usr/bin/cmake --install /home/kaeboon/KBoon/ee4308_proj2/build/ee4308_gazebo_plugins
[2.695s] Level 1:colcon.colcon_core.environment:create_environment_scripts_only(ee4308_bringup)
[2.696s] DEBUG:colcon.colcon_core.event_handler.log_command:Invoked command in '/home/kaeboon/KBoon/ee4308_proj2/build/ee4308_bringup' returned '0': CMAKE_PREFIX_PATH=${CMAKE_PREFIX_PATH}:/home/kaeboon/sjtu_drone/install/sjtu_drone_control:/home/kaeboon/sjtu_drone/install/sjtu_drone_bringup:/opt/ros/humble /usr/bin/cmake --install /home/kaeboon/KBoon/ee4308_proj2/build/ee4308_bringup
[2.754s] Level 1:colcon.colcon_core.environment:checking '/home/kaeboon/KBoon/ee4308_proj2/install/ee4308_bringup' for CMake module files
[2.755s] Level 1:colcon.colcon_core.environment:checking '/home/kaeboon/KBoon/ee4308_proj2/install/ee4308_bringup' for CMake config files
[2.755s] Level 1:colcon.colcon_core.shell:create_environment_hook('ee4308_bringup', 'cmake_prefix_path')
[2.781s] INFO:colcon.colcon_core.shell:Creating environment hook '/home/kaeboon/KBoon/ee4308_proj2/install/ee4308_bringup/share/ee4308_bringup/hook/cmake_prefix_path.ps1'
[2.787s] INFO:colcon.colcon_core.shell:Creating environment descriptor '/home/kaeboon/KBoon/ee4308_proj2/install/ee4308_bringup/share/ee4308_bringup/hook/cmake_prefix_path.dsv'
[2.788s] INFO:colcon.colcon_core.shell:Creating environment hook '/home/kaeboon/KBoon/ee4308_proj2/install/ee4308_bringup/share/ee4308_bringup/hook/cmake_prefix_path.sh'
[2.789s] Level 1:colcon.colcon_core.environment:checking '/home/kaeboon/KBoon/ee4308_proj2/install/ee4308_bringup/bin'
[2.790s] Level 1:colcon.colcon_core.environment:checking '/home/kaeboon/KBoon/ee4308_proj2/install/ee4308_bringup/lib/pkgconfig/ee4308_bringup.pc'
[2.790s] Level 1:colcon.colcon_core.environment:checking '/home/kaeboon/KBoon/ee4308_proj2/install/ee4308_bringup/lib/python3.10/site-packages'
[2.791s] Level 1:colcon.colcon_core.environment:checking '/home/kaeboon/KBoon/ee4308_proj2/install/ee4308_bringup/bin'
[2.829s] INFO:colcon.colcon_core.shell:Creating package script '/home/kaeboon/KBoon/ee4308_proj2/install/ee4308_bringup/share/ee4308_bringup/package.ps1'
[2.831s] INFO:colcon.colcon_core.shell:Creating package descriptor '/home/kaeboon/KBoon/ee4308_proj2/install/ee4308_bringup/share/ee4308_bringup/package.dsv'
[2.832s] INFO:colcon.colcon_core.shell:Creating package script '/home/kaeboon/KBoon/ee4308_proj2/install/ee4308_bringup/share/ee4308_bringup/package.sh'
[2.833s] INFO:colcon.colcon_core.shell:Creating package script '/home/kaeboon/KBoon/ee4308_proj2/install/ee4308_bringup/share/ee4308_bringup/package.bash'
[2.833s] INFO:colcon.colcon_core.shell:Creating package script '/home/kaeboon/KBoon/ee4308_proj2/install/ee4308_bringup/share/ee4308_bringup/package.zsh'
[2.834s] Level 1:colcon.colcon_core.environment:create_file_with_runtime_dependencies(/home/kaeboon/KBoon/ee4308_proj2/install/ee4308_bringup/share/colcon-core/packages/ee4308_bringup)
[2.891s] Level 1:colcon.colcon_core.environment:create_environment_scripts_only(ee4308_lib)
[2.918s] Level 1:colcon.colcon_core.environment:checking '/home/kaeboon/KBoon/ee4308_proj2/install/ee4308_lib' for CMake module files
[2.918s] Level 1:colcon.colcon_core.environment:checking '/home/kaeboon/KBoon/ee4308_proj2/install/ee4308_lib' for CMake config files
[2.919s] Level 1:colcon.colcon_core.shell:create_environment_hook('ee4308_lib', 'cmake_prefix_path')
[2.937s] INFO:colcon.colcon_core.shell:Creating environment hook '/home/kaeboon/KBoon/ee4308_proj2/install/ee4308_lib/share/ee4308_lib/hook/cmake_prefix_path.ps1'
[2.938s] INFO:colcon.colcon_core.shell:Creating environment descriptor '/home/kaeboon/KBoon/ee4308_proj2/install/ee4308_lib/share/ee4308_lib/hook/cmake_prefix_path.dsv'
[2.938s] INFO:colcon.colcon_core.shell:Creating environment hook '/home/kaeboon/KBoon/ee4308_proj2/install/ee4308_lib/share/ee4308_lib/hook/cmake_prefix_path.sh'
[2.939s] Level 1:colcon.colcon_core.environment:checking '/home/kaeboon/KBoon/ee4308_proj2/install/ee4308_lib/bin'
[2.939s] Level 1:colcon.colcon_core.environment:checking '/home/kaeboon/KBoon/ee4308_proj2/install/ee4308_lib/lib/pkgconfig/ee4308_lib.pc'
[2.939s] Level 1:colcon.colcon_core.environment:checking '/home/kaeboon/KBoon/ee4308_proj2/install/ee4308_lib/lib/python3.10/site-packages'
[2.939s] Level 1:colcon.colcon_core.environment:checking '/home/kaeboon/KBoon/ee4308_proj2/install/ee4308_lib/bin'
[2.967s] INFO:colcon.colcon_core.shell:Creating package script '/home/kaeboon/KBoon/ee4308_proj2/install/ee4308_lib/share/ee4308_lib/package.ps1'
[2.968s] INFO:colcon.colcon_core.shell:Creating package descriptor '/home/kaeboon/KBoon/ee4308_proj2/install/ee4308_lib/share/ee4308_lib/package.dsv'
[2.968s] INFO:colcon.colcon_core.shell:Creating package script '/home/kaeboon/KBoon/ee4308_proj2/install/ee4308_lib/share/ee4308_lib/package.sh'
[2.969s] INFO:colcon.colcon_core.shell:Creating package script '/home/kaeboon/KBoon/ee4308_proj2/install/ee4308_lib/share/ee4308_lib/package.bash'
[2.970s] INFO:colcon.colcon_core.shell:Creating package script '/home/kaeboon/KBoon/ee4308_proj2/install/ee4308_lib/share/ee4308_lib/package.zsh'
[2.970s] Level 1:colcon.colcon_core.environment:create_file_with_runtime_dependencies(/home/kaeboon/KBoon/ee4308_proj2/install/ee4308_lib/share/colcon-core/packages/ee4308_lib)
[2.972s] Level 1:colcon.colcon_core.environment:create_environment_scripts_only(ee4308_gazebo_plugins)
[2.975s] DEBUG:colcon.colcon_core.event_handler.log_command:Invoked command in '/home/kaeboon/KBoon/ee4308_proj2/build/ee4308_gazebo_plugins' returned '0': CMAKE_PREFIX_PATH=${CMAKE_PREFIX_PATH}:/home/kaeboon/sjtu_drone/install/sjtu_drone_control:/home/kaeboon/sjtu_drone/install/sjtu_drone_bringup:/opt/ros/humble /usr/bin/cmake --install /home/kaeboon/KBoon/ee4308_proj2/build/ee4308_gazebo_plugins
[3.005s] Level 1:colcon.colcon_core.environment:checking '/home/kaeboon/KBoon/ee4308_proj2/install/ee4308_gazebo_plugins' for CMake module files
[3.006s] Level 1:colcon.colcon_core.environment:checking '/home/kaeboon/KBoon/ee4308_proj2/install/ee4308_gazebo_plugins' for CMake config files
[3.007s] Level 1:colcon.colcon_core.shell:create_environment_hook('ee4308_gazebo_plugins', 'cmake_prefix_path')
[3.053s] INFO:colcon.colcon_core.shell:Creating environment hook '/home/kaeboon/KBoon/ee4308_proj2/install/ee4308_gazebo_plugins/share/ee4308_gazebo_plugins/hook/cmake_prefix_path.ps1'
[3.054s] INFO:colcon.colcon_core.shell:Creating environment descriptor '/home/kaeboon/KBoon/ee4308_proj2/install/ee4308_gazebo_plugins/share/ee4308_gazebo_plugins/hook/cmake_prefix_path.dsv'
[3.055s] INFO:colcon.colcon_core.shell:Creating environment hook '/home/kaeboon/KBoon/ee4308_proj2/install/ee4308_gazebo_plugins/share/ee4308_gazebo_plugins/hook/cmake_prefix_path.sh'
[3.056s] Level 1:colcon.colcon_core.environment:checking '/home/kaeboon/KBoon/ee4308_proj2/install/ee4308_gazebo_plugins/lib'
[3.056s] Level 1:colcon.colcon_core.shell:create_environment_hook('ee4308_gazebo_plugins', 'ld_library_path_lib')
[3.093s] INFO:colcon.colcon_core.shell:Creating environment hook '/home/kaeboon/KBoon/ee4308_proj2/install/ee4308_gazebo_plugins/share/ee4308_gazebo_plugins/hook/ld_library_path_lib.ps1'
[3.094s] INFO:colcon.colcon_core.shell:Creating environment descriptor '/home/kaeboon/KBoon/ee4308_proj2/install/ee4308_gazebo_plugins/share/ee4308_gazebo_plugins/hook/ld_library_path_lib.dsv'
[3.095s] INFO:colcon.colcon_core.shell:Creating environment hook '/home/kaeboon/KBoon/ee4308_proj2/install/ee4308_gazebo_plugins/share/ee4308_gazebo_plugins/hook/ld_library_path_lib.sh'
[3.096s] Level 1:colcon.colcon_core.environment:checking '/home/kaeboon/KBoon/ee4308_proj2/install/ee4308_gazebo_plugins/bin'
[3.096s] Level 1:colcon.colcon_core.environment:checking '/home/kaeboon/KBoon/ee4308_proj2/install/ee4308_gazebo_plugins/lib/pkgconfig/ee4308_gazebo_plugins.pc'
[3.097s] Level 1:colcon.colcon_core.environment:checking '/home/kaeboon/KBoon/ee4308_proj2/install/ee4308_gazebo_plugins/lib/python3.10/site-packages'
[3.097s] Level 1:colcon.colcon_core.environment:checking '/home/kaeboon/KBoon/ee4308_proj2/install/ee4308_gazebo_plugins/bin'
[3.138s] INFO:colcon.colcon_core.shell:Creating package script '/home/kaeboon/KBoon/ee4308_proj2/install/ee4308_gazebo_plugins/share/ee4308_gazebo_plugins/package.ps1'
[3.139s] INFO:colcon.colcon_core.shell:Creating package descriptor '/home/kaeboon/KBoon/ee4308_proj2/install/ee4308_gazebo_plugins/share/ee4308_gazebo_plugins/package.dsv'
[3.143s] INFO:colcon.colcon_core.shell:Creating package script '/home/kaeboon/KBoon/ee4308_proj2/install/ee4308_gazebo_plugins/share/ee4308_gazebo_plugins/package.sh'
[3.143s] INFO:colcon.colcon_core.shell:Creating package script '/home/kaeboon/KBoon/ee4308_proj2/install/ee4308_gazebo_plugins/share/ee4308_gazebo_plugins/package.bash'
[3.144s] INFO:colcon.colcon_core.shell:Creating package script '/home/kaeboon/KBoon/ee4308_proj2/install/ee4308_gazebo_plugins/share/ee4308_gazebo_plugins/package.zsh'
[3.144s] Level 1:colcon.colcon_core.environment:create_file_with_runtime_dependencies(/home/kaeboon/KBoon/ee4308_proj2/install/ee4308_gazebo_plugins/share/colcon-core/packages/ee4308_gazebo_plugins)
[3.188s] Level 1:colcon.colcon_core.environment:create_environment_scripts_only(ee4308_bringup)
[3.219s] Level 1:colcon.colcon_core.environment:checking '/home/kaeboon/KBoon/ee4308_proj2/install/ee4308_bringup' for CMake module files
[3.220s] Level 1:colcon.colcon_core.environment:checking '/home/kaeboon/KBoon/ee4308_proj2/install/ee4308_bringup' for CMake config files
[3.221s] Level 1:colcon.colcon_core.shell:create_environment_hook('ee4308_bringup', 'cmake_prefix_path')
[3.250s] INFO:colcon.colcon_core.shell:Creating environment hook '/home/kaeboon/KBoon/ee4308_proj2/install/ee4308_bringup/share/ee4308_bringup/hook/cmake_prefix_path.ps1'
[3.251s] INFO:colcon.colcon_core.shell:Creating environment descriptor '/home/kaeboon/KBoon/ee4308_proj2/install/ee4308_bringup/share/ee4308_bringup/hook/cmake_prefix_path.dsv'
[3.251s] INFO:colcon.colcon_core.shell:Creating environment hook '/home/kaeboon/KBoon/ee4308_proj2/install/ee4308_bringup/share/ee4308_bringup/hook/cmake_prefix_path.sh'
[3.252s] Level 1:colcon.colcon_core.environment:checking '/home/kaeboon/KBoon/ee4308_proj2/install/ee4308_bringup/bin'
[3.252s] Level 1:colcon.colcon_core.environment:checking '/home/kaeboon/KBoon/ee4308_proj2/install/ee4308_bringup/lib/pkgconfig/ee4308_bringup.pc'
[3.252s] Level 1:colcon.colcon_core.environment:checking '/home/kaeboon/KBoon/ee4308_proj2/install/ee4308_bringup/lib/python3.10/site-packages'
[3.253s] Level 1:colcon.colcon_core.environment:checking '/home/kaeboon/KBoon/ee4308_proj2/install/ee4308_bringup/bin'
[3.272s] INFO:colcon.colcon_core.shell:Creating package script '/home/kaeboon/KBoon/ee4308_proj2/install/ee4308_bringup/share/ee4308_bringup/package.ps1'
[3.273s] INFO:colcon.colcon_core.shell:Creating package descriptor '/home/kaeboon/KBoon/ee4308_proj2/install/ee4308_bringup/share/ee4308_bringup/package.dsv'
[3.274s] INFO:colcon.colcon_core.shell:Creating package script '/home/kaeboon/KBoon/ee4308_proj2/install/ee4308_bringup/share/ee4308_bringup/package.sh'
[3.274s] INFO:colcon.colcon_core.shell:Creating package script '/home/kaeboon/KBoon/ee4308_proj2/install/ee4308_bringup/share/ee4308_bringup/package.bash'
[3.275s] INFO:colcon.colcon_core.shell:Creating package script '/home/kaeboon/KBoon/ee4308_proj2/install/ee4308_bringup/share/ee4308_bringup/package.zsh'
[3.275s] Level 1:colcon.colcon_core.environment:create_file_with_runtime_dependencies(/home/kaeboon/KBoon/ee4308_proj2/install/ee4308_bringup/share/colcon-core/packages/ee4308_bringup)
[3.299s] DEBUG:colcon.colcon_core.event_handler.log_command:Invoked command in '/home/kaeboon/KBoon/ee4308_proj2/build/ee4308_interfaces' returned '0': CMAKE_PREFIX_PATH=${CMAKE_PREFIX_PATH}:/home/kaeboon/sjtu_drone/install/sjtu_drone_control:/home/kaeboon/sjtu_drone/install/sjtu_drone_bringup:/opt/ros/humble /usr/bin/cmake --build /home/kaeboon/KBoon/ee4308_proj2/build/ee4308_interfaces -- -j4 -l4
[3.372s] Level 1:colcon.colcon_core.environment:create_environment_scripts_only(ee4308_gazebo_plugins)
[3.403s] Level 1:colcon.colcon_core.environment:checking '/home/kaeboon/KBoon/ee4308_proj2/install/ee4308_gazebo_plugins' for CMake module files
[3.404s] Level 1:colcon.colcon_core.environment:checking '/home/kaeboon/KBoon/ee4308_proj2/install/ee4308_gazebo_plugins' for CMake config files
[3.405s] Level 1:colcon.colcon_core.shell:create_environment_hook('ee4308_gazebo_plugins', 'cmake_prefix_path')
[3.427s] INFO:colcon.colcon_core.shell:Creating environment hook '/home/kaeboon/KBoon/ee4308_proj2/install/ee4308_gazebo_plugins/share/ee4308_gazebo_plugins/hook/cmake_prefix_path.ps1'
[3.428s] INFO:colcon.colcon_core.shell:Creating environment descriptor '/home/kaeboon/KBoon/ee4308_proj2/install/ee4308_gazebo_plugins/share/ee4308_gazebo_plugins/hook/cmake_prefix_path.dsv'
[3.428s] INFO:colcon.colcon_core.shell:Creating environment hook '/home/kaeboon/KBoon/ee4308_proj2/install/ee4308_gazebo_plugins/share/ee4308_gazebo_plugins/hook/cmake_prefix_path.sh'
[3.429s] Level 1:colcon.colcon_core.environment:checking '/home/kaeboon/KBoon/ee4308_proj2/install/ee4308_gazebo_plugins/lib'
[3.429s] Level 1:colcon.colcon_core.shell:create_environment_hook('ee4308_gazebo_plugins', 'ld_library_path_lib')
[3.450s] INFO:colcon.colcon_core.shell:Creating environment hook '/home/kaeboon/KBoon/ee4308_proj2/install/ee4308_gazebo_plugins/share/ee4308_gazebo_plugins/hook/ld_library_path_lib.ps1'
[3.452s] INFO:colcon.colcon_core.shell:Creating environment descriptor '/home/kaeboon/KBoon/ee4308_proj2/install/ee4308_gazebo_plugins/share/ee4308_gazebo_plugins/hook/ld_library_path_lib.dsv'
[3.452s] INFO:colcon.colcon_core.shell:Creating environment hook '/home/kaeboon/KBoon/ee4308_proj2/install/ee4308_gazebo_plugins/share/ee4308_gazebo_plugins/hook/ld_library_path_lib.sh'
[3.453s] Level 1:colcon.colcon_core.environment:checking '/home/kaeboon/KBoon/ee4308_proj2/install/ee4308_gazebo_plugins/bin'
[3.453s] Level 1:colcon.colcon_core.environment:checking '/home/kaeboon/KBoon/ee4308_proj2/install/ee4308_gazebo_plugins/lib/pkgconfig/ee4308_gazebo_plugins.pc'
[3.453s] Level 1:colcon.colcon_core.environment:checking '/home/kaeboon/KBoon/ee4308_proj2/install/ee4308_gazebo_plugins/lib/python3.10/site-packages'
[3.454s] Level 1:colcon.colcon_core.environment:checking '/home/kaeboon/KBoon/ee4308_proj2/install/ee4308_gazebo_plugins/bin'
[3.490s] INFO:colcon.colcon_core.shell:Creating package script '/home/kaeboon/KBoon/ee4308_proj2/install/ee4308_gazebo_plugins/share/ee4308_gazebo_plugins/package.ps1'
[3.491s] INFO:colcon.colcon_core.shell:Creating package descriptor '/home/kaeboon/KBoon/ee4308_proj2/install/ee4308_gazebo_plugins/share/ee4308_gazebo_plugins/package.dsv'
[3.492s] INFO:colcon.colcon_core.shell:Creating package script '/home/kaeboon/KBoon/ee4308_proj2/install/ee4308_gazebo_plugins/share/ee4308_gazebo_plugins/package.sh'
[3.493s] INFO:colcon.colcon_core.shell:Creating package script '/home/kaeboon/KBoon/ee4308_proj2/install/ee4308_gazebo_plugins/share/ee4308_gazebo_plugins/package.bash'
[3.493s] INFO:colcon.colcon_core.shell:Creating package script '/home/kaeboon/KBoon/ee4308_proj2/install/ee4308_gazebo_plugins/share/ee4308_gazebo_plugins/package.zsh'
[3.493s] Level 1:colcon.colcon_core.environment:create_file_with_runtime_dependencies(/home/kaeboon/KBoon/ee4308_proj2/install/ee4308_gazebo_plugins/share/colcon-core/packages/ee4308_gazebo_plugins)
[3.619s] DEBUG:colcon.colcon_core.event_handler.log_command:Invoking command in '/home/kaeboon/KBoon/ee4308_proj2/build/ee4308_interfaces': CMAKE_PREFIX_PATH=${CMAKE_PREFIX_PATH}:/home/kaeboon/sjtu_drone/install/sjtu_drone_control:/home/kaeboon/sjtu_drone/install/sjtu_drone_bringup:/opt/ros/humble /usr/bin/cmake --install /home/kaeboon/KBoon/ee4308_proj2/build/ee4308_interfaces
[3.739s] Level 1:colcon.colcon_core.environment:create_environment_scripts_only(ee4308_interfaces)
[3.740s] DEBUG:colcon.colcon_core.event_handler.log_command:Invoked command in '/home/kaeboon/KBoon/ee4308_proj2/build/ee4308_interfaces' returned '0': CMAKE_PREFIX_PATH=${CMAKE_PREFIX_PATH}:/home/kaeboon/sjtu_drone/install/sjtu_drone_control:/home/kaeboon/sjtu_drone/install/sjtu_drone_bringup:/opt/ros/humble /usr/bin/cmake --install /home/kaeboon/KBoon/ee4308_proj2/build/ee4308_interfaces
[3.759s] Level 1:colcon.colcon_core.environment:checking '/home/kaeboon/KBoon/ee4308_proj2/install/ee4308_interfaces' for CMake module files
[3.760s] Level 1:colcon.colcon_core.environment:checking '/home/kaeboon/KBoon/ee4308_proj2/install/ee4308_interfaces' for CMake config files
[3.760s] Level 1:colcon.colcon_core.shell:create_environment_hook('ee4308_interfaces', 'cmake_prefix_path')
[3.793s] INFO:colcon.colcon_core.shell:Creating environment hook '/home/kaeboon/KBoon/ee4308_proj2/install/ee4308_interfaces/share/ee4308_interfaces/hook/cmake_prefix_path.ps1'
[3.794s] INFO:colcon.colcon_core.shell:Creating environment descriptor '/home/kaeboon/KBoon/ee4308_proj2/install/ee4308_interfaces/share/ee4308_interfaces/hook/cmake_prefix_path.dsv'
[3.795s] INFO:colcon.colcon_core.shell:Creating environment hook '/home/kaeboon/KBoon/ee4308_proj2/install/ee4308_interfaces/share/ee4308_interfaces/hook/cmake_prefix_path.sh'
[3.795s] Level 1:colcon.colcon_core.environment:checking '/home/kaeboon/KBoon/ee4308_proj2/install/ee4308_interfaces/lib'
[3.795s] Level 1:colcon.colcon_core.shell:create_environment_hook('ee4308_interfaces', 'ld_library_path_lib')
[3.819s] INFO:colcon.colcon_core.shell:Creating environment hook '/home/kaeboon/KBoon/ee4308_proj2/install/ee4308_interfaces/share/ee4308_interfaces/hook/ld_library_path_lib.ps1'
[3.819s] INFO:colcon.colcon_core.shell:Creating environment descriptor '/home/kaeboon/KBoon/ee4308_proj2/install/ee4308_interfaces/share/ee4308_interfaces/hook/ld_library_path_lib.dsv'
[3.820s] INFO:colcon.colcon_core.shell:Creating environment hook '/home/kaeboon/KBoon/ee4308_proj2/install/ee4308_interfaces/share/ee4308_interfaces/hook/ld_library_path_lib.sh'
[3.820s] Level 1:colcon.colcon_core.environment:checking '/home/kaeboon/KBoon/ee4308_proj2/install/ee4308_interfaces/bin'
[3.820s] Level 1:colcon.colcon_core.environment:checking '/home/kaeboon/KBoon/ee4308_proj2/install/ee4308_interfaces/lib/pkgconfig/ee4308_interfaces.pc'
[3.821s] Level 1:colcon.colcon_core.environment:checking '/home/kaeboon/KBoon/ee4308_proj2/install/ee4308_interfaces/lib/python3.10/site-packages'
[3.821s] Level 1:colcon.colcon_core.environment:checking '/home/kaeboon/KBoon/ee4308_proj2/install/ee4308_interfaces/bin'
[3.844s] INFO:colcon.colcon_core.shell:Creating package script '/home/kaeboon/KBoon/ee4308_proj2/install/ee4308_interfaces/share/ee4308_interfaces/package.ps1'
[3.845s] INFO:colcon.colcon_core.shell:Creating package descriptor '/home/kaeboon/KBoon/ee4308_proj2/install/ee4308_interfaces/share/ee4308_interfaces/package.dsv'
[3.845s] INFO:colcon.colcon_core.shell:Creating package script '/home/kaeboon/KBoon/ee4308_proj2/install/ee4308_interfaces/share/ee4308_interfaces/package.sh'
[3.845s] INFO:colcon.colcon_core.shell:Creating package script '/home/kaeboon/KBoon/ee4308_proj2/install/ee4308_interfaces/share/ee4308_interfaces/package.bash'
[3.846s] INFO:colcon.colcon_core.shell:Creating package script '/home/kaeboon/KBoon/ee4308_proj2/install/ee4308_interfaces/share/ee4308_interfaces/package.zsh'
[3.847s] Level 1:colcon.colcon_core.environment:create_file_with_runtime_dependencies(/home/kaeboon/KBoon/ee4308_proj2/install/ee4308_interfaces/share/colcon-core/packages/ee4308_interfaces)
[4.084s] Level 1:colcon.colcon_core.environment:create_environment_scripts_only(ee4308_interfaces)
[4.108s] Level 1:colcon.colcon_core.environment:checking '/home/kaeboon/KBoon/ee4308_proj2/install/ee4308_interfaces' for CMake module files
[4.109s] Level 1:colcon.colcon_core.environment:checking '/home/kaeboon/KBoon/ee4308_proj2/install/ee4308_interfaces' for CMake config files
[4.110s] Level 1:colcon.colcon_core.shell:create_environment_hook('ee4308_interfaces', 'cmake_prefix_path')
[4.131s] INFO:colcon.colcon_core.shell:Creating environment hook '/home/kaeboon/KBoon/ee4308_proj2/install/ee4308_interfaces/share/ee4308_interfaces/hook/cmake_prefix_path.ps1'
[4.132s] INFO:colcon.colcon_core.shell:Creating environment descriptor '/home/kaeboon/KBoon/ee4308_proj2/install/ee4308_interfaces/share/ee4308_interfaces/hook/cmake_prefix_path.dsv'
[4.133s] INFO:colcon.colcon_core.shell:Creating environment hook '/home/kaeboon/KBoon/ee4308_proj2/install/ee4308_interfaces/share/ee4308_interfaces/hook/cmake_prefix_path.sh'
[4.133s] Level 1:colcon.colcon_core.environment:checking '/home/kaeboon/KBoon/ee4308_proj2/install/ee4308_interfaces/lib'
[4.133s] Level 1:colcon.colcon_core.shell:create_environment_hook('ee4308_interfaces', 'ld_library_path_lib')
[4.152s] INFO:colcon.colcon_core.shell:Creating environment hook '/home/kaeboon/KBoon/ee4308_proj2/install/ee4308_interfaces/share/ee4308_interfaces/hook/ld_library_path_lib.ps1'
[4.153s] INFO:colcon.colcon_core.shell:Creating environment descriptor '/home/kaeboon/KBoon/ee4308_proj2/install/ee4308_interfaces/share/ee4308_interfaces/hook/ld_library_path_lib.dsv'
[4.154s] INFO:colcon.colcon_core.shell:Creating environment hook '/home/kaeboon/KBoon/ee4308_proj2/install/ee4308_interfaces/share/ee4308_interfaces/hook/ld_library_path_lib.sh'
[4.154s] Level 1:colcon.colcon_core.environment:checking '/home/kaeboon/KBoon/ee4308_proj2/install/ee4308_interfaces/bin'
[4.155s] Level 1:colcon.colcon_core.environment:checking '/home/kaeboon/KBoon/ee4308_proj2/install/ee4308_interfaces/lib/pkgconfig/ee4308_interfaces.pc'
[4.155s] Level 1:colcon.colcon_core.environment:checking '/home/kaeboon/KBoon/ee4308_proj2/install/ee4308_interfaces/lib/python3.10/site-packages'
[4.155s] Level 1:colcon.colcon_core.environment:checking '/home/kaeboon/KBoon/ee4308_proj2/install/ee4308_interfaces/bin'
[4.179s] INFO:colcon.colcon_core.shell:Creating package script '/home/kaeboon/KBoon/ee4308_proj2/install/ee4308_interfaces/share/ee4308_interfaces/package.ps1'
[4.180s] INFO:colcon.colcon_core.shell:Creating package descriptor '/home/kaeboon/KBoon/ee4308_proj2/install/ee4308_interfaces/share/ee4308_interfaces/package.dsv'
[4.181s] INFO:colcon.colcon_core.shell:Creating package script '/home/kaeboon/KBoon/ee4308_proj2/install/ee4308_interfaces/share/ee4308_interfaces/package.sh'
[4.187s] INFO:colcon.colcon_core.shell:Creating package script '/home/kaeboon/KBoon/ee4308_proj2/install/ee4308_interfaces/share/ee4308_interfaces/package.bash'
[4.187s] INFO:colcon.colcon_core.shell:Creating package script '/home/kaeboon/KBoon/ee4308_proj2/install/ee4308_interfaces/share/ee4308_interfaces/package.zsh'
[4.188s] Level 1:colcon.colcon_core.environment:create_file_with_runtime_dependencies(/home/kaeboon/KBoon/ee4308_proj2/install/ee4308_interfaces/share/colcon-core/packages/ee4308_interfaces)
[4.188s] INFO:colcon.colcon_ros.task.ament_cmake.build:Building ROS package in '/home/kaeboon/KBoon/ee4308_proj2/src/ee4308_drone' with build type 'ament_cmake'
[4.189s] INFO:colcon.colcon_cmake.task.cmake.build:Building CMake package in '/home/kaeboon/KBoon/ee4308_proj2/src/ee4308_drone'
[4.206s] INFO:colcon.colcon_core.shell:Skip shell extension 'powershell' for command environment: Not usable outside of PowerShell
[4.207s] DEBUG:colcon.colcon_core.shell:Skip shell extension 'dsv' for command environment
[4.296s] INFO:colcon.colcon_ros.task.ament_cmake.build:Building ROS package in '/home/kaeboon/KBoon/ee4308_proj2/src/ee4308_turtle' with build type 'ament_cmake'
[4.297s] INFO:colcon.colcon_cmake.task.cmake.build:Building CMake package in '/home/kaeboon/KBoon/ee4308_proj2/src/ee4308_turtle'
[4.319s] INFO:colcon.colcon_core.shell:Skip shell extension 'powershell' for command environment: Not usable outside of PowerShell
[4.319s] DEBUG:colcon.colcon_core.shell:Skip shell extension 'dsv' for command environment
[4.412s] DEBUG:colcon.colcon_core.event_handler.log_command:Invoking command in '/home/kaeboon/KBoon/ee4308_proj2/build/ee4308_drone': CMAKE_PREFIX_PATH=/home/kaeboon/KBoon/ee4308_proj2/install/ee4308_lib:/home/kaeboon/KBoon/ee4308_proj2/install/ee4308_interfaces:/home/kaeboon/sjtu_drone/install/sjtu_drone_description:/home/kaeboon/KBoon/ee4308_proj2/install/ee4308_turtle:/home/kaeboon/KBoon/ee4308_proj2/install/ee4308_drone:/home/kaeboon/KBoon/ee4308_proj2/install/ee4308_gazebo_plugins:/home/kaeboon/KBoon/ee4308_proj2/install/ee4308_bringup:/home/kaeboon/sjtu_drone/install/sjtu_drone_control:/home/kaeboon/sjtu_drone/install/sjtu_drone_bringup:/opt/ros/humble LD_LIBRARY_PATH=/home/kaeboon/KBoon/ee4308_proj2/install/ee4308_interfaces/lib:/home/kaeboon/sjtu_drone/install/sjtu_drone_description/lib:/home/kaeboon/KBoon/ee4308_proj2/install/ee4308_gazebo_plugins/lib:/usr/lib/x86_64-linux-gnu/gazebo-11/plugins:/opt/ros/humble/opt/rviz_ogre_vendor/lib:/opt/ros/humble/lib/x86_64-linux-gnu:/opt/ros/humble/lib:/usr/lib/x86_64-linux-gnu/gazebo-11/plugins:/usr/lib/x86_64-linux-gnu/gazebo-11/plugins:/usr/lib/x86_64-linux-gnu/gazebo-11/plugins /usr/bin/cmake --build /home/kaeboon/KBoon/ee4308_proj2/build/ee4308_drone -- -j4 -l4
[4.427s] DEBUG:colcon.colcon_core.event_handler.log_command:Invoking command in '/home/kaeboon/KBoon/ee4308_proj2/build/ee4308_turtle': CMAKE_PREFIX_PATH=/home/kaeboon/KBoon/ee4308_proj2/install/ee4308_lib:/home/kaeboon/KBoon/ee4308_proj2/install/ee4308_interfaces:/home/kaeboon/sjtu_drone/install/sjtu_drone_description:/home/kaeboon/KBoon/ee4308_proj2/install/ee4308_turtle:/home/kaeboon/KBoon/ee4308_proj2/install/ee4308_drone:/home/kaeboon/KBoon/ee4308_proj2/install/ee4308_gazebo_plugins:/home/kaeboon/KBoon/ee4308_proj2/install/ee4308_bringup:/home/kaeboon/sjtu_drone/install/sjtu_drone_control:/home/kaeboon/sjtu_drone/install/sjtu_drone_bringup:/opt/ros/humble LD_LIBRARY_PATH=/home/kaeboon/KBoon/ee4308_proj2/install/ee4308_interfaces/lib:/home/kaeboon/sjtu_drone/install/sjtu_drone_description/lib:/home/kaeboon/KBoon/ee4308_proj2/install/ee4308_gazebo_plugins/lib:/usr/lib/x86_64-linux-gnu/gazebo-11/plugins:/opt/ros/humble/opt/rviz_ogre_vendor/lib:/opt/ros/humble/lib/x86_64-linux-gnu:/opt/ros/humble/lib:/usr/lib/x86_64-linux-gnu/gazebo-11/plugins:/usr/lib/x86_64-linux-gnu/gazebo-11/plugins:/usr/lib/x86_64-linux-gnu/gazebo-11/plugins /usr/bin/cmake --build /home/kaeboon/KBoon/ee4308_proj2/build/ee4308_turtle -- -j4 -l4
[4.785s] DEBUG:colcon.colcon_core.event_handler.log_command:Invoked command in '/home/kaeboon/KBoon/ee4308_proj2/build/ee4308_turtle' returned '0': CMAKE_PREFIX_PATH=/home/kaeboon/KBoon/ee4308_proj2/install/ee4308_lib:/home/kaeboon/KBoon/ee4308_proj2/install/ee4308_interfaces:/home/kaeboon/sjtu_drone/install/sjtu_drone_description:/home/kaeboon/KBoon/ee4308_proj2/install/ee4308_turtle:/home/kaeboon/KBoon/ee4308_proj2/install/ee4308_drone:/home/kaeboon/KBoon/ee4308_proj2/install/ee4308_gazebo_plugins:/home/kaeboon/KBoon/ee4308_proj2/install/ee4308_bringup:/home/kaeboon/sjtu_drone/install/sjtu_drone_control:/home/kaeboon/sjtu_drone/install/sjtu_drone_bringup:/opt/ros/humble LD_LIBRARY_PATH=/home/kaeboon/KBoon/ee4308_proj2/install/ee4308_interfaces/lib:/home/kaeboon/sjtu_drone/install/sjtu_drone_description/lib:/home/kaeboon/KBoon/ee4308_proj2/install/ee4308_gazebo_plugins/lib:/usr/lib/x86_64-linux-gnu/gazebo-11/plugins:/opt/ros/humble/opt/rviz_ogre_vendor/lib:/opt/ros/humble/lib/x86_64-linux-gnu:/opt/ros/humble/lib:/usr/lib/x86_64-linux-gnu/gazebo-11/plugins:/usr/lib/x86_64-linux-gnu/gazebo-11/plugins:/usr/lib/x86_64-linux-gnu/gazebo-11/plugins /usr/bin/cmake --build /home/kaeboon/KBoon/ee4308_proj2/build/ee4308_turtle -- -j4 -l4
[4.873s] DEBUG:colcon.colcon_core.event_handler.log_command:Invoking command in '/home/kaeboon/KBoon/ee4308_proj2/build/ee4308_turtle': CMAKE_PREFIX_PATH=/home/kaeboon/KBoon/ee4308_proj2/install/ee4308_lib:/home/kaeboon/KBoon/ee4308_proj2/install/ee4308_interfaces:/home/kaeboon/sjtu_drone/install/sjtu_drone_description:/home/kaeboon/KBoon/ee4308_proj2/install/ee4308_turtle:/home/kaeboon/KBoon/ee4308_proj2/install/ee4308_drone:/home/kaeboon/KBoon/ee4308_proj2/install/ee4308_gazebo_plugins:/home/kaeboon/KBoon/ee4308_proj2/install/ee4308_bringup:/home/kaeboon/sjtu_drone/install/sjtu_drone_control:/home/kaeboon/sjtu_drone/install/sjtu_drone_bringup:/opt/ros/humble LD_LIBRARY_PATH=/home/kaeboon/KBoon/ee4308_proj2/install/ee4308_interfaces/lib:/home/kaeboon/sjtu_drone/install/sjtu_drone_description/lib:/home/kaeboon/KBoon/ee4308_proj2/install/ee4308_gazebo_plugins/lib:/usr/lib/x86_64-linux-gnu/gazebo-11/plugins:/opt/ros/humble/opt/rviz_ogre_vendor/lib:/opt/ros/humble/lib/x86_64-linux-gnu:/opt/ros/humble/lib:/usr/lib/x86_64-linux-gnu/gazebo-11/plugins:/usr/lib/x86_64-linux-gnu/gazebo-11/plugins:/usr/lib/x86_64-linux-gnu/gazebo-11/plugins /usr/bin/cmake --install /home/kaeboon/KBoon/ee4308_proj2/build/ee4308_turtle
[4.951s] Level 1:colcon.colcon_core.environment:create_environment_scripts_only(ee4308_turtle)
[4.952s] DEBUG:colcon.colcon_core.event_handler.log_command:Invoked command in '/home/kaeboon/KBoon/ee4308_proj2/build/ee4308_turtle' returned '0': CMAKE_PREFIX_PATH=/home/kaeboon/KBoon/ee4308_proj2/install/ee4308_lib:/home/kaeboon/KBoon/ee4308_proj2/install/ee4308_interfaces:/home/kaeboon/sjtu_drone/install/sjtu_drone_description:/home/kaeboon/KBoon/ee4308_proj2/install/ee4308_turtle:/home/kaeboon/KBoon/ee4308_proj2/install/ee4308_drone:/home/kaeboon/KBoon/ee4308_proj2/install/ee4308_gazebo_plugins:/home/kaeboon/KBoon/ee4308_proj2/install/ee4308_bringup:/home/kaeboon/sjtu_drone/install/sjtu_drone_control:/home/kaeboon/sjtu_drone/install/sjtu_drone_bringup:/opt/ros/humble LD_LIBRARY_PATH=/home/kaeboon/KBoon/ee4308_proj2/install/ee4308_interfaces/lib:/home/kaeboon/sjtu_drone/install/sjtu_drone_description/lib:/home/kaeboon/KBoon/ee4308_proj2/install/ee4308_gazebo_plugins/lib:/usr/lib/x86_64-linux-gnu/gazebo-11/plugins:/opt/ros/humble/opt/rviz_ogre_vendor/lib:/opt/ros/humble/lib/x86_64-linux-gnu:/opt/ros/humble/lib:/usr/lib/x86_64-linux-gnu/gazebo-11/plugins:/usr/lib/x86_64-linux-gnu/gazebo-11/plugins:/usr/lib/x86_64-linux-gnu/gazebo-11/plugins /usr/bin/cmake --install /home/kaeboon/KBoon/ee4308_proj2/build/ee4308_turtle
[5.010s] Level 1:colcon.colcon_core.environment:checking '/home/kaeboon/KBoon/ee4308_proj2/install/ee4308_turtle' for CMake module files
[5.010s] Level 1:colcon.colcon_core.environment:checking '/home/kaeboon/KBoon/ee4308_proj2/install/ee4308_turtle' for CMake config files
[5.011s] Level 1:colcon.colcon_core.shell:create_environment_hook('ee4308_turtle', 'cmake_prefix_path')
[5.058s] INFO:colcon.colcon_core.shell:Creating environment hook '/home/kaeboon/KBoon/ee4308_proj2/install/ee4308_turtle/share/ee4308_turtle/hook/cmake_prefix_path.ps1'
[5.060s] INFO:colcon.colcon_core.shell:Creating environment descriptor '/home/kaeboon/KBoon/ee4308_proj2/install/ee4308_turtle/share/ee4308_turtle/hook/cmake_prefix_path.dsv'
[5.060s] INFO:colcon.colcon_core.shell:Creating environment hook '/home/kaeboon/KBoon/ee4308_proj2/install/ee4308_turtle/share/ee4308_turtle/hook/cmake_prefix_path.sh'
[5.061s] Level 1:colcon.colcon_core.environment:checking '/home/kaeboon/KBoon/ee4308_proj2/install/ee4308_turtle/lib'
[5.061s] Level 1:colcon.colcon_core.environment:checking '/home/kaeboon/KBoon/ee4308_proj2/install/ee4308_turtle/bin'
[5.061s] Level 1:colcon.colcon_core.environment:checking '/home/kaeboon/KBoon/ee4308_proj2/install/ee4308_turtle/lib/pkgconfig/ee4308_turtle.pc'
[5.061s] Level 1:colcon.colcon_core.environment:checking '/home/kaeboon/KBoon/ee4308_proj2/install/ee4308_turtle/lib/python3.10/site-packages'
[5.062s] Level 1:colcon.colcon_core.environment:checking '/home/kaeboon/KBoon/ee4308_proj2/install/ee4308_turtle/bin'
[5.095s] INFO:colcon.colcon_core.shell:Creating package script '/home/kaeboon/KBoon/ee4308_proj2/install/ee4308_turtle/share/ee4308_turtle/package.ps1'
[5.097s] INFO:colcon.colcon_core.shell:Creating package descriptor '/home/kaeboon/KBoon/ee4308_proj2/install/ee4308_turtle/share/ee4308_turtle/package.dsv'
[5.098s] INFO:colcon.colcon_core.shell:Creating package script '/home/kaeboon/KBoon/ee4308_proj2/install/ee4308_turtle/share/ee4308_turtle/package.sh'
[5.098s] INFO:colcon.colcon_core.shell:Creating package script '/home/kaeboon/KBoon/ee4308_proj2/install/ee4308_turtle/share/ee4308_turtle/package.bash'
[5.101s] INFO:colcon.colcon_core.shell:Creating package script '/home/kaeboon/KBoon/ee4308_proj2/install/ee4308_turtle/share/ee4308_turtle/package.zsh'
[5.101s] Level 1:colcon.colcon_core.environment:create_file_with_runtime_dependencies(/home/kaeboon/KBoon/ee4308_proj2/install/ee4308_turtle/share/colcon-core/packages/ee4308_turtle)
[5.226s] Level 1:colcon.colcon_core.environment:create_environment_scripts_only(ee4308_turtle)
[5.287s] Level 1:colcon.colcon_core.environment:checking '/home/kaeboon/KBoon/ee4308_proj2/install/ee4308_turtle' for CMake module files
[5.288s] Level 1:colcon.colcon_core.environment:checking '/home/kaeboon/KBoon/ee4308_proj2/install/ee4308_turtle' for CMake config files
[5.289s] Level 1:colcon.colcon_core.shell:create_environment_hook('ee4308_turtle', 'cmake_prefix_path')
[5.321s] INFO:colcon.colcon_core.shell:Creating environment hook '/home/kaeboon/KBoon/ee4308_proj2/install/ee4308_turtle/share/ee4308_turtle/hook/cmake_prefix_path.ps1'
[5.321s] INFO:colcon.colcon_core.shell:Creating environment descriptor '/home/kaeboon/KBoon/ee4308_proj2/install/ee4308_turtle/share/ee4308_turtle/hook/cmake_prefix_path.dsv'
[5.322s] INFO:colcon.colcon_core.shell:Creating environment hook '/home/kaeboon/KBoon/ee4308_proj2/install/ee4308_turtle/share/ee4308_turtle/hook/cmake_prefix_path.sh'
[5.323s] Level 1:colcon.colcon_core.environment:checking '/home/kaeboon/KBoon/ee4308_proj2/install/ee4308_turtle/lib'
[5.323s] Level 1:colcon.colcon_core.environment:checking '/home/kaeboon/KBoon/ee4308_proj2/install/ee4308_turtle/bin'
[5.323s] Level 1:colcon.colcon_core.environment:checking '/home/kaeboon/KBoon/ee4308_proj2/install/ee4308_turtle/lib/pkgconfig/ee4308_turtle.pc'
[5.323s] Level 1:colcon.colcon_core.environment:checking '/home/kaeboon/KBoon/ee4308_proj2/install/ee4308_turtle/lib/python3.10/site-packages'
[5.323s] Level 1:colcon.colcon_core.environment:checking '/home/kaeboon/KBoon/ee4308_proj2/install/ee4308_turtle/bin'
[5.344s] INFO:colcon.colcon_core.shell:Creating package script '/home/kaeboon/KBoon/ee4308_proj2/install/ee4308_turtle/share/ee4308_turtle/package.ps1'
[5.345s] INFO:colcon.colcon_core.shell:Creating package descriptor '/home/kaeboon/KBoon/ee4308_proj2/install/ee4308_turtle/share/ee4308_turtle/package.dsv'
[5.346s] INFO:colcon.colcon_core.shell:Creating package script '/home/kaeboon/KBoon/ee4308_proj2/install/ee4308_turtle/share/ee4308_turtle/package.sh'
[5.347s] INFO:colcon.colcon_core.shell:Creating package script '/home/kaeboon/KBoon/ee4308_proj2/install/ee4308_turtle/share/ee4308_turtle/package.bash'
[5.348s] INFO:colcon.colcon_core.shell:Creating package script '/home/kaeboon/KBoon/ee4308_proj2/install/ee4308_turtle/share/ee4308_turtle/package.zsh'
[5.349s] Level 1:colcon.colcon_core.environment:create_file_with_runtime_dependencies(/home/kaeboon/KBoon/ee4308_proj2/install/ee4308_turtle/share/colcon-core/packages/ee4308_turtle)
[20.247s] DEBUG:colcon.colcon_core.event_handler.log_command:Invoked command in '/home/kaeboon/KBoon/ee4308_proj2/build/ee4308_drone' returned '0': CMAKE_PREFIX_PATH=/home/kaeboon/KBoon/ee4308_proj2/install/ee4308_lib:/home/kaeboon/KBoon/ee4308_proj2/install/ee4308_interfaces:/home/kaeboon/sjtu_drone/install/sjtu_drone_description:/home/kaeboon/KBoon/ee4308_proj2/install/ee4308_turtle:/home/kaeboon/KBoon/ee4308_proj2/install/ee4308_drone:/home/kaeboon/KBoon/ee4308_proj2/install/ee4308_gazebo_plugins:/home/kaeboon/KBoon/ee4308_proj2/install/ee4308_bringup:/home/kaeboon/sjtu_drone/install/sjtu_drone_control:/home/kaeboon/sjtu_drone/install/sjtu_drone_bringup:/opt/ros/humble LD_LIBRARY_PATH=/home/kaeboon/KBoon/ee4308_proj2/install/ee4308_interfaces/lib:/home/kaeboon/sjtu_drone/install/sjtu_drone_description/lib:/home/kaeboon/KBoon/ee4308_proj2/install/ee4308_gazebo_plugins/lib:/usr/lib/x86_64-linux-gnu/gazebo-11/plugins:/opt/ros/humble/opt/rviz_ogre_vendor/lib:/opt/ros/humble/lib/x86_64-linux-gnu:/opt/ros/humble/lib:/usr/lib/x86_64-linux-gnu/gazebo-11/plugins:/usr/lib/x86_64-linux-gnu/gazebo-11/plugins:/usr/lib/x86_64-linux-gnu/gazebo-11/plugins /usr/bin/cmake --build /home/kaeboon/KBoon/ee4308_proj2/build/ee4308_drone -- -j4 -l4
[20.296s] DEBUG:colcon.colcon_core.event_handler.log_command:Invoking command in '/home/kaeboon/KBoon/ee4308_proj2/build/ee4308_drone': CMAKE_PREFIX_PATH=/home/kaeboon/KBoon/ee4308_proj2/install/ee4308_lib:/home/kaeboon/KBoon/ee4308_proj2/install/ee4308_interfaces:/home/kaeboon/sjtu_drone/install/sjtu_drone_description:/home/kaeboon/KBoon/ee4308_proj2/install/ee4308_turtle:/home/kaeboon/KBoon/ee4308_proj2/install/ee4308_drone:/home/kaeboon/KBoon/ee4308_proj2/install/ee4308_gazebo_plugins:/home/kaeboon/KBoon/ee4308_proj2/install/ee4308_bringup:/home/kaeboon/sjtu_drone/install/sjtu_drone_control:/home/kaeboon/sjtu_drone/install/sjtu_drone_bringup:/opt/ros/humble LD_LIBRARY_PATH=/home/kaeboon/KBoon/ee4308_proj2/install/ee4308_interfaces/lib:/home/kaeboon/sjtu_drone/install/sjtu_drone_description/lib:/home/kaeboon/KBoon/ee4308_proj2/install/ee4308_gazebo_plugins/lib:/usr/lib/x86_64-linux-gnu/gazebo-11/plugins:/opt/ros/humble/opt/rviz_ogre_vendor/lib:/opt/ros/humble/lib/x86_64-linux-gnu:/opt/ros/humble/lib:/usr/lib/x86_64-linux-gnu/gazebo-11/plugins:/usr/lib/x86_64-linux-gnu/gazebo-11/plugins:/usr/lib/x86_64-linux-gnu/gazebo-11/plugins /usr/bin/cmake --install /home/kaeboon/KBoon/ee4308_proj2/build/ee4308_drone
[20.317s] Level 1:colcon.colcon_core.environment:create_environment_scripts_only(ee4308_drone)
[20.318s] DEBUG:colcon.colcon_core.event_handler.log_command:Invoked command in '/home/kaeboon/KBoon/ee4308_proj2/build/ee4308_drone' returned '0': CMAKE_PREFIX_PATH=/home/kaeboon/KBoon/ee4308_proj2/install/ee4308_lib:/home/kaeboon/KBoon/ee4308_proj2/install/ee4308_interfaces:/home/kaeboon/sjtu_drone/install/sjtu_drone_description:/home/kaeboon/KBoon/ee4308_proj2/install/ee4308_turtle:/home/kaeboon/KBoon/ee4308_proj2/install/ee4308_drone:/home/kaeboon/KBoon/ee4308_proj2/install/ee4308_gazebo_plugins:/home/kaeboon/KBoon/ee4308_proj2/install/ee4308_bringup:/home/kaeboon/sjtu_drone/install/sjtu_drone_control:/home/kaeboon/sjtu_drone/install/sjtu_drone_bringup:/opt/ros/humble LD_LIBRARY_PATH=/home/kaeboon/KBoon/ee4308_proj2/install/ee4308_interfaces/lib:/home/kaeboon/sjtu_drone/install/sjtu_drone_description/lib:/home/kaeboon/KBoon/ee4308_proj2/install/ee4308_gazebo_plugins/lib:/usr/lib/x86_64-linux-gnu/gazebo-11/plugins:/opt/ros/humble/opt/rviz_ogre_vendor/lib:/opt/ros/humble/lib/x86_64-linux-gnu:/opt/ros/humble/lib:/usr/lib/x86_64-linux-gnu/gazebo-11/plugins:/usr/lib/x86_64-linux-gnu/gazebo-11/plugins:/usr/lib/x86_64-linux-gnu/gazebo-11/plugins /usr/bin/cmake --install /home/kaeboon/KBoon/ee4308_proj2/build/ee4308_drone
[20.338s] Level 1:colcon.colcon_core.environment:checking '/home/kaeboon/KBoon/ee4308_proj2/install/ee4308_drone' for CMake module files
[20.339s] Level 1:colcon.colcon_core.environment:checking '/home/kaeboon/KBoon/ee4308_proj2/install/ee4308_drone' for CMake config files
[20.340s] Level 1:colcon.colcon_core.shell:create_environment_hook('ee4308_drone', 'cmake_prefix_path')
[20.360s] INFO:colcon.colcon_core.shell:Creating environment hook '/home/kaeboon/KBoon/ee4308_proj2/install/ee4308_drone/share/ee4308_drone/hook/cmake_prefix_path.ps1'
[20.361s] INFO:colcon.colcon_core.shell:Creating environment descriptor '/home/kaeboon/KBoon/ee4308_proj2/install/ee4308_drone/share/ee4308_drone/hook/cmake_prefix_path.dsv'
[20.361s] INFO:colcon.colcon_core.shell:Creating environment hook '/home/kaeboon/KBoon/ee4308_proj2/install/ee4308_drone/share/ee4308_drone/hook/cmake_prefix_path.sh'
[20.363s] Level 1:colcon.colcon_core.environment:checking '/home/kaeboon/KBoon/ee4308_proj2/install/ee4308_drone/lib'
[20.363s] Level 1:colcon.colcon_core.environment:checking '/home/kaeboon/KBoon/ee4308_proj2/install/ee4308_drone/bin'
[20.363s] Level 1:colcon.colcon_core.environment:checking '/home/kaeboon/KBoon/ee4308_proj2/install/ee4308_drone/lib/pkgconfig/ee4308_drone.pc'
[20.363s] Level 1:colcon.colcon_core.environment:checking '/home/kaeboon/KBoon/ee4308_proj2/install/ee4308_drone/lib/python3.10/site-packages'
[20.363s] Level 1:colcon.colcon_core.environment:checking '/home/kaeboon/KBoon/ee4308_proj2/install/ee4308_drone/bin'
[20.385s] INFO:colcon.colcon_core.shell:Creating package script '/home/kaeboon/KBoon/ee4308_proj2/install/ee4308_drone/share/ee4308_drone/package.ps1'
[20.386s] INFO:colcon.colcon_core.shell:Creating package descriptor '/home/kaeboon/KBoon/ee4308_proj2/install/ee4308_drone/share/ee4308_drone/package.dsv'
[20.387s] INFO:colcon.colcon_core.shell:Creating package script '/home/kaeboon/KBoon/ee4308_proj2/install/ee4308_drone/share/ee4308_drone/package.sh'
[20.388s] INFO:colcon.colcon_core.shell:Creating package script '/home/kaeboon/KBoon/ee4308_proj2/install/ee4308_drone/share/ee4308_drone/package.bash'
[20.389s] INFO:colcon.colcon_core.shell:Creating package script '/home/kaeboon/KBoon/ee4308_proj2/install/ee4308_drone/share/ee4308_drone/package.zsh'
[20.389s] Level 1:colcon.colcon_core.environment:create_file_with_runtime_dependencies(/home/kaeboon/KBoon/ee4308_proj2/install/ee4308_drone/share/colcon-core/packages/ee4308_drone)
[20.457s] Level 1:colcon.colcon_core.environment:create_environment_scripts_only(ee4308_drone)
[20.478s] Level 1:colcon.colcon_core.environment:checking '/home/kaeboon/KBoon/ee4308_proj2/install/ee4308_drone' for CMake module files
[20.479s] Level 1:colcon.colcon_core.environment:checking '/home/kaeboon/KBoon/ee4308_proj2/install/ee4308_drone' for CMake config files
[20.480s] Level 1:colcon.colcon_core.shell:create_environment_hook('ee4308_drone', 'cmake_prefix_path')
[20.496s] INFO:colcon.colcon_core.shell:Creating environment hook '/home/kaeboon/KBoon/ee4308_proj2/install/ee4308_drone/share/ee4308_drone/hook/cmake_prefix_path.ps1'
[20.497s] INFO:colcon.colcon_core.shell:Creating environment descriptor '/home/kaeboon/KBoon/ee4308_proj2/install/ee4308_drone/share/ee4308_drone/hook/cmake_prefix_path.dsv'
[20.497s] INFO:colcon.colcon_core.shell:Creating environment hook '/home/kaeboon/KBoon/ee4308_proj2/install/ee4308_drone/share/ee4308_drone/hook/cmake_prefix_path.sh'
[20.498s] Level 1:colcon.colcon_core.environment:checking '/home/kaeboon/KBoon/ee4308_proj2/install/ee4308_drone/lib'
[20.498s] Level 1:colcon.colcon_core.environment:checking '/home/kaeboon/KBoon/ee4308_proj2/install/ee4308_drone/bin'
[20.498s] Level 1:colcon.colcon_core.environment:checking '/home/kaeboon/KBoon/ee4308_proj2/install/ee4308_drone/lib/pkgconfig/ee4308_drone.pc'
[20.498s] Level 1:colcon.colcon_core.environment:checking '/home/kaeboon/KBoon/ee4308_proj2/install/ee4308_drone/lib/python3.10/site-packages'
[20.499s] Level 1:colcon.colcon_core.environment:checking '/home/kaeboon/KBoon/ee4308_proj2/install/ee4308_drone/bin'
[20.519s] INFO:colcon.colcon_core.shell:Creating package script '/home/kaeboon/KBoon/ee4308_proj2/install/ee4308_drone/share/ee4308_drone/package.ps1'
[20.520s] INFO:colcon.colcon_core.shell:Creating package descriptor '/home/kaeboon/KBoon/ee4308_proj2/install/ee4308_drone/share/ee4308_drone/package.dsv'
[20.521s] INFO:colcon.colcon_core.shell:Creating package script '/home/kaeboon/KBoon/ee4308_proj2/install/ee4308_drone/share/ee4308_drone/package.sh'
[20.521s] INFO:colcon.colcon_core.shell:Creating package script '/home/kaeboon/KBoon/ee4308_proj2/install/ee4308_drone/share/ee4308_drone/package.bash'
[20.522s] INFO:colcon.colcon_core.shell:Creating package script '/home/kaeboon/KBoon/ee4308_proj2/install/ee4308_drone/share/ee4308_drone/package.zsh'
[20.522s] Level 1:colcon.colcon_core.environment:create_file_with_runtime_dependencies(/home/kaeboon/KBoon/ee4308_proj2/install/ee4308_drone/share/colcon-core/packages/ee4308_drone)
[20.523s] DEBUG:colcon.colcon_parallel_executor.executor.parallel:closing loop
[20.523s] DEBUG:colcon.colcon_parallel_executor.executor.parallel:loop closed
[20.524s] DEBUG:colcon.colcon_parallel_executor.executor.parallel:run_until_complete finished with '0'
[20.524s] DEBUG:colcon.colcon_core.event_reactor:joining thread
[20.550s] INFO:colcon.colcon_core.plugin_system:Skipping extension 'colcon_notification.desktop_notification.terminal_notifier': Not used on non-Darwin systems
[20.550s] INFO:colcon.colcon_core.plugin_system:Skipping extension 'colcon_notification.desktop_notification.win32': Not used on non-Windows systems
[20.550s] INFO:colcon.colcon_notification.desktop_notification:Sending desktop notification using 'notify2'
[20.571s] DEBUG:colcon.colcon_core.event_reactor:joined thread
[20.588s] INFO:colcon.colcon_core.shell:Creating prefix script '/home/kaeboon/KBoon/ee4308_proj2/install/local_setup.ps1'
[20.589s] INFO:colcon.colcon_core.shell:Creating prefix util module '/home/kaeboon/KBoon/ee4308_proj2/install/_local_setup_util_ps1.py'
[20.590s] INFO:colcon.colcon_core.shell:Creating prefix chain script '/home/kaeboon/KBoon/ee4308_proj2/install/setup.ps1'
[20.607s] INFO:colcon.colcon_core.shell:Creating prefix script '/home/kaeboon/KBoon/ee4308_proj2/install/local_setup.sh'
[20.608s] INFO:colcon.colcon_core.shell:Creating prefix util module '/home/kaeboon/KBoon/ee4308_proj2/install/_local_setup_util_sh.py'
[20.608s] INFO:colcon.colcon_core.shell:Creating prefix chain script '/home/kaeboon/KBoon/ee4308_proj2/install/setup.sh'
[20.627s] INFO:colcon.colcon_core.shell:Creating prefix script '/home/kaeboon/KBoon/ee4308_proj2/install/local_setup.bash'
[20.628s] INFO:colcon.colcon_core.shell:Creating prefix chain script '/home/kaeboon/KBoon/ee4308_proj2/install/setup.bash'
[20.646s] INFO:colcon.colcon_core.shell:Creating prefix script '/home/kaeboon/KBoon/ee4308_proj2/install/local_setup.zsh'
[20.646s] INFO:colcon.colcon_core.shell:Creating prefix chain script '/home/kaeboon/KBoon/ee4308_proj2/install/setup.zsh'
