[0.826s] Invoking command in '/home/kaeboon/KBoon/ee4308_proj2/build/ee4308_interfaces': CMAKE_PREFIX_PATH=${CMAKE_PREFIX_PATH}:/home/kaeboon/sjtu_drone/install/sjtu_drone_control:/home/kaeboon/sjtu_drone/install/sjtu_drone_bringup:/opt/ros/humble /usr/bin/cmake --build /home/kaeboon/KBoon/ee4308_proj2/build/ee4308_interfaces -- -j4 -l4
[1.024s] [ 10%] Built target ee4308_interfaces__rosidl_generator_c
[1.081s] [ 12%] Built target ee4308_interfaces__cpp
[1.113s] [ 12%] Built target ament_cmake_python_symlink_ee4308_interfaces
[1.197s] [ 23%] Built target ee4308_interfaces__rosidl_typesupport_fastrtps_c
[1.215s] [ 34%] Built target ee4308_interfaces__rosidl_typesupport_introspection_c
[1.403s] [ 44%] Built target ee4308_interfaces__rosidl_typesupport_c
[1.429s] [ 55%] Built target ee4308_interfaces__rosidl_typesupport_introspection_cpp
[1.463s] [ 65%] Built target ee4308_interfaces__rosidl_typesupport_cpp
[1.623s] [ 76%] Built target ee4308_interfaces__rosidl_typesupport_fastrtps_cpp
[1.751s] [ 76%] Built target ee4308_interfaces
[1.846s] [ 78%] Built target ee4308_interfaces__py
[2.033s] [ 87%] Built target ee4308_interfaces__rosidl_generator_py
[2.147s] [ 91%] Built target ee4308_interfaces__rosidl_typesupport_fastrtps_c__pyext
[2.203s] [ 95%] Built target ee4308_interfaces__rosidl_typesupport_introspection_c__pyext
[2.247s] [100%] Built target ee4308_interfaces__rosidl_typesupport_c__pyext
[2.462s] running egg_info
[2.462s] writing ee4308_interfaces.egg-info/PKG-INFO
[2.462s] writing dependency_links to ee4308_interfaces.egg-info/dependency_links.txt
[2.463s] writing top-level names to ee4308_interfaces.egg-info/top_level.txt
[2.502s] reading manifest file 'ee4308_interfaces.egg-info/SOURCES.txt'
[2.502s] writing manifest file 'ee4308_interfaces.egg-info/SOURCES.txt'
[2.600s] [100%] Built target ament_cmake_python_build_ee4308_interfaces_egg
[2.925s] Invoked command in '/home/kaeboon/KBoon/ee4308_proj2/build/ee4308_interfaces' returned '0': CMAKE_PREFIX_PATH=${CMAKE_PREFIX_PATH}:/home/kaeboon/sjtu_drone/install/sjtu_drone_control:/home/kaeboon/sjtu_drone/install/sjtu_drone_bringup:/opt/ros/humble /usr/bin/cmake --build /home/kaeboon/KBoon/ee4308_proj2/build/ee4308_interfaces -- -j4 -l4
[3.325s] Invoking command in '/home/kaeboon/KBoon/ee4308_proj2/build/ee4308_interfaces': CMAKE_PREFIX_PATH=${CMAKE_PREFIX_PATH}:/home/kaeboon/sjtu_drone/install/sjtu_drone_control:/home/kaeboon/sjtu_drone/install/sjtu_drone_bringup:/opt/ros/humble /usr/bin/cmake --install /home/kaeboon/KBoon/ee4308_proj2/build/ee4308_interfaces
[3.354s] -- Install configuration: ""
[3.354s] -- Execute custom install script
[3.355s] -- Up-to-date symlink: /home/kaeboon/KBoon/ee4308_proj2/install/ee4308_interfaces/share/ament_index/resource_index/rosidl_interfaces/ee4308_interfaces
[3.362s] -- Up-to-date symlink: /home/kaeboon/KBoon/ee4308_proj2/install/ee4308_interfaces/include/ee4308_interfaces/ee4308_interfaces/action/detail/process_drone_state__functions.h
[3.363s] -- Up-to-date symlink: /home/kaeboon/KBoon/ee4308_proj2/install/ee4308_interfaces/include/ee4308_interfaces/ee4308_interfaces/action/detail/process_drone_state__struct.h
[3.364s] -- Up-to-date symlink: /home/kaeboon/KBoon/ee4308_proj2/install/ee4308_interfaces/include/ee4308_interfaces/ee4308_interfaces/action/detail/process_drone_state__type_support.h
[3.364s] -- Up-to-date symlink: /home/kaeboon/KBoon/ee4308_proj2/install/ee4308_interfaces/include/ee4308_interfaces/ee4308_interfaces/action/process_drone_state.h
[3.364s] -- Up-to-date symlink: /home/kaeboon/KBoon/ee4308_proj2/install/ee4308_interfaces/include/ee4308_interfaces/ee4308_interfaces/msg/rosidl_generator_c__visibility_control.h
[3.364s] -- Up-to-date symlink: /home/kaeboon/KBoon/ee4308_proj2/install/ee4308_interfaces/include/ee4308_interfaces/ee4308_interfaces/srv/detail/get_waypoint__functions.h
[3.365s] -- Up-to-date symlink: /home/kaeboon/KBoon/ee4308_proj2/install/ee4308_interfaces/include/ee4308_interfaces/ee4308_interfaces/srv/detail/get_waypoint__struct.h
[3.365s] -- Up-to-date symlink: /home/kaeboon/KBoon/ee4308_proj2/install/ee4308_interfaces/include/ee4308_interfaces/ee4308_interfaces/srv/detail/get_waypoint__type_support.h
[3.365s] -- Up-to-date symlink: /home/kaeboon/KBoon/ee4308_proj2/install/ee4308_interfaces/include/ee4308_interfaces/ee4308_interfaces/srv/detail/waypoint__functions.h
[3.365s] -- Up-to-date symlink: /home/kaeboon/KBoon/ee4308_proj2/install/ee4308_interfaces/include/ee4308_interfaces/ee4308_interfaces/srv/detail/waypoint__struct.h
[3.365s] -- Up-to-date symlink: /home/kaeboon/KBoon/ee4308_proj2/install/ee4308_interfaces/include/ee4308_interfaces/ee4308_interfaces/srv/detail/waypoint__type_support.h
[3.366s] -- Up-to-date symlink: /home/kaeboon/KBoon/ee4308_proj2/install/ee4308_interfaces/include/ee4308_interfaces/ee4308_interfaces/srv/get_waypoint.h
[3.366s] -- Up-to-date symlink: /home/kaeboon/KBoon/ee4308_proj2/install/ee4308_interfaces/include/ee4308_interfaces/ee4308_interfaces/srv/waypoint.h
[3.366s] -- Up-to-date symlink: /home/kaeboon/KBoon/ee4308_proj2/install/ee4308_interfaces/share/ee4308_interfaces/environment/library_path.sh
[3.366s] -- Up-to-date symlink: /home/kaeboon/KBoon/ee4308_proj2/install/ee4308_interfaces/share/ee4308_interfaces/environment/library_path.dsv
[3.367s] -- Up-to-date symlink: /home/kaeboon/KBoon/ee4308_proj2/install/ee4308_interfaces/include/ee4308_interfaces/ee4308_interfaces/action/detail/process_drone_state__rosidl_typesupport_fastrtps_c.h
[3.367s] -- Up-to-date symlink: /home/kaeboon/KBoon/ee4308_proj2/install/ee4308_interfaces/include/ee4308_interfaces/ee4308_interfaces/msg/rosidl_typesupport_fastrtps_c__visibility_control.h
[3.369s] -- Up-to-date symlink: /home/kaeboon/KBoon/ee4308_proj2/install/ee4308_interfaces/include/ee4308_interfaces/ee4308_interfaces/srv/detail/get_waypoint__rosidl_typesupport_fastrtps_c.h
[3.370s] -- Up-to-date symlink: /home/kaeboon/KBoon/ee4308_proj2/install/ee4308_interfaces/include/ee4308_interfaces/ee4308_interfaces/srv/detail/waypoint__rosidl_typesupport_fastrtps_c.h
[3.370s] -- Up-to-date symlink: /home/kaeboon/KBoon/ee4308_proj2/install/ee4308_interfaces/include/ee4308_interfaces/ee4308_interfaces/action/detail/process_drone_state__builder.hpp
[3.370s] -- Up-to-date symlink: /home/kaeboon/KBoon/ee4308_proj2/install/ee4308_interfaces/include/ee4308_interfaces/ee4308_interfaces/action/detail/process_drone_state__struct.hpp
[3.371s] -- Up-to-date symlink: /home/kaeboon/KBoon/ee4308_proj2/install/ee4308_interfaces/include/ee4308_interfaces/ee4308_interfaces/action/detail/process_drone_state__traits.hpp
[3.371s] -- Up-to-date symlink: /home/kaeboon/KBoon/ee4308_proj2/install/ee4308_interfaces/include/ee4308_interfaces/ee4308_interfaces/action/process_drone_state.hpp
[3.371s] -- Up-to-date symlink: /home/kaeboon/KBoon/ee4308_proj2/install/ee4308_interfaces/include/ee4308_interfaces/ee4308_interfaces/srv/detail/get_waypoint__builder.hpp
[3.371s] -- Up-to-date symlink: /home/kaeboon/KBoon/ee4308_proj2/install/ee4308_interfaces/include/ee4308_interfaces/ee4308_interfaces/srv/detail/get_waypoint__struct.hpp
[3.371s] -- Up-to-date symlink: /home/kaeboon/KBoon/ee4308_proj2/install/ee4308_interfaces/include/ee4308_interfaces/ee4308_interfaces/srv/detail/get_waypoint__traits.hpp
[3.371s] -- Up-to-date symlink: /home/kaeboon/KBoon/ee4308_proj2/install/ee4308_interfaces/include/ee4308_interfaces/ee4308_interfaces/srv/detail/waypoint__builder.hpp
[3.371s] -- Up-to-date symlink: /home/kaeboon/KBoon/ee4308_proj2/install/ee4308_interfaces/include/ee4308_interfaces/ee4308_interfaces/srv/detail/waypoint__struct.hpp
[3.372s] -- Up-to-date symlink: /home/kaeboon/KBoon/ee4308_proj2/install/ee4308_interfaces/include/ee4308_interfaces/ee4308_interfaces/srv/detail/waypoint__traits.hpp
[3.372s] -- Up-to-date symlink: /home/kaeboon/KBoon/ee4308_proj2/install/ee4308_interfaces/include/ee4308_interfaces/ee4308_interfaces/srv/get_waypoint.hpp
[3.372s] -- Up-to-date symlink: /home/kaeboon/KBoon/ee4308_proj2/install/ee4308_interfaces/include/ee4308_interfaces/ee4308_interfaces/srv/waypoint.hpp
[3.372s] -- Up-to-date symlink: /home/kaeboon/KBoon/ee4308_proj2/install/ee4308_interfaces/include/ee4308_interfaces/ee4308_interfaces/action/detail/process_drone_state__rosidl_typesupport_fastrtps_cpp.hpp
[3.372s] -- Up-to-date symlink: /home/kaeboon/KBoon/ee4308_proj2/install/ee4308_interfaces/include/ee4308_interfaces/ee4308_interfaces/msg/rosidl_typesupport_fastrtps_cpp__visibility_control.h
[3.376s] -- Up-to-date symlink: /home/kaeboon/KBoon/ee4308_proj2/install/ee4308_interfaces/include/ee4308_interfaces/ee4308_interfaces/srv/detail/get_waypoint__rosidl_typesupport_fastrtps_cpp.hpp
[3.376s] -- Up-to-date symlink: /home/kaeboon/KBoon/ee4308_proj2/install/ee4308_interfaces/include/ee4308_interfaces/ee4308_interfaces/srv/detail/waypoint__rosidl_typesupport_fastrtps_cpp.hpp
[3.376s] -- Up-to-date symlink: /home/kaeboon/KBoon/ee4308_proj2/install/ee4308_interfaces/include/ee4308_interfaces/ee4308_interfaces/action/detail/process_drone_state__rosidl_typesupport_introspection_c.h
[3.376s] -- Up-to-date symlink: /home/kaeboon/KBoon/ee4308_proj2/install/ee4308_interfaces/include/ee4308_interfaces/ee4308_interfaces/msg/rosidl_typesupport_introspection_c__visibility_control.h
[3.377s] -- Up-to-date symlink: /home/kaeboon/KBoon/ee4308_proj2/install/ee4308_interfaces/include/ee4308_interfaces/ee4308_interfaces/srv/detail/get_waypoint__rosidl_typesupport_introspection_c.h
[3.377s] -- Up-to-date symlink: /home/kaeboon/KBoon/ee4308_proj2/install/ee4308_interfaces/include/ee4308_interfaces/ee4308_interfaces/srv/detail/waypoint__rosidl_typesupport_introspection_c.h
[3.382s] -- Up-to-date symlink: /home/kaeboon/KBoon/ee4308_proj2/install/ee4308_interfaces/include/ee4308_interfaces/ee4308_interfaces/action/detail/process_drone_state__rosidl_typesupport_introspection_cpp.hpp
[3.382s] -- Up-to-date symlink: /home/kaeboon/KBoon/ee4308_proj2/install/ee4308_interfaces/include/ee4308_interfaces/ee4308_interfaces/srv/detail/get_waypoint__rosidl_typesupport_introspection_cpp.hpp
[3.383s] -- Up-to-date symlink: /home/kaeboon/KBoon/ee4308_proj2/install/ee4308_interfaces/include/ee4308_interfaces/ee4308_interfaces/srv/detail/waypoint__rosidl_typesupport_introspection_cpp.hpp
[3.383s] -- Up-to-date symlink: /home/kaeboon/KBoon/ee4308_proj2/install/ee4308_interfaces/share/ee4308_interfaces/environment/pythonpath.sh
[3.384s] -- Up-to-date symlink: /home/kaeboon/KBoon/ee4308_proj2/install/ee4308_interfaces/share/ee4308_interfaces/environment/pythonpath.dsv
[3.384s] -- Up-to-date symlink: /home/kaeboon/KBoon/ee4308_proj2/install/ee4308_interfaces/local/lib/python3.10/dist-packages/ee4308_interfaces-0.0.0-py3.10.egg-info/PKG-INFO
[3.384s] -- Up-to-date symlink: /home/kaeboon/KBoon/ee4308_proj2/install/ee4308_interfaces/local/lib/python3.10/dist-packages/ee4308_interfaces-0.0.0-py3.10.egg-info/SOURCES.txt
[3.384s] -- Up-to-date symlink: /home/kaeboon/KBoon/ee4308_proj2/install/ee4308_interfaces/local/lib/python3.10/dist-packages/ee4308_interfaces-0.0.0-py3.10.egg-info/dependency_links.txt
[3.386s] -- Up-to-date symlink: /home/kaeboon/KBoon/ee4308_proj2/install/ee4308_interfaces/local/lib/python3.10/dist-packages/ee4308_interfaces-0.0.0-py3.10.egg-info/top_level.txt
[3.386s] -- Up-to-date symlink: /home/kaeboon/KBoon/ee4308_proj2/install/ee4308_interfaces/local/lib/python3.10/dist-packages/ee4308_interfaces/__init__.py
[3.386s] -- Up-to-date symlink: /home/kaeboon/KBoon/ee4308_proj2/install/ee4308_interfaces/local/lib/python3.10/dist-packages/ee4308_interfaces/_ee4308_interfaces_s.ep.rosidl_typesupport_c.c
[3.386s] -- Up-to-date symlink: /home/kaeboon/KBoon/ee4308_proj2/install/ee4308_interfaces/local/lib/python3.10/dist-packages/ee4308_interfaces/_ee4308_interfaces_s.ep.rosidl_typesupport_fastrtps_c.c
[3.386s] -- Up-to-date symlink: /home/kaeboon/KBoon/ee4308_proj2/install/ee4308_interfaces/local/lib/python3.10/dist-packages/ee4308_interfaces/_ee4308_interfaces_s.ep.rosidl_typesupport_introspection_c.c
[3.387s] -- Up-to-date symlink: /home/kaeboon/KBoon/ee4308_proj2/install/ee4308_interfaces/local/lib/python3.10/dist-packages/ee4308_interfaces/action/__init__.py
[3.387s] -- Up-to-date symlink: /home/kaeboon/KBoon/ee4308_proj2/install/ee4308_interfaces/local/lib/python3.10/dist-packages/ee4308_interfaces/action/_process_drone_state.py
[3.387s] -- Up-to-date symlink: /home/kaeboon/KBoon/ee4308_proj2/install/ee4308_interfaces/local/lib/python3.10/dist-packages/ee4308_interfaces/action/_process_drone_state_s.c
[3.387s] -- Up-to-date symlink: /home/kaeboon/KBoon/ee4308_proj2/install/ee4308_interfaces/local/lib/python3.10/dist-packages/ee4308_interfaces/ee4308_interfaces_s__rosidl_typesupport_c.cpython-310-x86_64-linux-gnu.so
[3.387s] -- Up-to-date symlink: /home/kaeboon/KBoon/ee4308_proj2/install/ee4308_interfaces/local/lib/python3.10/dist-packages/ee4308_interfaces/ee4308_interfaces_s__rosidl_typesupport_fastrtps_c.cpython-310-x86_64-linux-gnu.so
[3.387s] -- Up-to-date symlink: /home/kaeboon/KBoon/ee4308_proj2/install/ee4308_interfaces/local/lib/python3.10/dist-packages/ee4308_interfaces/ee4308_interfaces_s__rosidl_typesupport_introspection_c.cpython-310-x86_64-linux-gnu.so
[3.387s] -- Up-to-date symlink: /home/kaeboon/KBoon/ee4308_proj2/install/ee4308_interfaces/local/lib/python3.10/dist-packages/ee4308_interfaces/libee4308_interfaces__rosidl_generator_py.so
[3.387s] -- Up-to-date symlink: /home/kaeboon/KBoon/ee4308_proj2/install/ee4308_interfaces/local/lib/python3.10/dist-packages/ee4308_interfaces/srv/__init__.py
[3.387s] -- Up-to-date symlink: /home/kaeboon/KBoon/ee4308_proj2/install/ee4308_interfaces/local/lib/python3.10/dist-packages/ee4308_interfaces/srv/_get_waypoint.py
[3.387s] -- Up-to-date symlink: /home/kaeboon/KBoon/ee4308_proj2/install/ee4308_interfaces/local/lib/python3.10/dist-packages/ee4308_interfaces/srv/_get_waypoint_s.c
[3.388s] -- Up-to-date symlink: /home/kaeboon/KBoon/ee4308_proj2/install/ee4308_interfaces/local/lib/python3.10/dist-packages/ee4308_interfaces/srv/_waypoint.py
[3.388s] -- Up-to-date symlink: /home/kaeboon/KBoon/ee4308_proj2/install/ee4308_interfaces/local/lib/python3.10/dist-packages/ee4308_interfaces/srv/_waypoint_s.c
[3.388s] -- Up-to-date symlink: /home/kaeboon/KBoon/ee4308_proj2/install/ee4308_interfaces/local/lib/python3.10/dist-packages/ee4308_interfaces/ee4308_interfaces_s__rosidl_typesupport_fastrtps_c.cpython-310-x86_64-linux-gnu.so
[3.388s] -- Up-to-date symlink: /home/kaeboon/KBoon/ee4308_proj2/install/ee4308_interfaces/local/lib/python3.10/dist-packages/ee4308_interfaces/ee4308_interfaces_s__rosidl_typesupport_introspection_c.cpython-310-x86_64-linux-gnu.so
[3.388s] -- Up-to-date symlink: /home/kaeboon/KBoon/ee4308_proj2/install/ee4308_interfaces/local/lib/python3.10/dist-packages/ee4308_interfaces/ee4308_interfaces_s__rosidl_typesupport_c.cpython-310-x86_64-linux-gnu.so
[3.388s] -- Up-to-date symlink: /home/kaeboon/KBoon/ee4308_proj2/install/ee4308_interfaces/share/ee4308_interfaces/action/ProcessDroneState.idl
[3.388s] -- Up-to-date symlink: /home/kaeboon/KBoon/ee4308_proj2/install/ee4308_interfaces/share/ee4308_interfaces/srv/Waypoint.idl
[3.388s] -- Up-to-date symlink: /home/kaeboon/KBoon/ee4308_proj2/install/ee4308_interfaces/share/ee4308_interfaces/srv/GetWaypoint.idl
[3.388s] -- Up-to-date symlink: /home/kaeboon/KBoon/ee4308_proj2/install/ee4308_interfaces/share/ee4308_interfaces/action/ProcessDroneState.action
[3.388s] -- Up-to-date symlink: /home/kaeboon/KBoon/ee4308_proj2/install/ee4308_interfaces/share/ee4308_interfaces/srv/Waypoint.srv
[3.389s] -- Up-to-date symlink: /home/kaeboon/KBoon/ee4308_proj2/install/ee4308_interfaces/share/ee4308_interfaces/srv/Waypoint_Request.msg
[3.389s] -- Up-to-date symlink: /home/kaeboon/KBoon/ee4308_proj2/install/ee4308_interfaces/share/ee4308_interfaces/srv/Waypoint_Response.msg
[3.389s] -- Up-to-date symlink: /home/kaeboon/KBoon/ee4308_proj2/install/ee4308_interfaces/share/ee4308_interfaces/srv/GetWaypoint.srv
[3.389s] -- Up-to-date symlink: /home/kaeboon/KBoon/ee4308_proj2/install/ee4308_interfaces/share/ee4308_interfaces/srv/GetWaypoint_Request.msg
[3.389s] -- Up-to-date symlink: /home/kaeboon/KBoon/ee4308_proj2/install/ee4308_interfaces/share/ee4308_interfaces/srv/GetWaypoint_Response.msg
[3.389s] -- Up-to-date symlink: /home/kaeboon/KBoon/ee4308_proj2/install/ee4308_interfaces/share/ee4308_interfaces//srv/GetWaypoint.srv
[3.389s] -- Up-to-date symlink: /home/kaeboon/KBoon/ee4308_proj2/install/ee4308_interfaces/share/ee4308_interfaces//srv/Waypoint.srv
[3.389s] -- Up-to-date symlink: /home/kaeboon/KBoon/ee4308_proj2/install/ee4308_interfaces/share/ament_index/resource_index/package_run_dependencies/ee4308_interfaces
[3.389s] -- Up-to-date symlink: /home/kaeboon/KBoon/ee4308_proj2/install/ee4308_interfaces/share/ament_index/resource_index/parent_prefix_path/ee4308_interfaces
[3.390s] -- Up-to-date symlink: /home/kaeboon/KBoon/ee4308_proj2/install/ee4308_interfaces/share/ee4308_interfaces/environment/ament_prefix_path.sh
[3.390s] -- Up-to-date symlink: /home/kaeboon/KBoon/ee4308_proj2/install/ee4308_interfaces/share/ee4308_interfaces/environment/ament_prefix_path.dsv
[3.390s] -- Up-to-date symlink: /home/kaeboon/KBoon/ee4308_proj2/install/ee4308_interfaces/share/ee4308_interfaces/environment/path.sh
[3.390s] -- Up-to-date symlink: /home/kaeboon/KBoon/ee4308_proj2/install/ee4308_interfaces/share/ee4308_interfaces/environment/path.dsv
[3.390s] -- Up-to-date symlink: /home/kaeboon/KBoon/ee4308_proj2/install/ee4308_interfaces/share/ee4308_interfaces/local_setup.bash
[3.395s] -- Up-to-date symlink: /home/kaeboon/KBoon/ee4308_proj2/install/ee4308_interfaces/share/ee4308_interfaces/local_setup.sh
[3.395s] -- Up-to-date symlink: /home/kaeboon/KBoon/ee4308_proj2/install/ee4308_interfaces/share/ee4308_interfaces/local_setup.zsh
[3.395s] -- Up-to-date symlink: /home/kaeboon/KBoon/ee4308_proj2/install/ee4308_interfaces/share/ee4308_interfaces/local_setup.dsv
[3.396s] -- Symlinking: /home/kaeboon/KBoon/ee4308_proj2/install/ee4308_interfaces/share/ee4308_interfaces/package.dsv
[3.408s] -- Up-to-date symlink: /home/kaeboon/KBoon/ee4308_proj2/install/ee4308_interfaces/share/ament_index/resource_index/packages/ee4308_interfaces
[3.409s] -- Up-to-date symlink: /home/kaeboon/KBoon/ee4308_proj2/install/ee4308_interfaces/share/ee4308_interfaces/cmake/rosidl_cmake-extras.cmake
[3.409s] -- Up-to-date symlink: /home/kaeboon/KBoon/ee4308_proj2/install/ee4308_interfaces/share/ee4308_interfaces/cmake/ament_cmake_export_dependencies-extras.cmake
[3.409s] -- Up-to-date symlink: /home/kaeboon/KBoon/ee4308_proj2/install/ee4308_interfaces/share/ee4308_interfaces/cmake/ament_cmake_export_include_directories-extras.cmake
[3.409s] -- Up-to-date symlink: /home/kaeboon/KBoon/ee4308_proj2/install/ee4308_interfaces/share/ee4308_interfaces/cmake/ament_cmake_export_libraries-extras.cmake
[3.409s] -- Up-to-date symlink: /home/kaeboon/KBoon/ee4308_proj2/install/ee4308_interfaces/share/ee4308_interfaces/cmake/ament_cmake_export_targets-extras.cmake
[3.410s] -- Up-to-date symlink: /home/kaeboon/KBoon/ee4308_proj2/install/ee4308_interfaces/share/ee4308_interfaces/cmake/rosidl_cmake_export_typesupport_targets-extras.cmake
[3.410s] -- Up-to-date symlink: /home/kaeboon/KBoon/ee4308_proj2/install/ee4308_interfaces/share/ee4308_interfaces/cmake/rosidl_cmake_export_typesupport_libraries-extras.cmake
[3.410s] -- Up-to-date symlink: /home/kaeboon/KBoon/ee4308_proj2/install/ee4308_interfaces/share/ee4308_interfaces/cmake/ee4308_interfacesConfig.cmake
[3.410s] -- Up-to-date symlink: /home/kaeboon/KBoon/ee4308_proj2/install/ee4308_interfaces/share/ee4308_interfaces/cmake/ee4308_interfacesConfig-version.cmake
[3.411s] -- Up-to-date symlink: /home/kaeboon/KBoon/ee4308_proj2/install/ee4308_interfaces/share/ee4308_interfaces/package.xml
[3.411s] -- Up-to-date: /home/kaeboon/KBoon/ee4308_proj2/install/ee4308_interfaces/lib/libee4308_interfaces__rosidl_generator_c.so
[3.411s] -- Up-to-date: /home/kaeboon/KBoon/ee4308_proj2/install/ee4308_interfaces/lib/libee4308_interfaces__rosidl_typesupport_fastrtps_c.so
[3.412s] -- Up-to-date: /home/kaeboon/KBoon/ee4308_proj2/install/ee4308_interfaces/lib/libee4308_interfaces__rosidl_typesupport_fastrtps_cpp.so
[3.412s] -- Up-to-date: /home/kaeboon/KBoon/ee4308_proj2/install/ee4308_interfaces/lib/libee4308_interfaces__rosidl_typesupport_introspection_c.so
[3.412s] -- Up-to-date: /home/kaeboon/KBoon/ee4308_proj2/install/ee4308_interfaces/lib/libee4308_interfaces__rosidl_typesupport_c.so
[3.413s] -- Up-to-date: /home/kaeboon/KBoon/ee4308_proj2/install/ee4308_interfaces/lib/libee4308_interfaces__rosidl_typesupport_introspection_cpp.so
[3.413s] -- Up-to-date: /home/kaeboon/KBoon/ee4308_proj2/install/ee4308_interfaces/lib/libee4308_interfaces__rosidl_typesupport_cpp.so
[3.514s] Listing '/home/kaeboon/KBoon/ee4308_proj2/install/ee4308_interfaces/local/lib/python3.10/dist-packages/ee4308_interfaces'...
[3.514s] Listing '/home/kaeboon/KBoon/ee4308_proj2/install/ee4308_interfaces/local/lib/python3.10/dist-packages/ee4308_interfaces/action'...
[3.515s] Listing '/home/kaeboon/KBoon/ee4308_proj2/install/ee4308_interfaces/local/lib/python3.10/dist-packages/ee4308_interfaces/srv'...
[3.521s] -- Up-to-date: /home/kaeboon/KBoon/ee4308_proj2/install/ee4308_interfaces/lib/libee4308_interfaces__rosidl_generator_py.so
[3.521s] -- Up-to-date: /home/kaeboon/KBoon/ee4308_proj2/install/ee4308_interfaces/share/ee4308_interfaces/cmake/export_ee4308_interfaces__rosidl_generator_cExport.cmake
[3.521s] -- Up-to-date: /home/kaeboon/KBoon/ee4308_proj2/install/ee4308_interfaces/share/ee4308_interfaces/cmake/export_ee4308_interfaces__rosidl_generator_cExport-noconfig.cmake
[3.521s] -- Up-to-date: /home/kaeboon/KBoon/ee4308_proj2/install/ee4308_interfaces/share/ee4308_interfaces/cmake/export_ee4308_interfaces__rosidl_typesupport_fastrtps_cExport.cmake
[3.522s] -- Up-to-date: /home/kaeboon/KBoon/ee4308_proj2/install/ee4308_interfaces/share/ee4308_interfaces/cmake/export_ee4308_interfaces__rosidl_typesupport_fastrtps_cExport-noconfig.cmake
[3.522s] -- Up-to-date: /home/kaeboon/KBoon/ee4308_proj2/install/ee4308_interfaces/share/ee4308_interfaces/cmake/export_ee4308_interfaces__rosidl_generator_cppExport.cmake
[3.522s] -- Up-to-date: /home/kaeboon/KBoon/ee4308_proj2/install/ee4308_interfaces/share/ee4308_interfaces/cmake/export_ee4308_interfaces__rosidl_typesupport_fastrtps_cppExport.cmake
[3.522s] -- Up-to-date: /home/kaeboon/KBoon/ee4308_proj2/install/ee4308_interfaces/share/ee4308_interfaces/cmake/export_ee4308_interfaces__rosidl_typesupport_fastrtps_cppExport-noconfig.cmake
[3.523s] -- Up-to-date: /home/kaeboon/KBoon/ee4308_proj2/install/ee4308_interfaces/share/ee4308_interfaces/cmake/ee4308_interfaces__rosidl_typesupport_introspection_cExport.cmake
[3.523s] -- Up-to-date: /home/kaeboon/KBoon/ee4308_proj2/install/ee4308_interfaces/share/ee4308_interfaces/cmake/ee4308_interfaces__rosidl_typesupport_introspection_cExport-noconfig.cmake
[3.523s] -- Up-to-date: /home/kaeboon/KBoon/ee4308_proj2/install/ee4308_interfaces/share/ee4308_interfaces/cmake/ee4308_interfaces__rosidl_typesupport_cExport.cmake
[3.523s] -- Up-to-date: /home/kaeboon/KBoon/ee4308_proj2/install/ee4308_interfaces/share/ee4308_interfaces/cmake/ee4308_interfaces__rosidl_typesupport_cExport-noconfig.cmake
[3.523s] -- Up-to-date: /home/kaeboon/KBoon/ee4308_proj2/install/ee4308_interfaces/share/ee4308_interfaces/cmake/ee4308_interfaces__rosidl_typesupport_introspection_cppExport.cmake
[3.523s] -- Up-to-date: /home/kaeboon/KBoon/ee4308_proj2/install/ee4308_interfaces/share/ee4308_interfaces/cmake/ee4308_interfaces__rosidl_typesupport_introspection_cppExport-noconfig.cmake
[3.523s] -- Up-to-date: /home/kaeboon/KBoon/ee4308_proj2/install/ee4308_interfaces/share/ee4308_interfaces/cmake/ee4308_interfaces__rosidl_typesupport_cppExport.cmake
[3.523s] -- Up-to-date: /home/kaeboon/KBoon/ee4308_proj2/install/ee4308_interfaces/share/ee4308_interfaces/cmake/ee4308_interfaces__rosidl_typesupport_cppExport-noconfig.cmake
[3.523s] -- Up-to-date: /home/kaeboon/KBoon/ee4308_proj2/install/ee4308_interfaces/share/ee4308_interfaces/cmake/export_ee4308_interfaces__rosidl_generator_pyExport.cmake
[3.523s] -- Up-to-date: /home/kaeboon/KBoon/ee4308_proj2/install/ee4308_interfaces/share/ee4308_interfaces/cmake/export_ee4308_interfaces__rosidl_generator_pyExport-noconfig.cmake
[3.526s] Invoked command in '/home/kaeboon/KBoon/ee4308_proj2/build/ee4308_interfaces' returned '0': CMAKE_PREFIX_PATH=${CMAKE_PREFIX_PATH}:/home/kaeboon/sjtu_drone/install/sjtu_drone_control:/home/kaeboon/sjtu_drone/install/sjtu_drone_bringup:/opt/ros/humble /usr/bin/cmake --install /home/kaeboon/KBoon/ee4308_proj2/build/ee4308_interfaces
