[0.451s] Invoking command in '/home/kaeboon/KBoon/ee4308_proj2/build/ee4308_interfaces': CMAKE_PREFIX_PATH=${CMAKE_PREFIX_PATH}:/home/kaeboon/sjtu_drone/install/sjtu_drone_control:/home/kaeboon/sjtu_drone/install/sjtu_drone_bringup:/opt/ros/humble /usr/bin/cmake --build /home/kaeboon/KBoon/ee4308_proj2/build/ee4308_interfaces -- -j4 -l4
[0.624s] [ 10%] Built target ee4308_interfaces__rosidl_generator_c
[0.651s] [ 10%] Built target ament_cmake_python_symlink_ee4308_interfaces
[0.724s] [ 21%] Built target ee4308_interfaces__rosidl_typesupport_introspection_c
[0.804s] [ 23%] Built target ee4308_interfaces__cpp
[0.806s] [ 34%] Built target ee4308_interfaces__rosidl_typesupport_c
[0.862s] [ 44%] Built target ee4308_interfaces__rosidl_typesupport_fastrtps_c
[0.954s] [ 55%] Built target ee4308_interfaces__rosidl_typesupport_cpp
[1.003s] [ 65%] Built target ee4308_interfaces__rosidl_typesupport_introspection_cpp
[1.004s] [ 76%] Built target ee4308_interfaces__rosidl_typesupport_fastrtps_cpp
[1.095s] [ 76%] Built target ee4308_interfaces
[1.272s] [ 78%] Built target ee4308_interfaces__py
[1.328s] running egg_info
[1.331s] writing ee4308_interfaces.egg-info/PKG-INFO
[1.331s] writing dependency_links to ee4308_interfaces.egg-info/dependency_links.txt
[1.331s] writing top-level names to ee4308_interfaces.egg-info/top_level.txt
[1.335s] reading manifest file 'ee4308_interfaces.egg-info/SOURCES.txt'
[1.337s] writing manifest file 'ee4308_interfaces.egg-info/SOURCES.txt'
[1.345s] [ 87%] Built target ee4308_interfaces__rosidl_generator_py
[1.439s] [ 91%] Built target ee4308_interfaces__rosidl_typesupport_fastrtps_c__pyext
[1.456s] [ 91%] Built target ament_cmake_python_build_ee4308_interfaces_egg
[1.467s] [ 95%] Built target ee4308_interfaces__rosidl_typesupport_c__pyext
[1.477s] [100%] Built target ee4308_interfaces__rosidl_typesupport_introspection_c__pyext
[1.576s] Invoked command in '/home/kaeboon/KBoon/ee4308_proj2/build/ee4308_interfaces' returned '0': CMAKE_PREFIX_PATH=${CMAKE_PREFIX_PATH}:/home/kaeboon/sjtu_drone/install/sjtu_drone_control:/home/kaeboon/sjtu_drone/install/sjtu_drone_bringup:/opt/ros/humble /usr/bin/cmake --build /home/kaeboon/KBoon/ee4308_proj2/build/ee4308_interfaces -- -j4 -l4
[1.823s] Invoking command in '/home/kaeboon/KBoon/ee4308_proj2/build/ee4308_interfaces': CMAKE_PREFIX_PATH=${CMAKE_PREFIX_PATH}:/home/kaeboon/sjtu_drone/install/sjtu_drone_control:/home/kaeboon/sjtu_drone/install/sjtu_drone_bringup:/opt/ros/humble /usr/bin/cmake --install /home/kaeboon/KBoon/ee4308_proj2/build/ee4308_interfaces
[1.848s] -- Install configuration: ""
[1.852s] -- Execute custom install script
[1.852s] -- Up-to-date symlink: /home/kaeboon/KBoon/ee4308_proj2/install/ee4308_interfaces/share/ament_index/resource_index/rosidl_interfaces/ee4308_interfaces
[1.853s] -- Up-to-date symlink: /home/kaeboon/KBoon/ee4308_proj2/install/ee4308_interfaces/include/ee4308_interfaces/ee4308_interfaces/action/detail/process_drone_state__functions.h
[1.853s] -- Up-to-date symlink: /home/kaeboon/KBoon/ee4308_proj2/install/ee4308_interfaces/include/ee4308_interfaces/ee4308_interfaces/action/detail/process_drone_state__struct.h
[1.853s] -- Up-to-date symlink: /home/kaeboon/KBoon/ee4308_proj2/install/ee4308_interfaces/include/ee4308_interfaces/ee4308_interfaces/action/detail/process_drone_state__type_support.h
[1.853s] -- Up-to-date symlink: /home/kaeboon/KBoon/ee4308_proj2/install/ee4308_interfaces/include/ee4308_interfaces/ee4308_interfaces/action/process_drone_state.h
[1.853s] -- Up-to-date symlink: /home/kaeboon/KBoon/ee4308_proj2/install/ee4308_interfaces/include/ee4308_interfaces/ee4308_interfaces/msg/rosidl_generator_c__visibility_control.h
[1.853s] -- Up-to-date symlink: /home/kaeboon/KBoon/ee4308_proj2/install/ee4308_interfaces/include/ee4308_interfaces/ee4308_interfaces/srv/detail/get_waypoint__functions.h
[1.854s] -- Up-to-date symlink: /home/kaeboon/KBoon/ee4308_proj2/install/ee4308_interfaces/include/ee4308_interfaces/ee4308_interfaces/srv/detail/get_waypoint__struct.h
[1.854s] -- Up-to-date symlink: /home/kaeboon/KBoon/ee4308_proj2/install/ee4308_interfaces/include/ee4308_interfaces/ee4308_interfaces/srv/detail/get_waypoint__type_support.h
[1.854s] -- Up-to-date symlink: /home/kaeboon/KBoon/ee4308_proj2/install/ee4308_interfaces/include/ee4308_interfaces/ee4308_interfaces/srv/detail/waypoint__functions.h
[1.854s] -- Up-to-date symlink: /home/kaeboon/KBoon/ee4308_proj2/install/ee4308_interfaces/include/ee4308_interfaces/ee4308_interfaces/srv/detail/waypoint__struct.h
[1.854s] -- Up-to-date symlink: /home/kaeboon/KBoon/ee4308_proj2/install/ee4308_interfaces/include/ee4308_interfaces/ee4308_interfaces/srv/detail/waypoint__type_support.h
[1.855s] -- Up-to-date symlink: /home/kaeboon/KBoon/ee4308_proj2/install/ee4308_interfaces/include/ee4308_interfaces/ee4308_interfaces/srv/get_waypoint.h
[1.855s] -- Up-to-date symlink: /home/kaeboon/KBoon/ee4308_proj2/install/ee4308_interfaces/include/ee4308_interfaces/ee4308_interfaces/srv/waypoint.h
[1.858s] -- Up-to-date symlink: /home/kaeboon/KBoon/ee4308_proj2/install/ee4308_interfaces/share/ee4308_interfaces/environment/library_path.sh
[1.859s] -- Up-to-date symlink: /home/kaeboon/KBoon/ee4308_proj2/install/ee4308_interfaces/share/ee4308_interfaces/environment/library_path.dsv
[1.859s] -- Up-to-date symlink: /home/kaeboon/KBoon/ee4308_proj2/install/ee4308_interfaces/include/ee4308_interfaces/ee4308_interfaces/action/detail/process_drone_state__rosidl_typesupport_fastrtps_c.h
[1.863s] -- Up-to-date symlink: /home/kaeboon/KBoon/ee4308_proj2/install/ee4308_interfaces/include/ee4308_interfaces/ee4308_interfaces/msg/rosidl_typesupport_fastrtps_c__visibility_control.h
[1.863s] -- Up-to-date symlink: /home/kaeboon/KBoon/ee4308_proj2/install/ee4308_interfaces/include/ee4308_interfaces/ee4308_interfaces/srv/detail/get_waypoint__rosidl_typesupport_fastrtps_c.h
[1.864s] -- Up-to-date symlink: /home/kaeboon/KBoon/ee4308_proj2/install/ee4308_interfaces/include/ee4308_interfaces/ee4308_interfaces/srv/detail/waypoint__rosidl_typesupport_fastrtps_c.h
[1.864s] -- Up-to-date symlink: /home/kaeboon/KBoon/ee4308_proj2/install/ee4308_interfaces/include/ee4308_interfaces/ee4308_interfaces/action/detail/process_drone_state__builder.hpp
[1.864s] -- Up-to-date symlink: /home/kaeboon/KBoon/ee4308_proj2/install/ee4308_interfaces/include/ee4308_interfaces/ee4308_interfaces/action/detail/process_drone_state__struct.hpp
[1.864s] -- Up-to-date symlink: /home/kaeboon/KBoon/ee4308_proj2/install/ee4308_interfaces/include/ee4308_interfaces/ee4308_interfaces/action/detail/process_drone_state__traits.hpp
[1.864s] -- Up-to-date symlink: /home/kaeboon/KBoon/ee4308_proj2/install/ee4308_interfaces/include/ee4308_interfaces/ee4308_interfaces/action/process_drone_state.hpp
[1.864s] -- Up-to-date symlink: /home/kaeboon/KBoon/ee4308_proj2/install/ee4308_interfaces/include/ee4308_interfaces/ee4308_interfaces/srv/detail/get_waypoint__builder.hpp
[1.864s] -- Up-to-date symlink: /home/kaeboon/KBoon/ee4308_proj2/install/ee4308_interfaces/include/ee4308_interfaces/ee4308_interfaces/srv/detail/get_waypoint__struct.hpp
[1.864s] -- Up-to-date symlink: /home/kaeboon/KBoon/ee4308_proj2/install/ee4308_interfaces/include/ee4308_interfaces/ee4308_interfaces/srv/detail/get_waypoint__traits.hpp
[1.865s] -- Up-to-date symlink: /home/kaeboon/KBoon/ee4308_proj2/install/ee4308_interfaces/include/ee4308_interfaces/ee4308_interfaces/srv/detail/waypoint__builder.hpp
[1.865s] -- Up-to-date symlink: /home/kaeboon/KBoon/ee4308_proj2/install/ee4308_interfaces/include/ee4308_interfaces/ee4308_interfaces/srv/detail/waypoint__struct.hpp
[1.865s] -- Up-to-date symlink: /home/kaeboon/KBoon/ee4308_proj2/install/ee4308_interfaces/include/ee4308_interfaces/ee4308_interfaces/srv/detail/waypoint__traits.hpp
[1.865s] -- Up-to-date symlink: /home/kaeboon/KBoon/ee4308_proj2/install/ee4308_interfaces/include/ee4308_interfaces/ee4308_interfaces/srv/get_waypoint.hpp
[1.865s] -- Up-to-date symlink: /home/kaeboon/KBoon/ee4308_proj2/install/ee4308_interfaces/include/ee4308_interfaces/ee4308_interfaces/srv/waypoint.hpp
[1.865s] -- Up-to-date symlink: /home/kaeboon/KBoon/ee4308_proj2/install/ee4308_interfaces/include/ee4308_interfaces/ee4308_interfaces/action/detail/process_drone_state__rosidl_typesupport_fastrtps_cpp.hpp
[1.865s] -- Up-to-date symlink: /home/kaeboon/KBoon/ee4308_proj2/install/ee4308_interfaces/include/ee4308_interfaces/ee4308_interfaces/msg/rosidl_typesupport_fastrtps_cpp__visibility_control.h
[1.869s] -- Up-to-date symlink: /home/kaeboon/KBoon/ee4308_proj2/install/ee4308_interfaces/include/ee4308_interfaces/ee4308_interfaces/srv/detail/get_waypoint__rosidl_typesupport_fastrtps_cpp.hpp
[1.869s] -- Up-to-date symlink: /home/kaeboon/KBoon/ee4308_proj2/install/ee4308_interfaces/include/ee4308_interfaces/ee4308_interfaces/srv/detail/waypoint__rosidl_typesupport_fastrtps_cpp.hpp
[1.869s] -- Up-to-date symlink: /home/kaeboon/KBoon/ee4308_proj2/install/ee4308_interfaces/include/ee4308_interfaces/ee4308_interfaces/action/detail/process_drone_state__rosidl_typesupport_introspection_c.h
[1.869s] -- Up-to-date symlink: /home/kaeboon/KBoon/ee4308_proj2/install/ee4308_interfaces/include/ee4308_interfaces/ee4308_interfaces/msg/rosidl_typesupport_introspection_c__visibility_control.h
[1.869s] -- Up-to-date symlink: /home/kaeboon/KBoon/ee4308_proj2/install/ee4308_interfaces/include/ee4308_interfaces/ee4308_interfaces/srv/detail/get_waypoint__rosidl_typesupport_introspection_c.h
[1.870s] -- Up-to-date symlink: /home/kaeboon/KBoon/ee4308_proj2/install/ee4308_interfaces/include/ee4308_interfaces/ee4308_interfaces/srv/detail/waypoint__rosidl_typesupport_introspection_c.h
[1.870s] -- Up-to-date symlink: /home/kaeboon/KBoon/ee4308_proj2/install/ee4308_interfaces/include/ee4308_interfaces/ee4308_interfaces/action/detail/process_drone_state__rosidl_typesupport_introspection_cpp.hpp
[1.870s] -- Up-to-date symlink: /home/kaeboon/KBoon/ee4308_proj2/install/ee4308_interfaces/include/ee4308_interfaces/ee4308_interfaces/srv/detail/get_waypoint__rosidl_typesupport_introspection_cpp.hpp
[1.870s] -- Up-to-date symlink: /home/kaeboon/KBoon/ee4308_proj2/install/ee4308_interfaces/include/ee4308_interfaces/ee4308_interfaces/srv/detail/waypoint__rosidl_typesupport_introspection_cpp.hpp
[1.870s] -- Up-to-date symlink: /home/kaeboon/KBoon/ee4308_proj2/install/ee4308_interfaces/share/ee4308_interfaces/environment/pythonpath.sh
[1.870s] -- Up-to-date symlink: /home/kaeboon/KBoon/ee4308_proj2/install/ee4308_interfaces/share/ee4308_interfaces/environment/pythonpath.dsv
[1.876s] -- Up-to-date symlink: /home/kaeboon/KBoon/ee4308_proj2/install/ee4308_interfaces/local/lib/python3.10/dist-packages/ee4308_interfaces-0.0.0-py3.10.egg-info/PKG-INFO
[1.877s] -- Up-to-date symlink: /home/kaeboon/KBoon/ee4308_proj2/install/ee4308_interfaces/local/lib/python3.10/dist-packages/ee4308_interfaces-0.0.0-py3.10.egg-info/SOURCES.txt
[1.877s] -- Up-to-date symlink: /home/kaeboon/KBoon/ee4308_proj2/install/ee4308_interfaces/local/lib/python3.10/dist-packages/ee4308_interfaces-0.0.0-py3.10.egg-info/dependency_links.txt
[1.877s] -- Up-to-date symlink: /home/kaeboon/KBoon/ee4308_proj2/install/ee4308_interfaces/local/lib/python3.10/dist-packages/ee4308_interfaces-0.0.0-py3.10.egg-info/top_level.txt
[1.877s] -- Up-to-date symlink: /home/kaeboon/KBoon/ee4308_proj2/install/ee4308_interfaces/local/lib/python3.10/dist-packages/ee4308_interfaces/__init__.py
[1.877s] -- Up-to-date symlink: /home/kaeboon/KBoon/ee4308_proj2/install/ee4308_interfaces/local/lib/python3.10/dist-packages/ee4308_interfaces/_ee4308_interfaces_s.ep.rosidl_typesupport_c.c
[1.878s] -- Up-to-date symlink: /home/kaeboon/KBoon/ee4308_proj2/install/ee4308_interfaces/local/lib/python3.10/dist-packages/ee4308_interfaces/_ee4308_interfaces_s.ep.rosidl_typesupport_fastrtps_c.c
[1.878s] -- Up-to-date symlink: /home/kaeboon/KBoon/ee4308_proj2/install/ee4308_interfaces/local/lib/python3.10/dist-packages/ee4308_interfaces/_ee4308_interfaces_s.ep.rosidl_typesupport_introspection_c.c
[1.878s] -- Up-to-date symlink: /home/kaeboon/KBoon/ee4308_proj2/install/ee4308_interfaces/local/lib/python3.10/dist-packages/ee4308_interfaces/action/__init__.py
[1.878s] -- Up-to-date symlink: /home/kaeboon/KBoon/ee4308_proj2/install/ee4308_interfaces/local/lib/python3.10/dist-packages/ee4308_interfaces/action/_process_drone_state.py
[1.878s] -- Up-to-date symlink: /home/kaeboon/KBoon/ee4308_proj2/install/ee4308_interfaces/local/lib/python3.10/dist-packages/ee4308_interfaces/action/_process_drone_state_s.c
[1.878s] -- Up-to-date symlink: /home/kaeboon/KBoon/ee4308_proj2/install/ee4308_interfaces/local/lib/python3.10/dist-packages/ee4308_interfaces/ee4308_interfaces_s__rosidl_typesupport_c.cpython-310-x86_64-linux-gnu.so
[1.878s] -- Up-to-date symlink: /home/kaeboon/KBoon/ee4308_proj2/install/ee4308_interfaces/local/lib/python3.10/dist-packages/ee4308_interfaces/ee4308_interfaces_s__rosidl_typesupport_fastrtps_c.cpython-310-x86_64-linux-gnu.so
[1.878s] -- Up-to-date symlink: /home/kaeboon/KBoon/ee4308_proj2/install/ee4308_interfaces/local/lib/python3.10/dist-packages/ee4308_interfaces/ee4308_interfaces_s__rosidl_typesupport_introspection_c.cpython-310-x86_64-linux-gnu.so
[1.878s] -- Up-to-date symlink: /home/kaeboon/KBoon/ee4308_proj2/install/ee4308_interfaces/local/lib/python3.10/dist-packages/ee4308_interfaces/libee4308_interfaces__rosidl_generator_py.so
[1.878s] -- Up-to-date symlink: /home/kaeboon/KBoon/ee4308_proj2/install/ee4308_interfaces/local/lib/python3.10/dist-packages/ee4308_interfaces/srv/__init__.py
[1.879s] -- Up-to-date symlink: /home/kaeboon/KBoon/ee4308_proj2/install/ee4308_interfaces/local/lib/python3.10/dist-packages/ee4308_interfaces/srv/_get_waypoint.py
[1.879s] -- Up-to-date symlink: /home/kaeboon/KBoon/ee4308_proj2/install/ee4308_interfaces/local/lib/python3.10/dist-packages/ee4308_interfaces/srv/_get_waypoint_s.c
[1.879s] -- Up-to-date symlink: /home/kaeboon/KBoon/ee4308_proj2/install/ee4308_interfaces/local/lib/python3.10/dist-packages/ee4308_interfaces/srv/_waypoint.py
[1.879s] -- Up-to-date symlink: /home/kaeboon/KBoon/ee4308_proj2/install/ee4308_interfaces/local/lib/python3.10/dist-packages/ee4308_interfaces/srv/_waypoint_s.c
[1.879s] -- Up-to-date symlink: /home/kaeboon/KBoon/ee4308_proj2/install/ee4308_interfaces/local/lib/python3.10/dist-packages/ee4308_interfaces/ee4308_interfaces_s__rosidl_typesupport_fastrtps_c.cpython-310-x86_64-linux-gnu.so
[1.879s] -- Up-to-date symlink: /home/kaeboon/KBoon/ee4308_proj2/install/ee4308_interfaces/local/lib/python3.10/dist-packages/ee4308_interfaces/ee4308_interfaces_s__rosidl_typesupport_introspection_c.cpython-310-x86_64-linux-gnu.so
[1.879s] -- Up-to-date symlink: /home/kaeboon/KBoon/ee4308_proj2/install/ee4308_interfaces/local/lib/python3.10/dist-packages/ee4308_interfaces/ee4308_interfaces_s__rosidl_typesupport_c.cpython-310-x86_64-linux-gnu.so
[1.879s] -- Up-to-date symlink: /home/kaeboon/KBoon/ee4308_proj2/install/ee4308_interfaces/share/ee4308_interfaces/action/ProcessDroneState.idl
[1.879s] -- Up-to-date symlink: /home/kaeboon/KBoon/ee4308_proj2/install/ee4308_interfaces/share/ee4308_interfaces/srv/Waypoint.idl
[1.880s] -- Up-to-date symlink: /home/kaeboon/KBoon/ee4308_proj2/install/ee4308_interfaces/share/ee4308_interfaces/srv/GetWaypoint.idl
[1.880s] -- Up-to-date symlink: /home/kaeboon/KBoon/ee4308_proj2/install/ee4308_interfaces/share/ee4308_interfaces/action/ProcessDroneState.action
[1.880s] -- Up-to-date symlink: /home/kaeboon/KBoon/ee4308_proj2/install/ee4308_interfaces/share/ee4308_interfaces/srv/Waypoint.srv
[1.880s] -- Up-to-date symlink: /home/kaeboon/KBoon/ee4308_proj2/install/ee4308_interfaces/share/ee4308_interfaces/srv/Waypoint_Request.msg
[1.880s] -- Up-to-date symlink: /home/kaeboon/KBoon/ee4308_proj2/install/ee4308_interfaces/share/ee4308_interfaces/srv/Waypoint_Response.msg
[1.880s] -- Up-to-date symlink: /home/kaeboon/KBoon/ee4308_proj2/install/ee4308_interfaces/share/ee4308_interfaces/srv/GetWaypoint.srv
[1.880s] -- Up-to-date symlink: /home/kaeboon/KBoon/ee4308_proj2/install/ee4308_interfaces/share/ee4308_interfaces/srv/GetWaypoint_Request.msg
[1.880s] -- Up-to-date symlink: /home/kaeboon/KBoon/ee4308_proj2/install/ee4308_interfaces/share/ee4308_interfaces/srv/GetWaypoint_Response.msg
[1.880s] -- Up-to-date symlink: /home/kaeboon/KBoon/ee4308_proj2/install/ee4308_interfaces/share/ee4308_interfaces//srv/GetWaypoint.srv
[1.880s] -- Up-to-date symlink: /home/kaeboon/KBoon/ee4308_proj2/install/ee4308_interfaces/share/ee4308_interfaces//srv/Waypoint.srv
[1.880s] -- Up-to-date symlink: /home/kaeboon/KBoon/ee4308_proj2/install/ee4308_interfaces/share/ament_index/resource_index/package_run_dependencies/ee4308_interfaces
[1.881s] -- Up-to-date symlink: /home/kaeboon/KBoon/ee4308_proj2/install/ee4308_interfaces/share/ament_index/resource_index/parent_prefix_path/ee4308_interfaces
[1.881s] -- Up-to-date symlink: /home/kaeboon/KBoon/ee4308_proj2/install/ee4308_interfaces/share/ee4308_interfaces/environment/ament_prefix_path.sh
[1.881s] -- Up-to-date symlink: /home/kaeboon/KBoon/ee4308_proj2/install/ee4308_interfaces/share/ee4308_interfaces/environment/ament_prefix_path.dsv
[1.881s] -- Up-to-date symlink: /home/kaeboon/KBoon/ee4308_proj2/install/ee4308_interfaces/share/ee4308_interfaces/environment/path.sh
[1.881s] -- Up-to-date symlink: /home/kaeboon/KBoon/ee4308_proj2/install/ee4308_interfaces/share/ee4308_interfaces/environment/path.dsv
[1.881s] -- Up-to-date symlink: /home/kaeboon/KBoon/ee4308_proj2/install/ee4308_interfaces/share/ee4308_interfaces/local_setup.bash
[1.881s] -- Up-to-date symlink: /home/kaeboon/KBoon/ee4308_proj2/install/ee4308_interfaces/share/ee4308_interfaces/local_setup.sh
[1.881s] -- Up-to-date symlink: /home/kaeboon/KBoon/ee4308_proj2/install/ee4308_interfaces/share/ee4308_interfaces/local_setup.zsh
[1.881s] -- Up-to-date symlink: /home/kaeboon/KBoon/ee4308_proj2/install/ee4308_interfaces/share/ee4308_interfaces/local_setup.dsv
[1.881s] -- Symlinking: /home/kaeboon/KBoon/ee4308_proj2/install/ee4308_interfaces/share/ee4308_interfaces/package.dsv
[1.883s] -- Up-to-date symlink: /home/kaeboon/KBoon/ee4308_proj2/install/ee4308_interfaces/share/ament_index/resource_index/packages/ee4308_interfaces
[1.884s] -- Up-to-date symlink: /home/kaeboon/KBoon/ee4308_proj2/install/ee4308_interfaces/share/ee4308_interfaces/cmake/rosidl_cmake-extras.cmake
[1.884s] -- Up-to-date symlink: /home/kaeboon/KBoon/ee4308_proj2/install/ee4308_interfaces/share/ee4308_interfaces/cmake/ament_cmake_export_dependencies-extras.cmake
[1.884s] -- Up-to-date symlink: /home/kaeboon/KBoon/ee4308_proj2/install/ee4308_interfaces/share/ee4308_interfaces/cmake/ament_cmake_export_include_directories-extras.cmake
[1.884s] -- Up-to-date symlink: /home/kaeboon/KBoon/ee4308_proj2/install/ee4308_interfaces/share/ee4308_interfaces/cmake/ament_cmake_export_libraries-extras.cmake
[1.890s] -- Up-to-date symlink: /home/kaeboon/KBoon/ee4308_proj2/install/ee4308_interfaces/share/ee4308_interfaces/cmake/ament_cmake_export_targets-extras.cmake
[1.890s] -- Up-to-date symlink: /home/kaeboon/KBoon/ee4308_proj2/install/ee4308_interfaces/share/ee4308_interfaces/cmake/rosidl_cmake_export_typesupport_targets-extras.cmake
[1.890s] -- Up-to-date symlink: /home/kaeboon/KBoon/ee4308_proj2/install/ee4308_interfaces/share/ee4308_interfaces/cmake/rosidl_cmake_export_typesupport_libraries-extras.cmake
[1.890s] -- Up-to-date symlink: /home/kaeboon/KBoon/ee4308_proj2/install/ee4308_interfaces/share/ee4308_interfaces/cmake/ee4308_interfacesConfig.cmake
[1.890s] -- Up-to-date symlink: /home/kaeboon/KBoon/ee4308_proj2/install/ee4308_interfaces/share/ee4308_interfaces/cmake/ee4308_interfacesConfig-version.cmake
[1.891s] -- Up-to-date symlink: /home/kaeboon/KBoon/ee4308_proj2/install/ee4308_interfaces/share/ee4308_interfaces/package.xml
[1.892s] -- Up-to-date: /home/kaeboon/KBoon/ee4308_proj2/install/ee4308_interfaces/lib/libee4308_interfaces__rosidl_generator_c.so
[1.894s] -- Up-to-date: /home/kaeboon/KBoon/ee4308_proj2/install/ee4308_interfaces/lib/libee4308_interfaces__rosidl_typesupport_fastrtps_c.so
[1.896s] -- Up-to-date: /home/kaeboon/KBoon/ee4308_proj2/install/ee4308_interfaces/lib/libee4308_interfaces__rosidl_typesupport_fastrtps_cpp.so
[1.899s] -- Up-to-date: /home/kaeboon/KBoon/ee4308_proj2/install/ee4308_interfaces/lib/libee4308_interfaces__rosidl_typesupport_introspection_c.so
[1.900s] -- Up-to-date: /home/kaeboon/KBoon/ee4308_proj2/install/ee4308_interfaces/lib/libee4308_interfaces__rosidl_typesupport_c.so
[1.901s] -- Up-to-date: /home/kaeboon/KBoon/ee4308_proj2/install/ee4308_interfaces/lib/libee4308_interfaces__rosidl_typesupport_introspection_cpp.so
[1.903s] -- Up-to-date: /home/kaeboon/KBoon/ee4308_proj2/install/ee4308_interfaces/lib/libee4308_interfaces__rosidl_typesupport_cpp.so
[1.958s] Listing '/home/kaeboon/KBoon/ee4308_proj2/install/ee4308_interfaces/local/lib/python3.10/dist-packages/ee4308_interfaces'...
[1.959s] Listing '/home/kaeboon/KBoon/ee4308_proj2/install/ee4308_interfaces/local/lib/python3.10/dist-packages/ee4308_interfaces/action'...
[1.959s] Listing '/home/kaeboon/KBoon/ee4308_proj2/install/ee4308_interfaces/local/lib/python3.10/dist-packages/ee4308_interfaces/srv'...
[1.967s] -- Up-to-date: /home/kaeboon/KBoon/ee4308_proj2/install/ee4308_interfaces/lib/libee4308_interfaces__rosidl_generator_py.so
[1.979s] -- Up-to-date: /home/kaeboon/KBoon/ee4308_proj2/install/ee4308_interfaces/share/ee4308_interfaces/cmake/export_ee4308_interfaces__rosidl_generator_cExport.cmake
[1.979s] -- Up-to-date: /home/kaeboon/KBoon/ee4308_proj2/install/ee4308_interfaces/share/ee4308_interfaces/cmake/export_ee4308_interfaces__rosidl_generator_cExport-noconfig.cmake
[1.984s] -- Up-to-date: /home/kaeboon/KBoon/ee4308_proj2/install/ee4308_interfaces/share/ee4308_interfaces/cmake/export_ee4308_interfaces__rosidl_typesupport_fastrtps_cExport.cmake
[1.984s] -- Up-to-date: /home/kaeboon/KBoon/ee4308_proj2/install/ee4308_interfaces/share/ee4308_interfaces/cmake/export_ee4308_interfaces__rosidl_typesupport_fastrtps_cExport-noconfig.cmake
[1.985s] -- Up-to-date: /home/kaeboon/KBoon/ee4308_proj2/install/ee4308_interfaces/share/ee4308_interfaces/cmake/export_ee4308_interfaces__rosidl_generator_cppExport.cmake
[1.985s] -- Up-to-date: /home/kaeboon/KBoon/ee4308_proj2/install/ee4308_interfaces/share/ee4308_interfaces/cmake/export_ee4308_interfaces__rosidl_typesupport_fastrtps_cppExport.cmake
[1.985s] -- Up-to-date: /home/kaeboon/KBoon/ee4308_proj2/install/ee4308_interfaces/share/ee4308_interfaces/cmake/export_ee4308_interfaces__rosidl_typesupport_fastrtps_cppExport-noconfig.cmake
[1.986s] -- Up-to-date: /home/kaeboon/KBoon/ee4308_proj2/install/ee4308_interfaces/share/ee4308_interfaces/cmake/ee4308_interfaces__rosidl_typesupport_introspection_cExport.cmake
[1.986s] -- Up-to-date: /home/kaeboon/KBoon/ee4308_proj2/install/ee4308_interfaces/share/ee4308_interfaces/cmake/ee4308_interfaces__rosidl_typesupport_introspection_cExport-noconfig.cmake
[1.987s] -- Up-to-date: /home/kaeboon/KBoon/ee4308_proj2/install/ee4308_interfaces/share/ee4308_interfaces/cmake/ee4308_interfaces__rosidl_typesupport_cExport.cmake
[1.987s] -- Up-to-date: /home/kaeboon/KBoon/ee4308_proj2/install/ee4308_interfaces/share/ee4308_interfaces/cmake/ee4308_interfaces__rosidl_typesupport_cExport-noconfig.cmake
[1.987s] -- Up-to-date: /home/kaeboon/KBoon/ee4308_proj2/install/ee4308_interfaces/share/ee4308_interfaces/cmake/ee4308_interfaces__rosidl_typesupport_introspection_cppExport.cmake
[1.987s] -- Up-to-date: /home/kaeboon/KBoon/ee4308_proj2/install/ee4308_interfaces/share/ee4308_interfaces/cmake/ee4308_interfaces__rosidl_typesupport_introspection_cppExport-noconfig.cmake
[1.988s] -- Up-to-date: /home/kaeboon/KBoon/ee4308_proj2/install/ee4308_interfaces/share/ee4308_interfaces/cmake/ee4308_interfaces__rosidl_typesupport_cppExport.cmake
[1.988s] -- Up-to-date: /home/kaeboon/KBoon/ee4308_proj2/install/ee4308_interfaces/share/ee4308_interfaces/cmake/ee4308_interfaces__rosidl_typesupport_cppExport-noconfig.cmake
[1.989s] -- Up-to-date: /home/kaeboon/KBoon/ee4308_proj2/install/ee4308_interfaces/share/ee4308_interfaces/cmake/export_ee4308_interfaces__rosidl_generator_pyExport.cmake
[1.989s] -- Up-to-date: /home/kaeboon/KBoon/ee4308_proj2/install/ee4308_interfaces/share/ee4308_interfaces/cmake/export_ee4308_interfaces__rosidl_generator_pyExport-noconfig.cmake
[1.991s] Invoked command in '/home/kaeboon/KBoon/ee4308_proj2/build/ee4308_interfaces' returned '0': CMAKE_PREFIX_PATH=${CMAKE_PREFIX_PATH}:/home/kaeboon/sjtu_drone/install/sjtu_drone_control:/home/kaeboon/sjtu_drone/install/sjtu_drone_bringup:/opt/ros/humble /usr/bin/cmake --install /home/kaeboon/KBoon/ee4308_proj2/build/ee4308_interfaces
