[1.443s] DEBUG:colcon:Command line arguments: ['/usr/bin/colcon', 'build', '--symlink-install']
[1.443s] DEBUG:colcon:Parsed command line arguments: Namespace(log_base=None, log_level=None, verb_name='build', build_base='build', install_base='install', merge_install=False, symlink_install=True, test_result_base=None, continue_on_error=False, executor='parallel', parallel_workers=4, event_handlers=None, ignore_user_meta=False, metas=['./colcon.meta'], base_paths=['.'], packages_ignore=None, packages_ignore_regex=None, paths=None, packages_up_to=None, packages_up_to_regex=None, packages_above=None, packages_above_and_dependencies=None, packages_above_depth=None, packages_select_by_dep=None, packages_skip_by_dep=None, packages_skip_up_to=None, packages_select_build_failed=False, packages_skip_build_finished=False, packages_select_test_failures=False, packages_skip_test_passed=False, packages_select=None, packages_skip=None, packages_select_regex=None, packages_skip_regex=None, packages_start=None, packages_end=None, allow_overriding=[], cmake_args=None, cmake_target=None, cmake_target_skip_unavailable=False, cmake_clean_cache=False, cmake_clean_first=False, cmake_force_configure=False, ament_cmake_args=None, catkin_cmake_args=None, catkin_skip_building_tests=False, verb_parser=<colcon_defaults.argument_parser.defaults.DefaultArgumentsDecorator object at 0x7a173558ddb0>, verb_extension=<colcon_core.verb.build.BuildVerb object at 0x7a173558d510>, main=<bound method BuildVerb.main of <colcon_core.verb.build.BuildVerb object at 0x7a173558d510>>)
[1.495s] Level 1:colcon.colcon_core.package_discovery:discover_packages(colcon_meta) check parameters
[1.495s] Level 1:colcon.colcon_core.package_discovery:discover_packages(recursive) check parameters
[1.495s] Level 1:colcon.colcon_core.package_discovery:discover_packages(ignore) check parameters
[1.495s] Level 1:colcon.colcon_core.package_discovery:discover_packages(path) check parameters
[1.495s] Level 1:colcon.colcon_core.package_discovery:discover_packages(colcon_meta) discover
[1.496s] Level 1:colcon.colcon_core.package_discovery:discover_packages(recursive) discover
[1.496s] INFO:colcon.colcon_core.package_discovery:Crawling recursively for packages in '/home/kaeboon/KBoon/ee4308_proj2'
[1.496s] Level 1:colcon.colcon_core.package_identification:_identify(.) by extensions ['ignore', 'ignore_ament_install']
[1.496s] Level 1:colcon.colcon_core.package_identification:_identify(.) by extension 'ignore'
[1.496s] Level 1:colcon.colcon_core.package_identification:_identify(.) by extension 'ignore_ament_install'
[1.496s] Level 1:colcon.colcon_core.package_identification:_identify(.) by extensions ['colcon_pkg']
[1.496s] Level 1:colcon.colcon_core.package_identification:_identify(.) by extension 'colcon_pkg'
[1.496s] Level 1:colcon.colcon_core.package_identification:_identify(.) by extensions ['colcon_meta']
[1.496s] Level 1:colcon.colcon_core.package_identification:_identify(.) by extension 'colcon_meta'
[1.496s] Level 1:colcon.colcon_core.package_identification:_identify(.) by extensions ['ros']
[1.496s] Level 1:colcon.colcon_core.package_identification:_identify(.) by extension 'ros'
[1.508s] Level 1:colcon.colcon_core.package_identification:_identify(.) by extensions ['cmake', 'python']
[1.508s] Level 1:colcon.colcon_core.package_identification:_identify(.) by extension 'cmake'
[1.508s] Level 1:colcon.colcon_core.package_identification:_identify(.) by extension 'python'
[1.509s] Level 1:colcon.colcon_core.package_identification:_identify(.) by extensions ['python_setup_py']
[1.509s] Level 1:colcon.colcon_core.package_identification:_identify(.) by extension 'python_setup_py'
[1.509s] Level 1:colcon.colcon_core.package_identification:_identify(build) by extensions ['ignore', 'ignore_ament_install']
[1.509s] Level 1:colcon.colcon_core.package_identification:_identify(build) by extension 'ignore'
[1.509s] Level 1:colcon.colcon_core.package_identification:_identify(build) ignored
[1.509s] Level 1:colcon.colcon_core.package_identification:_identify(install) by extensions ['ignore', 'ignore_ament_install']
[1.509s] Level 1:colcon.colcon_core.package_identification:_identify(install) by extension 'ignore'
[1.510s] Level 1:colcon.colcon_core.package_identification:_identify(install) ignored
[1.510s] Level 1:colcon.colcon_core.package_identification:_identify(log) by extensions ['ignore', 'ignore_ament_install']
[1.510s] Level 1:colcon.colcon_core.package_identification:_identify(log) by extension 'ignore'
[1.510s] Level 1:colcon.colcon_core.package_identification:_identify(log) ignored
[1.510s] Level 1:colcon.colcon_core.package_identification:_identify(src) by extensions ['ignore', 'ignore_ament_install']
[1.510s] Level 1:colcon.colcon_core.package_identification:_identify(src) by extension 'ignore'
[1.510s] Level 1:colcon.colcon_core.package_identification:_identify(src) by extension 'ignore_ament_install'
[1.510s] Level 1:colcon.colcon_core.package_identification:_identify(src) by extensions ['colcon_pkg']
[1.510s] Level 1:colcon.colcon_core.package_identification:_identify(src) by extension 'colcon_pkg'
[1.510s] Level 1:colcon.colcon_core.package_identification:_identify(src) by extensions ['colcon_meta']
[1.510s] Level 1:colcon.colcon_core.package_identification:_identify(src) by extension 'colcon_meta'
[1.511s] Level 1:colcon.colcon_core.package_identification:_identify(src) by extensions ['ros']
[1.511s] Level 1:colcon.colcon_core.package_identification:_identify(src) by extension 'ros'
[1.511s] Level 1:colcon.colcon_core.package_identification:_identify(src) by extensions ['cmake', 'python']
[1.511s] Level 1:colcon.colcon_core.package_identification:_identify(src) by extension 'cmake'
[1.511s] Level 1:colcon.colcon_core.package_identification:_identify(src) by extension 'python'
[1.511s] Level 1:colcon.colcon_core.package_identification:_identify(src) by extensions ['python_setup_py']
[1.511s] Level 1:colcon.colcon_core.package_identification:_identify(src) by extension 'python_setup_py'
[1.511s] Level 1:colcon.colcon_core.package_identification:_identify(src/ee4308_bringup) by extensions ['ignore', 'ignore_ament_install']
[1.511s] Level 1:colcon.colcon_core.package_identification:_identify(src/ee4308_bringup) by extension 'ignore'
[1.511s] Level 1:colcon.colcon_core.package_identification:_identify(src/ee4308_bringup) by extension 'ignore_ament_install'
[1.511s] Level 1:colcon.colcon_core.package_identification:_identify(src/ee4308_bringup) by extensions ['colcon_pkg']
[1.511s] Level 1:colcon.colcon_core.package_identification:_identify(src/ee4308_bringup) by extension 'colcon_pkg'
[1.511s] Level 1:colcon.colcon_core.package_identification:_identify(src/ee4308_bringup) by extensions ['colcon_meta']
[1.511s] Level 1:colcon.colcon_core.package_identification:_identify(src/ee4308_bringup) by extension 'colcon_meta'
[1.511s] Level 1:colcon.colcon_core.package_identification:_identify(src/ee4308_bringup) by extensions ['ros']
[1.512s] Level 1:colcon.colcon_core.package_identification:_identify(src/ee4308_bringup) by extension 'ros'
[1.514s] DEBUG:colcon.colcon_core.package_identification:Package 'src/ee4308_bringup' with type 'ros.ament_cmake' and name 'ee4308_bringup'
[1.514s] Level 1:colcon.colcon_core.package_identification:_identify(src/ee4308_drone) by extensions ['ignore', 'ignore_ament_install']
[1.515s] Level 1:colcon.colcon_core.package_identification:_identify(src/ee4308_drone) by extension 'ignore'
[1.515s] Level 1:colcon.colcon_core.package_identification:_identify(src/ee4308_drone) by extension 'ignore_ament_install'
[1.515s] Level 1:colcon.colcon_core.package_identification:_identify(src/ee4308_drone) by extensions ['colcon_pkg']
[1.515s] Level 1:colcon.colcon_core.package_identification:_identify(src/ee4308_drone) by extension 'colcon_pkg'
[1.515s] Level 1:colcon.colcon_core.package_identification:_identify(src/ee4308_drone) by extensions ['colcon_meta']
[1.515s] Level 1:colcon.colcon_core.package_identification:_identify(src/ee4308_drone) by extension 'colcon_meta'
[1.515s] Level 1:colcon.colcon_core.package_identification:_identify(src/ee4308_drone) by extensions ['ros']
[1.515s] Level 1:colcon.colcon_core.package_identification:_identify(src/ee4308_drone) by extension 'ros'
[1.516s] DEBUG:colcon.colcon_core.package_identification:Package 'src/ee4308_drone' with type 'ros.ament_cmake' and name 'ee4308_drone'
[1.516s] Level 1:colcon.colcon_core.package_identification:_identify(src/ee4308_gazebo_plugins) by extensions ['ignore', 'ignore_ament_install']
[1.517s] Level 1:colcon.colcon_core.package_identification:_identify(src/ee4308_gazebo_plugins) by extension 'ignore'
[1.517s] Level 1:colcon.colcon_core.package_identification:_identify(src/ee4308_gazebo_plugins) by extension 'ignore_ament_install'
[1.517s] Level 1:colcon.colcon_core.package_identification:_identify(src/ee4308_gazebo_plugins) by extensions ['colcon_pkg']
[1.517s] Level 1:colcon.colcon_core.package_identification:_identify(src/ee4308_gazebo_plugins) by extension 'colcon_pkg'
[1.517s] Level 1:colcon.colcon_core.package_identification:_identify(src/ee4308_gazebo_plugins) by extensions ['colcon_meta']
[1.517s] Level 1:colcon.colcon_core.package_identification:_identify(src/ee4308_gazebo_plugins) by extension 'colcon_meta'
[1.517s] Level 1:colcon.colcon_core.package_identification:_identify(src/ee4308_gazebo_plugins) by extensions ['ros']
[1.517s] Level 1:colcon.colcon_core.package_identification:_identify(src/ee4308_gazebo_plugins) by extension 'ros'
[1.519s] DEBUG:colcon.colcon_core.package_identification:Package 'src/ee4308_gazebo_plugins' with type 'ros.ament_cmake' and name 'ee4308_gazebo_plugins'
[1.519s] Level 1:colcon.colcon_core.package_identification:_identify(src/ee4308_interfaces) by extensions ['ignore', 'ignore_ament_install']
[1.520s] Level 1:colcon.colcon_core.package_identification:_identify(src/ee4308_interfaces) by extension 'ignore'
[1.520s] Level 1:colcon.colcon_core.package_identification:_identify(src/ee4308_interfaces) by extension 'ignore_ament_install'
[1.520s] Level 1:colcon.colcon_core.package_identification:_identify(src/ee4308_interfaces) by extensions ['colcon_pkg']
[1.520s] Level 1:colcon.colcon_core.package_identification:_identify(src/ee4308_interfaces) by extension 'colcon_pkg'
[1.520s] Level 1:colcon.colcon_core.package_identification:_identify(src/ee4308_interfaces) by extensions ['colcon_meta']
[1.520s] Level 1:colcon.colcon_core.package_identification:_identify(src/ee4308_interfaces) by extension 'colcon_meta'
[1.521s] Level 1:colcon.colcon_core.package_identification:_identify(src/ee4308_interfaces) by extensions ['ros']
[1.521s] Level 1:colcon.colcon_core.package_identification:_identify(src/ee4308_interfaces) by extension 'ros'
[1.522s] DEBUG:colcon.colcon_core.package_identification:Package 'src/ee4308_interfaces' with type 'ros.ament_cmake' and name 'ee4308_interfaces'
[1.522s] Level 1:colcon.colcon_core.package_identification:_identify(src/ee4308_lib) by extensions ['ignore', 'ignore_ament_install']
[1.523s] Level 1:colcon.colcon_core.package_identification:_identify(src/ee4308_lib) by extension 'ignore'
[1.523s] Level 1:colcon.colcon_core.package_identification:_identify(src/ee4308_lib) by extension 'ignore_ament_install'
[1.523s] Level 1:colcon.colcon_core.package_identification:_identify(src/ee4308_lib) by extensions ['colcon_pkg']
[1.523s] Level 1:colcon.colcon_core.package_identification:_identify(src/ee4308_lib) by extension 'colcon_pkg'
[1.523s] Level 1:colcon.colcon_core.package_identification:_identify(src/ee4308_lib) by extensions ['colcon_meta']
[1.523s] Level 1:colcon.colcon_core.package_identification:_identify(src/ee4308_lib) by extension 'colcon_meta'
[1.523s] Level 1:colcon.colcon_core.package_identification:_identify(src/ee4308_lib) by extensions ['ros']
[1.523s] Level 1:colcon.colcon_core.package_identification:_identify(src/ee4308_lib) by extension 'ros'
[1.524s] DEBUG:colcon.colcon_core.package_identification:Package 'src/ee4308_lib' with type 'ros.ament_cmake' and name 'ee4308_lib'
[1.524s] Level 1:colcon.colcon_core.package_identification:_identify(src/ee4308_turtle) by extensions ['ignore', 'ignore_ament_install']
[1.524s] Level 1:colcon.colcon_core.package_identification:_identify(src/ee4308_turtle) by extension 'ignore'
[1.524s] Level 1:colcon.colcon_core.package_identification:_identify(src/ee4308_turtle) by extension 'ignore_ament_install'
[1.524s] Level 1:colcon.colcon_core.package_identification:_identify(src/ee4308_turtle) by extensions ['colcon_pkg']
[1.524s] Level 1:colcon.colcon_core.package_identification:_identify(src/ee4308_turtle) by extension 'colcon_pkg'
[1.524s] Level 1:colcon.colcon_core.package_identification:_identify(src/ee4308_turtle) by extensions ['colcon_meta']
[1.525s] Level 1:colcon.colcon_core.package_identification:_identify(src/ee4308_turtle) by extension 'colcon_meta'
[1.525s] Level 1:colcon.colcon_core.package_identification:_identify(src/ee4308_turtle) by extensions ['ros']
[1.525s] Level 1:colcon.colcon_core.package_identification:_identify(src/ee4308_turtle) by extension 'ros'
[1.526s] DEBUG:colcon.colcon_core.package_identification:Package 'src/ee4308_turtle' with type 'ros.ament_cmake' and name 'ee4308_turtle'
[1.526s] Level 1:colcon.colcon_core.package_discovery:discover_packages(recursive) using defaults
[1.526s] Level 1:colcon.colcon_core.package_discovery:discover_packages(ignore) discover
[1.526s] Level 1:colcon.colcon_core.package_discovery:discover_packages(ignore) using defaults
[1.526s] Level 1:colcon.colcon_core.package_discovery:discover_packages(path) discover
[1.526s] Level 1:colcon.colcon_core.package_discovery:discover_packages(path) using defaults
[1.626s] Level 1:colcon.colcon_core.package_discovery:discover_packages(prefix_path) check parameters
[1.626s] Level 1:colcon.colcon_core.package_discovery:discover_packages(prefix_path) discover
[1.662s] DEBUG:colcon.colcon_installed_package_information.package_discovery:Found 3 installed packages in /home/kaeboon/sjtu_drone/install
[1.678s] DEBUG:colcon.colcon_installed_package_information.package_discovery:Found 6 installed packages in /home/kaeboon/KBoon/ee4308_proj2/install
[1.703s] DEBUG:colcon.colcon_installed_package_information.package_discovery:Found 425 installed packages in /opt/ros/humble
[1.723s] Level 1:colcon.colcon_core.package_discovery:discover_packages(prefix_path) using defaults
[1.860s] Level 5:colcon.colcon_core.verb:set package 'ee4308_bringup' build argument 'cmake_args' from command line to 'None'
[1.860s] Level 5:colcon.colcon_core.verb:set package 'ee4308_bringup' build argument 'cmake_target' from command line to 'None'
[1.860s] Level 5:colcon.colcon_core.verb:set package 'ee4308_bringup' build argument 'cmake_target_skip_unavailable' from command line to 'False'
[1.860s] Level 5:colcon.colcon_core.verb:set package 'ee4308_bringup' build argument 'cmake_clean_cache' from command line to 'False'
[1.860s] Level 5:colcon.colcon_core.verb:set package 'ee4308_bringup' build argument 'cmake_clean_first' from command line to 'False'
[1.860s] Level 5:colcon.colcon_core.verb:set package 'ee4308_bringup' build argument 'cmake_force_configure' from command line to 'False'
[1.860s] Level 5:colcon.colcon_core.verb:set package 'ee4308_bringup' build argument 'ament_cmake_args' from command line to 'None'
[1.861s] Level 5:colcon.colcon_core.verb:set package 'ee4308_bringup' build argument 'catkin_cmake_args' from command line to 'None'
[1.861s] Level 5:colcon.colcon_core.verb:set package 'ee4308_bringup' build argument 'catkin_skip_building_tests' from command line to 'False'
[1.861s] DEBUG:colcon.colcon_core.verb:Building package 'ee4308_bringup' with the following arguments: {'ament_cmake_args': None, 'build_base': '/home/kaeboon/KBoon/ee4308_proj2/build/ee4308_bringup', 'catkin_cmake_args': None, 'catkin_skip_building_tests': False, 'cmake_args': None, 'cmake_clean_cache': False, 'cmake_clean_first': False, 'cmake_force_configure': False, 'cmake_target': None, 'cmake_target_skip_unavailable': False, 'install_base': '/home/kaeboon/KBoon/ee4308_proj2/install/ee4308_bringup', 'merge_install': False, 'path': '/home/kaeboon/KBoon/ee4308_proj2/src/ee4308_bringup', 'symlink_install': True, 'test_result_base': None}
[1.878s] Level 5:colcon.colcon_core.verb:set package 'ee4308_gazebo_plugins' build argument 'cmake_args' from command line to 'None'
[1.878s] Level 5:colcon.colcon_core.verb:set package 'ee4308_gazebo_plugins' build argument 'cmake_target' from command line to 'None'
[1.878s] Level 5:colcon.colcon_core.verb:set package 'ee4308_gazebo_plugins' build argument 'cmake_target_skip_unavailable' from command line to 'False'
[1.878s] Level 5:colcon.colcon_core.verb:set package 'ee4308_gazebo_plugins' build argument 'cmake_clean_cache' from command line to 'False'
[1.878s] Level 5:colcon.colcon_core.verb:set package 'ee4308_gazebo_plugins' build argument 'cmake_clean_first' from command line to 'False'
[1.878s] Level 5:colcon.colcon_core.verb:set package 'ee4308_gazebo_plugins' build argument 'cmake_force_configure' from command line to 'False'
[1.878s] Level 5:colcon.colcon_core.verb:set package 'ee4308_gazebo_plugins' build argument 'ament_cmake_args' from command line to 'None'
[1.878s] Level 5:colcon.colcon_core.verb:set package 'ee4308_gazebo_plugins' build argument 'catkin_cmake_args' from command line to 'None'
[1.878s] Level 5:colcon.colcon_core.verb:set package 'ee4308_gazebo_plugins' build argument 'catkin_skip_building_tests' from command line to 'False'
[1.878s] DEBUG:colcon.colcon_core.verb:Building package 'ee4308_gazebo_plugins' with the following arguments: {'ament_cmake_args': None, 'build_base': '/home/kaeboon/KBoon/ee4308_proj2/build/ee4308_gazebo_plugins', 'catkin_cmake_args': None, 'catkin_skip_building_tests': False, 'cmake_args': None, 'cmake_clean_cache': False, 'cmake_clean_first': False, 'cmake_force_configure': False, 'cmake_target': None, 'cmake_target_skip_unavailable': False, 'install_base': '/home/kaeboon/KBoon/ee4308_proj2/install/ee4308_gazebo_plugins', 'merge_install': False, 'path': '/home/kaeboon/KBoon/ee4308_proj2/src/ee4308_gazebo_plugins', 'symlink_install': True, 'test_result_base': None}
[1.895s] Level 5:colcon.colcon_core.verb:set package 'ee4308_interfaces' build argument 'cmake_args' from command line to 'None'
[1.895s] Level 5:colcon.colcon_core.verb:set package 'ee4308_interfaces' build argument 'cmake_target' from command line to 'None'
[1.895s] Level 5:colcon.colcon_core.verb:set package 'ee4308_interfaces' build argument 'cmake_target_skip_unavailable' from command line to 'False'
[1.895s] Level 5:colcon.colcon_core.verb:set package 'ee4308_interfaces' build argument 'cmake_clean_cache' from command line to 'False'
[1.895s] Level 5:colcon.colcon_core.verb:set package 'ee4308_interfaces' build argument 'cmake_clean_first' from command line to 'False'
[1.895s] Level 5:colcon.colcon_core.verb:set package 'ee4308_interfaces' build argument 'cmake_force_configure' from command line to 'False'
[1.895s] Level 5:colcon.colcon_core.verb:set package 'ee4308_interfaces' build argument 'ament_cmake_args' from command line to 'None'
[1.895s] Level 5:colcon.colcon_core.verb:set package 'ee4308_interfaces' build argument 'catkin_cmake_args' from command line to 'None'
[1.895s] Level 5:colcon.colcon_core.verb:set package 'ee4308_interfaces' build argument 'catkin_skip_building_tests' from command line to 'False'
[1.895s] DEBUG:colcon.colcon_core.verb:Building package 'ee4308_interfaces' with the following arguments: {'ament_cmake_args': None, 'build_base': '/home/kaeboon/KBoon/ee4308_proj2/build/ee4308_interfaces', 'catkin_cmake_args': None, 'catkin_skip_building_tests': False, 'cmake_args': None, 'cmake_clean_cache': False, 'cmake_clean_first': False, 'cmake_force_configure': False, 'cmake_target': None, 'cmake_target_skip_unavailable': False, 'install_base': '/home/kaeboon/KBoon/ee4308_proj2/install/ee4308_interfaces', 'merge_install': False, 'path': '/home/kaeboon/KBoon/ee4308_proj2/src/ee4308_interfaces', 'symlink_install': True, 'test_result_base': None}
[1.915s] Level 5:colcon.colcon_core.verb:set package 'ee4308_lib' build argument 'cmake_args' from command line to 'None'
[1.915s] Level 5:colcon.colcon_core.verb:set package 'ee4308_lib' build argument 'cmake_target' from command line to 'None'
[1.915s] Level 5:colcon.colcon_core.verb:set package 'ee4308_lib' build argument 'cmake_target_skip_unavailable' from command line to 'False'
[1.915s] Level 5:colcon.colcon_core.verb:set package 'ee4308_lib' build argument 'cmake_clean_cache' from command line to 'False'
[1.915s] Level 5:colcon.colcon_core.verb:set package 'ee4308_lib' build argument 'cmake_clean_first' from command line to 'False'
[1.915s] Level 5:colcon.colcon_core.verb:set package 'ee4308_lib' build argument 'cmake_force_configure' from command line to 'False'
[1.915s] Level 5:colcon.colcon_core.verb:set package 'ee4308_lib' build argument 'ament_cmake_args' from command line to 'None'
[1.915s] Level 5:colcon.colcon_core.verb:set package 'ee4308_lib' build argument 'catkin_cmake_args' from command line to 'None'
[1.915s] Level 5:colcon.colcon_core.verb:set package 'ee4308_lib' build argument 'catkin_skip_building_tests' from command line to 'False'
[1.915s] DEBUG:colcon.colcon_core.verb:Building package 'ee4308_lib' with the following arguments: {'ament_cmake_args': None, 'build_base': '/home/kaeboon/KBoon/ee4308_proj2/build/ee4308_lib', 'catkin_cmake_args': None, 'catkin_skip_building_tests': False, 'cmake_args': None, 'cmake_clean_cache': False, 'cmake_clean_first': False, 'cmake_force_configure': False, 'cmake_target': None, 'cmake_target_skip_unavailable': False, 'install_base': '/home/kaeboon/KBoon/ee4308_proj2/install/ee4308_lib', 'merge_install': False, 'path': '/home/kaeboon/KBoon/ee4308_proj2/src/ee4308_lib', 'symlink_install': True, 'test_result_base': None}
[1.934s] Level 5:colcon.colcon_core.verb:set package 'ee4308_drone' build argument 'cmake_args' from command line to 'None'
[1.934s] Level 5:colcon.colcon_core.verb:set package 'ee4308_drone' build argument 'cmake_target' from command line to 'None'
[1.934s] Level 5:colcon.colcon_core.verb:set package 'ee4308_drone' build argument 'cmake_target_skip_unavailable' from command line to 'False'
[1.934s] Level 5:colcon.colcon_core.verb:set package 'ee4308_drone' build argument 'cmake_clean_cache' from command line to 'False'
[1.934s] Level 5:colcon.colcon_core.verb:set package 'ee4308_drone' build argument 'cmake_clean_first' from command line to 'False'
[1.934s] Level 5:colcon.colcon_core.verb:set package 'ee4308_drone' build argument 'cmake_force_configure' from command line to 'False'
[1.934s] Level 5:colcon.colcon_core.verb:set package 'ee4308_drone' build argument 'ament_cmake_args' from command line to 'None'
[1.934s] Level 5:colcon.colcon_core.verb:set package 'ee4308_drone' build argument 'catkin_cmake_args' from command line to 'None'
[1.934s] Level 5:colcon.colcon_core.verb:set package 'ee4308_drone' build argument 'catkin_skip_building_tests' from command line to 'False'
[1.934s] DEBUG:colcon.colcon_core.verb:Building package 'ee4308_drone' with the following arguments: {'ament_cmake_args': None, 'build_base': '/home/kaeboon/KBoon/ee4308_proj2/build/ee4308_drone', 'catkin_cmake_args': None, 'catkin_skip_building_tests': False, 'cmake_args': None, 'cmake_clean_cache': False, 'cmake_clean_first': False, 'cmake_force_configure': False, 'cmake_target': None, 'cmake_target_skip_unavailable': False, 'install_base': '/home/kaeboon/KBoon/ee4308_proj2/install/ee4308_drone', 'merge_install': False, 'path': '/home/kaeboon/KBoon/ee4308_proj2/src/ee4308_drone', 'symlink_install': True, 'test_result_base': None}
[1.954s] Level 5:colcon.colcon_core.verb:set package 'ee4308_turtle' build argument 'cmake_args' from command line to 'None'
[1.954s] Level 5:colcon.colcon_core.verb:set package 'ee4308_turtle' build argument 'cmake_target' from command line to 'None'
[1.954s] Level 5:colcon.colcon_core.verb:set package 'ee4308_turtle' build argument 'cmake_target_skip_unavailable' from command line to 'False'
[1.954s] Level 5:colcon.colcon_core.verb:set package 'ee4308_turtle' build argument 'cmake_clean_cache' from command line to 'False'
[1.954s] Level 5:colcon.colcon_core.verb:set package 'ee4308_turtle' build argument 'cmake_clean_first' from command line to 'False'
[1.954s] Level 5:colcon.colcon_core.verb:set package 'ee4308_turtle' build argument 'cmake_force_configure' from command line to 'False'
[1.954s] Level 5:colcon.colcon_core.verb:set package 'ee4308_turtle' build argument 'ament_cmake_args' from command line to 'None'
[1.954s] Level 5:colcon.colcon_core.verb:set package 'ee4308_turtle' build argument 'catkin_cmake_args' from command line to 'None'
[1.954s] Level 5:colcon.colcon_core.verb:set package 'ee4308_turtle' build argument 'catkin_skip_building_tests' from command line to 'False'
[1.954s] DEBUG:colcon.colcon_core.verb:Building package 'ee4308_turtle' with the following arguments: {'ament_cmake_args': None, 'build_base': '/home/kaeboon/KBoon/ee4308_proj2/build/ee4308_turtle', 'catkin_cmake_args': None, 'catkin_skip_building_tests': False, 'cmake_args': None, 'cmake_clean_cache': False, 'cmake_clean_first': False, 'cmake_force_configure': False, 'cmake_target': None, 'cmake_target_skip_unavailable': False, 'install_base': '/home/kaeboon/KBoon/ee4308_proj2/install/ee4308_turtle', 'merge_install': False, 'path': '/home/kaeboon/KBoon/ee4308_proj2/src/ee4308_turtle', 'symlink_install': True, 'test_result_base': None}
[1.972s] INFO:colcon.colcon_core.executor:Executing jobs using 'parallel' executor
[1.992s] DEBUG:colcon.colcon_parallel_executor.executor.parallel:run_until_complete
[1.992s] INFO:colcon.colcon_ros.task.ament_cmake.build:Building ROS package in '/home/kaeboon/KBoon/ee4308_proj2/src/ee4308_interfaces' with build type 'ament_cmake'
[1.992s] INFO:colcon.colcon_cmake.task.cmake.build:Building CMake package in '/home/kaeboon/KBoon/ee4308_proj2/src/ee4308_interfaces'
[2.013s] INFO:colcon.colcon_core.plugin_system:Skipping extension 'colcon_core.shell.bat': Not used on non-Windows systems
[2.013s] INFO:colcon.colcon_core.shell:Skip shell extension 'powershell' for command environment: Not usable outside of PowerShell
[2.013s] DEBUG:colcon.colcon_core.shell:Skip shell extension 'dsv' for command environment
[2.112s] INFO:colcon.colcon_ros.task.ament_cmake.build:Building ROS package in '/home/kaeboon/KBoon/ee4308_proj2/src/ee4308_lib' with build type 'ament_cmake'
[2.112s] INFO:colcon.colcon_cmake.task.cmake.build:Building CMake package in '/home/kaeboon/KBoon/ee4308_proj2/src/ee4308_lib'
[2.144s] INFO:colcon.colcon_core.shell:Skip shell extension 'powershell' for command environment: Not usable outside of PowerShell
[2.144s] DEBUG:colcon.colcon_core.shell:Skip shell extension 'dsv' for command environment
[2.238s] INFO:colcon.colcon_ros.task.ament_cmake.build:Building ROS package in '/home/kaeboon/KBoon/ee4308_proj2/src/ee4308_bringup' with build type 'ament_cmake'
[2.238s] INFO:colcon.colcon_cmake.task.cmake.build:Building CMake package in '/home/kaeboon/KBoon/ee4308_proj2/src/ee4308_bringup'
[2.262s] INFO:colcon.colcon_core.shell:Skip shell extension 'powershell' for command environment: Not usable outside of PowerShell
[2.262s] DEBUG:colcon.colcon_core.shell:Skip shell extension 'dsv' for command environment
[2.344s] INFO:colcon.colcon_ros.task.ament_cmake.build:Building ROS package in '/home/kaeboon/KBoon/ee4308_proj2/src/ee4308_gazebo_plugins' with build type 'ament_cmake'
[2.345s] INFO:colcon.colcon_cmake.task.cmake.build:Building CMake package in '/home/kaeboon/KBoon/ee4308_proj2/src/ee4308_gazebo_plugins'
[2.365s] INFO:colcon.colcon_core.shell:Skip shell extension 'powershell' for command environment: Not usable outside of PowerShell
[2.366s] DEBUG:colcon.colcon_core.shell:Skip shell extension 'dsv' for command environment
[2.599s] DEBUG:colcon.colcon_core.event_handler.log_command:Invoking command in '/home/kaeboon/KBoon/ee4308_proj2/build/ee4308_interfaces': CMAKE_PREFIX_PATH=${CMAKE_PREFIX_PATH}:/home/kaeboon/sjtu_drone/install/sjtu_drone_control:/home/kaeboon/sjtu_drone/install/sjtu_drone_bringup:/opt/ros/humble /usr/bin/cmake --build /home/kaeboon/KBoon/ee4308_proj2/build/ee4308_interfaces -- -j4 -l4
[2.631s] DEBUG:colcon.colcon_core.event_handler.log_command:Invoking command in '/home/kaeboon/KBoon/ee4308_proj2/build/ee4308_lib': CMAKE_PREFIX_PATH=${CMAKE_PREFIX_PATH}:/home/kaeboon/sjtu_drone/install/sjtu_drone_control:/home/kaeboon/sjtu_drone/install/sjtu_drone_bringup:/opt/ros/humble /usr/bin/cmake --build /home/kaeboon/KBoon/ee4308_proj2/build/ee4308_lib -- -j4 -l4
[2.710s] DEBUG:colcon.colcon_core.event_handler.log_command:Invoking command in '/home/kaeboon/KBoon/ee4308_proj2/build/ee4308_bringup': CMAKE_PREFIX_PATH=${CMAKE_PREFIX_PATH}:/home/kaeboon/sjtu_drone/install/sjtu_drone_control:/home/kaeboon/sjtu_drone/install/sjtu_drone_bringup:/opt/ros/humble /usr/bin/cmake --build /home/kaeboon/KBoon/ee4308_proj2/build/ee4308_bringup -- -j4 -l4
[2.733s] DEBUG:colcon.colcon_core.event_handler.log_command:Invoking command in '/home/kaeboon/KBoon/ee4308_proj2/build/ee4308_gazebo_plugins': CMAKE_PREFIX_PATH=${CMAKE_PREFIX_PATH}:/home/kaeboon/sjtu_drone/install/sjtu_drone_control:/home/kaeboon/sjtu_drone/install/sjtu_drone_bringup:/opt/ros/humble /usr/bin/cmake --build /home/kaeboon/KBoon/ee4308_proj2/build/ee4308_gazebo_plugins -- -j4 -l4
[2.813s] DEBUG:colcon.colcon_core.event_handler.log_command:Invoked command in '/home/kaeboon/KBoon/ee4308_proj2/build/ee4308_lib' returned '0': CMAKE_PREFIX_PATH=${CMAKE_PREFIX_PATH}:/home/kaeboon/sjtu_drone/install/sjtu_drone_control:/home/kaeboon/sjtu_drone/install/sjtu_drone_bringup:/opt/ros/humble /usr/bin/cmake --build /home/kaeboon/KBoon/ee4308_proj2/build/ee4308_lib -- -j4 -l4
[2.849s] DEBUG:colcon.colcon_core.event_handler.log_command:Invoked command in '/home/kaeboon/KBoon/ee4308_proj2/build/ee4308_bringup' returned '0': CMAKE_PREFIX_PATH=${CMAKE_PREFIX_PATH}:/home/kaeboon/sjtu_drone/install/sjtu_drone_control:/home/kaeboon/sjtu_drone/install/sjtu_drone_bringup:/opt/ros/humble /usr/bin/cmake --build /home/kaeboon/KBoon/ee4308_proj2/build/ee4308_bringup -- -j4 -l4
[2.944s] DEBUG:colcon.colcon_core.event_handler.log_command:Invoking command in '/home/kaeboon/KBoon/ee4308_proj2/build/ee4308_lib': CMAKE_PREFIX_PATH=${CMAKE_PREFIX_PATH}:/home/kaeboon/sjtu_drone/install/sjtu_drone_control:/home/kaeboon/sjtu_drone/install/sjtu_drone_bringup:/opt/ros/humble /usr/bin/cmake --install /home/kaeboon/KBoon/ee4308_proj2/build/ee4308_lib
[2.971s] DEBUG:colcon.colcon_core.event_handler.log_command:Invoked command in '/home/kaeboon/KBoon/ee4308_proj2/build/ee4308_gazebo_plugins' returned '0': CMAKE_PREFIX_PATH=${CMAKE_PREFIX_PATH}:/home/kaeboon/sjtu_drone/install/sjtu_drone_control:/home/kaeboon/sjtu_drone/install/sjtu_drone_bringup:/opt/ros/humble /usr/bin/cmake --build /home/kaeboon/KBoon/ee4308_proj2/build/ee4308_gazebo_plugins -- -j4 -l4
[2.989s] DEBUG:colcon.colcon_core.event_handler.log_command:Invoking command in '/home/kaeboon/KBoon/ee4308_proj2/build/ee4308_bringup': CMAKE_PREFIX_PATH=${CMAKE_PREFIX_PATH}:/home/kaeboon/sjtu_drone/install/sjtu_drone_control:/home/kaeboon/sjtu_drone/install/sjtu_drone_bringup:/opt/ros/humble /usr/bin/cmake --install /home/kaeboon/KBoon/ee4308_proj2/build/ee4308_bringup
[3.037s] Level 1:colcon.colcon_core.environment:create_environment_scripts_only(ee4308_lib)
[3.037s] DEBUG:colcon.colcon_core.event_handler.log_command:Invoked command in '/home/kaeboon/KBoon/ee4308_proj2/build/ee4308_lib' returned '0': CMAKE_PREFIX_PATH=${CMAKE_PREFIX_PATH}:/home/kaeboon/sjtu_drone/install/sjtu_drone_control:/home/kaeboon/sjtu_drone/install/sjtu_drone_bringup:/opt/ros/humble /usr/bin/cmake --install /home/kaeboon/KBoon/ee4308_proj2/build/ee4308_lib
[3.094s] Level 1:colcon.colcon_core.environment:checking '/home/kaeboon/KBoon/ee4308_proj2/install/ee4308_lib' for CMake module files
[3.095s] Level 1:colcon.colcon_core.environment:checking '/home/kaeboon/KBoon/ee4308_proj2/install/ee4308_lib' for CMake config files
[3.096s] Level 1:colcon.colcon_core.shell:create_environment_hook('ee4308_lib', 'cmake_prefix_path')
[3.144s] INFO:colcon.colcon_core.shell:Creating environment hook '/home/kaeboon/KBoon/ee4308_proj2/install/ee4308_lib/share/ee4308_lib/hook/cmake_prefix_path.ps1'
[3.145s] INFO:colcon.colcon_core.shell:Creating environment descriptor '/home/kaeboon/KBoon/ee4308_proj2/install/ee4308_lib/share/ee4308_lib/hook/cmake_prefix_path.dsv'
[3.145s] INFO:colcon.colcon_core.shell:Creating environment hook '/home/kaeboon/KBoon/ee4308_proj2/install/ee4308_lib/share/ee4308_lib/hook/cmake_prefix_path.sh'
[3.146s] Level 1:colcon.colcon_core.environment:checking '/home/kaeboon/KBoon/ee4308_proj2/install/ee4308_lib/bin'
[3.146s] Level 1:colcon.colcon_core.environment:checking '/home/kaeboon/KBoon/ee4308_proj2/install/ee4308_lib/lib/pkgconfig/ee4308_lib.pc'
[3.147s] Level 1:colcon.colcon_core.environment:checking '/home/kaeboon/KBoon/ee4308_proj2/install/ee4308_lib/lib/python3.10/site-packages'
[3.147s] Level 1:colcon.colcon_core.environment:checking '/home/kaeboon/KBoon/ee4308_proj2/install/ee4308_lib/bin'
[3.185s] INFO:colcon.colcon_core.shell:Creating package script '/home/kaeboon/KBoon/ee4308_proj2/install/ee4308_lib/share/ee4308_lib/package.ps1'
[3.187s] INFO:colcon.colcon_core.shell:Creating package descriptor '/home/kaeboon/KBoon/ee4308_proj2/install/ee4308_lib/share/ee4308_lib/package.dsv'
[3.187s] INFO:colcon.colcon_core.shell:Creating package script '/home/kaeboon/KBoon/ee4308_proj2/install/ee4308_lib/share/ee4308_lib/package.sh'
[3.188s] INFO:colcon.colcon_core.shell:Creating package script '/home/kaeboon/KBoon/ee4308_proj2/install/ee4308_lib/share/ee4308_lib/package.bash'
[3.189s] INFO:colcon.colcon_core.shell:Creating package script '/home/kaeboon/KBoon/ee4308_proj2/install/ee4308_lib/share/ee4308_lib/package.zsh'
[3.190s] Level 1:colcon.colcon_core.environment:create_file_with_runtime_dependencies(/home/kaeboon/KBoon/ee4308_proj2/install/ee4308_lib/share/colcon-core/packages/ee4308_lib)
[3.195s] DEBUG:colcon.colcon_core.event_handler.log_command:Invoking command in '/home/kaeboon/KBoon/ee4308_proj2/build/ee4308_gazebo_plugins': CMAKE_PREFIX_PATH=${CMAKE_PREFIX_PATH}:/home/kaeboon/sjtu_drone/install/sjtu_drone_control:/home/kaeboon/sjtu_drone/install/sjtu_drone_bringup:/opt/ros/humble /usr/bin/cmake --install /home/kaeboon/KBoon/ee4308_proj2/build/ee4308_gazebo_plugins
[3.201s] Level 1:colcon.colcon_core.environment:create_environment_scripts_only(ee4308_bringup)
[3.201s] DEBUG:colcon.colcon_core.event_handler.log_command:Invoked command in '/home/kaeboon/KBoon/ee4308_proj2/build/ee4308_bringup' returned '0': CMAKE_PREFIX_PATH=${CMAKE_PREFIX_PATH}:/home/kaeboon/sjtu_drone/install/sjtu_drone_control:/home/kaeboon/sjtu_drone/install/sjtu_drone_bringup:/opt/ros/humble /usr/bin/cmake --install /home/kaeboon/KBoon/ee4308_proj2/build/ee4308_bringup
[3.259s] Level 1:colcon.colcon_core.environment:checking '/home/kaeboon/KBoon/ee4308_proj2/install/ee4308_bringup' for CMake module files
[3.284s] Level 1:colcon.colcon_core.environment:checking '/home/kaeboon/KBoon/ee4308_proj2/install/ee4308_bringup' for CMake config files
[3.285s] Level 1:colcon.colcon_core.shell:create_environment_hook('ee4308_bringup', 'cmake_prefix_path')
[3.331s] INFO:colcon.colcon_core.shell:Creating environment hook '/home/kaeboon/KBoon/ee4308_proj2/install/ee4308_bringup/share/ee4308_bringup/hook/cmake_prefix_path.ps1'
[3.332s] INFO:colcon.colcon_core.shell:Creating environment descriptor '/home/kaeboon/KBoon/ee4308_proj2/install/ee4308_bringup/share/ee4308_bringup/hook/cmake_prefix_path.dsv'
[3.333s] INFO:colcon.colcon_core.shell:Creating environment hook '/home/kaeboon/KBoon/ee4308_proj2/install/ee4308_bringup/share/ee4308_bringup/hook/cmake_prefix_path.sh'
[3.335s] Level 1:colcon.colcon_core.environment:checking '/home/kaeboon/KBoon/ee4308_proj2/install/ee4308_bringup/bin'
[3.335s] Level 1:colcon.colcon_core.environment:checking '/home/kaeboon/KBoon/ee4308_proj2/install/ee4308_bringup/lib/pkgconfig/ee4308_bringup.pc'
[3.335s] Level 1:colcon.colcon_core.environment:checking '/home/kaeboon/KBoon/ee4308_proj2/install/ee4308_bringup/lib/python3.10/site-packages'
[3.336s] Level 1:colcon.colcon_core.environment:checking '/home/kaeboon/KBoon/ee4308_proj2/install/ee4308_bringup/bin'
[3.383s] INFO:colcon.colcon_core.shell:Creating package script '/home/kaeboon/KBoon/ee4308_proj2/install/ee4308_bringup/share/ee4308_bringup/package.ps1'
[3.383s] INFO:colcon.colcon_core.shell:Creating package descriptor '/home/kaeboon/KBoon/ee4308_proj2/install/ee4308_bringup/share/ee4308_bringup/package.dsv'
[3.386s] INFO:colcon.colcon_core.shell:Creating package script '/home/kaeboon/KBoon/ee4308_proj2/install/ee4308_bringup/share/ee4308_bringup/package.sh'
[3.387s] INFO:colcon.colcon_core.shell:Creating package script '/home/kaeboon/KBoon/ee4308_proj2/install/ee4308_bringup/share/ee4308_bringup/package.bash'
[3.388s] INFO:colcon.colcon_core.shell:Creating package script '/home/kaeboon/KBoon/ee4308_proj2/install/ee4308_bringup/share/ee4308_bringup/package.zsh'
[3.389s] Level 1:colcon.colcon_core.environment:create_file_with_runtime_dependencies(/home/kaeboon/KBoon/ee4308_proj2/install/ee4308_bringup/share/colcon-core/packages/ee4308_bringup)
[3.467s] Level 1:colcon.colcon_core.environment:create_environment_scripts_only(ee4308_lib)
[3.522s] Level 1:colcon.colcon_core.environment:checking '/home/kaeboon/KBoon/ee4308_proj2/install/ee4308_lib' for CMake module files
[3.523s] Level 1:colcon.colcon_core.environment:checking '/home/kaeboon/KBoon/ee4308_proj2/install/ee4308_lib' for CMake config files
[3.523s] Level 1:colcon.colcon_core.shell:create_environment_hook('ee4308_lib', 'cmake_prefix_path')
[3.546s] INFO:colcon.colcon_core.shell:Creating environment hook '/home/kaeboon/KBoon/ee4308_proj2/install/ee4308_lib/share/ee4308_lib/hook/cmake_prefix_path.ps1'
[3.548s] INFO:colcon.colcon_core.shell:Creating environment descriptor '/home/kaeboon/KBoon/ee4308_proj2/install/ee4308_lib/share/ee4308_lib/hook/cmake_prefix_path.dsv'
[3.549s] INFO:colcon.colcon_core.shell:Creating environment hook '/home/kaeboon/KBoon/ee4308_proj2/install/ee4308_lib/share/ee4308_lib/hook/cmake_prefix_path.sh'
[3.550s] Level 1:colcon.colcon_core.environment:checking '/home/kaeboon/KBoon/ee4308_proj2/install/ee4308_lib/bin'
[3.550s] Level 1:colcon.colcon_core.environment:checking '/home/kaeboon/KBoon/ee4308_proj2/install/ee4308_lib/lib/pkgconfig/ee4308_lib.pc'
[3.550s] Level 1:colcon.colcon_core.environment:checking '/home/kaeboon/KBoon/ee4308_proj2/install/ee4308_lib/lib/python3.10/site-packages'
[3.553s] Level 1:colcon.colcon_core.environment:checking '/home/kaeboon/KBoon/ee4308_proj2/install/ee4308_lib/bin'
[3.582s] INFO:colcon.colcon_core.shell:Creating package script '/home/kaeboon/KBoon/ee4308_proj2/install/ee4308_lib/share/ee4308_lib/package.ps1'
[3.583s] INFO:colcon.colcon_core.shell:Creating package descriptor '/home/kaeboon/KBoon/ee4308_proj2/install/ee4308_lib/share/ee4308_lib/package.dsv'
[3.584s] INFO:colcon.colcon_core.shell:Creating package script '/home/kaeboon/KBoon/ee4308_proj2/install/ee4308_lib/share/ee4308_lib/package.sh'
[3.585s] INFO:colcon.colcon_core.shell:Creating package script '/home/kaeboon/KBoon/ee4308_proj2/install/ee4308_lib/share/ee4308_lib/package.bash'
[3.596s] INFO:colcon.colcon_core.shell:Creating package script '/home/kaeboon/KBoon/ee4308_proj2/install/ee4308_lib/share/ee4308_lib/package.zsh'
[3.597s] Level 1:colcon.colcon_core.environment:create_file_with_runtime_dependencies(/home/kaeboon/KBoon/ee4308_proj2/install/ee4308_lib/share/colcon-core/packages/ee4308_lib)
[3.600s] Level 1:colcon.colcon_core.environment:create_environment_scripts_only(ee4308_gazebo_plugins)
[3.601s] DEBUG:colcon.colcon_core.event_handler.log_command:Invoked command in '/home/kaeboon/KBoon/ee4308_proj2/build/ee4308_gazebo_plugins' returned '0': CMAKE_PREFIX_PATH=${CMAKE_PREFIX_PATH}:/home/kaeboon/sjtu_drone/install/sjtu_drone_control:/home/kaeboon/sjtu_drone/install/sjtu_drone_bringup:/opt/ros/humble /usr/bin/cmake --install /home/kaeboon/KBoon/ee4308_proj2/build/ee4308_gazebo_plugins
[3.634s] Level 1:colcon.colcon_core.environment:checking '/home/kaeboon/KBoon/ee4308_proj2/install/ee4308_gazebo_plugins' for CMake module files
[3.636s] Level 1:colcon.colcon_core.environment:checking '/home/kaeboon/KBoon/ee4308_proj2/install/ee4308_gazebo_plugins' for CMake config files
[3.637s] Level 1:colcon.colcon_core.shell:create_environment_hook('ee4308_gazebo_plugins', 'cmake_prefix_path')
[3.665s] INFO:colcon.colcon_core.shell:Creating environment hook '/home/kaeboon/KBoon/ee4308_proj2/install/ee4308_gazebo_plugins/share/ee4308_gazebo_plugins/hook/cmake_prefix_path.ps1'
[3.667s] INFO:colcon.colcon_core.shell:Creating environment descriptor '/home/kaeboon/KBoon/ee4308_proj2/install/ee4308_gazebo_plugins/share/ee4308_gazebo_plugins/hook/cmake_prefix_path.dsv'
[3.669s] INFO:colcon.colcon_core.shell:Creating environment hook '/home/kaeboon/KBoon/ee4308_proj2/install/ee4308_gazebo_plugins/share/ee4308_gazebo_plugins/hook/cmake_prefix_path.sh'
[3.670s] Level 1:colcon.colcon_core.environment:checking '/home/kaeboon/KBoon/ee4308_proj2/install/ee4308_gazebo_plugins/lib'
[3.670s] Level 1:colcon.colcon_core.shell:create_environment_hook('ee4308_gazebo_plugins', 'ld_library_path_lib')
[3.713s] INFO:colcon.colcon_core.shell:Creating environment hook '/home/kaeboon/KBoon/ee4308_proj2/install/ee4308_gazebo_plugins/share/ee4308_gazebo_plugins/hook/ld_library_path_lib.ps1'
[3.714s] INFO:colcon.colcon_core.shell:Creating environment descriptor '/home/kaeboon/KBoon/ee4308_proj2/install/ee4308_gazebo_plugins/share/ee4308_gazebo_plugins/hook/ld_library_path_lib.dsv'
[3.714s] INFO:colcon.colcon_core.shell:Creating environment hook '/home/kaeboon/KBoon/ee4308_proj2/install/ee4308_gazebo_plugins/share/ee4308_gazebo_plugins/hook/ld_library_path_lib.sh'
[3.715s] Level 1:colcon.colcon_core.environment:checking '/home/kaeboon/KBoon/ee4308_proj2/install/ee4308_gazebo_plugins/bin'
[3.715s] Level 1:colcon.colcon_core.environment:checking '/home/kaeboon/KBoon/ee4308_proj2/install/ee4308_gazebo_plugins/lib/pkgconfig/ee4308_gazebo_plugins.pc'
[3.715s] Level 1:colcon.colcon_core.environment:checking '/home/kaeboon/KBoon/ee4308_proj2/install/ee4308_gazebo_plugins/lib/python3.10/site-packages'
[3.715s] Level 1:colcon.colcon_core.environment:checking '/home/kaeboon/KBoon/ee4308_proj2/install/ee4308_gazebo_plugins/bin'
[3.745s] INFO:colcon.colcon_core.shell:Creating package script '/home/kaeboon/KBoon/ee4308_proj2/install/ee4308_gazebo_plugins/share/ee4308_gazebo_plugins/package.ps1'
[3.746s] INFO:colcon.colcon_core.shell:Creating package descriptor '/home/kaeboon/KBoon/ee4308_proj2/install/ee4308_gazebo_plugins/share/ee4308_gazebo_plugins/package.dsv'
[3.746s] INFO:colcon.colcon_core.shell:Creating package script '/home/kaeboon/KBoon/ee4308_proj2/install/ee4308_gazebo_plugins/share/ee4308_gazebo_plugins/package.sh'
[3.747s] INFO:colcon.colcon_core.shell:Creating package script '/home/kaeboon/KBoon/ee4308_proj2/install/ee4308_gazebo_plugins/share/ee4308_gazebo_plugins/package.bash'
[3.747s] INFO:colcon.colcon_core.shell:Creating package script '/home/kaeboon/KBoon/ee4308_proj2/install/ee4308_gazebo_plugins/share/ee4308_gazebo_plugins/package.zsh'
[3.748s] Level 1:colcon.colcon_core.environment:create_file_with_runtime_dependencies(/home/kaeboon/KBoon/ee4308_proj2/install/ee4308_gazebo_plugins/share/colcon-core/packages/ee4308_gazebo_plugins)
[3.806s] Level 1:colcon.colcon_core.environment:create_environment_scripts_only(ee4308_bringup)
[3.849s] Level 1:colcon.colcon_core.environment:checking '/home/kaeboon/KBoon/ee4308_proj2/install/ee4308_bringup' for CMake module files
[3.849s] Level 1:colcon.colcon_core.environment:checking '/home/kaeboon/KBoon/ee4308_proj2/install/ee4308_bringup' for CMake config files
[3.850s] Level 1:colcon.colcon_core.shell:create_environment_hook('ee4308_bringup', 'cmake_prefix_path')
[3.875s] INFO:colcon.colcon_core.shell:Creating environment hook '/home/kaeboon/KBoon/ee4308_proj2/install/ee4308_bringup/share/ee4308_bringup/hook/cmake_prefix_path.ps1'
[3.876s] INFO:colcon.colcon_core.shell:Creating environment descriptor '/home/kaeboon/KBoon/ee4308_proj2/install/ee4308_bringup/share/ee4308_bringup/hook/cmake_prefix_path.dsv'
[3.877s] INFO:colcon.colcon_core.shell:Creating environment hook '/home/kaeboon/KBoon/ee4308_proj2/install/ee4308_bringup/share/ee4308_bringup/hook/cmake_prefix_path.sh'
[3.878s] Level 1:colcon.colcon_core.environment:checking '/home/kaeboon/KBoon/ee4308_proj2/install/ee4308_bringup/bin'
[3.878s] Level 1:colcon.colcon_core.environment:checking '/home/kaeboon/KBoon/ee4308_proj2/install/ee4308_bringup/lib/pkgconfig/ee4308_bringup.pc'
[3.878s] Level 1:colcon.colcon_core.environment:checking '/home/kaeboon/KBoon/ee4308_proj2/install/ee4308_bringup/lib/python3.10/site-packages'
[3.879s] Level 1:colcon.colcon_core.environment:checking '/home/kaeboon/KBoon/ee4308_proj2/install/ee4308_bringup/bin'
[3.899s] INFO:colcon.colcon_core.shell:Creating package script '/home/kaeboon/KBoon/ee4308_proj2/install/ee4308_bringup/share/ee4308_bringup/package.ps1'
[3.900s] INFO:colcon.colcon_core.shell:Creating package descriptor '/home/kaeboon/KBoon/ee4308_proj2/install/ee4308_bringup/share/ee4308_bringup/package.dsv'
[3.900s] INFO:colcon.colcon_core.shell:Creating package script '/home/kaeboon/KBoon/ee4308_proj2/install/ee4308_bringup/share/ee4308_bringup/package.sh'
[3.901s] INFO:colcon.colcon_core.shell:Creating package script '/home/kaeboon/KBoon/ee4308_proj2/install/ee4308_bringup/share/ee4308_bringup/package.bash'
[3.901s] INFO:colcon.colcon_core.shell:Creating package script '/home/kaeboon/KBoon/ee4308_proj2/install/ee4308_bringup/share/ee4308_bringup/package.zsh'
[3.902s] Level 1:colcon.colcon_core.environment:create_file_with_runtime_dependencies(/home/kaeboon/KBoon/ee4308_proj2/install/ee4308_bringup/share/colcon-core/packages/ee4308_bringup)
[3.943s] Level 1:colcon.colcon_core.environment:create_environment_scripts_only(ee4308_gazebo_plugins)
[3.970s] Level 1:colcon.colcon_core.environment:checking '/home/kaeboon/KBoon/ee4308_proj2/install/ee4308_gazebo_plugins' for CMake module files
[3.970s] Level 1:colcon.colcon_core.environment:checking '/home/kaeboon/KBoon/ee4308_proj2/install/ee4308_gazebo_plugins' for CMake config files
[3.971s] Level 1:colcon.colcon_core.shell:create_environment_hook('ee4308_gazebo_plugins', 'cmake_prefix_path')
[3.991s] INFO:colcon.colcon_core.shell:Creating environment hook '/home/kaeboon/KBoon/ee4308_proj2/install/ee4308_gazebo_plugins/share/ee4308_gazebo_plugins/hook/cmake_prefix_path.ps1'
[3.997s] INFO:colcon.colcon_core.shell:Creating environment descriptor '/home/kaeboon/KBoon/ee4308_proj2/install/ee4308_gazebo_plugins/share/ee4308_gazebo_plugins/hook/cmake_prefix_path.dsv'
[3.998s] INFO:colcon.colcon_core.shell:Creating environment hook '/home/kaeboon/KBoon/ee4308_proj2/install/ee4308_gazebo_plugins/share/ee4308_gazebo_plugins/hook/cmake_prefix_path.sh'
[3.999s] Level 1:colcon.colcon_core.environment:checking '/home/kaeboon/KBoon/ee4308_proj2/install/ee4308_gazebo_plugins/lib'
[3.999s] Level 1:colcon.colcon_core.shell:create_environment_hook('ee4308_gazebo_plugins', 'ld_library_path_lib')
[4.026s] INFO:colcon.colcon_core.shell:Creating environment hook '/home/kaeboon/KBoon/ee4308_proj2/install/ee4308_gazebo_plugins/share/ee4308_gazebo_plugins/hook/ld_library_path_lib.ps1'
[4.027s] INFO:colcon.colcon_core.shell:Creating environment descriptor '/home/kaeboon/KBoon/ee4308_proj2/install/ee4308_gazebo_plugins/share/ee4308_gazebo_plugins/hook/ld_library_path_lib.dsv'
[4.028s] INFO:colcon.colcon_core.shell:Creating environment hook '/home/kaeboon/KBoon/ee4308_proj2/install/ee4308_gazebo_plugins/share/ee4308_gazebo_plugins/hook/ld_library_path_lib.sh'
[4.029s] Level 1:colcon.colcon_core.environment:checking '/home/kaeboon/KBoon/ee4308_proj2/install/ee4308_gazebo_plugins/bin'
[4.029s] Level 1:colcon.colcon_core.environment:checking '/home/kaeboon/KBoon/ee4308_proj2/install/ee4308_gazebo_plugins/lib/pkgconfig/ee4308_gazebo_plugins.pc'
[4.029s] Level 1:colcon.colcon_core.environment:checking '/home/kaeboon/KBoon/ee4308_proj2/install/ee4308_gazebo_plugins/lib/python3.10/site-packages'
[4.029s] Level 1:colcon.colcon_core.environment:checking '/home/kaeboon/KBoon/ee4308_proj2/install/ee4308_gazebo_plugins/bin'
[4.055s] INFO:colcon.colcon_core.shell:Creating package script '/home/kaeboon/KBoon/ee4308_proj2/install/ee4308_gazebo_plugins/share/ee4308_gazebo_plugins/package.ps1'
[4.057s] INFO:colcon.colcon_core.shell:Creating package descriptor '/home/kaeboon/KBoon/ee4308_proj2/install/ee4308_gazebo_plugins/share/ee4308_gazebo_plugins/package.dsv'
[4.058s] INFO:colcon.colcon_core.shell:Creating package script '/home/kaeboon/KBoon/ee4308_proj2/install/ee4308_gazebo_plugins/share/ee4308_gazebo_plugins/package.sh'
[4.059s] INFO:colcon.colcon_core.shell:Creating package script '/home/kaeboon/KBoon/ee4308_proj2/install/ee4308_gazebo_plugins/share/ee4308_gazebo_plugins/package.bash'
[4.059s] INFO:colcon.colcon_core.shell:Creating package script '/home/kaeboon/KBoon/ee4308_proj2/install/ee4308_gazebo_plugins/share/ee4308_gazebo_plugins/package.zsh'
[4.060s] Level 1:colcon.colcon_core.environment:create_file_with_runtime_dependencies(/home/kaeboon/KBoon/ee4308_proj2/install/ee4308_gazebo_plugins/share/colcon-core/packages/ee4308_gazebo_plugins)
[4.071s] DEBUG:colcon.colcon_core.event_handler.log_command:Invoked command in '/home/kaeboon/KBoon/ee4308_proj2/build/ee4308_interfaces' returned '0': CMAKE_PREFIX_PATH=${CMAKE_PREFIX_PATH}:/home/kaeboon/sjtu_drone/install/sjtu_drone_control:/home/kaeboon/sjtu_drone/install/sjtu_drone_bringup:/opt/ros/humble /usr/bin/cmake --build /home/kaeboon/KBoon/ee4308_proj2/build/ee4308_interfaces -- -j4 -l4
[4.293s] DEBUG:colcon.colcon_core.event_handler.log_command:Invoking command in '/home/kaeboon/KBoon/ee4308_proj2/build/ee4308_interfaces': CMAKE_PREFIX_PATH=${CMAKE_PREFIX_PATH}:/home/kaeboon/sjtu_drone/install/sjtu_drone_control:/home/kaeboon/sjtu_drone/install/sjtu_drone_bringup:/opt/ros/humble /usr/bin/cmake --install /home/kaeboon/KBoon/ee4308_proj2/build/ee4308_interfaces
[4.418s] Level 1:colcon.colcon_core.environment:create_environment_scripts_only(ee4308_interfaces)
[4.419s] DEBUG:colcon.colcon_core.event_handler.log_command:Invoked command in '/home/kaeboon/KBoon/ee4308_proj2/build/ee4308_interfaces' returned '0': CMAKE_PREFIX_PATH=${CMAKE_PREFIX_PATH}:/home/kaeboon/sjtu_drone/install/sjtu_drone_control:/home/kaeboon/sjtu_drone/install/sjtu_drone_bringup:/opt/ros/humble /usr/bin/cmake --install /home/kaeboon/KBoon/ee4308_proj2/build/ee4308_interfaces
[4.448s] Level 1:colcon.colcon_core.environment:checking '/home/kaeboon/KBoon/ee4308_proj2/install/ee4308_interfaces' for CMake module files
[4.449s] Level 1:colcon.colcon_core.environment:checking '/home/kaeboon/KBoon/ee4308_proj2/install/ee4308_interfaces' for CMake config files
[4.450s] Level 1:colcon.colcon_core.shell:create_environment_hook('ee4308_interfaces', 'cmake_prefix_path')
[4.475s] INFO:colcon.colcon_core.shell:Creating environment hook '/home/kaeboon/KBoon/ee4308_proj2/install/ee4308_interfaces/share/ee4308_interfaces/hook/cmake_prefix_path.ps1'
[4.475s] INFO:colcon.colcon_core.shell:Creating environment descriptor '/home/kaeboon/KBoon/ee4308_proj2/install/ee4308_interfaces/share/ee4308_interfaces/hook/cmake_prefix_path.dsv'
[4.476s] INFO:colcon.colcon_core.shell:Creating environment hook '/home/kaeboon/KBoon/ee4308_proj2/install/ee4308_interfaces/share/ee4308_interfaces/hook/cmake_prefix_path.sh'
[4.477s] Level 1:colcon.colcon_core.environment:checking '/home/kaeboon/KBoon/ee4308_proj2/install/ee4308_interfaces/lib'
[4.477s] Level 1:colcon.colcon_core.shell:create_environment_hook('ee4308_interfaces', 'ld_library_path_lib')
[4.493s] INFO:colcon.colcon_core.shell:Creating environment hook '/home/kaeboon/KBoon/ee4308_proj2/install/ee4308_interfaces/share/ee4308_interfaces/hook/ld_library_path_lib.ps1'
[4.494s] INFO:colcon.colcon_core.shell:Creating environment descriptor '/home/kaeboon/KBoon/ee4308_proj2/install/ee4308_interfaces/share/ee4308_interfaces/hook/ld_library_path_lib.dsv'
[4.494s] INFO:colcon.colcon_core.shell:Creating environment hook '/home/kaeboon/KBoon/ee4308_proj2/install/ee4308_interfaces/share/ee4308_interfaces/hook/ld_library_path_lib.sh'
[4.495s] Level 1:colcon.colcon_core.environment:checking '/home/kaeboon/KBoon/ee4308_proj2/install/ee4308_interfaces/bin'
[4.495s] Level 1:colcon.colcon_core.environment:checking '/home/kaeboon/KBoon/ee4308_proj2/install/ee4308_interfaces/lib/pkgconfig/ee4308_interfaces.pc'
[4.495s] Level 1:colcon.colcon_core.environment:checking '/home/kaeboon/KBoon/ee4308_proj2/install/ee4308_interfaces/lib/python3.10/site-packages'
[4.495s] Level 1:colcon.colcon_core.environment:checking '/home/kaeboon/KBoon/ee4308_proj2/install/ee4308_interfaces/bin'
[4.526s] INFO:colcon.colcon_core.shell:Creating package script '/home/kaeboon/KBoon/ee4308_proj2/install/ee4308_interfaces/share/ee4308_interfaces/package.ps1'
[4.529s] INFO:colcon.colcon_core.shell:Creating package descriptor '/home/kaeboon/KBoon/ee4308_proj2/install/ee4308_interfaces/share/ee4308_interfaces/package.dsv'
[4.530s] INFO:colcon.colcon_core.shell:Creating package script '/home/kaeboon/KBoon/ee4308_proj2/install/ee4308_interfaces/share/ee4308_interfaces/package.sh'
[4.530s] INFO:colcon.colcon_core.shell:Creating package script '/home/kaeboon/KBoon/ee4308_proj2/install/ee4308_interfaces/share/ee4308_interfaces/package.bash'
[4.531s] INFO:colcon.colcon_core.shell:Creating package script '/home/kaeboon/KBoon/ee4308_proj2/install/ee4308_interfaces/share/ee4308_interfaces/package.zsh'
[4.531s] Level 1:colcon.colcon_core.environment:create_file_with_runtime_dependencies(/home/kaeboon/KBoon/ee4308_proj2/install/ee4308_interfaces/share/colcon-core/packages/ee4308_interfaces)
[4.728s] Level 1:colcon.colcon_core.environment:create_environment_scripts_only(ee4308_interfaces)
[4.749s] Level 1:colcon.colcon_core.environment:checking '/home/kaeboon/KBoon/ee4308_proj2/install/ee4308_interfaces' for CMake module files
[4.749s] Level 1:colcon.colcon_core.environment:checking '/home/kaeboon/KBoon/ee4308_proj2/install/ee4308_interfaces' for CMake config files
[4.750s] Level 1:colcon.colcon_core.shell:create_environment_hook('ee4308_interfaces', 'cmake_prefix_path')
[4.770s] INFO:colcon.colcon_core.shell:Creating environment hook '/home/kaeboon/KBoon/ee4308_proj2/install/ee4308_interfaces/share/ee4308_interfaces/hook/cmake_prefix_path.ps1'
[4.772s] INFO:colcon.colcon_core.shell:Creating environment descriptor '/home/kaeboon/KBoon/ee4308_proj2/install/ee4308_interfaces/share/ee4308_interfaces/hook/cmake_prefix_path.dsv'
[4.773s] INFO:colcon.colcon_core.shell:Creating environment hook '/home/kaeboon/KBoon/ee4308_proj2/install/ee4308_interfaces/share/ee4308_interfaces/hook/cmake_prefix_path.sh'
[4.774s] Level 1:colcon.colcon_core.environment:checking '/home/kaeboon/KBoon/ee4308_proj2/install/ee4308_interfaces/lib'
[4.774s] Level 1:colcon.colcon_core.shell:create_environment_hook('ee4308_interfaces', 'ld_library_path_lib')
[4.793s] INFO:colcon.colcon_core.shell:Creating environment hook '/home/kaeboon/KBoon/ee4308_proj2/install/ee4308_interfaces/share/ee4308_interfaces/hook/ld_library_path_lib.ps1'
[4.794s] INFO:colcon.colcon_core.shell:Creating environment descriptor '/home/kaeboon/KBoon/ee4308_proj2/install/ee4308_interfaces/share/ee4308_interfaces/hook/ld_library_path_lib.dsv'
[4.794s] INFO:colcon.colcon_core.shell:Creating environment hook '/home/kaeboon/KBoon/ee4308_proj2/install/ee4308_interfaces/share/ee4308_interfaces/hook/ld_library_path_lib.sh'
[4.795s] Level 1:colcon.colcon_core.environment:checking '/home/kaeboon/KBoon/ee4308_proj2/install/ee4308_interfaces/bin'
[4.795s] Level 1:colcon.colcon_core.environment:checking '/home/kaeboon/KBoon/ee4308_proj2/install/ee4308_interfaces/lib/pkgconfig/ee4308_interfaces.pc'
[4.795s] Level 1:colcon.colcon_core.environment:checking '/home/kaeboon/KBoon/ee4308_proj2/install/ee4308_interfaces/lib/python3.10/site-packages'
[4.795s] Level 1:colcon.colcon_core.environment:checking '/home/kaeboon/KBoon/ee4308_proj2/install/ee4308_interfaces/bin'
[4.813s] INFO:colcon.colcon_core.shell:Creating package script '/home/kaeboon/KBoon/ee4308_proj2/install/ee4308_interfaces/share/ee4308_interfaces/package.ps1'
[4.814s] INFO:colcon.colcon_core.shell:Creating package descriptor '/home/kaeboon/KBoon/ee4308_proj2/install/ee4308_interfaces/share/ee4308_interfaces/package.dsv'
[4.815s] INFO:colcon.colcon_core.shell:Creating package script '/home/kaeboon/KBoon/ee4308_proj2/install/ee4308_interfaces/share/ee4308_interfaces/package.sh'
[4.815s] INFO:colcon.colcon_core.shell:Creating package script '/home/kaeboon/KBoon/ee4308_proj2/install/ee4308_interfaces/share/ee4308_interfaces/package.bash'
[4.816s] INFO:colcon.colcon_core.shell:Creating package script '/home/kaeboon/KBoon/ee4308_proj2/install/ee4308_interfaces/share/ee4308_interfaces/package.zsh'
[4.816s] Level 1:colcon.colcon_core.environment:create_file_with_runtime_dependencies(/home/kaeboon/KBoon/ee4308_proj2/install/ee4308_interfaces/share/colcon-core/packages/ee4308_interfaces)
[4.817s] INFO:colcon.colcon_ros.task.ament_cmake.build:Building ROS package in '/home/kaeboon/KBoon/ee4308_proj2/src/ee4308_drone' with build type 'ament_cmake'
[4.817s] INFO:colcon.colcon_cmake.task.cmake.build:Building CMake package in '/home/kaeboon/KBoon/ee4308_proj2/src/ee4308_drone'
[4.841s] INFO:colcon.colcon_core.shell:Skip shell extension 'powershell' for command environment: Not usable outside of PowerShell
[4.841s] DEBUG:colcon.colcon_core.shell:Skip shell extension 'dsv' for command environment
[4.938s] INFO:colcon.colcon_ros.task.ament_cmake.build:Building ROS package in '/home/kaeboon/KBoon/ee4308_proj2/src/ee4308_turtle' with build type 'ament_cmake'
[4.939s] INFO:colcon.colcon_cmake.task.cmake.build:Building CMake package in '/home/kaeboon/KBoon/ee4308_proj2/src/ee4308_turtle'
[4.966s] INFO:colcon.colcon_core.shell:Skip shell extension 'powershell' for command environment: Not usable outside of PowerShell
[4.966s] DEBUG:colcon.colcon_core.shell:Skip shell extension 'dsv' for command environment
[5.065s] DEBUG:colcon.colcon_core.event_handler.log_command:Invoking command in '/home/kaeboon/KBoon/ee4308_proj2/build/ee4308_drone': CMAKE_PREFIX_PATH=/home/kaeboon/KBoon/ee4308_proj2/install/ee4308_lib:/home/kaeboon/KBoon/ee4308_proj2/install/ee4308_interfaces:/home/kaeboon/sjtu_drone/install/sjtu_drone_description:/home/kaeboon/KBoon/ee4308_proj2/install/ee4308_turtle:/home/kaeboon/KBoon/ee4308_proj2/install/ee4308_drone:/home/kaeboon/KBoon/ee4308_proj2/install/ee4308_gazebo_plugins:/home/kaeboon/KBoon/ee4308_proj2/install/ee4308_bringup:/home/kaeboon/sjtu_drone/install/sjtu_drone_control:/home/kaeboon/sjtu_drone/install/sjtu_drone_bringup:/opt/ros/humble LD_LIBRARY_PATH=/home/kaeboon/KBoon/ee4308_proj2/install/ee4308_interfaces/lib:/home/kaeboon/sjtu_drone/install/sjtu_drone_description/lib:/home/kaeboon/KBoon/ee4308_proj2/install/ee4308_gazebo_plugins/lib:/usr/lib/x86_64-linux-gnu/gazebo-11/plugins:/opt/ros/humble/opt/rviz_ogre_vendor/lib:/opt/ros/humble/lib/x86_64-linux-gnu:/opt/ros/humble/lib:/usr/lib/x86_64-linux-gnu/gazebo-11/plugins:/usr/lib/x86_64-linux-gnu/gazebo-11/plugins:/usr/lib/x86_64-linux-gnu/gazebo-11/plugins:/usr/lib/x86_64-linux-gnu/gazebo-11/plugins:/usr/lib/x86_64-linux-gnu/gazebo-11/plugins:/usr/lib/x86_64-linux-gnu/gazebo-11/plugins:/usr/lib/x86_64-linux-gnu/gazebo-11/plugins:/usr/lib/x86_64-linux-gnu/gazebo-11/plugins:/usr/lib/x86_64-linux-gnu/gazebo-11/plugins:/usr/lib/x86_64-linux-gnu/gazebo-11/plugins:/usr/lib/x86_64-linux-gnu/gazebo-11/plugins:/usr/lib/x86_64-linux-gnu/gazebo-11/plugins:/usr/lib/x86_64-linux-gnu/gazebo-11/plugins:/usr/lib/x86_64-linux-gnu/gazebo-11/plugins:/usr/lib/x86_64-linux-gnu/gazebo-11/plugins:/usr/lib/x86_64-linux-gnu/gazebo-11/plugins:/usr/lib/x86_64-linux-gnu/gazebo-11/plugins:/usr/lib/x86_64-linux-gnu/gazebo-11/plugins:/usr/lib/x86_64-linux-gnu/gazebo-11/plugins:/usr/lib/x86_64-linux-gnu/gazebo-11/plugins:/usr/lib/x86_64-linux-gnu/gazebo-11/plugins /usr/bin/cmake --build /home/kaeboon/KBoon/ee4308_proj2/build/ee4308_drone -- -j4 -l4
[5.093s] DEBUG:colcon.colcon_core.event_handler.log_command:Invoking command in '/home/kaeboon/KBoon/ee4308_proj2/build/ee4308_turtle': CMAKE_PREFIX_PATH=/home/kaeboon/KBoon/ee4308_proj2/install/ee4308_lib:/home/kaeboon/KBoon/ee4308_proj2/install/ee4308_interfaces:/home/kaeboon/sjtu_drone/install/sjtu_drone_description:/home/kaeboon/KBoon/ee4308_proj2/install/ee4308_turtle:/home/kaeboon/KBoon/ee4308_proj2/install/ee4308_drone:/home/kaeboon/KBoon/ee4308_proj2/install/ee4308_gazebo_plugins:/home/kaeboon/KBoon/ee4308_proj2/install/ee4308_bringup:/home/kaeboon/sjtu_drone/install/sjtu_drone_control:/home/kaeboon/sjtu_drone/install/sjtu_drone_bringup:/opt/ros/humble LD_LIBRARY_PATH=/home/kaeboon/KBoon/ee4308_proj2/install/ee4308_interfaces/lib:/home/kaeboon/sjtu_drone/install/sjtu_drone_description/lib:/home/kaeboon/KBoon/ee4308_proj2/install/ee4308_gazebo_plugins/lib:/usr/lib/x86_64-linux-gnu/gazebo-11/plugins:/opt/ros/humble/opt/rviz_ogre_vendor/lib:/opt/ros/humble/lib/x86_64-linux-gnu:/opt/ros/humble/lib:/usr/lib/x86_64-linux-gnu/gazebo-11/plugins:/usr/lib/x86_64-linux-gnu/gazebo-11/plugins:/usr/lib/x86_64-linux-gnu/gazebo-11/plugins:/usr/lib/x86_64-linux-gnu/gazebo-11/plugins:/usr/lib/x86_64-linux-gnu/gazebo-11/plugins:/usr/lib/x86_64-linux-gnu/gazebo-11/plugins:/usr/lib/x86_64-linux-gnu/gazebo-11/plugins:/usr/lib/x86_64-linux-gnu/gazebo-11/plugins:/usr/lib/x86_64-linux-gnu/gazebo-11/plugins:/usr/lib/x86_64-linux-gnu/gazebo-11/plugins:/usr/lib/x86_64-linux-gnu/gazebo-11/plugins:/usr/lib/x86_64-linux-gnu/gazebo-11/plugins:/usr/lib/x86_64-linux-gnu/gazebo-11/plugins:/usr/lib/x86_64-linux-gnu/gazebo-11/plugins:/usr/lib/x86_64-linux-gnu/gazebo-11/plugins:/usr/lib/x86_64-linux-gnu/gazebo-11/plugins:/usr/lib/x86_64-linux-gnu/gazebo-11/plugins:/usr/lib/x86_64-linux-gnu/gazebo-11/plugins:/usr/lib/x86_64-linux-gnu/gazebo-11/plugins:/usr/lib/x86_64-linux-gnu/gazebo-11/plugins:/usr/lib/x86_64-linux-gnu/gazebo-11/plugins /usr/bin/cmake --build /home/kaeboon/KBoon/ee4308_proj2/build/ee4308_turtle -- -j4 -l4
[5.481s] DEBUG:colcon.colcon_core.event_handler.log_command:Invoked command in '/home/kaeboon/KBoon/ee4308_proj2/build/ee4308_turtle' returned '0': CMAKE_PREFIX_PATH=/home/kaeboon/KBoon/ee4308_proj2/install/ee4308_lib:/home/kaeboon/KBoon/ee4308_proj2/install/ee4308_interfaces:/home/kaeboon/sjtu_drone/install/sjtu_drone_description:/home/kaeboon/KBoon/ee4308_proj2/install/ee4308_turtle:/home/kaeboon/KBoon/ee4308_proj2/install/ee4308_drone:/home/kaeboon/KBoon/ee4308_proj2/install/ee4308_gazebo_plugins:/home/kaeboon/KBoon/ee4308_proj2/install/ee4308_bringup:/home/kaeboon/sjtu_drone/install/sjtu_drone_control:/home/kaeboon/sjtu_drone/install/sjtu_drone_bringup:/opt/ros/humble LD_LIBRARY_PATH=/home/kaeboon/KBoon/ee4308_proj2/install/ee4308_interfaces/lib:/home/kaeboon/sjtu_drone/install/sjtu_drone_description/lib:/home/kaeboon/KBoon/ee4308_proj2/install/ee4308_gazebo_plugins/lib:/usr/lib/x86_64-linux-gnu/gazebo-11/plugins:/opt/ros/humble/opt/rviz_ogre_vendor/lib:/opt/ros/humble/lib/x86_64-linux-gnu:/opt/ros/humble/lib:/usr/lib/x86_64-linux-gnu/gazebo-11/plugins:/usr/lib/x86_64-linux-gnu/gazebo-11/plugins:/usr/lib/x86_64-linux-gnu/gazebo-11/plugins:/usr/lib/x86_64-linux-gnu/gazebo-11/plugins:/usr/lib/x86_64-linux-gnu/gazebo-11/plugins:/usr/lib/x86_64-linux-gnu/gazebo-11/plugins:/usr/lib/x86_64-linux-gnu/gazebo-11/plugins:/usr/lib/x86_64-linux-gnu/gazebo-11/plugins:/usr/lib/x86_64-linux-gnu/gazebo-11/plugins:/usr/lib/x86_64-linux-gnu/gazebo-11/plugins:/usr/lib/x86_64-linux-gnu/gazebo-11/plugins:/usr/lib/x86_64-linux-gnu/gazebo-11/plugins:/usr/lib/x86_64-linux-gnu/gazebo-11/plugins:/usr/lib/x86_64-linux-gnu/gazebo-11/plugins:/usr/lib/x86_64-linux-gnu/gazebo-11/plugins:/usr/lib/x86_64-linux-gnu/gazebo-11/plugins:/usr/lib/x86_64-linux-gnu/gazebo-11/plugins:/usr/lib/x86_64-linux-gnu/gazebo-11/plugins:/usr/lib/x86_64-linux-gnu/gazebo-11/plugins:/usr/lib/x86_64-linux-gnu/gazebo-11/plugins:/usr/lib/x86_64-linux-gnu/gazebo-11/plugins /usr/bin/cmake --build /home/kaeboon/KBoon/ee4308_proj2/build/ee4308_turtle -- -j4 -l4
[5.719s] DEBUG:colcon.colcon_core.event_handler.log_command:Invoking command in '/home/kaeboon/KBoon/ee4308_proj2/build/ee4308_turtle': CMAKE_PREFIX_PATH=/home/kaeboon/KBoon/ee4308_proj2/install/ee4308_lib:/home/kaeboon/KBoon/ee4308_proj2/install/ee4308_interfaces:/home/kaeboon/sjtu_drone/install/sjtu_drone_description:/home/kaeboon/KBoon/ee4308_proj2/install/ee4308_turtle:/home/kaeboon/KBoon/ee4308_proj2/install/ee4308_drone:/home/kaeboon/KBoon/ee4308_proj2/install/ee4308_gazebo_plugins:/home/kaeboon/KBoon/ee4308_proj2/install/ee4308_bringup:/home/kaeboon/sjtu_drone/install/sjtu_drone_control:/home/kaeboon/sjtu_drone/install/sjtu_drone_bringup:/opt/ros/humble LD_LIBRARY_PATH=/home/kaeboon/KBoon/ee4308_proj2/install/ee4308_interfaces/lib:/home/kaeboon/sjtu_drone/install/sjtu_drone_description/lib:/home/kaeboon/KBoon/ee4308_proj2/install/ee4308_gazebo_plugins/lib:/usr/lib/x86_64-linux-gnu/gazebo-11/plugins:/opt/ros/humble/opt/rviz_ogre_vendor/lib:/opt/ros/humble/lib/x86_64-linux-gnu:/opt/ros/humble/lib:/usr/lib/x86_64-linux-gnu/gazebo-11/plugins:/usr/lib/x86_64-linux-gnu/gazebo-11/plugins:/usr/lib/x86_64-linux-gnu/gazebo-11/plugins:/usr/lib/x86_64-linux-gnu/gazebo-11/plugins:/usr/lib/x86_64-linux-gnu/gazebo-11/plugins:/usr/lib/x86_64-linux-gnu/gazebo-11/plugins:/usr/lib/x86_64-linux-gnu/gazebo-11/plugins:/usr/lib/x86_64-linux-gnu/gazebo-11/plugins:/usr/lib/x86_64-linux-gnu/gazebo-11/plugins:/usr/lib/x86_64-linux-gnu/gazebo-11/plugins:/usr/lib/x86_64-linux-gnu/gazebo-11/plugins:/usr/lib/x86_64-linux-gnu/gazebo-11/plugins:/usr/lib/x86_64-linux-gnu/gazebo-11/plugins:/usr/lib/x86_64-linux-gnu/gazebo-11/plugins:/usr/lib/x86_64-linux-gnu/gazebo-11/plugins:/usr/lib/x86_64-linux-gnu/gazebo-11/plugins:/usr/lib/x86_64-linux-gnu/gazebo-11/plugins:/usr/lib/x86_64-linux-gnu/gazebo-11/plugins:/usr/lib/x86_64-linux-gnu/gazebo-11/plugins:/usr/lib/x86_64-linux-gnu/gazebo-11/plugins:/usr/lib/x86_64-linux-gnu/gazebo-11/plugins /usr/bin/cmake --install /home/kaeboon/KBoon/ee4308_proj2/build/ee4308_turtle
[5.770s] Level 1:colcon.colcon_core.environment:create_environment_scripts_only(ee4308_turtle)
[5.777s] DEBUG:colcon.colcon_core.event_handler.log_command:Invoked command in '/home/kaeboon/KBoon/ee4308_proj2/build/ee4308_turtle' returned '0': CMAKE_PREFIX_PATH=/home/kaeboon/KBoon/ee4308_proj2/install/ee4308_lib:/home/kaeboon/KBoon/ee4308_proj2/install/ee4308_interfaces:/home/kaeboon/sjtu_drone/install/sjtu_drone_description:/home/kaeboon/KBoon/ee4308_proj2/install/ee4308_turtle:/home/kaeboon/KBoon/ee4308_proj2/install/ee4308_drone:/home/kaeboon/KBoon/ee4308_proj2/install/ee4308_gazebo_plugins:/home/kaeboon/KBoon/ee4308_proj2/install/ee4308_bringup:/home/kaeboon/sjtu_drone/install/sjtu_drone_control:/home/kaeboon/sjtu_drone/install/sjtu_drone_bringup:/opt/ros/humble LD_LIBRARY_PATH=/home/kaeboon/KBoon/ee4308_proj2/install/ee4308_interfaces/lib:/home/kaeboon/sjtu_drone/install/sjtu_drone_description/lib:/home/kaeboon/KBoon/ee4308_proj2/install/ee4308_gazebo_plugins/lib:/usr/lib/x86_64-linux-gnu/gazebo-11/plugins:/opt/ros/humble/opt/rviz_ogre_vendor/lib:/opt/ros/humble/lib/x86_64-linux-gnu:/opt/ros/humble/lib:/usr/lib/x86_64-linux-gnu/gazebo-11/plugins:/usr/lib/x86_64-linux-gnu/gazebo-11/plugins:/usr/lib/x86_64-linux-gnu/gazebo-11/plugins:/usr/lib/x86_64-linux-gnu/gazebo-11/plugins:/usr/lib/x86_64-linux-gnu/gazebo-11/plugins:/usr/lib/x86_64-linux-gnu/gazebo-11/plugins:/usr/lib/x86_64-linux-gnu/gazebo-11/plugins:/usr/lib/x86_64-linux-gnu/gazebo-11/plugins:/usr/lib/x86_64-linux-gnu/gazebo-11/plugins:/usr/lib/x86_64-linux-gnu/gazebo-11/plugins:/usr/lib/x86_64-linux-gnu/gazebo-11/plugins:/usr/lib/x86_64-linux-gnu/gazebo-11/plugins:/usr/lib/x86_64-linux-gnu/gazebo-11/plugins:/usr/lib/x86_64-linux-gnu/gazebo-11/plugins:/usr/lib/x86_64-linux-gnu/gazebo-11/plugins:/usr/lib/x86_64-linux-gnu/gazebo-11/plugins:/usr/lib/x86_64-linux-gnu/gazebo-11/plugins:/usr/lib/x86_64-linux-gnu/gazebo-11/plugins:/usr/lib/x86_64-linux-gnu/gazebo-11/plugins:/usr/lib/x86_64-linux-gnu/gazebo-11/plugins:/usr/lib/x86_64-linux-gnu/gazebo-11/plugins /usr/bin/cmake --install /home/kaeboon/KBoon/ee4308_proj2/build/ee4308_turtle
[5.807s] Level 1:colcon.colcon_core.environment:checking '/home/kaeboon/KBoon/ee4308_proj2/install/ee4308_turtle' for CMake module files
[5.808s] Level 1:colcon.colcon_core.environment:checking '/home/kaeboon/KBoon/ee4308_proj2/install/ee4308_turtle' for CMake config files
[5.809s] Level 1:colcon.colcon_core.shell:create_environment_hook('ee4308_turtle', 'cmake_prefix_path')
[5.848s] INFO:colcon.colcon_core.shell:Creating environment hook '/home/kaeboon/KBoon/ee4308_proj2/install/ee4308_turtle/share/ee4308_turtle/hook/cmake_prefix_path.ps1'
[5.853s] INFO:colcon.colcon_core.shell:Creating environment descriptor '/home/kaeboon/KBoon/ee4308_proj2/install/ee4308_turtle/share/ee4308_turtle/hook/cmake_prefix_path.dsv'
[5.853s] INFO:colcon.colcon_core.shell:Creating environment hook '/home/kaeboon/KBoon/ee4308_proj2/install/ee4308_turtle/share/ee4308_turtle/hook/cmake_prefix_path.sh'
[5.853s] Level 1:colcon.colcon_core.environment:checking '/home/kaeboon/KBoon/ee4308_proj2/install/ee4308_turtle/lib'
[5.854s] Level 1:colcon.colcon_core.environment:checking '/home/kaeboon/KBoon/ee4308_proj2/install/ee4308_turtle/bin'
[5.854s] Level 1:colcon.colcon_core.environment:checking '/home/kaeboon/KBoon/ee4308_proj2/install/ee4308_turtle/lib/pkgconfig/ee4308_turtle.pc'
[5.854s] Level 1:colcon.colcon_core.environment:checking '/home/kaeboon/KBoon/ee4308_proj2/install/ee4308_turtle/lib/python3.10/site-packages'
[5.854s] Level 1:colcon.colcon_core.environment:checking '/home/kaeboon/KBoon/ee4308_proj2/install/ee4308_turtle/bin'
[5.894s] INFO:colcon.colcon_core.shell:Creating package script '/home/kaeboon/KBoon/ee4308_proj2/install/ee4308_turtle/share/ee4308_turtle/package.ps1'
[5.894s] INFO:colcon.colcon_core.shell:Creating package descriptor '/home/kaeboon/KBoon/ee4308_proj2/install/ee4308_turtle/share/ee4308_turtle/package.dsv'
[5.895s] INFO:colcon.colcon_core.shell:Creating package script '/home/kaeboon/KBoon/ee4308_proj2/install/ee4308_turtle/share/ee4308_turtle/package.sh'
[5.896s] INFO:colcon.colcon_core.shell:Creating package script '/home/kaeboon/KBoon/ee4308_proj2/install/ee4308_turtle/share/ee4308_turtle/package.bash'
[5.896s] INFO:colcon.colcon_core.shell:Creating package script '/home/kaeboon/KBoon/ee4308_proj2/install/ee4308_turtle/share/ee4308_turtle/package.zsh'
[5.896s] Level 1:colcon.colcon_core.environment:create_file_with_runtime_dependencies(/home/kaeboon/KBoon/ee4308_proj2/install/ee4308_turtle/share/colcon-core/packages/ee4308_turtle)
[6.050s] Level 1:colcon.colcon_core.environment:create_environment_scripts_only(ee4308_turtle)
[6.083s] Level 1:colcon.colcon_core.environment:checking '/home/kaeboon/KBoon/ee4308_proj2/install/ee4308_turtle' for CMake module files
[6.084s] Level 1:colcon.colcon_core.environment:checking '/home/kaeboon/KBoon/ee4308_proj2/install/ee4308_turtle' for CMake config files
[6.085s] Level 1:colcon.colcon_core.shell:create_environment_hook('ee4308_turtle', 'cmake_prefix_path')
[6.103s] INFO:colcon.colcon_core.shell:Creating environment hook '/home/kaeboon/KBoon/ee4308_proj2/install/ee4308_turtle/share/ee4308_turtle/hook/cmake_prefix_path.ps1'
[6.104s] INFO:colcon.colcon_core.shell:Creating environment descriptor '/home/kaeboon/KBoon/ee4308_proj2/install/ee4308_turtle/share/ee4308_turtle/hook/cmake_prefix_path.dsv'
[6.104s] INFO:colcon.colcon_core.shell:Creating environment hook '/home/kaeboon/KBoon/ee4308_proj2/install/ee4308_turtle/share/ee4308_turtle/hook/cmake_prefix_path.sh'
[6.108s] Level 1:colcon.colcon_core.environment:checking '/home/kaeboon/KBoon/ee4308_proj2/install/ee4308_turtle/lib'
[6.109s] Level 1:colcon.colcon_core.environment:checking '/home/kaeboon/KBoon/ee4308_proj2/install/ee4308_turtle/bin'
[6.109s] Level 1:colcon.colcon_core.environment:checking '/home/kaeboon/KBoon/ee4308_proj2/install/ee4308_turtle/lib/pkgconfig/ee4308_turtle.pc'
[6.109s] Level 1:colcon.colcon_core.environment:checking '/home/kaeboon/KBoon/ee4308_proj2/install/ee4308_turtle/lib/python3.10/site-packages'
[6.109s] Level 1:colcon.colcon_core.environment:checking '/home/kaeboon/KBoon/ee4308_proj2/install/ee4308_turtle/bin'
[6.134s] INFO:colcon.colcon_core.shell:Creating package script '/home/kaeboon/KBoon/ee4308_proj2/install/ee4308_turtle/share/ee4308_turtle/package.ps1'
[6.135s] INFO:colcon.colcon_core.shell:Creating package descriptor '/home/kaeboon/KBoon/ee4308_proj2/install/ee4308_turtle/share/ee4308_turtle/package.dsv'
[6.136s] INFO:colcon.colcon_core.shell:Creating package script '/home/kaeboon/KBoon/ee4308_proj2/install/ee4308_turtle/share/ee4308_turtle/package.sh'
[6.137s] INFO:colcon.colcon_core.shell:Creating package script '/home/kaeboon/KBoon/ee4308_proj2/install/ee4308_turtle/share/ee4308_turtle/package.bash'
[6.138s] INFO:colcon.colcon_core.shell:Creating package script '/home/kaeboon/KBoon/ee4308_proj2/install/ee4308_turtle/share/ee4308_turtle/package.zsh'
[6.143s] Level 1:colcon.colcon_core.environment:create_file_with_runtime_dependencies(/home/kaeboon/KBoon/ee4308_proj2/install/ee4308_turtle/share/colcon-core/packages/ee4308_turtle)
[40.032s] DEBUG:colcon.colcon_core.event_handler.log_command:Invoked command in '/home/kaeboon/KBoon/ee4308_proj2/build/ee4308_drone' returned '0': CMAKE_PREFIX_PATH=/home/kaeboon/KBoon/ee4308_proj2/install/ee4308_lib:/home/kaeboon/KBoon/ee4308_proj2/install/ee4308_interfaces:/home/kaeboon/sjtu_drone/install/sjtu_drone_description:/home/kaeboon/KBoon/ee4308_proj2/install/ee4308_turtle:/home/kaeboon/KBoon/ee4308_proj2/install/ee4308_drone:/home/kaeboon/KBoon/ee4308_proj2/install/ee4308_gazebo_plugins:/home/kaeboon/KBoon/ee4308_proj2/install/ee4308_bringup:/home/kaeboon/sjtu_drone/install/sjtu_drone_control:/home/kaeboon/sjtu_drone/install/sjtu_drone_bringup:/opt/ros/humble LD_LIBRARY_PATH=/home/kaeboon/KBoon/ee4308_proj2/install/ee4308_interfaces/lib:/home/kaeboon/sjtu_drone/install/sjtu_drone_description/lib:/home/kaeboon/KBoon/ee4308_proj2/install/ee4308_gazebo_plugins/lib:/usr/lib/x86_64-linux-gnu/gazebo-11/plugins:/opt/ros/humble/opt/rviz_ogre_vendor/lib:/opt/ros/humble/lib/x86_64-linux-gnu:/opt/ros/humble/lib:/usr/lib/x86_64-linux-gnu/gazebo-11/plugins:/usr/lib/x86_64-linux-gnu/gazebo-11/plugins:/usr/lib/x86_64-linux-gnu/gazebo-11/plugins:/usr/lib/x86_64-linux-gnu/gazebo-11/plugins:/usr/lib/x86_64-linux-gnu/gazebo-11/plugins:/usr/lib/x86_64-linux-gnu/gazebo-11/plugins:/usr/lib/x86_64-linux-gnu/gazebo-11/plugins:/usr/lib/x86_64-linux-gnu/gazebo-11/plugins:/usr/lib/x86_64-linux-gnu/gazebo-11/plugins:/usr/lib/x86_64-linux-gnu/gazebo-11/plugins:/usr/lib/x86_64-linux-gnu/gazebo-11/plugins:/usr/lib/x86_64-linux-gnu/gazebo-11/plugins:/usr/lib/x86_64-linux-gnu/gazebo-11/plugins:/usr/lib/x86_64-linux-gnu/gazebo-11/plugins:/usr/lib/x86_64-linux-gnu/gazebo-11/plugins:/usr/lib/x86_64-linux-gnu/gazebo-11/plugins:/usr/lib/x86_64-linux-gnu/gazebo-11/plugins:/usr/lib/x86_64-linux-gnu/gazebo-11/plugins:/usr/lib/x86_64-linux-gnu/gazebo-11/plugins:/usr/lib/x86_64-linux-gnu/gazebo-11/plugins:/usr/lib/x86_64-linux-gnu/gazebo-11/plugins /usr/bin/cmake --build /home/kaeboon/KBoon/ee4308_proj2/build/ee4308_drone -- -j4 -l4
[40.087s] DEBUG:colcon.colcon_core.event_handler.log_command:Invoking command in '/home/kaeboon/KBoon/ee4308_proj2/build/ee4308_drone': CMAKE_PREFIX_PATH=/home/kaeboon/KBoon/ee4308_proj2/install/ee4308_lib:/home/kaeboon/KBoon/ee4308_proj2/install/ee4308_interfaces:/home/kaeboon/sjtu_drone/install/sjtu_drone_description:/home/kaeboon/KBoon/ee4308_proj2/install/ee4308_turtle:/home/kaeboon/KBoon/ee4308_proj2/install/ee4308_drone:/home/kaeboon/KBoon/ee4308_proj2/install/ee4308_gazebo_plugins:/home/kaeboon/KBoon/ee4308_proj2/install/ee4308_bringup:/home/kaeboon/sjtu_drone/install/sjtu_drone_control:/home/kaeboon/sjtu_drone/install/sjtu_drone_bringup:/opt/ros/humble LD_LIBRARY_PATH=/home/kaeboon/KBoon/ee4308_proj2/install/ee4308_interfaces/lib:/home/kaeboon/sjtu_drone/install/sjtu_drone_description/lib:/home/kaeboon/KBoon/ee4308_proj2/install/ee4308_gazebo_plugins/lib:/usr/lib/x86_64-linux-gnu/gazebo-11/plugins:/opt/ros/humble/opt/rviz_ogre_vendor/lib:/opt/ros/humble/lib/x86_64-linux-gnu:/opt/ros/humble/lib:/usr/lib/x86_64-linux-gnu/gazebo-11/plugins:/usr/lib/x86_64-linux-gnu/gazebo-11/plugins:/usr/lib/x86_64-linux-gnu/gazebo-11/plugins:/usr/lib/x86_64-linux-gnu/gazebo-11/plugins:/usr/lib/x86_64-linux-gnu/gazebo-11/plugins:/usr/lib/x86_64-linux-gnu/gazebo-11/plugins:/usr/lib/x86_64-linux-gnu/gazebo-11/plugins:/usr/lib/x86_64-linux-gnu/gazebo-11/plugins:/usr/lib/x86_64-linux-gnu/gazebo-11/plugins:/usr/lib/x86_64-linux-gnu/gazebo-11/plugins:/usr/lib/x86_64-linux-gnu/gazebo-11/plugins:/usr/lib/x86_64-linux-gnu/gazebo-11/plugins:/usr/lib/x86_64-linux-gnu/gazebo-11/plugins:/usr/lib/x86_64-linux-gnu/gazebo-11/plugins:/usr/lib/x86_64-linux-gnu/gazebo-11/plugins:/usr/lib/x86_64-linux-gnu/gazebo-11/plugins:/usr/lib/x86_64-linux-gnu/gazebo-11/plugins:/usr/lib/x86_64-linux-gnu/gazebo-11/plugins:/usr/lib/x86_64-linux-gnu/gazebo-11/plugins:/usr/lib/x86_64-linux-gnu/gazebo-11/plugins:/usr/lib/x86_64-linux-gnu/gazebo-11/plugins /usr/bin/cmake --install /home/kaeboon/KBoon/ee4308_proj2/build/ee4308_drone
[40.124s] Level 1:colcon.colcon_core.environment:create_environment_scripts_only(ee4308_drone)
[40.131s] DEBUG:colcon.colcon_core.event_handler.log_command:Invoked command in '/home/kaeboon/KBoon/ee4308_proj2/build/ee4308_drone' returned '0': CMAKE_PREFIX_PATH=/home/kaeboon/KBoon/ee4308_proj2/install/ee4308_lib:/home/kaeboon/KBoon/ee4308_proj2/install/ee4308_interfaces:/home/kaeboon/sjtu_drone/install/sjtu_drone_description:/home/kaeboon/KBoon/ee4308_proj2/install/ee4308_turtle:/home/kaeboon/KBoon/ee4308_proj2/install/ee4308_drone:/home/kaeboon/KBoon/ee4308_proj2/install/ee4308_gazebo_plugins:/home/kaeboon/KBoon/ee4308_proj2/install/ee4308_bringup:/home/kaeboon/sjtu_drone/install/sjtu_drone_control:/home/kaeboon/sjtu_drone/install/sjtu_drone_bringup:/opt/ros/humble LD_LIBRARY_PATH=/home/kaeboon/KBoon/ee4308_proj2/install/ee4308_interfaces/lib:/home/kaeboon/sjtu_drone/install/sjtu_drone_description/lib:/home/kaeboon/KBoon/ee4308_proj2/install/ee4308_gazebo_plugins/lib:/usr/lib/x86_64-linux-gnu/gazebo-11/plugins:/opt/ros/humble/opt/rviz_ogre_vendor/lib:/opt/ros/humble/lib/x86_64-linux-gnu:/opt/ros/humble/lib:/usr/lib/x86_64-linux-gnu/gazebo-11/plugins:/usr/lib/x86_64-linux-gnu/gazebo-11/plugins:/usr/lib/x86_64-linux-gnu/gazebo-11/plugins:/usr/lib/x86_64-linux-gnu/gazebo-11/plugins:/usr/lib/x86_64-linux-gnu/gazebo-11/plugins:/usr/lib/x86_64-linux-gnu/gazebo-11/plugins:/usr/lib/x86_64-linux-gnu/gazebo-11/plugins:/usr/lib/x86_64-linux-gnu/gazebo-11/plugins:/usr/lib/x86_64-linux-gnu/gazebo-11/plugins:/usr/lib/x86_64-linux-gnu/gazebo-11/plugins:/usr/lib/x86_64-linux-gnu/gazebo-11/plugins:/usr/lib/x86_64-linux-gnu/gazebo-11/plugins:/usr/lib/x86_64-linux-gnu/gazebo-11/plugins:/usr/lib/x86_64-linux-gnu/gazebo-11/plugins:/usr/lib/x86_64-linux-gnu/gazebo-11/plugins:/usr/lib/x86_64-linux-gnu/gazebo-11/plugins:/usr/lib/x86_64-linux-gnu/gazebo-11/plugins:/usr/lib/x86_64-linux-gnu/gazebo-11/plugins:/usr/lib/x86_64-linux-gnu/gazebo-11/plugins:/usr/lib/x86_64-linux-gnu/gazebo-11/plugins:/usr/lib/x86_64-linux-gnu/gazebo-11/plugins /usr/bin/cmake --install /home/kaeboon/KBoon/ee4308_proj2/build/ee4308_drone
[40.148s] Level 1:colcon.colcon_core.environment:checking '/home/kaeboon/KBoon/ee4308_proj2/install/ee4308_drone' for CMake module files
[40.149s] Level 1:colcon.colcon_core.environment:checking '/home/kaeboon/KBoon/ee4308_proj2/install/ee4308_drone' for CMake config files
[40.149s] Level 1:colcon.colcon_core.shell:create_environment_hook('ee4308_drone', 'cmake_prefix_path')
[40.165s] INFO:colcon.colcon_core.shell:Creating environment hook '/home/kaeboon/KBoon/ee4308_proj2/install/ee4308_drone/share/ee4308_drone/hook/cmake_prefix_path.ps1'
[40.166s] INFO:colcon.colcon_core.shell:Creating environment descriptor '/home/kaeboon/KBoon/ee4308_proj2/install/ee4308_drone/share/ee4308_drone/hook/cmake_prefix_path.dsv'
[40.166s] INFO:colcon.colcon_core.shell:Creating environment hook '/home/kaeboon/KBoon/ee4308_proj2/install/ee4308_drone/share/ee4308_drone/hook/cmake_prefix_path.sh'
[40.167s] Level 1:colcon.colcon_core.environment:checking '/home/kaeboon/KBoon/ee4308_proj2/install/ee4308_drone/lib'
[40.167s] Level 1:colcon.colcon_core.environment:checking '/home/kaeboon/KBoon/ee4308_proj2/install/ee4308_drone/bin'
[40.167s] Level 1:colcon.colcon_core.environment:checking '/home/kaeboon/KBoon/ee4308_proj2/install/ee4308_drone/lib/pkgconfig/ee4308_drone.pc'
[40.167s] Level 1:colcon.colcon_core.environment:checking '/home/kaeboon/KBoon/ee4308_proj2/install/ee4308_drone/lib/python3.10/site-packages'
[40.167s] Level 1:colcon.colcon_core.environment:checking '/home/kaeboon/KBoon/ee4308_proj2/install/ee4308_drone/bin'
[40.183s] INFO:colcon.colcon_core.shell:Creating package script '/home/kaeboon/KBoon/ee4308_proj2/install/ee4308_drone/share/ee4308_drone/package.ps1'
[40.184s] INFO:colcon.colcon_core.shell:Creating package descriptor '/home/kaeboon/KBoon/ee4308_proj2/install/ee4308_drone/share/ee4308_drone/package.dsv'
[40.185s] INFO:colcon.colcon_core.shell:Creating package script '/home/kaeboon/KBoon/ee4308_proj2/install/ee4308_drone/share/ee4308_drone/package.sh'
[40.185s] INFO:colcon.colcon_core.shell:Creating package script '/home/kaeboon/KBoon/ee4308_proj2/install/ee4308_drone/share/ee4308_drone/package.bash'
[40.185s] INFO:colcon.colcon_core.shell:Creating package script '/home/kaeboon/KBoon/ee4308_proj2/install/ee4308_drone/share/ee4308_drone/package.zsh'
[40.185s] Level 1:colcon.colcon_core.environment:create_file_with_runtime_dependencies(/home/kaeboon/KBoon/ee4308_proj2/install/ee4308_drone/share/colcon-core/packages/ee4308_drone)
[40.239s] Level 1:colcon.colcon_core.environment:create_environment_scripts_only(ee4308_drone)
[40.254s] Level 1:colcon.colcon_core.environment:checking '/home/kaeboon/KBoon/ee4308_proj2/install/ee4308_drone' for CMake module files
[40.254s] Level 1:colcon.colcon_core.environment:checking '/home/kaeboon/KBoon/ee4308_proj2/install/ee4308_drone' for CMake config files
[40.255s] Level 1:colcon.colcon_core.shell:create_environment_hook('ee4308_drone', 'cmake_prefix_path')
[40.270s] INFO:colcon.colcon_core.shell:Creating environment hook '/home/kaeboon/KBoon/ee4308_proj2/install/ee4308_drone/share/ee4308_drone/hook/cmake_prefix_path.ps1'
[40.271s] INFO:colcon.colcon_core.shell:Creating environment descriptor '/home/kaeboon/KBoon/ee4308_proj2/install/ee4308_drone/share/ee4308_drone/hook/cmake_prefix_path.dsv'
[40.271s] INFO:colcon.colcon_core.shell:Creating environment hook '/home/kaeboon/KBoon/ee4308_proj2/install/ee4308_drone/share/ee4308_drone/hook/cmake_prefix_path.sh'
[40.272s] Level 1:colcon.colcon_core.environment:checking '/home/kaeboon/KBoon/ee4308_proj2/install/ee4308_drone/lib'
[40.272s] Level 1:colcon.colcon_core.environment:checking '/home/kaeboon/KBoon/ee4308_proj2/install/ee4308_drone/bin'
[40.272s] Level 1:colcon.colcon_core.environment:checking '/home/kaeboon/KBoon/ee4308_proj2/install/ee4308_drone/lib/pkgconfig/ee4308_drone.pc'
[40.272s] Level 1:colcon.colcon_core.environment:checking '/home/kaeboon/KBoon/ee4308_proj2/install/ee4308_drone/lib/python3.10/site-packages'
[40.272s] Level 1:colcon.colcon_core.environment:checking '/home/kaeboon/KBoon/ee4308_proj2/install/ee4308_drone/bin'
[40.292s] INFO:colcon.colcon_core.shell:Creating package script '/home/kaeboon/KBoon/ee4308_proj2/install/ee4308_drone/share/ee4308_drone/package.ps1'
[40.293s] INFO:colcon.colcon_core.shell:Creating package descriptor '/home/kaeboon/KBoon/ee4308_proj2/install/ee4308_drone/share/ee4308_drone/package.dsv'
[40.293s] INFO:colcon.colcon_core.shell:Creating package script '/home/kaeboon/KBoon/ee4308_proj2/install/ee4308_drone/share/ee4308_drone/package.sh'
[40.294s] INFO:colcon.colcon_core.shell:Creating package script '/home/kaeboon/KBoon/ee4308_proj2/install/ee4308_drone/share/ee4308_drone/package.bash'
[40.294s] INFO:colcon.colcon_core.shell:Creating package script '/home/kaeboon/KBoon/ee4308_proj2/install/ee4308_drone/share/ee4308_drone/package.zsh'
[40.295s] Level 1:colcon.colcon_core.environment:create_file_with_runtime_dependencies(/home/kaeboon/KBoon/ee4308_proj2/install/ee4308_drone/share/colcon-core/packages/ee4308_drone)
[40.296s] DEBUG:colcon.colcon_parallel_executor.executor.parallel:closing loop
[40.296s] DEBUG:colcon.colcon_parallel_executor.executor.parallel:loop closed
[40.296s] DEBUG:colcon.colcon_parallel_executor.executor.parallel:run_until_complete finished with '0'
[40.296s] DEBUG:colcon.colcon_core.event_reactor:joining thread
[40.320s] INFO:colcon.colcon_core.plugin_system:Skipping extension 'colcon_notification.desktop_notification.terminal_notifier': Not used on non-Darwin systems
[40.321s] INFO:colcon.colcon_core.plugin_system:Skipping extension 'colcon_notification.desktop_notification.win32': Not used on non-Windows systems
[40.321s] INFO:colcon.colcon_notification.desktop_notification:Sending desktop notification using 'notify2'
[40.338s] DEBUG:colcon.colcon_core.event_reactor:joined thread
[40.356s] INFO:colcon.colcon_core.shell:Creating prefix script '/home/kaeboon/KBoon/ee4308_proj2/install/local_setup.ps1'
[40.357s] INFO:colcon.colcon_core.shell:Creating prefix util module '/home/kaeboon/KBoon/ee4308_proj2/install/_local_setup_util_ps1.py'
[40.358s] INFO:colcon.colcon_core.shell:Creating prefix chain script '/home/kaeboon/KBoon/ee4308_proj2/install/setup.ps1'
[40.386s] INFO:colcon.colcon_core.shell:Creating prefix script '/home/kaeboon/KBoon/ee4308_proj2/install/local_setup.sh'
[40.387s] INFO:colcon.colcon_core.shell:Creating prefix util module '/home/kaeboon/KBoon/ee4308_proj2/install/_local_setup_util_sh.py'
[40.387s] INFO:colcon.colcon_core.shell:Creating prefix chain script '/home/kaeboon/KBoon/ee4308_proj2/install/setup.sh'
[40.404s] INFO:colcon.colcon_core.shell:Creating prefix script '/home/kaeboon/KBoon/ee4308_proj2/install/local_setup.bash'
[40.404s] INFO:colcon.colcon_core.shell:Creating prefix chain script '/home/kaeboon/KBoon/ee4308_proj2/install/setup.bash'
[40.420s] INFO:colcon.colcon_core.shell:Creating prefix script '/home/kaeboon/KBoon/ee4308_proj2/install/local_setup.zsh'
[40.421s] INFO:colcon.colcon_core.shell:Creating prefix chain script '/home/kaeboon/KBoon/ee4308_proj2/install/setup.zsh'
